2026-05-21 08:22:14,746 [INFO] alerts: Telegram bot connected
2026-05-21 08:22:14,746 [INFO] auto_alert: AlertManager initialized. Discord: YES, Telegram: YES
2026-05-21 08:22:14,760 [INFO] apscheduler.scheduler: Adding job tentatively -- it will be properly scheduled when the scheduler starts
2026-05-21 08:22:14,760 [INFO] apscheduler.scheduler: Adding job tentatively -- it will be properly scheduled when the scheduler starts
2026-05-21 08:22:14,762 [INFO] apscheduler.scheduler: Adding job tentatively -- it will be properly scheduled when the scheduler starts
2026-05-21 08:22:14,762 [INFO] apscheduler.scheduler: Added job "check_drawdown" to job store "default"
2026-05-21 08:22:14,765 [INFO] apscheduler.scheduler: Added job "send_morning_report" to job store "default"
2026-05-21 08:22:14,765 [INFO] apscheduler.scheduler: Added job "send_closing_report" to job store "default"
2026-05-21 08:22:14,765 [INFO] apscheduler.scheduler: Scheduler started
2026-05-21 08:22:14,765 [INFO] auto_alert: Auto-alert scheduler started. Jobs: drawdown (5min), morning (09:00), closing (15:00)
2026-05-21 08:27:14,776 [INFO] apscheduler.executors.default: Running job "check_drawdown (trigger: interval[0:05:00], next run at: 2026-05-21 08:27:14 +07)" (scheduled at 2026-05-21 08:27:14.760148+07:00)
2026-05-21 08:27:14,782 [INFO] apscheduler.executors.default: Job "check_drawdown (trigger: interval[0:05:00], next run at: 2026-05-21 08:32:14 +07)" executed successfully
2026-05-21 08:32:14,774 [INFO] apscheduler.executors.default: Running job "check_drawdown (trigger: interval[0:05:00], next run at: 2026-05-21 08:37:14 +07)" (scheduled at 2026-05-21 08:32:14.760148+07:00)
2026-05-21 08:32:14,774 [INFO] apscheduler.executors.default: Job "check_drawdown (trigger: interval[0:05:00], next run at: 2026-05-21 08:37:14 +07)" executed successfully
2026-05-21 08:37:14,763 [INFO] apscheduler.executors.default: Running job "check_drawdown (trigger: interval[0:05:00], next run at: 2026-05-21 08:42:14 +07)" (scheduled at 2026-05-21 08:37:14.760148+07:00)
2026-05-21 08:37:14,769 [INFO] apscheduler.executors.default: Job "check_drawdown (trigger: interval[0:05:00], next run at: 2026-05-21 08:42:14 +07)" executed successfully
2026-05-21 08:42:14,762 [INFO] apscheduler.executors.default: Running job "check_drawdown (trigger: interval[0:05:00], next run at: 2026-05-21 08:47:14 +07)" (scheduled at 2026-05-21 08:42:14.760148+07:00)
2026-05-21 08:42:14,762 [INFO] apscheduler.executors.default: Job "check_drawdown (trigger: interval[0:05:00], next run at: 2026-05-21 08:47:14 +07)" executed successfully
2026-05-21 08:47:14,768 [INFO] apscheduler.executors.default: Running job "check_drawdown (trigger: interval[0:05:00], next run at: 2026-05-21 08:52:14 +07)" (scheduled at 2026-05-21 08:47:14.760148+07:00)
2026-05-21 08:47:14,768 [INFO] apscheduler.executors.default: Job "check_drawdown (trigger: interval[0:05:00], next run at: 2026-05-21 08:52:14 +07)" executed successfully
2026-05-21 08:52:14,762 [INFO] apscheduler.executors.default: Running job "check_drawdown (trigger: interval[0:05:00], next run at: 2026-05-21 08:57:14 +07)" (scheduled at 2026-05-21 08:52:14.760148+07:00)
2026-05-21 08:52:14,762 [INFO] apscheduler.executors.default: Job "check_drawdown (trigger: interval[0:05:00], next run at: 2026-05-21 08:57:14 +07)" executed successfully
2026-05-21 08:57:14,766 [INFO] apscheduler.executors.default: Running job "check_drawdown (trigger: interval[0:05:00], next run at: 2026-05-21 09:02:14 +07)" (scheduled at 2026-05-21 08:57:14.760148+07:00)
2026-05-21 08:57:14,774 [INFO] apscheduler.executors.default: Job "check_drawdown (trigger: interval[0:05:00], next run at: 2026-05-21 09:02:14 +07)" executed successfully
2026-05-21 09:00:00,012 [INFO] apscheduler.executors.default: Running job "send_morning_report (trigger: cron[day_of_week='mon-fri', hour='9', minute='0'], next run at: 2026-05-22 09:00:00 +07)" (scheduled at 2026-05-21 09:00:00+07:00)
2026-05-21 09:00:00,012 [INFO] auto_alert: Morning screener report triggered
2026-05-21 09:00:01,113 [INFO] alerts: Discord screener report sent (1 signals)
2026-05-21 09:00:01,868 [INFO] httpx: HTTP Request: POST https://api.telegram.org/bot8101714771:AAGWX1pCWuuRvfFsfQcO_uWrRCxkC5KK23I/sendMessage "HTTP/1.1 200 OK"
2026-05-21 09:00:01,868 [INFO] alerts: Telegram screener report sent (1 signals)
2026-05-21 09:00:01,868 [INFO] alerts: Screener report: 1 signals sent
2026-05-21 09:00:01,868 [INFO] auto_alert: Morning report: OK — 1 signals sent to Discord + Telegram
2026-05-21 09:00:01,868 [INFO] apscheduler.executors.default: Job "send_morning_report (trigger: cron[day_of_week='mon-fri', hour='9', minute='0'], next run at: 2026-05-22 09:00:00 +07)" executed successfully
2026-05-21 09:02:14,763 [INFO] apscheduler.executors.default: Running job "check_drawdown (trigger: interval[0:05:00], next run at: 2026-05-21 09:07:14 +07)" (scheduled at 2026-05-21 09:02:14.760148+07:00)
2026-05-21 09:02:14,769 [INFO] apscheduler.executors.default: Job "check_drawdown (trigger: interval[0:05:00], next run at: 2026-05-21 09:07:14 +07)" executed successfully
2026-05-21 09:07:14,766 [INFO] apscheduler.executors.default: Running job "check_drawdown (trigger: interval[0:05:00], next run at: 2026-05-21 09:12:14 +07)" (scheduled at 2026-05-21 09:07:14.760148+07:00)
2026-05-21 09:07:14,766 [INFO] apscheduler.executors.default: Job "check_drawdown (trigger: interval[0:05:00], next run at: 2026-05-21 09:12:14 +07)" executed successfully
2026-05-21 09:12:14,775 [INFO] apscheduler.executors.default: Running job "check_drawdown (trigger: interval[0:05:00], next run at: 2026-05-21 09:17:14 +07)" (scheduled at 2026-05-21 09:12:14.760148+07:00)
2026-05-21 09:12:14,775 [INFO] apscheduler.executors.default: Job "check_drawdown (trigger: interval[0:05:00], next run at: 2026-05-21 09:17:14 +07)" executed successfully
2026-05-21 09:17:14,772 [INFO] apscheduler.executors.default: Running job "check_drawdown (trigger: interval[0:05:00], next run at: 2026-05-21 09:22:14 +07)" (scheduled at 2026-05-21 09:17:14.760148+07:00)
2026-05-21 09:17:14,778 [INFO] apscheduler.executors.default: Job "check_drawdown (trigger: interval[0:05:00], next run at: 2026-05-21 09:22:14 +07)" executed successfully
2026-05-21 09:22:14,767 [INFO] apscheduler.executors.default: Running job "check_drawdown (trigger: interval[0:05:00], next run at: 2026-05-21 09:27:14 +07)" (scheduled at 2026-05-21 09:22:14.760148+07:00)
2026-05-21 09:22:14,776 [INFO] apscheduler.executors.default: Job "check_drawdown (trigger: interval[0:05:00], next run at: 2026-05-21 09:27:14 +07)" executed successfully
2026-05-21 09:27:14,767 [INFO] apscheduler.executors.default: Running job "check_drawdown (trigger: interval[0:05:00], next run at: 2026-05-21 09:32:14 +07)" (scheduled at 2026-05-21 09:27:14.760148+07:00)
2026-05-21 09:27:14,767 [INFO] apscheduler.executors.default: Job "check_drawdown (trigger: interval[0:05:00], next run at: 2026-05-21 09:32:14 +07)" executed successfully
2026-05-21 09:32:14,769 [INFO] apscheduler.executors.default: Running job "check_drawdown (trigger: interval[0:05:00], next run at: 2026-05-21 09:37:14 +07)" (scheduled at 2026-05-21 09:32:14.760148+07:00)
2026-05-21 09:32:14,771 [INFO] apscheduler.executors.default: Job "check_drawdown (trigger: interval[0:05:00], next run at: 2026-05-21 09:37:14 +07)" executed successfully
2026-05-21 09:37:14,762 [INFO] apscheduler.executors.default: Running job "check_drawdown (trigger: interval[0:05:00], next run at: 2026-05-21 09:42:14 +07)" (scheduled at 2026-05-21 09:37:14.760148+07:00)
2026-05-21 09:37:14,770 [INFO] apscheduler.executors.default: Job "check_drawdown (trigger: interval[0:05:00], next run at: 2026-05-21 09:42:14 +07)" executed successfully
2026-05-21 09:42:14,770 [INFO] apscheduler.executors.default: Running job "check_drawdown (trigger: interval[0:05:00], next run at: 2026-05-21 09:47:14 +07)" (scheduled at 2026-05-21 09:42:14.760148+07:00)
2026-05-21 09:42:14,776 [INFO] apscheduler.executors.default: Job "check_drawdown (trigger: interval[0:05:00], next run at: 2026-05-21 09:47:14 +07)" executed successfully
2026-05-21 09:47:14,772 [INFO] apscheduler.executors.default: Running job "check_drawdown (trigger: interval[0:05:00], next run at: 2026-05-21 09:52:14 +07)" (scheduled at 2026-05-21 09:47:14.760148+07:00)
2026-05-21 09:47:14,772 [INFO] apscheduler.executors.default: Job "check_drawdown (trigger: interval[0:05:00], next run at: 2026-05-21 09:52:14 +07)" executed successfully
2026-05-21 09:52:14,772 [INFO] apscheduler.executors.default: Running job "check_drawdown (trigger: interval[0:05:00], next run at: 2026-05-21 09:57:14 +07)" (scheduled at 2026-05-21 09:52:14.760148+07:00)
2026-05-21 09:52:14,772 [INFO] apscheduler.executors.default: Job "check_drawdown (trigger: interval[0:05:00], next run at: 2026-05-21 09:57:14 +07)" executed successfully
2026-05-21 09:57:14,764 [INFO] apscheduler.executors.default: Running job "check_drawdown (trigger: interval[0:05:00], next run at: 2026-05-21 10:02:14 +07)" (scheduled at 2026-05-21 09:57:14.760148+07:00)
2026-05-21 09:57:14,766 [INFO] apscheduler.executors.default: Job "check_drawdown (trigger: interval[0:05:00], next run at: 2026-05-21 10:02:14 +07)" executed successfully
2026-05-21 10:02:14,766 [INFO] apscheduler.executors.default: Running job "check_drawdown (trigger: interval[0:05:00], next run at: 2026-05-21 10:07:14 +07)" (scheduled at 2026-05-21 10:02:14.760148+07:00)
2026-05-21 10:02:14,766 [INFO] apscheduler.executors.default: Job "check_drawdown (trigger: interval[0:05:00], next run at: 2026-05-21 10:07:14 +07)" executed successfully
2026-05-21 10:07:14,766 [INFO] apscheduler.executors.default: Running job "check_drawdown (trigger: interval[0:05:00], next run at: 2026-05-21 10:12:14 +07)" (scheduled at 2026-05-21 10:07:14.760148+07:00)
2026-05-21 10:07:14,767 [INFO] apscheduler.executors.default: Job "check_drawdown (trigger: interval[0:05:00], next run at: 2026-05-21 10:12:14 +07)" executed successfully
2026-05-21 10:12:14,767 [INFO] apscheduler.executors.default: Running job "check_drawdown (trigger: interval[0:05:00], next run at: 2026-05-21 10:17:14 +07)" (scheduled at 2026-05-21 10:12:14.760148+07:00)
2026-05-21 10:12:14,767 [INFO] apscheduler.executors.default: Job "check_drawdown (trigger: interval[0:05:00], next run at: 2026-05-21 10:17:14 +07)" executed successfully
2026-05-21 10:17:14,775 [INFO] apscheduler.executors.default: Running job "check_drawdown (trigger: interval[0:05:00], next run at: 2026-05-21 10:22:14 +07)" (scheduled at 2026-05-21 10:17:14.760148+07:00)
2026-05-21 10:17:14,775 [INFO] apscheduler.executors.default: Job "check_drawdown (trigger: interval[0:05:00], next run at: 2026-05-21 10:22:14 +07)" executed successfully
2026-05-21 10:22:14,770 [INFO] apscheduler.executors.default: Running job "check_drawdown (trigger: interval[0:05:00], next run at: 2026-05-21 10:27:14 +07)" (scheduled at 2026-05-21 10:22:14.760148+07:00)
2026-05-21 10:22:14,776 [INFO] apscheduler.executors.default: Job "check_drawdown (trigger: interval[0:05:00], next run at: 2026-05-21 10:27:14 +07)" executed successfully
2026-05-21 10:27:14,774 [INFO] apscheduler.executors.default: Running job "check_drawdown (trigger: interval[0:05:00], next run at: 2026-05-21 10:32:14 +07)" (scheduled at 2026-05-21 10:27:14.760148+07:00)
2026-05-21 10:27:14,774 [INFO] apscheduler.executors.default: Job "check_drawdown (trigger: interval[0:05:00], next run at: 2026-05-21 10:32:14 +07)" executed successfully
2026-05-21 10:32:14,767 [INFO] apscheduler.executors.default: Running job "check_drawdown (trigger: interval[0:05:00], next run at: 2026-05-21 10:37:14 +07)" (scheduled at 2026-05-21 10:32:14.760148+07:00)
2026-05-21 10:32:14,773 [INFO] apscheduler.executors.default: Job "check_drawdown (trigger: interval[0:05:00], next run at: 2026-05-21 10:37:14 +07)" executed successfully
2026-05-21 10:37:14,773 [INFO] apscheduler.executors.default: Running job "check_drawdown (trigger: interval[0:05:00], next run at: 2026-05-21 10:42:14 +07)" (scheduled at 2026-05-21 10:37:14.760148+07:00)
2026-05-21 10:37:14,775 [INFO] apscheduler.executors.default: Job "check_drawdown (trigger: interval[0:05:00], next run at: 2026-05-21 10:42:14 +07)" executed successfully
2026-05-21 10:42:14,764 [INFO] apscheduler.executors.default: Running job "check_drawdown (trigger: interval[0:05:00], next run at: 2026-05-21 10:47:14 +07)" (scheduled at 2026-05-21 10:42:14.760148+07:00)
2026-05-21 10:42:14,772 [INFO] apscheduler.executors.default: Job "check_drawdown (trigger: interval[0:05:00], next run at: 2026-05-21 10:47:14 +07)" executed successfully
2026-05-21 10:47:14,770 [INFO] apscheduler.executors.default: Running job "check_drawdown (trigger: interval[0:05:00], next run at: 2026-05-21 10:52:14 +07)" (scheduled at 2026-05-21 10:47:14.760148+07:00)
2026-05-21 10:47:14,777 [INFO] apscheduler.executors.default: Job "check_drawdown (trigger: interval[0:05:00], next run at: 2026-05-21 10:52:14 +07)" executed successfully
2026-05-21 10:52:14,764 [INFO] apscheduler.executors.default: Running job "check_drawdown (trigger: interval[0:05:00], next run at: 2026-05-21 10:57:14 +07)" (scheduled at 2026-05-21 10:52:14.760148+07:00)
2026-05-21 10:52:14,764 [INFO] apscheduler.executors.default: Job "check_drawdown (trigger: interval[0:05:00], next run at: 2026-05-21 10:57:14 +07)" executed successfully
2026-05-21 10:57:14,771 [INFO] apscheduler.executors.default: Running job "check_drawdown (trigger: interval[0:05:00], next run at: 2026-05-21 11:02:14 +07)" (scheduled at 2026-05-21 10:57:14.760148+07:00)
2026-05-21 10:57:14,771 [INFO] apscheduler.executors.default: Job "check_drawdown (trigger: interval[0:05:00], next run at: 2026-05-21 11:02:14 +07)" executed successfully
2026-05-21 11:02:14,770 [INFO] apscheduler.executors.default: Running job "check_drawdown (trigger: interval[0:05:00], next run at: 2026-05-21 11:07:14 +07)" (scheduled at 2026-05-21 11:02:14.760148+07:00)
2026-05-21 11:02:14,777 [INFO] apscheduler.executors.default: Job "check_drawdown (trigger: interval[0:05:00], next run at: 2026-05-21 11:07:14 +07)" executed successfully
2026-05-21 11:07:14,776 [INFO] apscheduler.executors.default: Running job "check_drawdown (trigger: interval[0:05:00], next run at: 2026-05-21 11:12:14 +07)" (scheduled at 2026-05-21 11:07:14.760148+07:00)
2026-05-21 11:07:14,780 [INFO] apscheduler.executors.default: Job "check_drawdown (trigger: interval[0:05:00], next run at: 2026-05-21 11:12:14 +07)" executed successfully
2026-05-21 11:12:14,774 [INFO] apscheduler.executors.default: Running job "check_drawdown (trigger: interval[0:05:00], next run at: 2026-05-21 11:17:14 +07)" (scheduled at 2026-05-21 11:12:14.760148+07:00)
2026-05-21 11:12:14,781 [INFO] apscheduler.executors.default: Job "check_drawdown (trigger: interval[0:05:00], next run at: 2026-05-21 11:17:14 +07)" executed successfully
2026-05-21 11:17:14,775 [INFO] apscheduler.executors.default: Running job "check_drawdown (trigger: interval[0:05:00], next run at: 2026-05-21 11:22:14 +07)" (scheduled at 2026-05-21 11:17:14.760148+07:00)
2026-05-21 11:17:14,775 [INFO] apscheduler.executors.default: Job "check_drawdown (trigger: interval[0:05:00], next run at: 2026-05-21 11:22:14 +07)" executed successfully
2026-05-21 11:22:14,774 [INFO] apscheduler.executors.default: Running job "check_drawdown (trigger: interval[0:05:00], next run at: 2026-05-21 11:27:14 +07)" (scheduled at 2026-05-21 11:22:14.760148+07:00)
2026-05-21 11:22:14,774 [INFO] apscheduler.executors.default: Job "check_drawdown (trigger: interval[0:05:00], next run at: 2026-05-21 11:27:14 +07)" executed successfully
2026-05-21 11:27:14,768 [INFO] apscheduler.executors.default: Running job "check_drawdown (trigger: interval[0:05:00], next run at: 2026-05-21 11:32:14 +07)" (scheduled at 2026-05-21 11:27:14.760148+07:00)
2026-05-21 11:27:14,768 [INFO] apscheduler.executors.default: Job "check_drawdown (trigger: interval[0:05:00], next run at: 2026-05-21 11:32:14 +07)" executed successfully
2026-05-21 11:32:14,776 [INFO] apscheduler.executors.default: Running job "check_drawdown (trigger: interval[0:05:00], next run at: 2026-05-21 11:37:14 +07)" (scheduled at 2026-05-21 11:32:14.760148+07:00)
2026-05-21 11:32:14,779 [INFO] apscheduler.executors.default: Job "check_drawdown (trigger: interval[0:05:00], next run at: 2026-05-21 11:37:14 +07)" executed successfully
2026-05-21 11:37:14,770 [INFO] apscheduler.executors.default: Running job "check_drawdown (trigger: interval[0:05:00], next run at: 2026-05-21 11:42:14 +07)" (scheduled at 2026-05-21 11:37:14.760148+07:00)
2026-05-21 11:37:14,770 [INFO] apscheduler.executors.default: Job "check_drawdown (trigger: interval[0:05:00], next run at: 2026-05-21 11:42:14 +07)" executed successfully
2026-05-21 11:42:14,774 [INFO] apscheduler.executors.default: Running job "check_drawdown (trigger: interval[0:05:00], next run at: 2026-05-21 11:47:14 +07)" (scheduled at 2026-05-21 11:42:14.760148+07:00)
2026-05-21 11:42:14,781 [INFO] apscheduler.executors.default: Job "check_drawdown (trigger: interval[0:05:00], next run at: 2026-05-21 11:47:14 +07)" executed successfully
2026-05-21 11:47:14,774 [INFO] apscheduler.executors.default: Running job "check_drawdown (trigger: interval[0:05:00], next run at: 2026-05-21 11:52:14 +07)" (scheduled at 2026-05-21 11:47:14.760148+07:00)
2026-05-21 11:47:14,774 [INFO] apscheduler.executors.default: Job "check_drawdown (trigger: interval[0:05:00], next run at: 2026-05-21 11:52:14 +07)" executed successfully
2026-05-21 11:52:14,768 [INFO] apscheduler.executors.default: Running job "check_drawdown (trigger: interval[0:05:00], next run at: 2026-05-21 11:57:14 +07)" (scheduled at 2026-05-21 11:52:14.760148+07:00)
2026-05-21 11:52:14,768 [INFO] apscheduler.executors.default: Job "check_drawdown (trigger: interval[0:05:00], next run at: 2026-05-21 11:57:14 +07)" executed successfully
2026-05-21 11:57:14,774 [INFO] apscheduler.executors.default: Running job "check_drawdown (trigger: interval[0:05:00], next run at: 2026-05-21 12:02:14 +07)" (scheduled at 2026-05-21 11:57:14.760148+07:00)
2026-05-21 11:57:14,792 [INFO] apscheduler.executors.default: Job "check_drawdown (trigger: interval[0:05:00], next run at: 2026-05-21 12:02:14 +07)" executed successfully
2026-05-21 12:02:14,776 [INFO] apscheduler.executors.default: Running job "check_drawdown (trigger: interval[0:05:00], next run at: 2026-05-21 12:07:14 +07)" (scheduled at 2026-05-21 12:02:14.760148+07:00)
2026-05-21 12:02:14,776 [INFO] apscheduler.executors.default: Job "check_drawdown (trigger: interval[0:05:00], next run at: 2026-05-21 12:07:14 +07)" executed successfully
2026-05-21 12:07:14,762 [INFO] apscheduler.executors.default: Running job "check_drawdown (trigger: interval[0:05:00], next run at: 2026-05-21 12:12:14 +07)" (scheduled at 2026-05-21 12:07:14.760148+07:00)
2026-05-21 12:07:14,767 [INFO] apscheduler.executors.default: Job "check_drawdown (trigger: interval[0:05:00], next run at: 2026-05-21 12:12:14 +07)" executed successfully
2026-05-21 12:12:14,769 [INFO] apscheduler.executors.default: Running job "check_drawdown (trigger: interval[0:05:00], next run at: 2026-05-21 12:17:14 +07)" (scheduled at 2026-05-21 12:12:14.760148+07:00)
2026-05-21 12:12:14,769 [INFO] apscheduler.executors.default: Job "check_drawdown (trigger: interval[0:05:00], next run at: 2026-05-21 12:17:14 +07)" executed successfully
2026-05-21 12:17:14,763 [INFO] apscheduler.executors.default: Running job "check_drawdown (trigger: interval[0:05:00], next run at: 2026-05-21 12:22:14 +07)" (scheduled at 2026-05-21 12:17:14.760148+07:00)
2026-05-21 12:17:14,763 [INFO] apscheduler.executors.default: Job "check_drawdown (trigger: interval[0:05:00], next run at: 2026-05-21 12:22:14 +07)" executed successfully
2026-05-21 12:22:14,772 [INFO] apscheduler.executors.default: Running job "check_drawdown (trigger: interval[0:05:00], next run at: 2026-05-21 12:27:14 +07)" (scheduled at 2026-05-21 12:22:14.760148+07:00)
2026-05-21 12:22:14,779 [INFO] apscheduler.executors.default: Job "check_drawdown (trigger: interval[0:05:00], next run at: 2026-05-21 12:27:14 +07)" executed successfully
2026-05-21 12:27:14,773 [INFO] apscheduler.executors.default: Running job "check_drawdown (trigger: interval[0:05:00], next run at: 2026-05-21 12:32:14 +07)" (scheduled at 2026-05-21 12:27:14.760148+07:00)
2026-05-21 12:27:14,773 [INFO] apscheduler.executors.default: Job "check_drawdown (trigger: interval[0:05:00], next run at: 2026-05-21 12:32:14 +07)" executed successfully
2026-05-21 12:32:14,763 [INFO] apscheduler.executors.default: Running job "check_drawdown (trigger: interval[0:05:00], next run at: 2026-05-21 12:37:14 +07)" (scheduled at 2026-05-21 12:32:14.760148+07:00)
2026-05-21 12:32:14,763 [INFO] apscheduler.executors.default: Job "check_drawdown (trigger: interval[0:05:00], next run at: 2026-05-21 12:37:14 +07)" executed successfully
2026-05-21 12:37:14,774 [INFO] apscheduler.executors.default: Running job "check_drawdown (trigger: interval[0:05:00], next run at: 2026-05-21 12:42:14 +07)" (scheduled at 2026-05-21 12:37:14.760148+07:00)
2026-05-21 12:37:14,774 [INFO] apscheduler.executors.default: Job "check_drawdown (trigger: interval[0:05:00], next run at: 2026-05-21 12:42:14 +07)" executed successfully
2026-05-21 12:42:14,770 [INFO] apscheduler.executors.default: Running job "check_drawdown (trigger: interval[0:05:00], next run at: 2026-05-21 12:47:14 +07)" (scheduled at 2026-05-21 12:42:14.760148+07:00)
2026-05-21 12:42:14,777 [INFO] apscheduler.executors.default: Job "check_drawdown (trigger: interval[0:05:00], next run at: 2026-05-21 12:47:14 +07)" executed successfully
2026-05-21 12:47:14,772 [INFO] apscheduler.executors.default: Running job "check_drawdown (trigger: interval[0:05:00], next run at: 2026-05-21 12:52:14 +07)" (scheduled at 2026-05-21 12:47:14.760148+07:00)
2026-05-21 12:47:14,776 [INFO] apscheduler.executors.default: Job "check_drawdown (trigger: interval[0:05:00], next run at: 2026-05-21 12:52:14 +07)" executed successfully
2026-05-21 12:52:14,765 [INFO] apscheduler.executors.default: Running job "check_drawdown (trigger: interval[0:05:00], next run at: 2026-05-21 12:57:14 +07)" (scheduled at 2026-05-21 12:52:14.760148+07:00)
2026-05-21 12:52:14,765 [INFO] apscheduler.executors.default: Job "check_drawdown (trigger: interval[0:05:00], next run at: 2026-05-21 12:57:14 +07)" executed successfully
2026-05-21 12:57:14,776 [INFO] apscheduler.executors.default: Running job "check_drawdown (trigger: interval[0:05:00], next run at: 2026-05-21 13:02:14 +07)" (scheduled at 2026-05-21 12:57:14.760148+07:00)
2026-05-21 12:57:14,783 [INFO] apscheduler.executors.default: Job "check_drawdown (trigger: interval[0:05:00], next run at: 2026-05-21 13:02:14 +07)" executed successfully
2026-05-21 13:02:14,773 [INFO] apscheduler.executors.default: Running job "check_drawdown (trigger: interval[0:05:00], next run at: 2026-05-21 13:07:14 +07)" (scheduled at 2026-05-21 13:02:14.760148+07:00)
2026-05-21 13:02:14,773 [INFO] apscheduler.executors.default: Job "check_drawdown (trigger: interval[0:05:00], next run at: 2026-05-21 13:07:14 +07)" executed successfully
2026-05-21 13:07:14,781 [INFO] apscheduler.executors.default: Running job "check_drawdown (trigger: interval[0:05:00], next run at: 2026-05-21 13:12:14 +07)" (scheduled at 2026-05-21 13:07:14.760148+07:00)
2026-05-21 13:07:14,781 [INFO] apscheduler.executors.default: Job "check_drawdown (trigger: interval[0:05:00], next run at: 2026-05-21 13:12:14 +07)" executed successfully
2026-05-21 13:12:14,777 [INFO] apscheduler.executors.default: Running job "check_drawdown (trigger: interval[0:05:00], next run at: 2026-05-21 13:17:14 +07)" (scheduled at 2026-05-21 13:12:14.760148+07:00)
2026-05-21 13:12:14,784 [INFO] apscheduler.executors.default: Job "check_drawdown (trigger: interval[0:05:00], next run at: 2026-05-21 13:17:14 +07)" executed successfully
2026-05-21 13:17:14,779 [INFO] apscheduler.executors.default: Running job "check_drawdown (trigger: interval[0:05:00], next run at: 2026-05-21 13:22:14 +07)" (scheduled at 2026-05-21 13:17:14.760148+07:00)
2026-05-21 13:17:14,781 [INFO] apscheduler.executors.default: Job "check_drawdown (trigger: interval[0:05:00], next run at: 2026-05-21 13:22:14 +07)" executed successfully
2026-05-21 13:22:14,779 [INFO] apscheduler.executors.default: Running job "check_drawdown (trigger: interval[0:05:00], next run at: 2026-05-21 13:27:14 +07)" (scheduled at 2026-05-21 13:22:14.760148+07:00)
2026-05-21 13:22:14,785 [INFO] apscheduler.executors.default: Job "check_drawdown (trigger: interval[0:05:00], next run at: 2026-05-21 13:27:14 +07)" executed successfully
2026-05-21 13:27:14,779 [INFO] apscheduler.executors.default: Running job "check_drawdown (trigger: interval[0:05:00], next run at: 2026-05-21 13:32:14 +07)" (scheduled at 2026-05-21 13:27:14.760148+07:00)
2026-05-21 13:27:14,779 [INFO] apscheduler.executors.default: Job "check_drawdown (trigger: interval[0:05:00], next run at: 2026-05-21 13:32:14 +07)" executed successfully
2026-05-21 13:32:14,773 [INFO] apscheduler.executors.default: Running job "check_drawdown (trigger: interval[0:05:00], next run at: 2026-05-21 13:37:14 +07)" (scheduled at 2026-05-21 13:32:14.760148+07:00)
2026-05-21 13:32:14,773 [INFO] apscheduler.executors.default: Job "check_drawdown (trigger: interval[0:05:00], next run at: 2026-05-21 13:37:14 +07)" executed successfully
2026-05-21 13:37:14,764 [INFO] apscheduler.executors.default: Running job "check_drawdown (trigger: interval[0:05:00], next run at: 2026-05-21 13:42:14 +07)" (scheduled at 2026-05-21 13:37:14.760148+07:00)
2026-05-21 13:37:14,764 [INFO] apscheduler.executors.default: Job "check_drawdown (trigger: interval[0:05:00], next run at: 2026-05-21 13:42:14 +07)" executed successfully
2026-05-21 13:42:14,768 [INFO] apscheduler.executors.default: Running job "check_drawdown (trigger: interval[0:05:00], next run at: 2026-05-21 13:47:14 +07)" (scheduled at 2026-05-21 13:42:14.760148+07:00)
2026-05-21 13:42:14,775 [INFO] apscheduler.executors.default: Job "check_drawdown (trigger: interval[0:05:00], next run at: 2026-05-21 13:47:14 +07)" executed successfully
2026-05-21 13:47:14,774 [INFO] apscheduler.executors.default: Running job "check_drawdown (trigger: interval[0:05:00], next run at: 2026-05-21 13:52:14 +07)" (scheduled at 2026-05-21 13:47:14.760148+07:00)
2026-05-21 13:47:14,774 [INFO] apscheduler.executors.default: Job "check_drawdown (trigger: interval[0:05:00], next run at: 2026-05-21 13:52:14 +07)" executed successfully
2026-05-21 13:52:14,765 [INFO] apscheduler.executors.default: Running job "check_drawdown (trigger: interval[0:05:00], next run at: 2026-05-21 13:57:14 +07)" (scheduled at 2026-05-21 13:52:14.760148+07:00)
2026-05-21 13:52:14,765 [INFO] apscheduler.executors.default: Job "check_drawdown (trigger: interval[0:05:00], next run at: 2026-05-21 13:57:14 +07)" executed successfully
2026-05-21 13:57:14,772 [INFO] apscheduler.executors.default: Running job "check_drawdown (trigger: interval[0:05:00], next run at: 2026-05-21 14:02:14 +07)" (scheduled at 2026-05-21 13:57:14.760148+07:00)
2026-05-21 13:57:14,772 [INFO] apscheduler.executors.default: Job "check_drawdown (trigger: interval[0:05:00], next run at: 2026-05-21 14:02:14 +07)" executed successfully
2026-05-21 14:02:14,763 [INFO] apscheduler.executors.default: Running job "check_drawdown (trigger: interval[0:05:00], next run at: 2026-05-21 14:07:14 +07)" (scheduled at 2026-05-21 14:02:14.760148+07:00)
2026-05-21 14:02:14,771 [INFO] apscheduler.executors.default: Job "check_drawdown (trigger: interval[0:05:00], next run at: 2026-05-21 14:07:14 +07)" executed successfully
2026-05-21 14:07:14,771 [INFO] apscheduler.executors.default: Running job "check_drawdown (trigger: interval[0:05:00], next run at: 2026-05-21 14:12:14 +07)" (scheduled at 2026-05-21 14:07:14.760148+07:00)
2026-05-21 14:07:14,771 [INFO] apscheduler.executors.default: Job "check_drawdown (trigger: interval[0:05:00], next run at: 2026-05-21 14:12:14 +07)" executed successfully
2026-05-21 14:12:14,770 [INFO] apscheduler.executors.default: Running job "check_drawdown (trigger: interval[0:05:00], next run at: 2026-05-21 14:17:14 +07)" (scheduled at 2026-05-21 14:12:14.760148+07:00)
2026-05-21 14:12:14,773 [INFO] apscheduler.executors.default: Job "check_drawdown (trigger: interval[0:05:00], next run at: 2026-05-21 14:17:14 +07)" executed successfully
2026-05-21 14:17:14,773 [INFO] apscheduler.executors.default: Running job "check_drawdown (trigger: interval[0:05:00], next run at: 2026-05-21 14:22:14 +07)" (scheduled at 2026-05-21 14:17:14.760148+07:00)
2026-05-21 14:17:14,773 [INFO] apscheduler.executors.default: Job "check_drawdown (trigger: interval[0:05:00], next run at: 2026-05-21 14:22:14 +07)" executed successfully
2026-05-21 14:22:14,774 [INFO] apscheduler.executors.default: Running job "check_drawdown (trigger: interval[0:05:00], next run at: 2026-05-21 14:27:14 +07)" (scheduled at 2026-05-21 14:22:14.760148+07:00)
2026-05-21 14:22:14,777 [INFO] apscheduler.executors.default: Job "check_drawdown (trigger: interval[0:05:00], next run at: 2026-05-21 14:27:14 +07)" executed successfully
2026-05-21 14:27:14,766 [INFO] apscheduler.executors.default: Running job "check_drawdown (trigger: interval[0:05:00], next run at: 2026-05-21 14:32:14 +07)" (scheduled at 2026-05-21 14:27:14.760148+07:00)
2026-05-21 14:27:14,766 [INFO] apscheduler.executors.default: Job "check_drawdown (trigger: interval[0:05:00], next run at: 2026-05-21 14:32:14 +07)" executed successfully
2026-05-21 14:32:14,765 [INFO] apscheduler.executors.default: Running job "check_drawdown (trigger: interval[0:05:00], next run at: 2026-05-21 14:37:14 +07)" (scheduled at 2026-05-21 14:32:14.760148+07:00)
2026-05-21 14:32:14,765 [INFO] apscheduler.executors.default: Job "check_drawdown (trigger: interval[0:05:00], next run at: 2026-05-21 14:37:14 +07)" executed successfully
2026-05-21 14:37:14,764 [INFO] apscheduler.executors.default: Running job "check_drawdown (trigger: interval[0:05:00], next run at: 2026-05-21 14:42:14 +07)" (scheduled at 2026-05-21 14:37:14.760148+07:00)
2026-05-21 14:37:14,764 [INFO] apscheduler.executors.default: Job "check_drawdown (trigger: interval[0:05:00], next run at: 2026-05-21 14:42:14 +07)" executed successfully
2026-05-21 14:42:14,773 [INFO] apscheduler.executors.default: Running job "check_drawdown (trigger: interval[0:05:00], next run at: 2026-05-21 14:47:14 +07)" (scheduled at 2026-05-21 14:42:14.760148+07:00)
2026-05-21 14:42:14,778 [INFO] apscheduler.executors.default: Job "check_drawdown (trigger: interval[0:05:00], next run at: 2026-05-21 14:47:14 +07)" executed successfully
2026-05-21 14:47:14,763 [INFO] apscheduler.executors.default: Running job "check_drawdown (trigger: interval[0:05:00], next run at: 2026-05-21 14:52:14 +07)" (scheduled at 2026-05-21 14:47:14.760148+07:00)
2026-05-21 14:47:14,763 [INFO] apscheduler.executors.default: Job "check_drawdown (trigger: interval[0:05:00], next run at: 2026-05-21 14:52:14 +07)" executed successfully
2026-05-21 14:52:14,765 [INFO] apscheduler.executors.default: Running job "check_drawdown (trigger: interval[0:05:00], next run at: 2026-05-21 14:57:14 +07)" (scheduled at 2026-05-21 14:52:14.760148+07:00)
2026-05-21 14:52:14,768 [INFO] apscheduler.executors.default: Job "check_drawdown (trigger: interval[0:05:00], next run at: 2026-05-21 14:57:14 +07)" executed successfully
2026-05-21 14:57:14,769 [INFO] apscheduler.executors.default: Running job "check_drawdown (trigger: interval[0:05:00], next run at: 2026-05-21 15:02:14 +07)" (scheduled at 2026-05-21 14:57:14.760148+07:00)
2026-05-21 14:57:14,775 [INFO] apscheduler.executors.default: Job "check_drawdown (trigger: interval[0:05:00], next run at: 2026-05-21 15:02:14 +07)" executed successfully
2026-05-21 15:00:00,001 [INFO] apscheduler.executors.default: Running job "send_closing_report (trigger: cron[day_of_week='mon-fri', hour='15', minute='0'], next run at: 2026-05-22 15:00:00 +07)" (scheduled at 2026-05-21 15:00:00+07:00)
2026-05-21 15:00:00,005 [INFO] auto_alert: Closing report triggered
2026-05-21 15:00:00,876 [INFO] alerts: Discord sent: Closing Summary
2026-05-21 15:00:00,876 [WARNING] alerts: Telegram send failed: Unknown error in HTTP implementation: RuntimeError('Event loop is closed') — maybe bot not in chat? Send /start to your bot first, or add bot to group.
2026-05-21 15:00:00,876 [INFO] alerts: [15:00:00] [INFO] Closing Summary
📊 *Daily Closing Summary*
Equity: Rp 99,326,039
P&L: Rp +89,326,039 (+893.26%)

Jalankan `/report` untuk lihat sinyal terbaru.
2026-05-21 15:00:00,876 [INFO] apscheduler.executors.default: Job "send_closing_report (trigger: cron[day_of_week='mon-fri', hour='15', minute='0'], next run at: 2026-05-22 15:00:00 +07)" executed successfully
2026-05-21 15:02:14,773 [INFO] apscheduler.executors.default: Running job "check_drawdown (trigger: interval[0:05:00], next run at: 2026-05-21 15:07:14 +07)" (scheduled at 2026-05-21 15:02:14.760148+07:00)
2026-05-21 15:02:14,775 [INFO] apscheduler.executors.default: Job "check_drawdown (trigger: interval[0:05:00], next run at: 2026-05-21 15:07:14 +07)" executed successfully
2026-05-21 15:07:14,768 [INFO] apscheduler.executors.default: Running job "check_drawdown (trigger: interval[0:05:00], next run at: 2026-05-21 15:12:14 +07)" (scheduled at 2026-05-21 15:07:14.760148+07:00)
2026-05-21 15:07:14,770 [INFO] apscheduler.executors.default: Job "check_drawdown (trigger: interval[0:05:00], next run at: 2026-05-21 15:12:14 +07)" executed successfully
2026-05-21 15:12:14,771 [INFO] apscheduler.executors.default: Running job "check_drawdown (trigger: interval[0:05:00], next run at: 2026-05-21 15:17:14 +07)" (scheduled at 2026-05-21 15:12:14.760148+07:00)
2026-05-21 15:12:14,771 [INFO] apscheduler.executors.default: Job "check_drawdown (trigger: interval[0:05:00], next run at: 2026-05-21 15:17:14 +07)" executed successfully
2026-05-21 15:17:14,777 [INFO] apscheduler.executors.default: Running job "check_drawdown (trigger: interval[0:05:00], next run at: 2026-05-21 15:22:14 +07)" (scheduled at 2026-05-21 15:17:14.760148+07:00)
2026-05-21 15:17:14,777 [INFO] apscheduler.executors.default: Job "check_drawdown (trigger: interval[0:05:00], next run at: 2026-05-21 15:22:14 +07)" executed successfully
2026-05-21 15:22:14,770 [INFO] apscheduler.executors.default: Running job "check_drawdown (trigger: interval[0:05:00], next run at: 2026-05-21 15:27:14 +07)" (scheduled at 2026-05-21 15:22:14.760148+07:00)
2026-05-21 15:22:14,770 [INFO] apscheduler.executors.default: Job "check_drawdown (trigger: interval[0:05:00], next run at: 2026-05-21 15:27:14 +07)" executed successfully
2026-05-21 15:27:14,770 [INFO] apscheduler.executors.default: Running job "check_drawdown (trigger: interval[0:05:00], next run at: 2026-05-21 15:32:14 +07)" (scheduled at 2026-05-21 15:27:14.760148+07:00)
2026-05-21 15:27:14,770 [INFO] apscheduler.executors.default: Job "check_drawdown (trigger: interval[0:05:00], next run at: 2026-05-21 15:32:14 +07)" executed successfully
2026-05-21 15:32:14,770 [INFO] apscheduler.executors.default: Running job "check_drawdown (trigger: interval[0:05:00], next run at: 2026-05-21 15:37:14 +07)" (scheduled at 2026-05-21 15:32:14.760148+07:00)
2026-05-21 15:32:14,770 [INFO] apscheduler.executors.default: Job "check_drawdown (trigger: interval[0:05:00], next run at: 2026-05-21 15:37:14 +07)" executed successfully
2026-05-21 15:37:14,762 [INFO] apscheduler.executors.default: Running job "check_drawdown (trigger: interval[0:05:00], next run at: 2026-05-21 15:42:14 +07)" (scheduled at 2026-05-21 15:37:14.760148+07:00)
2026-05-21 15:37:14,765 [INFO] apscheduler.executors.default: Job "check_drawdown (trigger: interval[0:05:00], next run at: 2026-05-21 15:42:14 +07)" executed successfully
2026-05-21 15:42:14,768 [INFO] apscheduler.executors.default: Running job "check_drawdown (trigger: interval[0:05:00], next run at: 2026-05-21 15:47:14 +07)" (scheduled at 2026-05-21 15:42:14.760148+07:00)
2026-05-21 15:42:14,768 [INFO] apscheduler.executors.default: Job "check_drawdown (trigger: interval[0:05:00], next run at: 2026-05-21 15:47:14 +07)" executed successfully
2026-05-21 15:47:14,775 [INFO] apscheduler.executors.default: Running job "check_drawdown (trigger: interval[0:05:00], next run at: 2026-05-21 15:52:14 +07)" (scheduled at 2026-05-21 15:47:14.760148+07:00)
2026-05-21 15:47:14,775 [INFO] apscheduler.executors.default: Job "check_drawdown (trigger: interval[0:05:00], next run at: 2026-05-21 15:52:14 +07)" executed successfully
2026-05-21 15:52:14,768 [INFO] apscheduler.executors.default: Running job "check_drawdown (trigger: interval[0:05:00], next run at: 2026-05-21 15:57:14 +07)" (scheduled at 2026-05-21 15:52:14.760148+07:00)
2026-05-21 15:52:14,768 [INFO] apscheduler.executors.default: Job "check_drawdown (trigger: interval[0:05:00], next run at: 2026-05-21 15:57:14 +07)" executed successfully
2026-05-21 15:57:14,773 [INFO] apscheduler.executors.default: Running job "check_drawdown (trigger: interval[0:05:00], next run at: 2026-05-21 16:02:14 +07)" (scheduled at 2026-05-21 15:57:14.760148+07:00)
2026-05-21 15:57:14,773 [INFO] apscheduler.executors.default: Job "check_drawdown (trigger: interval[0:05:00], next run at: 2026-05-21 16:02:14 +07)" executed successfully
2026-05-21 16:02:14,769 [INFO] apscheduler.executors.default: Running job "check_drawdown (trigger: interval[0:05:00], next run at: 2026-05-21 16:07:14 +07)" (scheduled at 2026-05-21 16:02:14.760148+07:00)
2026-05-21 16:02:14,769 [INFO] apscheduler.executors.default: Job "check_drawdown (trigger: interval[0:05:00], next run at: 2026-05-21 16:07:14 +07)" executed successfully
2026-05-21 16:07:14,768 [INFO] apscheduler.executors.default: Running job "check_drawdown (trigger: interval[0:05:00], next run at: 2026-05-21 16:12:14 +07)" (scheduled at 2026-05-21 16:07:14.760148+07:00)
2026-05-21 16:07:14,774 [INFO] apscheduler.executors.default: Job "check_drawdown (trigger: interval[0:05:00], next run at: 2026-05-21 16:12:14 +07)" executed successfully
2026-05-21 16:12:14,764 [INFO] apscheduler.executors.default: Running job "check_drawdown (trigger: interval[0:05:00], next run at: 2026-05-21 16:17:14 +07)" (scheduled at 2026-05-21 16:12:14.760148+07:00)
2026-05-21 16:12:14,773 [INFO] apscheduler.executors.default: Job "check_drawdown (trigger: interval[0:05:00], next run at: 2026-05-21 16:17:14 +07)" executed successfully
2026-05-21 16:17:14,773 [INFO] apscheduler.executors.default: Running job "check_drawdown (trigger: interval[0:05:00], next run at: 2026-05-21 16:22:14 +07)" (scheduled at 2026-05-21 16:17:14.760148+07:00)
2026-05-21 16:17:14,779 [INFO] apscheduler.executors.default: Job "check_drawdown (trigger: interval[0:05:00], next run at: 2026-05-21 16:22:14 +07)" executed successfully
2026-05-21 16:22:14,764 [INFO] apscheduler.executors.default: Running job "check_drawdown (trigger: interval[0:05:00], next run at: 2026-05-21 16:27:14 +07)" (scheduled at 2026-05-21 16:22:14.760148+07:00)
2026-05-21 16:22:14,764 [INFO] apscheduler.executors.default: Job "check_drawdown (trigger: interval[0:05:00], next run at: 2026-05-21 16:27:14 +07)" executed successfully
2026-05-21 16:27:14,764 [INFO] apscheduler.executors.default: Running job "check_drawdown (trigger: interval[0:05:00], next run at: 2026-05-21 16:32:14 +07)" (scheduled at 2026-05-21 16:27:14.760148+07:00)
2026-05-21 16:27:14,787 [INFO] apscheduler.executors.default: Job "check_drawdown (trigger: interval[0:05:00], next run at: 2026-05-21 16:32:14 +07)" executed successfully
2026-05-21 16:32:14,772 [INFO] apscheduler.executors.default: Running job "check_drawdown (trigger: interval[0:05:00], next run at: 2026-05-21 16:37:14 +07)" (scheduled at 2026-05-21 16:32:14.760148+07:00)
2026-05-21 16:32:14,772 [INFO] apscheduler.executors.default: Job "check_drawdown (trigger: interval[0:05:00], next run at: 2026-05-21 16:37:14 +07)" executed successfully
2026-05-21 16:37:14,775 [INFO] apscheduler.executors.default: Running job "check_drawdown (trigger: interval[0:05:00], next run at: 2026-05-21 16:42:14 +07)" (scheduled at 2026-05-21 16:37:14.760148+07:00)
2026-05-21 16:37:14,775 [INFO] apscheduler.executors.default: Job "check_drawdown (trigger: interval[0:05:00], next run at: 2026-05-21 16:42:14 +07)" executed successfully
2026-05-21 16:42:14,773 [INFO] apscheduler.executors.default: Running job "check_drawdown (trigger: interval[0:05:00], next run at: 2026-05-21 16:47:14 +07)" (scheduled at 2026-05-21 16:42:14.760148+07:00)
2026-05-21 16:42:14,779 [INFO] apscheduler.executors.default: Job "check_drawdown (trigger: interval[0:05:00], next run at: 2026-05-21 16:47:14 +07)" executed successfully
2026-05-21 16:47:14,775 [INFO] apscheduler.executors.default: Running job "check_drawdown (trigger: interval[0:05:00], next run at: 2026-05-21 16:52:14 +07)" (scheduled at 2026-05-21 16:47:14.760148+07:00)
2026-05-21 16:47:14,816 [INFO] apscheduler.executors.default: Job "check_drawdown (trigger: interval[0:05:00], next run at: 2026-05-21 16:52:14 +07)" executed successfully
2026-05-21 16:52:14,762 [INFO] apscheduler.executors.default: Running job "check_drawdown (trigger: interval[0:05:00], next run at: 2026-05-21 16:57:14 +07)" (scheduled at 2026-05-21 16:52:14.760148+07:00)
2026-05-21 16:52:14,762 [INFO] apscheduler.executors.default: Job "check_drawdown (trigger: interval[0:05:00], next run at: 2026-05-21 16:57:14 +07)" executed successfully
2026-05-21 16:57:14,766 [INFO] apscheduler.executors.default: Running job "check_drawdown (trigger: interval[0:05:00], next run at: 2026-05-21 17:02:14 +07)" (scheduled at 2026-05-21 16:57:14.760148+07:00)
2026-05-21 16:57:14,766 [INFO] apscheduler.executors.default: Job "check_drawdown (trigger: interval[0:05:00], next run at: 2026-05-21 17:02:14 +07)" executed successfully
2026-05-21 17:02:14,763 [INFO] apscheduler.executors.default: Running job "check_drawdown (trigger: interval[0:05:00], next run at: 2026-05-21 17:07:14 +07)" (scheduled at 2026-05-21 17:02:14.760148+07:00)
2026-05-21 17:02:14,763 [INFO] apscheduler.executors.default: Job "check_drawdown (trigger: interval[0:05:00], next run at: 2026-05-21 17:07:14 +07)" executed successfully
2026-05-21 17:07:14,773 [INFO] apscheduler.executors.default: Running job "check_drawdown (trigger: interval[0:05:00], next run at: 2026-05-21 17:12:14 +07)" (scheduled at 2026-05-21 17:07:14.760148+07:00)
2026-05-21 17:07:14,797 [INFO] apscheduler.executors.default: Job "check_drawdown (trigger: interval[0:05:00], next run at: 2026-05-21 17:12:14 +07)" executed successfully
2026-05-21 17:12:14,771 [INFO] apscheduler.executors.default: Running job "check_drawdown (trigger: interval[0:05:00], next run at: 2026-05-21 17:17:14 +07)" (scheduled at 2026-05-21 17:12:14.760148+07:00)
2026-05-21 17:12:14,774 [INFO] apscheduler.executors.default: Job "check_drawdown (trigger: interval[0:05:00], next run at: 2026-05-21 17:17:14 +07)" executed successfully
2026-05-21 17:17:14,762 [INFO] apscheduler.executors.default: Running job "check_drawdown (trigger: interval[0:05:00], next run at: 2026-05-21 17:22:14 +07)" (scheduled at 2026-05-21 17:17:14.760148+07:00)
2026-05-21 17:17:14,767 [INFO] apscheduler.executors.default: Job "check_drawdown (trigger: interval[0:05:00], next run at: 2026-05-21 17:22:14 +07)" executed successfully
2026-05-21 17:22:14,771 [INFO] apscheduler.executors.default: Running job "check_drawdown (trigger: interval[0:05:00], next run at: 2026-05-21 17:27:14 +07)" (scheduled at 2026-05-21 17:22:14.760148+07:00)
2026-05-21 17:22:14,771 [INFO] apscheduler.executors.default: Job "check_drawdown (trigger: interval[0:05:00], next run at: 2026-05-21 17:27:14 +07)" executed successfully
