2026-05-18 08:16:16,917 [INFO] alerts: Telegram bot connected
2026-05-18 08:16:16,917 [INFO] auto_alert: AlertManager initialized. Discord: YES, Telegram: YES
2026-05-18 08:16:16,917 [INFO] apscheduler.scheduler: Adding job tentatively -- it will be properly scheduled when the scheduler starts
2026-05-18 08:16:16,917 [INFO] apscheduler.scheduler: Adding job tentatively -- it will be properly scheduled when the scheduler starts
2026-05-18 08:16:16,917 [INFO] apscheduler.scheduler: Adding job tentatively -- it will be properly scheduled when the scheduler starts
2026-05-18 08:16:16,917 [INFO] apscheduler.scheduler: Added job "check_drawdown" to job store "default"
2026-05-18 08:16:16,917 [INFO] apscheduler.scheduler: Added job "send_morning_report" to job store "default"
2026-05-18 08:16:16,917 [INFO] apscheduler.scheduler: Added job "send_closing_report" to job store "default"
2026-05-18 08:16:16,917 [INFO] apscheduler.scheduler: Scheduler started
2026-05-18 08:16:16,924 [INFO] auto_alert: Auto-alert scheduler started. Jobs: drawdown (5min), morning (09:00), closing (15:00)
2026-05-18 08:21:16,927 [INFO] apscheduler.executors.default: Running job "check_drawdown (trigger: interval[0:05:00], next run at: 2026-05-18 08:21:16 +07)" (scheduled at 2026-05-18 08:21:16.917660+07:00)
2026-05-18 08:21:16,927 [INFO] apscheduler.executors.default: Job "check_drawdown (trigger: interval[0:05:00], next run at: 2026-05-18 08:26:16 +07)" executed successfully
2026-05-18 08:26:16,931 [INFO] apscheduler.executors.default: Running job "check_drawdown (trigger: interval[0:05:00], next run at: 2026-05-18 08:31:16 +07)" (scheduled at 2026-05-18 08:26:16.917660+07:00)
2026-05-18 08:26:16,953 [INFO] apscheduler.executors.default: Job "check_drawdown (trigger: interval[0:05:00], next run at: 2026-05-18 08:31:16 +07)" executed successfully
2026-05-18 08:31:16,932 [INFO] apscheduler.executors.default: Running job "check_drawdown (trigger: interval[0:05:00], next run at: 2026-05-18 08:36:16 +07)" (scheduled at 2026-05-18 08:31:16.917660+07:00)
2026-05-18 08:31:16,932 [INFO] apscheduler.executors.default: Job "check_drawdown (trigger: interval[0:05:00], next run at: 2026-05-18 08:36:16 +07)" executed successfully
2026-05-18 08:36:16,930 [INFO] apscheduler.executors.default: Running job "check_drawdown (trigger: interval[0:05:00], next run at: 2026-05-18 08:41:16 +07)" (scheduled at 2026-05-18 08:36:16.917660+07:00)
2026-05-18 08:36:16,954 [INFO] apscheduler.executors.default: Job "check_drawdown (trigger: interval[0:05:00], next run at: 2026-05-18 08:41:16 +07)" executed successfully
2026-05-18 08:41:16,933 [INFO] apscheduler.executors.default: Running job "check_drawdown (trigger: interval[0:05:00], next run at: 2026-05-18 08:46:16 +07)" (scheduled at 2026-05-18 08:41:16.917660+07:00)
2026-05-18 08:41:16,941 [INFO] apscheduler.executors.default: Job "check_drawdown (trigger: interval[0:05:00], next run at: 2026-05-18 08:46:16 +07)" executed successfully
2026-05-18 08:46:16,931 [INFO] apscheduler.executors.default: Running job "check_drawdown (trigger: interval[0:05:00], next run at: 2026-05-18 08:51:16 +07)" (scheduled at 2026-05-18 08:46:16.917660+07:00)
2026-05-18 08:46:16,939 [INFO] apscheduler.executors.default: Job "check_drawdown (trigger: interval[0:05:00], next run at: 2026-05-18 08:51:16 +07)" executed successfully
2026-05-18 08:51:16,923 [INFO] apscheduler.executors.default: Running job "check_drawdown (trigger: interval[0:05:00], next run at: 2026-05-18 08:56:16 +07)" (scheduled at 2026-05-18 08:51:16.917660+07:00)
2026-05-18 08:51:16,923 [INFO] apscheduler.executors.default: Job "check_drawdown (trigger: interval[0:05:00], next run at: 2026-05-18 08:56:16 +07)" executed successfully
2026-05-18 08:56:16,930 [INFO] apscheduler.executors.default: Running job "check_drawdown (trigger: interval[0:05:00], next run at: 2026-05-18 09:01:16 +07)" (scheduled at 2026-05-18 08:56:16.917660+07:00)
2026-05-18 08:56:16,930 [INFO] apscheduler.executors.default: Job "check_drawdown (trigger: interval[0:05:00], next run at: 2026-05-18 09:01:16 +07)" executed successfully
2026-05-18 09:00:00,004 [INFO] apscheduler.executors.default: Running job "send_morning_report (trigger: cron[day_of_week='mon-fri', hour='9', minute='0'], next run at: 2026-05-19 09:00:00 +07)" (scheduled at 2026-05-18 09:00:00+07:00)
2026-05-18 09:00:00,004 [INFO] auto_alert: Morning screener report triggered
2026-05-18 09:00:03,066 [INFO] alerts: Discord sent: Morning Report
2026-05-18 09:00:03,811 [INFO] httpx: HTTP Request: POST https://api.telegram.org/bot8101714771:AAGWX1pCWuuRvfFsfQcO_uWrRCxkC5KK23I/sendMessage "HTTP/1.1 200 OK"
2026-05-18 09:00:03,815 [INFO] alerts: Telegram sent: Morning Report
2026-05-18 09:00:03,815 [INFO] alerts: [09:00:00] [INFO] Morning Report
📊 Tidak ada sinyal BUY hari ini.
2026-05-18 09:00:03,815 [INFO] apscheduler.executors.default: Job "send_morning_report (trigger: cron[day_of_week='mon-fri', hour='9', minute='0'], next run at: 2026-05-19 09:00:00 +07)" executed successfully
2026-05-18 09:01:16,928 [INFO] apscheduler.executors.default: Running job "check_drawdown (trigger: interval[0:05:00], next run at: 2026-05-18 09:06:16 +07)" (scheduled at 2026-05-18 09:01:16.917660+07:00)
2026-05-18 09:01:16,952 [INFO] apscheduler.executors.default: Job "check_drawdown (trigger: interval[0:05:00], next run at: 2026-05-18 09:06:16 +07)" executed successfully
2026-05-18 09:06:16,920 [INFO] apscheduler.executors.default: Running job "check_drawdown (trigger: interval[0:05:00], next run at: 2026-05-18 09:11:16 +07)" (scheduled at 2026-05-18 09:06:16.917660+07:00)
2026-05-18 09:06:16,920 [INFO] apscheduler.executors.default: Job "check_drawdown (trigger: interval[0:05:00], next run at: 2026-05-18 09:11:16 +07)" executed successfully
2026-05-18 09:11:16,927 [INFO] apscheduler.executors.default: Running job "check_drawdown (trigger: interval[0:05:00], next run at: 2026-05-18 09:16:16 +07)" (scheduled at 2026-05-18 09:11:16.917660+07:00)
2026-05-18 09:11:16,927 [INFO] apscheduler.executors.default: Job "check_drawdown (trigger: interval[0:05:00], next run at: 2026-05-18 09:16:16 +07)" executed successfully
2026-05-18 09:16:16,918 [INFO] apscheduler.executors.default: Running job "check_drawdown (trigger: interval[0:05:00], next run at: 2026-05-18 09:21:16 +07)" (scheduled at 2026-05-18 09:16:16.917660+07:00)
2026-05-18 09:16:16,918 [INFO] apscheduler.executors.default: Job "check_drawdown (trigger: interval[0:05:00], next run at: 2026-05-18 09:21:16 +07)" executed successfully
2026-05-18 09:21:16,931 [INFO] apscheduler.executors.default: Running job "check_drawdown (trigger: interval[0:05:00], next run at: 2026-05-18 09:26:16 +07)" (scheduled at 2026-05-18 09:21:16.917660+07:00)
2026-05-18 09:21:16,935 [INFO] apscheduler.executors.default: Job "check_drawdown (trigger: interval[0:05:00], next run at: 2026-05-18 09:26:16 +07)" executed successfully
2026-05-18 09:26:16,918 [INFO] apscheduler.executors.default: Running job "check_drawdown (trigger: interval[0:05:00], next run at: 2026-05-18 09:31:16 +07)" (scheduled at 2026-05-18 09:26:16.917660+07:00)
2026-05-18 09:26:16,918 [INFO] apscheduler.executors.default: Job "check_drawdown (trigger: interval[0:05:00], next run at: 2026-05-18 09:31:16 +07)" executed successfully
2026-05-18 09:31:16,926 [INFO] apscheduler.executors.default: Running job "check_drawdown (trigger: interval[0:05:00], next run at: 2026-05-18 09:36:16 +07)" (scheduled at 2026-05-18 09:31:16.917660+07:00)
2026-05-18 09:31:16,932 [INFO] apscheduler.executors.default: Job "check_drawdown (trigger: interval[0:05:00], next run at: 2026-05-18 09:36:16 +07)" executed successfully
2026-05-18 09:36:16,922 [INFO] apscheduler.executors.default: Running job "check_drawdown (trigger: interval[0:05:00], next run at: 2026-05-18 09:41:16 +07)" (scheduled at 2026-05-18 09:36:16.917660+07:00)
2026-05-18 09:36:16,922 [INFO] apscheduler.executors.default: Job "check_drawdown (trigger: interval[0:05:00], next run at: 2026-05-18 09:41:16 +07)" executed successfully
2026-05-18 09:41:16,918 [INFO] apscheduler.executors.default: Running job "check_drawdown (trigger: interval[0:05:00], next run at: 2026-05-18 09:46:16 +07)" (scheduled at 2026-05-18 09:41:16.917660+07:00)
2026-05-18 09:41:16,918 [INFO] apscheduler.executors.default: Job "check_drawdown (trigger: interval[0:05:00], next run at: 2026-05-18 09:46:16 +07)" executed successfully
2026-05-18 09:46:16,919 [INFO] apscheduler.executors.default: Running job "check_drawdown (trigger: interval[0:05:00], next run at: 2026-05-18 09:51:16 +07)" (scheduled at 2026-05-18 09:46:16.917660+07:00)
2026-05-18 09:46:16,943 [INFO] apscheduler.executors.default: Job "check_drawdown (trigger: interval[0:05:00], next run at: 2026-05-18 09:51:16 +07)" executed successfully
2026-05-18 09:51:16,933 [INFO] apscheduler.executors.default: Running job "check_drawdown (trigger: interval[0:05:00], next run at: 2026-05-18 09:56:16 +07)" (scheduled at 2026-05-18 09:51:16.917660+07:00)
2026-05-18 09:51:16,939 [INFO] apscheduler.executors.default: Job "check_drawdown (trigger: interval[0:05:00], next run at: 2026-05-18 09:56:16 +07)" executed successfully
2026-05-18 09:56:16,920 [INFO] apscheduler.executors.default: Running job "check_drawdown (trigger: interval[0:05:00], next run at: 2026-05-18 10:01:16 +07)" (scheduled at 2026-05-18 09:56:16.917660+07:00)
2026-05-18 09:56:16,920 [INFO] apscheduler.executors.default: Job "check_drawdown (trigger: interval[0:05:00], next run at: 2026-05-18 10:01:16 +07)" executed successfully
2026-05-18 10:01:16,931 [INFO] apscheduler.executors.default: Running job "check_drawdown (trigger: interval[0:05:00], next run at: 2026-05-18 10:06:16 +07)" (scheduled at 2026-05-18 10:01:16.917660+07:00)
2026-05-18 10:01:16,937 [INFO] apscheduler.executors.default: Job "check_drawdown (trigger: interval[0:05:00], next run at: 2026-05-18 10:06:16 +07)" executed successfully
2026-05-18 10:06:16,922 [INFO] apscheduler.executors.default: Running job "check_drawdown (trigger: interval[0:05:00], next run at: 2026-05-18 10:11:16 +07)" (scheduled at 2026-05-18 10:06:16.917660+07:00)
2026-05-18 10:06:16,924 [INFO] apscheduler.executors.default: Job "check_drawdown (trigger: interval[0:05:00], next run at: 2026-05-18 10:11:16 +07)" executed successfully
2026-05-18 10:11:16,920 [INFO] apscheduler.executors.default: Running job "check_drawdown (trigger: interval[0:05:00], next run at: 2026-05-18 10:16:16 +07)" (scheduled at 2026-05-18 10:11:16.917660+07:00)
2026-05-18 10:11:16,950 [INFO] apscheduler.executors.default: Job "check_drawdown (trigger: interval[0:05:00], next run at: 2026-05-18 10:16:16 +07)" executed successfully
2026-05-18 10:16:16,921 [INFO] apscheduler.executors.default: Running job "check_drawdown (trigger: interval[0:05:00], next run at: 2026-05-18 10:21:16 +07)" (scheduled at 2026-05-18 10:16:16.917660+07:00)
2026-05-18 10:16:16,921 [INFO] apscheduler.executors.default: Job "check_drawdown (trigger: interval[0:05:00], next run at: 2026-05-18 10:21:16 +07)" executed successfully
2026-05-18 10:21:16,931 [INFO] apscheduler.executors.default: Running job "check_drawdown (trigger: interval[0:05:00], next run at: 2026-05-18 10:26:16 +07)" (scheduled at 2026-05-18 10:21:16.917660+07:00)
2026-05-18 10:21:16,931 [INFO] apscheduler.executors.default: Job "check_drawdown (trigger: interval[0:05:00], next run at: 2026-05-18 10:26:16 +07)" executed successfully
2026-05-18 10:26:16,933 [INFO] apscheduler.executors.default: Running job "check_drawdown (trigger: interval[0:05:00], next run at: 2026-05-18 10:31:16 +07)" (scheduled at 2026-05-18 10:26:16.917660+07:00)
2026-05-18 10:26:16,933 [INFO] apscheduler.executors.default: Job "check_drawdown (trigger: interval[0:05:00], next run at: 2026-05-18 10:31:16 +07)" executed successfully
2026-05-18 10:31:16,928 [INFO] apscheduler.executors.default: Running job "check_drawdown (trigger: interval[0:05:00], next run at: 2026-05-18 10:36:16 +07)" (scheduled at 2026-05-18 10:31:16.917660+07:00)
2026-05-18 10:31:16,928 [INFO] apscheduler.executors.default: Job "check_drawdown (trigger: interval[0:05:00], next run at: 2026-05-18 10:36:16 +07)" executed successfully
2026-05-18 10:36:16,927 [INFO] apscheduler.executors.default: Running job "check_drawdown (trigger: interval[0:05:00], next run at: 2026-05-18 10:41:16 +07)" (scheduled at 2026-05-18 10:36:16.917660+07:00)
2026-05-18 10:36:16,950 [INFO] apscheduler.executors.default: Job "check_drawdown (trigger: interval[0:05:00], next run at: 2026-05-18 10:41:16 +07)" executed successfully
2026-05-18 10:41:16,919 [INFO] apscheduler.executors.default: Running job "check_drawdown (trigger: interval[0:05:00], next run at: 2026-05-18 10:46:16 +07)" (scheduled at 2026-05-18 10:41:16.917660+07:00)
2026-05-18 10:41:16,926 [INFO] apscheduler.executors.default: Job "check_drawdown (trigger: interval[0:05:00], next run at: 2026-05-18 10:46:16 +07)" executed successfully
2026-05-18 10:46:16,924 [INFO] apscheduler.executors.default: Running job "check_drawdown (trigger: interval[0:05:00], next run at: 2026-05-18 10:51:16 +07)" (scheduled at 2026-05-18 10:46:16.917660+07:00)
2026-05-18 10:46:16,927 [INFO] apscheduler.executors.default: Job "check_drawdown (trigger: interval[0:05:00], next run at: 2026-05-18 10:51:16 +07)" executed successfully
2026-05-18 10:51:16,933 [INFO] apscheduler.executors.default: Running job "check_drawdown (trigger: interval[0:05:00], next run at: 2026-05-18 10:56:16 +07)" (scheduled at 2026-05-18 10:51:16.917660+07:00)
2026-05-18 10:51:16,956 [INFO] apscheduler.executors.default: Job "check_drawdown (trigger: interval[0:05:00], next run at: 2026-05-18 10:56:16 +07)" executed successfully
2026-05-18 10:56:16,918 [INFO] apscheduler.executors.default: Running job "check_drawdown (trigger: interval[0:05:00], next run at: 2026-05-18 11:01:16 +07)" (scheduled at 2026-05-18 10:56:16.917660+07:00)
2026-05-18 10:56:16,921 [INFO] apscheduler.executors.default: Job "check_drawdown (trigger: interval[0:05:00], next run at: 2026-05-18 11:01:16 +07)" executed successfully
2026-05-18 11:01:16,926 [INFO] apscheduler.executors.default: Running job "check_drawdown (trigger: interval[0:05:00], next run at: 2026-05-18 11:06:16 +07)" (scheduled at 2026-05-18 11:01:16.917660+07:00)
2026-05-18 11:01:16,940 [INFO] apscheduler.executors.default: Job "check_drawdown (trigger: interval[0:05:00], next run at: 2026-05-18 11:06:16 +07)" executed successfully
2026-05-18 11:06:16,922 [INFO] apscheduler.executors.default: Running job "check_drawdown (trigger: interval[0:05:00], next run at: 2026-05-18 11:11:16 +07)" (scheduled at 2026-05-18 11:06:16.917660+07:00)
2026-05-18 11:06:16,930 [INFO] apscheduler.executors.default: Job "check_drawdown (trigger: interval[0:05:00], next run at: 2026-05-18 11:11:16 +07)" executed successfully
2026-05-18 11:11:16,918 [INFO] apscheduler.executors.default: Running job "check_drawdown (trigger: interval[0:05:00], next run at: 2026-05-18 11:16:16 +07)" (scheduled at 2026-05-18 11:11:16.917660+07:00)
2026-05-18 11:11:16,918 [INFO] apscheduler.executors.default: Job "check_drawdown (trigger: interval[0:05:00], next run at: 2026-05-18 11:16:16 +07)" executed successfully
2026-05-18 11:16:16,918 [INFO] apscheduler.executors.default: Running job "check_drawdown (trigger: interval[0:05:00], next run at: 2026-05-18 11:21:16 +07)" (scheduled at 2026-05-18 11:16:16.917660+07:00)
2026-05-18 11:16:16,935 [INFO] apscheduler.executors.default: Job "check_drawdown (trigger: interval[0:05:00], next run at: 2026-05-18 11:21:16 +07)" executed successfully
2026-05-18 11:21:16,925 [INFO] apscheduler.executors.default: Running job "check_drawdown (trigger: interval[0:05:00], next run at: 2026-05-18 11:26:16 +07)" (scheduled at 2026-05-18 11:21:16.917660+07:00)
2026-05-18 11:21:16,925 [INFO] apscheduler.executors.default: Job "check_drawdown (trigger: interval[0:05:00], next run at: 2026-05-18 11:26:16 +07)" executed successfully
2026-05-18 11:26:16,921 [INFO] apscheduler.executors.default: Running job "check_drawdown (trigger: interval[0:05:00], next run at: 2026-05-18 11:31:16 +07)" (scheduled at 2026-05-18 11:26:16.917660+07:00)
2026-05-18 11:26:16,928 [INFO] apscheduler.executors.default: Job "check_drawdown (trigger: interval[0:05:00], next run at: 2026-05-18 11:31:16 +07)" executed successfully
2026-05-18 11:31:16,923 [INFO] apscheduler.executors.default: Running job "check_drawdown (trigger: interval[0:05:00], next run at: 2026-05-18 11:36:16 +07)" (scheduled at 2026-05-18 11:31:16.917660+07:00)
2026-05-18 11:31:16,930 [INFO] apscheduler.executors.default: Job "check_drawdown (trigger: interval[0:05:00], next run at: 2026-05-18 11:36:16 +07)" executed successfully
2026-05-18 11:36:16,931 [INFO] apscheduler.executors.default: Running job "check_drawdown (trigger: interval[0:05:00], next run at: 2026-05-18 11:41:16 +07)" (scheduled at 2026-05-18 11:36:16.917660+07:00)
2026-05-18 11:36:16,931 [INFO] apscheduler.executors.default: Job "check_drawdown (trigger: interval[0:05:00], next run at: 2026-05-18 11:41:16 +07)" executed successfully
2026-05-18 11:41:16,923 [INFO] apscheduler.executors.default: Running job "check_drawdown (trigger: interval[0:05:00], next run at: 2026-05-18 11:46:16 +07)" (scheduled at 2026-05-18 11:41:16.917660+07:00)
2026-05-18 11:41:16,923 [INFO] apscheduler.executors.default: Job "check_drawdown (trigger: interval[0:05:00], next run at: 2026-05-18 11:46:16 +07)" executed successfully
2026-05-18 11:46:16,927 [INFO] apscheduler.executors.default: Running job "check_drawdown (trigger: interval[0:05:00], next run at: 2026-05-18 11:51:16 +07)" (scheduled at 2026-05-18 11:46:16.917660+07:00)
2026-05-18 11:46:16,927 [INFO] apscheduler.executors.default: Job "check_drawdown (trigger: interval[0:05:00], next run at: 2026-05-18 11:51:16 +07)" executed successfully
2026-05-18 11:51:16,928 [INFO] apscheduler.executors.default: Running job "check_drawdown (trigger: interval[0:05:00], next run at: 2026-05-18 11:56:16 +07)" (scheduled at 2026-05-18 11:51:16.917660+07:00)
2026-05-18 11:51:16,928 [INFO] apscheduler.executors.default: Job "check_drawdown (trigger: interval[0:05:00], next run at: 2026-05-18 11:56:16 +07)" executed successfully
2026-05-18 11:56:16,930 [INFO] apscheduler.executors.default: Running job "check_drawdown (trigger: interval[0:05:00], next run at: 2026-05-18 12:01:16 +07)" (scheduled at 2026-05-18 11:56:16.917660+07:00)
2026-05-18 11:56:16,930 [INFO] apscheduler.executors.default: Job "check_drawdown (trigger: interval[0:05:00], next run at: 2026-05-18 12:01:16 +07)" executed successfully
2026-05-18 12:01:16,927 [INFO] apscheduler.executors.default: Running job "check_drawdown (trigger: interval[0:05:00], next run at: 2026-05-18 12:06:16 +07)" (scheduled at 2026-05-18 12:01:16.917660+07:00)
2026-05-18 12:01:16,929 [INFO] apscheduler.executors.default: Job "check_drawdown (trigger: interval[0:05:00], next run at: 2026-05-18 12:06:16 +07)" executed successfully
2026-05-18 12:06:16,928 [INFO] apscheduler.executors.default: Running job "check_drawdown (trigger: interval[0:05:00], next run at: 2026-05-18 12:11:16 +07)" (scheduled at 2026-05-18 12:06:16.917660+07:00)
2026-05-18 12:06:16,928 [INFO] apscheduler.executors.default: Job "check_drawdown (trigger: interval[0:05:00], next run at: 2026-05-18 12:11:16 +07)" executed successfully
2026-05-18 12:11:16,924 [INFO] apscheduler.executors.default: Running job "check_drawdown (trigger: interval[0:05:00], next run at: 2026-05-18 12:16:16 +07)" (scheduled at 2026-05-18 12:11:16.917660+07:00)
2026-05-18 12:11:16,924 [INFO] apscheduler.executors.default: Job "check_drawdown (trigger: interval[0:05:00], next run at: 2026-05-18 12:16:16 +07)" executed successfully
2026-05-18 12:16:16,925 [INFO] apscheduler.executors.default: Running job "check_drawdown (trigger: interval[0:05:00], next run at: 2026-05-18 12:21:16 +07)" (scheduled at 2026-05-18 12:16:16.917660+07:00)
2026-05-18 12:16:16,925 [INFO] apscheduler.executors.default: Job "check_drawdown (trigger: interval[0:05:00], next run at: 2026-05-18 12:21:16 +07)" executed successfully
2026-05-18 12:21:16,925 [INFO] apscheduler.executors.default: Running job "check_drawdown (trigger: interval[0:05:00], next run at: 2026-05-18 12:26:16 +07)" (scheduled at 2026-05-18 12:21:16.917660+07:00)
2026-05-18 12:21:16,925 [INFO] apscheduler.executors.default: Job "check_drawdown (trigger: interval[0:05:00], next run at: 2026-05-18 12:26:16 +07)" executed successfully
2026-05-18 12:26:16,931 [INFO] apscheduler.executors.default: Running job "check_drawdown (trigger: interval[0:05:00], next run at: 2026-05-18 12:31:16 +07)" (scheduled at 2026-05-18 12:26:16.917660+07:00)
2026-05-18 12:26:16,955 [INFO] apscheduler.executors.default: Job "check_drawdown (trigger: interval[0:05:00], next run at: 2026-05-18 12:31:16 +07)" executed successfully
2026-05-18 12:31:16,923 [INFO] apscheduler.executors.default: Running job "check_drawdown (trigger: interval[0:05:00], next run at: 2026-05-18 12:36:16 +07)" (scheduled at 2026-05-18 12:31:16.917660+07:00)
2026-05-18 12:31:16,946 [INFO] apscheduler.executors.default: Job "check_drawdown (trigger: interval[0:05:00], next run at: 2026-05-18 12:36:16 +07)" executed successfully
2026-05-18 12:36:16,919 [INFO] apscheduler.executors.default: Running job "check_drawdown (trigger: interval[0:05:00], next run at: 2026-05-18 12:41:16 +07)" (scheduled at 2026-05-18 12:36:16.917660+07:00)
2026-05-18 12:36:16,941 [INFO] apscheduler.executors.default: Job "check_drawdown (trigger: interval[0:05:00], next run at: 2026-05-18 12:41:16 +07)" executed successfully
2026-05-18 12:41:16,934 [INFO] apscheduler.executors.default: Running job "check_drawdown (trigger: interval[0:05:00], next run at: 2026-05-18 12:46:16 +07)" (scheduled at 2026-05-18 12:41:16.917660+07:00)
2026-05-18 12:41:16,934 [INFO] apscheduler.executors.default: Job "check_drawdown (trigger: interval[0:05:00], next run at: 2026-05-18 12:46:16 +07)" executed successfully
2026-05-18 12:46:16,918 [INFO] apscheduler.executors.default: Running job "check_drawdown (trigger: interval[0:05:00], next run at: 2026-05-18 12:51:16 +07)" (scheduled at 2026-05-18 12:46:16.917660+07:00)
2026-05-18 12:46:16,942 [INFO] apscheduler.executors.default: Job "check_drawdown (trigger: interval[0:05:00], next run at: 2026-05-18 12:51:16 +07)" executed successfully
2026-05-18 12:51:16,932 [INFO] apscheduler.executors.default: Running job "check_drawdown (trigger: interval[0:05:00], next run at: 2026-05-18 12:56:16 +07)" (scheduled at 2026-05-18 12:51:16.917660+07:00)
2026-05-18 12:51:16,938 [INFO] apscheduler.executors.default: Job "check_drawdown (trigger: interval[0:05:00], next run at: 2026-05-18 12:56:16 +07)" executed successfully
2026-05-18 12:56:16,927 [INFO] apscheduler.executors.default: Running job "check_drawdown (trigger: interval[0:05:00], next run at: 2026-05-18 13:01:16 +07)" (scheduled at 2026-05-18 12:56:16.917660+07:00)
2026-05-18 12:56:16,951 [INFO] apscheduler.executors.default: Job "check_drawdown (trigger: interval[0:05:00], next run at: 2026-05-18 13:01:16 +07)" executed successfully
2026-05-18 13:01:16,941 [INFO] apscheduler.executors.default: Running job "check_drawdown (trigger: interval[0:05:00], next run at: 2026-05-18 13:06:16 +07)" (scheduled at 2026-05-18 13:01:16.917660+07:00)
2026-05-18 13:01:16,941 [INFO] apscheduler.executors.default: Job "check_drawdown (trigger: interval[0:05:00], next run at: 2026-05-18 13:06:16 +07)" executed successfully
2026-05-18 13:06:16,928 [INFO] apscheduler.executors.default: Running job "check_drawdown (trigger: interval[0:05:00], next run at: 2026-05-18 13:11:16 +07)" (scheduled at 2026-05-18 13:06:16.917660+07:00)
2026-05-18 13:06:16,928 [INFO] apscheduler.executors.default: Job "check_drawdown (trigger: interval[0:05:00], next run at: 2026-05-18 13:11:16 +07)" executed successfully
2026-05-18 13:11:16,926 [INFO] apscheduler.executors.default: Running job "check_drawdown (trigger: interval[0:05:00], next run at: 2026-05-18 13:16:16 +07)" (scheduled at 2026-05-18 13:11:16.917660+07:00)
2026-05-18 13:11:16,926 [INFO] apscheduler.executors.default: Job "check_drawdown (trigger: interval[0:05:00], next run at: 2026-05-18 13:16:16 +07)" executed successfully
2026-05-18 13:16:16,935 [INFO] apscheduler.executors.default: Running job "check_drawdown (trigger: interval[0:05:00], next run at: 2026-05-18 13:21:16 +07)" (scheduled at 2026-05-18 13:16:16.917660+07:00)
2026-05-18 13:16:16,935 [INFO] apscheduler.executors.default: Job "check_drawdown (trigger: interval[0:05:00], next run at: 2026-05-18 13:21:16 +07)" executed successfully
2026-05-18 13:21:16,939 [INFO] apscheduler.executors.default: Running job "check_drawdown (trigger: interval[0:05:00], next run at: 2026-05-18 13:26:16 +07)" (scheduled at 2026-05-18 13:21:16.917660+07:00)
2026-05-18 13:21:16,939 [INFO] apscheduler.executors.default: Job "check_drawdown (trigger: interval[0:05:00], next run at: 2026-05-18 13:26:16 +07)" executed successfully
2026-05-18 13:26:16,928 [INFO] apscheduler.executors.default: Running job "check_drawdown (trigger: interval[0:05:00], next run at: 2026-05-18 13:31:16 +07)" (scheduled at 2026-05-18 13:26:16.917660+07:00)
2026-05-18 13:26:16,931 [INFO] apscheduler.executors.default: Job "check_drawdown (trigger: interval[0:05:00], next run at: 2026-05-18 13:31:16 +07)" executed successfully
2026-05-18 13:31:16,937 [INFO] apscheduler.executors.default: Running job "check_drawdown (trigger: interval[0:05:00], next run at: 2026-05-18 13:36:16 +07)" (scheduled at 2026-05-18 13:31:16.917660+07:00)
2026-05-18 13:31:16,937 [INFO] apscheduler.executors.default: Job "check_drawdown (trigger: interval[0:05:00], next run at: 2026-05-18 13:36:16 +07)" executed successfully
2026-05-18 13:36:16,936 [INFO] apscheduler.executors.default: Running job "check_drawdown (trigger: interval[0:05:00], next run at: 2026-05-18 13:41:16 +07)" (scheduled at 2026-05-18 13:36:16.917660+07:00)
2026-05-18 13:36:16,936 [INFO] apscheduler.executors.default: Job "check_drawdown (trigger: interval[0:05:00], next run at: 2026-05-18 13:41:16 +07)" executed successfully
2026-05-18 13:41:16,929 [INFO] apscheduler.executors.default: Running job "check_drawdown (trigger: interval[0:05:00], next run at: 2026-05-18 13:46:16 +07)" (scheduled at 2026-05-18 13:41:16.917660+07:00)
2026-05-18 13:41:16,929 [INFO] apscheduler.executors.default: Job "check_drawdown (trigger: interval[0:05:00], next run at: 2026-05-18 13:46:16 +07)" executed successfully
2026-05-18 13:46:16,921 [INFO] apscheduler.executors.default: Running job "check_drawdown (trigger: interval[0:05:00], next run at: 2026-05-18 13:51:16 +07)" (scheduled at 2026-05-18 13:46:16.917660+07:00)
2026-05-18 13:46:16,971 [INFO] apscheduler.executors.default: Job "check_drawdown (trigger: interval[0:05:00], next run at: 2026-05-18 13:51:16 +07)" executed successfully
2026-05-18 13:51:16,934 [INFO] apscheduler.executors.default: Running job "check_drawdown (trigger: interval[0:05:00], next run at: 2026-05-18 13:56:16 +07)" (scheduled at 2026-05-18 13:51:16.917660+07:00)
2026-05-18 13:51:16,940 [INFO] apscheduler.executors.default: Job "check_drawdown (trigger: interval[0:05:00], next run at: 2026-05-18 13:56:16 +07)" executed successfully
2026-05-18 13:56:16,932 [INFO] apscheduler.executors.default: Running job "check_drawdown (trigger: interval[0:05:00], next run at: 2026-05-18 14:01:16 +07)" (scheduled at 2026-05-18 13:56:16.917660+07:00)
2026-05-18 13:56:16,939 [INFO] apscheduler.executors.default: Job "check_drawdown (trigger: interval[0:05:00], next run at: 2026-05-18 14:01:16 +07)" executed successfully
2026-05-18 14:01:16,928 [INFO] apscheduler.executors.default: Running job "check_drawdown (trigger: interval[0:05:00], next run at: 2026-05-18 14:06:16 +07)" (scheduled at 2026-05-18 14:01:16.917660+07:00)
2026-05-18 14:01:16,928 [INFO] apscheduler.executors.default: Job "check_drawdown (trigger: interval[0:05:00], next run at: 2026-05-18 14:06:16 +07)" executed successfully
2026-05-18 14:06:16,922 [INFO] apscheduler.executors.default: Running job "check_drawdown (trigger: interval[0:05:00], next run at: 2026-05-18 14:11:16 +07)" (scheduled at 2026-05-18 14:06:16.917660+07:00)
2026-05-18 14:06:16,922 [INFO] apscheduler.executors.default: Job "check_drawdown (trigger: interval[0:05:00], next run at: 2026-05-18 14:11:16 +07)" executed successfully
2026-05-18 14:11:16,921 [INFO] apscheduler.executors.default: Running job "check_drawdown (trigger: interval[0:05:00], next run at: 2026-05-18 14:16:16 +07)" (scheduled at 2026-05-18 14:11:16.917660+07:00)
2026-05-18 14:11:16,921 [INFO] apscheduler.executors.default: Job "check_drawdown (trigger: interval[0:05:00], next run at: 2026-05-18 14:16:16 +07)" executed successfully
2026-05-18 14:16:16,935 [INFO] apscheduler.executors.default: Running job "check_drawdown (trigger: interval[0:05:00], next run at: 2026-05-18 14:21:16 +07)" (scheduled at 2026-05-18 14:16:16.917660+07:00)
2026-05-18 14:16:16,943 [INFO] apscheduler.executors.default: Job "check_drawdown (trigger: interval[0:05:00], next run at: 2026-05-18 14:21:16 +07)" executed successfully
2026-05-18 14:21:16,920 [INFO] apscheduler.executors.default: Running job "check_drawdown (trigger: interval[0:05:00], next run at: 2026-05-18 14:26:16 +07)" (scheduled at 2026-05-18 14:21:16.917660+07:00)
2026-05-18 14:21:16,920 [INFO] apscheduler.executors.default: Job "check_drawdown (trigger: interval[0:05:00], next run at: 2026-05-18 14:26:16 +07)" executed successfully
2026-05-18 14:26:16,933 [INFO] apscheduler.executors.default: Running job "check_drawdown (trigger: interval[0:05:00], next run at: 2026-05-18 14:31:16 +07)" (scheduled at 2026-05-18 14:26:16.917660+07:00)
2026-05-18 14:26:16,933 [INFO] apscheduler.executors.default: Job "check_drawdown (trigger: interval[0:05:00], next run at: 2026-05-18 14:31:16 +07)" executed successfully
2026-05-18 14:31:16,926 [INFO] apscheduler.executors.default: Running job "check_drawdown (trigger: interval[0:05:00], next run at: 2026-05-18 14:36:16 +07)" (scheduled at 2026-05-18 14:31:16.917660+07:00)
2026-05-18 14:31:16,926 [INFO] apscheduler.executors.default: Job "check_drawdown (trigger: interval[0:05:00], next run at: 2026-05-18 14:36:16 +07)" executed successfully
2026-05-18 14:36:16,927 [INFO] apscheduler.executors.default: Running job "check_drawdown (trigger: interval[0:05:00], next run at: 2026-05-18 14:41:16 +07)" (scheduled at 2026-05-18 14:36:16.917660+07:00)
2026-05-18 14:36:16,951 [INFO] apscheduler.executors.default: Job "check_drawdown (trigger: interval[0:05:00], next run at: 2026-05-18 14:41:16 +07)" executed successfully
2026-05-18 14:41:16,922 [INFO] apscheduler.executors.default: Running job "check_drawdown (trigger: interval[0:05:00], next run at: 2026-05-18 14:46:16 +07)" (scheduled at 2026-05-18 14:41:16.917660+07:00)
2026-05-18 14:41:16,929 [INFO] apscheduler.executors.default: Job "check_drawdown (trigger: interval[0:05:00], next run at: 2026-05-18 14:46:16 +07)" executed successfully
2026-05-18 14:46:16,926 [INFO] apscheduler.executors.default: Running job "check_drawdown (trigger: interval[0:05:00], next run at: 2026-05-18 14:51:16 +07)" (scheduled at 2026-05-18 14:46:16.917660+07:00)
2026-05-18 14:46:16,933 [INFO] apscheduler.executors.default: Job "check_drawdown (trigger: interval[0:05:00], next run at: 2026-05-18 14:51:16 +07)" executed successfully
2026-05-18 14:51:16,930 [INFO] apscheduler.executors.default: Running job "check_drawdown (trigger: interval[0:05:00], next run at: 2026-05-18 14:56:16 +07)" (scheduled at 2026-05-18 14:51:16.917660+07:00)
2026-05-18 14:51:16,937 [INFO] apscheduler.executors.default: Job "check_drawdown (trigger: interval[0:05:00], next run at: 2026-05-18 14:56:16 +07)" executed successfully
2026-05-18 14:56:16,924 [INFO] apscheduler.executors.default: Running job "check_drawdown (trigger: interval[0:05:00], next run at: 2026-05-18 15:01:16 +07)" (scheduled at 2026-05-18 14:56:16.917660+07:00)
2026-05-18 14:56:16,926 [INFO] apscheduler.executors.default: Job "check_drawdown (trigger: interval[0:05:00], next run at: 2026-05-18 15:01:16 +07)" executed successfully
2026-05-18 15:00:00,006 [INFO] apscheduler.executors.default: Running job "send_closing_report (trigger: cron[day_of_week='mon-fri', hour='15', minute='0'], next run at: 2026-05-19 15:00:00 +07)" (scheduled at 2026-05-18 15:00:00+07:00)
2026-05-18 15:00:00,006 [INFO] auto_alert: Closing report triggered
2026-05-18 15:00:01,154 [INFO] alerts: Discord sent: Closing Summary
2026-05-18 15:00:01,173 [WARNING] alerts: Telegram send failed: Unknown error in HTTP implementation: RuntimeError('Event loop is closed') — maybe bot not in chat? Send /start to your bot first, or add bot to group.
2026-05-18 15:00:01,173 [INFO] alerts: [15:00:00] [INFO] Closing Summary
📊 *Daily Closing Summary*
Equity: Rp 99,326,039
P&L: Rp +89,326,039 (+893.26%)

Jalankan `/report` untuk lihat sinyal terbaru.
2026-05-18 15:00:01,173 [INFO] apscheduler.executors.default: Job "send_closing_report (trigger: cron[day_of_week='mon-fri', hour='15', minute='0'], next run at: 2026-05-19 15:00:00 +07)" executed successfully
2026-05-18 15:01:16,925 [INFO] apscheduler.executors.default: Running job "check_drawdown (trigger: interval[0:05:00], next run at: 2026-05-18 15:06:16 +07)" (scheduled at 2026-05-18 15:01:16.917660+07:00)
2026-05-18 15:01:16,927 [INFO] apscheduler.executors.default: Job "check_drawdown (trigger: interval[0:05:00], next run at: 2026-05-18 15:06:16 +07)" executed successfully
2026-05-18 15:06:16,932 [INFO] apscheduler.executors.default: Running job "check_drawdown (trigger: interval[0:05:00], next run at: 2026-05-18 15:11:16 +07)" (scheduled at 2026-05-18 15:06:16.917660+07:00)
2026-05-18 15:06:16,934 [INFO] apscheduler.executors.default: Job "check_drawdown (trigger: interval[0:05:00], next run at: 2026-05-18 15:11:16 +07)" executed successfully
2026-05-18 15:11:16,921 [INFO] apscheduler.executors.default: Running job "check_drawdown (trigger: interval[0:05:00], next run at: 2026-05-18 15:16:16 +07)" (scheduled at 2026-05-18 15:11:16.917660+07:00)
2026-05-18 15:11:16,921 [INFO] apscheduler.executors.default: Job "check_drawdown (trigger: interval[0:05:00], next run at: 2026-05-18 15:16:16 +07)" executed successfully
2026-05-18 15:16:16,929 [INFO] apscheduler.executors.default: Running job "check_drawdown (trigger: interval[0:05:00], next run at: 2026-05-18 15:21:16 +07)" (scheduled at 2026-05-18 15:16:16.917660+07:00)
2026-05-18 15:16:16,954 [INFO] apscheduler.executors.default: Job "check_drawdown (trigger: interval[0:05:00], next run at: 2026-05-18 15:21:16 +07)" executed successfully
2026-05-18 15:21:16,919 [INFO] apscheduler.executors.default: Running job "check_drawdown (trigger: interval[0:05:00], next run at: 2026-05-18 15:26:16 +07)" (scheduled at 2026-05-18 15:21:16.917660+07:00)
2026-05-18 15:21:16,919 [INFO] apscheduler.executors.default: Job "check_drawdown (trigger: interval[0:05:00], next run at: 2026-05-18 15:26:16 +07)" executed successfully
2026-05-18 15:26:16,920 [INFO] apscheduler.executors.default: Running job "check_drawdown (trigger: interval[0:05:00], next run at: 2026-05-18 15:31:16 +07)" (scheduled at 2026-05-18 15:26:16.917660+07:00)
2026-05-18 15:26:16,926 [INFO] apscheduler.executors.default: Job "check_drawdown (trigger: interval[0:05:00], next run at: 2026-05-18 15:31:16 +07)" executed successfully
2026-05-18 15:31:16,932 [INFO] apscheduler.executors.default: Running job "check_drawdown (trigger: interval[0:05:00], next run at: 2026-05-18 15:36:16 +07)" (scheduled at 2026-05-18 15:31:16.917660+07:00)
2026-05-18 15:31:16,938 [INFO] apscheduler.executors.default: Job "check_drawdown (trigger: interval[0:05:00], next run at: 2026-05-18 15:36:16 +07)" executed successfully
2026-05-18 15:36:16,924 [INFO] apscheduler.executors.default: Running job "check_drawdown (trigger: interval[0:05:00], next run at: 2026-05-18 15:41:16 +07)" (scheduled at 2026-05-18 15:36:16.917660+07:00)
2026-05-18 15:36:16,931 [INFO] apscheduler.executors.default: Job "check_drawdown (trigger: interval[0:05:00], next run at: 2026-05-18 15:41:16 +07)" executed successfully
2026-05-18 15:41:16,920 [INFO] apscheduler.executors.default: Running job "check_drawdown (trigger: interval[0:05:00], next run at: 2026-05-18 15:46:16 +07)" (scheduled at 2026-05-18 15:41:16.917660+07:00)
2026-05-18 15:41:16,920 [INFO] apscheduler.executors.default: Job "check_drawdown (trigger: interval[0:05:00], next run at: 2026-05-18 15:46:16 +07)" executed successfully
2026-05-18 15:46:16,932 [INFO] apscheduler.executors.default: Running job "check_drawdown (trigger: interval[0:05:00], next run at: 2026-05-18 15:51:16 +07)" (scheduled at 2026-05-18 15:46:16.917660+07:00)
2026-05-18 15:46:16,932 [INFO] apscheduler.executors.default: Job "check_drawdown (trigger: interval[0:05:00], next run at: 2026-05-18 15:51:16 +07)" executed successfully
2026-05-18 15:51:16,920 [INFO] apscheduler.executors.default: Running job "check_drawdown (trigger: interval[0:05:00], next run at: 2026-05-18 15:56:16 +07)" (scheduled at 2026-05-18 15:51:16.917660+07:00)
2026-05-18 15:51:16,932 [INFO] apscheduler.executors.default: Job "check_drawdown (trigger: interval[0:05:00], next run at: 2026-05-18 15:56:16 +07)" executed successfully
2026-05-18 15:56:16,932 [INFO] apscheduler.executors.default: Running job "check_drawdown (trigger: interval[0:05:00], next run at: 2026-05-18 16:01:16 +07)" (scheduled at 2026-05-18 15:56:16.917660+07:00)
2026-05-18 15:56:16,942 [INFO] apscheduler.executors.default: Job "check_drawdown (trigger: interval[0:05:00], next run at: 2026-05-18 16:01:16 +07)" executed successfully
2026-05-18 16:01:16,928 [INFO] apscheduler.executors.default: Running job "check_drawdown (trigger: interval[0:05:00], next run at: 2026-05-18 16:06:16 +07)" (scheduled at 2026-05-18 16:01:16.917660+07:00)
2026-05-18 16:01:16,938 [INFO] apscheduler.executors.default: Job "check_drawdown (trigger: interval[0:05:00], next run at: 2026-05-18 16:06:16 +07)" executed successfully
2026-05-18 16:06:16,923 [INFO] apscheduler.executors.default: Running job "check_drawdown (trigger: interval[0:05:00], next run at: 2026-05-18 16:11:16 +07)" (scheduled at 2026-05-18 16:06:16.917660+07:00)
2026-05-18 16:06:16,933 [INFO] apscheduler.executors.default: Job "check_drawdown (trigger: interval[0:05:00], next run at: 2026-05-18 16:11:16 +07)" executed successfully
2026-05-18 16:11:16,922 [INFO] apscheduler.executors.default: Running job "check_drawdown (trigger: interval[0:05:00], next run at: 2026-05-18 16:16:16 +07)" (scheduled at 2026-05-18 16:11:16.917660+07:00)
2026-05-18 16:11:16,933 [INFO] apscheduler.executors.default: Job "check_drawdown (trigger: interval[0:05:00], next run at: 2026-05-18 16:16:16 +07)" executed successfully
2026-05-18 16:16:16,927 [INFO] apscheduler.executors.default: Running job "check_drawdown (trigger: interval[0:05:00], next run at: 2026-05-18 16:21:16 +07)" (scheduled at 2026-05-18 16:16:16.917660+07:00)
2026-05-18 16:16:16,937 [INFO] apscheduler.executors.default: Job "check_drawdown (trigger: interval[0:05:00], next run at: 2026-05-18 16:21:16 +07)" executed successfully
2026-05-18 16:21:16,926 [INFO] apscheduler.executors.default: Running job "check_drawdown (trigger: interval[0:05:00], next run at: 2026-05-18 16:26:16 +07)" (scheduled at 2026-05-18 16:21:16.917660+07:00)
2026-05-18 16:21:16,935 [INFO] apscheduler.executors.default: Job "check_drawdown (trigger: interval[0:05:00], next run at: 2026-05-18 16:26:16 +07)" executed successfully
2026-05-18 16:25:02,129 [INFO] apscheduler.scheduler: Scheduler has been shut down
2026-05-18 16:25:02,130 [INFO] auto_alert: Auto-alert scheduler stopped.
