2026-05-17 21:50:38,113 [INFO] alerts: Telegram bot connected
2026-05-17 21:50:38,113 [INFO] auto_alert: AlertManager initialized. Discord: YES, Telegram: YES
2026-05-17 21:50:38,116 [INFO] apscheduler.scheduler: Adding job tentatively -- it will be properly scheduled when the scheduler starts
2026-05-17 21:50:38,117 [INFO] apscheduler.scheduler: Adding job tentatively -- it will be properly scheduled when the scheduler starts
2026-05-17 21:50:38,117 [INFO] apscheduler.scheduler: Adding job tentatively -- it will be properly scheduled when the scheduler starts
2026-05-17 21:50:38,118 [INFO] apscheduler.scheduler: Added job "check_drawdown" to job store "default"
2026-05-17 21:50:38,119 [INFO] apscheduler.scheduler: Added job "send_morning_report" to job store "default"
2026-05-17 21:50:38,119 [INFO] apscheduler.scheduler: Added job "send_closing_report" to job store "default"
2026-05-17 21:50:38,119 [INFO] apscheduler.scheduler: Scheduler started
2026-05-17 21:50:38,119 [INFO] auto_alert: Auto-alert scheduler started. Jobs: drawdown (5min), morning (09:00), closing (15:00)
2026-05-17 21:55:38,132 [INFO] apscheduler.executors.default: Running job "check_drawdown (trigger: interval[0:05:00], next run at: 2026-05-17 21:55:38 +07)" (scheduled at 2026-05-17 21:55:38.116899+07:00)
2026-05-17 21:55:38,141 [INFO] apscheduler.executors.default: Job "check_drawdown (trigger: interval[0:05:00], next run at: 2026-05-17 22:00:38 +07)" executed successfully
2026-05-17 22:00:38,130 [INFO] apscheduler.executors.default: Running job "check_drawdown (trigger: interval[0:05:00], next run at: 2026-05-17 22:05:38 +07)" (scheduled at 2026-05-17 22:00:38.116899+07:00)
2026-05-17 22:00:38,135 [INFO] apscheduler.executors.default: Job "check_drawdown (trigger: interval[0:05:00], next run at: 2026-05-17 22:05:38 +07)" executed successfully
2026-05-17 22:05:38,118 [INFO] apscheduler.executors.default: Running job "check_drawdown (trigger: interval[0:05:00], next run at: 2026-05-17 22:10:38 +07)" (scheduled at 2026-05-17 22:05:38.116899+07:00)
2026-05-17 22:05:38,123 [INFO] apscheduler.executors.default: Job "check_drawdown (trigger: interval[0:05:00], next run at: 2026-05-17 22:10:38 +07)" executed successfully
2026-05-17 22:10:38,117 [INFO] apscheduler.executors.default: Running job "check_drawdown (trigger: interval[0:05:00], next run at: 2026-05-17 22:15:38 +07)" (scheduled at 2026-05-17 22:10:38.116899+07:00)
2026-05-17 22:10:38,122 [INFO] apscheduler.executors.default: Job "check_drawdown (trigger: interval[0:05:00], next run at: 2026-05-17 22:15:38 +07)" executed successfully
2026-05-17 22:15:38,119 [INFO] apscheduler.executors.default: Running job "check_drawdown (trigger: interval[0:05:00], next run at: 2026-05-17 22:20:38 +07)" (scheduled at 2026-05-17 22:15:38.116899+07:00)
2026-05-17 22:15:38,124 [INFO] apscheduler.executors.default: Job "check_drawdown (trigger: interval[0:05:00], next run at: 2026-05-17 22:20:38 +07)" executed successfully
2026-05-17 22:20:38,127 [INFO] apscheduler.executors.default: Running job "check_drawdown (trigger: interval[0:05:00], next run at: 2026-05-17 22:25:38 +07)" (scheduled at 2026-05-17 22:20:38.116899+07:00)
2026-05-17 22:20:38,133 [INFO] apscheduler.executors.default: Job "check_drawdown (trigger: interval[0:05:00], next run at: 2026-05-17 22:25:38 +07)" executed successfully
2026-05-17 22:25:38,127 [INFO] apscheduler.executors.default: Running job "check_drawdown (trigger: interval[0:05:00], next run at: 2026-05-17 22:30:38 +07)" (scheduled at 2026-05-17 22:25:38.116899+07:00)
2026-05-17 22:25:38,132 [INFO] apscheduler.executors.default: Job "check_drawdown (trigger: interval[0:05:00], next run at: 2026-05-17 22:30:38 +07)" executed successfully
2026-05-17 22:30:38,132 [INFO] apscheduler.executors.default: Running job "check_drawdown (trigger: interval[0:05:00], next run at: 2026-05-17 22:35:38 +07)" (scheduled at 2026-05-17 22:30:38.116899+07:00)
2026-05-17 22:30:38,142 [INFO] apscheduler.executors.default: Job "check_drawdown (trigger: interval[0:05:00], next run at: 2026-05-17 22:35:38 +07)" executed successfully
2026-05-17 22:35:38,120 [INFO] apscheduler.executors.default: Running job "check_drawdown (trigger: interval[0:05:00], next run at: 2026-05-17 22:40:38 +07)" (scheduled at 2026-05-17 22:35:38.116899+07:00)
2026-05-17 22:35:38,127 [INFO] apscheduler.executors.default: Job "check_drawdown (trigger: interval[0:05:00], next run at: 2026-05-17 22:40:38 +07)" executed successfully
