2026-05-26 06:36:02 [INFO] screener: Memindai Arus Uang (Rotasi Sektor)...
2026-05-26 06:36:13 [INFO] screener: Rotasi sektor selesai (11 sektor dipindai)
2026-05-26 06:36:13 [INFO] screener: Mengunduh Cuaca Makro Global & Komoditas...
2026-05-26 06:36:13 [INFO] screener: Macro update — IHSG=+1.10% | USD=+0.26% | Trend=DOWN | Penalty=0.0
2026-05-26 06:36:19 [INFO] screener: [ENSEMBLE] Loaded v5.0 (threshold=0.671)
2026-05-26 06:36:19 [INFO] screener: [ENSEMBLE] Loaded v5.0 (threshold=0.671)
2026-05-26 06:36:19 [INFO] screener: [ENSEMBLE] Loaded v5.0 (threshold=0.671)
2026-05-26 06:36:19 [INFO] screener: [ENSEMBLE] Loaded v5.0 (threshold=0.671)
2026-05-26 06:36:19 [INFO] screener: [ENSEMBLE] Loaded v5.0 (threshold=0.671)
2026-05-26 06:36:19 [INFO] screener: [ENSEMBLE] Loaded v5.0 (threshold=0.671)
2026-05-26 06:36:19 [INFO] screener: [ENSEMBLE] Loaded v5.0 (threshold=0.671)
2026-05-26 06:36:19 [INFO] screener: [ENSEMBLE] Loaded v5.0 (threshold=0.671)
2026-05-26 06:36:19 [INFO] screener: [ENSEMBLE] Loaded v5.0 (threshold=0.671)
2026-05-26 06:36:19 [INFO] screener: [ENSEMBLE] Loaded v5.0 (threshold=0.671)
2026-05-26 06:36:19 [INFO] screener: [ENSEMBLE] Loaded v5.0 (threshold=0.671)
2026-05-26 06:36:19 [INFO] screener: [ENSEMBLE] Loaded v5.0 (threshold=0.671)
2026-05-26 06:36:19 [INFO] screener: [ENSEMBLE] Loaded v5.0 (threshold=0.671)
2026-05-26 06:36:19 [INFO] screener: [ENSEMBLE] Loaded v5.0 (threshold=0.671)
2026-05-26 06:36:22 [INFO] screener: [AI] CFIN.JK — Win Rate: 66.5%  Verdict: ULTRA BUY
2026-05-26 06:36:23 [INFO] screener: [AI] BMRI.JK — Win Rate: 7.2%  Verdict: WEAK
2026-05-26 06:36:23 [INFO] screener: [AI] BTPS.JK — Win Rate: 26.2%  Verdict: WEAK
2026-05-26 06:36:23 [INFO] screener: [AI] BBCA.JK — Win Rate: 9.2%  Verdict: WEAK
2026-05-26 06:36:23 [INFO] screener: [AI] BNGA.JK — Win Rate: 49.8%  Verdict: WEAK
2026-05-26 06:36:23 [INFO] screener: [AI] BBRI.JK — Win Rate: 8.4%  Verdict: WEAK
2026-05-26 06:36:23 [INFO] screener: [AI] BBYB.JK — Win Rate: 18.6%  Verdict: WEAK
2026-05-26 06:36:23 [INFO] screener: [AI] BDMN.JK — Win Rate: 55.7%  Verdict: BUY
2026-05-26 06:36:23 [INFO] screener: [AI] BBNI.JK — Win Rate: 9.3%  Verdict: WEAK
2026-05-26 06:36:23 [INFO] screener: [AI] BVIC.JK — Win Rate: 16.6%  Verdict: WEAK
2026-05-26 06:36:23 [INFO] screener: [AI] NISP.JK — Win Rate: 18.7%  Verdict: WEAK
2026-05-26 06:36:23 [INFO] screener: [AI] BRIS.JK — Win Rate: 11.1%  Verdict: WEAK
2026-05-26 06:36:23 [INFO] screener: [AI] ARTO.JK — Win Rate: 28.7%  Verdict: WEAK
2026-05-26 06:36:24 [INFO] screener: [AI] BBTN.JK — Win Rate: 7.3%  Verdict: WEAK
2026-05-26 06:36:25 [WARNING] screener: [FUNDAMENTAL] MLPL.JK: PE tidak tersedia — pakai default 15
2026-05-26 06:36:28 [INFO] screener: [AI] BSIM.JK — Win Rate: 56.0%  Verdict: BUY
2026-05-26 06:36:29 [INFO] screener: [AI] BHIT.JK — Win Rate: 12.8%  Verdict: WEAK
2026-05-26 06:36:29 [INFO] screener: [AI] SRTG.JK — Win Rate: 27.6%  Verdict: WEAK
2026-05-26 06:36:30 [WARNING] screener: [FUNDAMENTAL] MPPA.JK: PE tidak tersedia — pakai default 15
2026-05-26 06:36:30 [INFO] screener: [AI] BJTM.JK — Win Rate: 8.3%  Verdict: WEAK
2026-05-26 06:36:30 [INFO] screener: [AI] PNBN.JK — Win Rate: 33.6%  Verdict: WEAK
2026-05-26 06:36:30 [INFO] screener: [AI] MLPL.JK — Win Rate: 28.4%  Verdict: WEAK
2026-05-26 06:36:30 [INFO] screener: [AI] SMMA.JK — Win Rate: 22.5%  Verdict: WEAK
2026-05-26 06:36:30 [INFO] screener: [AI] ASII.JK — Win Rate: 12.1%  Verdict: WEAK
2026-05-26 06:36:30 [INFO] screener: [AI] BJBR.JK — Win Rate: 34.1%  Verdict: WEAK
2026-05-26 06:36:30 [INFO] screener: [AI] LPKR.JK — Win Rate: 42.0%  Verdict: WEAK
2026-05-26 06:36:30 [INFO] screener: [AI] BMTR.JK — Win Rate: 23.5%  Verdict: WEAK
2026-05-26 06:36:30 [INFO] screener: [AI] UNTR.JK — Win Rate: 81.0%  Verdict: ULTRA BUY
2026-05-26 06:36:31 [WARNING] screener: [FUNDAMENTAL] GOTO.JK: PE tidak tersedia — pakai default 15
2026-05-26 06:36:31 [WARNING] screener: [FUNDAMENTAL] BELI.JK: PE tidak tersedia — pakai default 15
2026-05-26 06:36:32 [WARNING] screener: [FUNDAMENTAL] EXCL.JK: PE tidak tersedia — pakai default 15
2026-05-26 06:36:32 [INFO] screener: [AI] BNLI.JK — Win Rate: 45.2%  Verdict: WEAK
2026-05-26 06:36:33 [INFO] screener: [AI] VIVA.JK — Win Rate: 25.2%  Verdict: WEAK
2026-05-26 06:36:33 [INFO] screener: [AI] MPPA.JK — Win Rate: 13.2%  Verdict: WEAK
2026-05-26 06:36:33 [INFO] screener: [AI] SCMA.JK — Win Rate: 17.3%  Verdict: WEAK
2026-05-26 06:36:34 [WARNING] screener: [FUNDAMENTAL] KREN.JK: PE tidak tersedia — pakai default 15
2026-05-26 06:36:34 [WARNING] screener: [FUNDAMENTAL] AXIO.JK: PE tidak tersedia — pakai default 15
2026-05-26 06:36:35 [INFO] screener: [AI] EXCL.JK — Win Rate: 51.4%  Verdict: BUY
2026-05-26 06:36:36 [INFO] screener: [AI] GOTO.JK — Win Rate: 17.4%  Verdict: WEAK
2026-05-26 06:36:36 [INFO] screener: [AI] EMTK.JK — Win Rate: 72.5%  Verdict: ULTRA BUY
2026-05-26 06:36:37 [INFO] screener: [AI] MLPT.JK — Win Rate: 10.6%  Verdict: WEAK
2026-05-26 06:36:38 [INFO] screener: [AI] ISAT.JK — Win Rate: 33.0%  Verdict: WEAK
2026-05-26 06:36:38 [INFO] screener: [AI] BUKA.JK — Win Rate: 20.5%  Verdict: WEAK
2026-05-26 06:36:38 [INFO] screener: [AI] WIFI.JK — Win Rate: 54.6%  Verdict: BUY
2026-05-26 06:36:40 [INFO] screener: [AI] TLKM.JK — Win Rate: 26.8%  Verdict: WEAK
2026-05-26 06:36:40 [INFO] screener: [AI] BELI.JK — Win Rate: 41.8%  Verdict: WEAK
2026-05-26 06:36:40 [INFO] screener: [AI] MTDL.JK — Win Rate: 10.5%  Verdict: WEAK
2026-05-26 06:36:41 [INFO] screener: [AI] KREN.JK — Win Rate: 28.4%  Verdict: WEAK
2026-05-26 06:36:41 [INFO] screener: [AI] AXIO.JK — Win Rate: 51.5%  Verdict: BUY
2026-05-26 06:36:42 [INFO] screener: [AI] GLVA.JK — Win Rate: 16.5%  Verdict: WEAK
2026-05-26 06:36:42 [INFO] screener: [AI] DMMX.JK — Win Rate: 12.4%  Verdict: WEAK
2026-05-26 06:36:44 [INFO] screener: [AI] PTBA.JK — Win Rate: 34.9%  Verdict: WEAK
2026-05-26 06:36:46 [WARNING] screener: [FUNDAMENTAL] INDY.JK: PE tidak tersedia — pakai default 15
2026-05-26 06:36:47 [INFO] screener: [AI] DEWA.JK — Win Rate: 36.8%  Verdict: WEAK
2026-05-26 06:36:47 [INFO] screener: [AI] AKRA.JK — Win Rate: 23.3%  Verdict: WEAK
2026-05-26 06:36:47 [INFO] screener: [AI] TINS.JK — Win Rate: 10.8%  Verdict: WEAK
2026-05-26 06:36:48 [WARNING] screener: [FUNDAMENTAL] DOID.JK: PE tidak tersedia — pakai default 15
2026-05-26 06:36:48 [WARNING] screener: [FUNDAMENTAL] TOBA.JK: PE tidak tersedia — pakai default 15
2026-05-26 06:36:48 [WARNING] screener: [FUNDAMENTAL] PTPP.JK: PE tidak tersedia — pakai default 15
2026-05-26 06:36:49 [WARNING] screener: [FUNDAMENTAL] ADHI.JK: PE tidak tersedia — pakai default 15
2026-05-26 06:36:49 [WARNING] screener: [FUNDAMENTAL] PPRE.JK: PE tidak tersedia — pakai default 15
2026-05-26 06:36:49 [WARNING] screener: [FUNDAMENTAL] WEGE.JK: PE tidak tersedia — pakai default 15
2026-05-26 06:36:49 [INFO] screener: [AI] ANTM.JK — Win Rate: 88.2%  Verdict: ULTRA BUY
2026-05-26 06:36:51 [INFO] screener: [AI] NCKL.JK — Win Rate: 39.5%  Verdict: WEAK
2026-05-26 06:36:51 [INFO] screener: [AI] RMKE.JK — Win Rate: 9.1%  Verdict: WEAK
2026-05-26 06:36:51 [WARNING] screener: [FUNDAMENTAL] ACST.JK: PE tidak tersedia — pakai default 15
2026-05-26 06:36:52 [INFO] screener: [AI] JSMR.JK — Win Rate: 13.3%  Verdict: WEAK
2026-05-26 06:36:52 [INFO] screener: [AI] PTPP.JK — Win Rate: 56.4%  Verdict: BUY
2026-05-26 06:36:53 [WARNING] screener: [FUNDAMENTAL] LEAD.JK: PE tidak tersedia — pakai default 15
2026-05-26 06:36:53 [INFO] screener: [AI] PPRE.JK — Win Rate: 12.3%  Verdict: WEAK
2026-05-26 06:36:54 [INFO] screener: [AI] ADHI.JK — Win Rate: 31.6%  Verdict: WEAK
2026-05-26 06:36:54 [INFO] screener: [AI] WEGE.JK — Win Rate: 22.4%  Verdict: WEAK
2026-05-26 06:36:54 [INFO] screener: [AI] TOTL.JK — Win Rate: 77.2%  Verdict: ULTRA BUY
2026-05-26 06:36:56 [INFO] screener: [AI] ACST.JK — Win Rate: 22.7%  Verdict: WEAK
2026-05-26 06:36:56 [INFO] screener: [AI] JKON.JK — Win Rate: 10.2%  Verdict: WEAK
2026-05-26 06:36:56 [INFO] screener: [AI] CMNP.JK — Win Rate: 26.9%  Verdict: WEAK
2026-05-26 06:36:57 [WARNING] screener: [FUNDAMENTAL] KAEF.JK: PE tidak tersedia — pakai default 15
2026-05-26 06:36:57 [INFO] screener: [AI] UNVR.JK — Win Rate: 7.4%  Verdict: WEAK
2026-05-26 06:36:57 [INFO] screener: [AI] BIRD.JK — Win Rate: 11.8%  Verdict: WEAK
2026-05-26 06:36:58 [INFO] screener: [AI] GOOD.JK — Win Rate: 16.3%  Verdict: WEAK
2026-05-26 06:36:58 [INFO] screener: [AI] INDF.JK — Win Rate: 15.1%  Verdict: WEAK
2026-05-26 06:36:58 [INFO] screener: [AI] ICBP.JK — Win Rate: 16.9%  Verdict: WEAK
2026-05-26 06:36:58 [INFO] screener: [AI] MYOR.JK — Win Rate: 11.1%  Verdict: WEAK
2026-05-26 06:36:58 [INFO] screener: [AI] ROTI.JK — Win Rate: 50.1%  Verdict: BUY
2026-05-26 06:36:59 [INFO] screener: [AI] CLEO.JK — Win Rate: 50.2%  Verdict: BUY
2026-05-26 06:37:01 [INFO] screener: [AI] STTP.JK — Win Rate: 45.0%  Verdict: WEAK
2026-05-26 06:37:01 [INFO] screener: [AI] KAEF.JK — Win Rate: 9.2%  Verdict: WEAK
2026-05-26 06:37:01 [INFO] screener: [AI] SIDO.JK — Win Rate: 50.4%  Verdict: BUY
2026-05-26 06:37:01 [INFO] screener: [AI] ADES.JK — Win Rate: 23.1%  Verdict: WEAK
2026-05-26 06:37:01 [INFO] screener: [AI] PEHA.JK — Win Rate: 14.4%  Verdict: WEAK
2026-05-26 06:37:02 [INFO] screener: [AI] CAMP.JK — Win Rate: 25.4%  Verdict: WEAK
2026-05-26 06:37:03 [WARNING] screener: [FUNDAMENTAL] HOKI.JK: PE tidak tersedia — pakai default 15
2026-05-26 06:37:05 [WARNING] screener: [FUNDAMENTAL] MPPA.JK: PE tidak tersedia — pakai default 15
2026-05-26 06:37:06 [INFO] screener: [AI] ACES.JK — Win Rate: 38.8%  Verdict: WEAK
2026-05-26 06:37:06 [INFO] screener: [AI] CPIN.JK — Win Rate: 11.1%  Verdict: WEAK
2026-05-26 06:37:07 [INFO] screener: [AI] ENZO.JK — Win Rate: 17.2%  Verdict: WEAK
2026-05-26 06:37:07 [INFO] screener: [AI] BSDE.JK — Win Rate: 18.1%  Verdict: WEAK
2026-05-26 06:37:07 [INFO] screener: [AI] RALS.JK — Win Rate: 58.1%  Verdict: BUY
2026-05-26 06:37:07 [INFO] screener: [AI] MPPA.JK — Win Rate: 13.2%  Verdict: WEAK
2026-05-26 06:37:08 [INFO] screener: [AI] MIDI.JK — Win Rate: 37.9%  Verdict: WEAK
2026-05-26 06:37:08 [INFO] screener: [AI] JPFA.JK — Win Rate: 11.3%  Verdict: WEAK
2026-05-26 06:37:08 [INFO] screener: [AI] MAPA.JK — Win Rate: 11.7%  Verdict: WEAK
2026-05-26 06:37:08 [INFO] screener: [AI] LPPF.JK — Win Rate: 34.3%  Verdict: WEAK
2026-05-26 06:37:08 [INFO] screener: [AI] HOKI.JK — Win Rate: 18.4%  Verdict: WEAK
2026-05-26 06:37:09 [INFO] screener: [AI] MAPI.JK — Win Rate: 22.1%  Verdict: WEAK
2026-05-26 06:37:09 [INFO] screener: [AI] AMRT.JK — Win Rate: 43.2%  Verdict: WEAK
2026-05-26 06:37:09 [INFO] screener: [AI] ERAA.JK — Win Rate: 16.2%  Verdict: WEAK
2026-05-26 06:37:10 [WARNING] screener: [FUNDAMENTAL] PPRO.JK: PE tidak tersedia — pakai default 15
2026-05-26 06:37:11 [INFO] screener: [AI] CTRA.JK — Win Rate: 34.5%  Verdict: WEAK
2026-05-26 06:37:12 [INFO] screener: [AI] ASRI.JK — Win Rate: 25.9%  Verdict: WEAK
2026-05-26 06:37:12 [INFO] screener: [AI] PPRO.JK — Win Rate: 8.7%  Verdict: WEAK
2026-05-26 06:37:12 [INFO] screener: [AI] DUTI.JK — Win Rate: 15.9%  Verdict: WEAK
2026-05-26 06:37:13 [INFO] screener: [AI] PWON.JK — Win Rate: 52.0%  Verdict: BUY
2026-05-26 06:37:14 [INFO] screener: [AI] DMAS.JK — Win Rate: 42.6%  Verdict: WEAK
2026-05-26 06:37:14 [INFO] screener: [AI] BKSL.JK — Win Rate: 10.2%  Verdict: WEAK
2026-05-26 06:37:15 [INFO] screener: [AI] SMRA.JK — Win Rate: 31.8%  Verdict: WEAK
2026-05-26 06:37:15 [INFO] screener: [AI] KIJA.JK — Win Rate: 6.9%  Verdict: WEAK
2026-05-26 06:37:15 [INFO] screener: [AI] LPCK.JK — Win Rate: 60.9%  Verdict: ULTRA BUY
2026-05-26 06:37:15 [INFO] screener: [AI] DILD.JK — Win Rate: 15.6%  Verdict: WEAK
2026-05-26 06:37:16 [INFO] screener: [AI] GWSA.JK — Win Rate: 37.3%  Verdict: WEAK
2026-05-26 06:37:16 [INFO] screener: [AI] SSIA.JK — Win Rate: 48.8%  Verdict: WEAK
2026-05-26 06:37:16 [INFO] screener: [AI] MKPI.JK — Win Rate: 13.8%  Verdict: WEAK
2026-05-26 06:37:17 [INFO] screener: [AI] KLBF.JK — Win Rate: 70.9%  Verdict: ULTRA BUY
2026-05-26 06:37:18 [INFO] screener: [AI] MIKA.JK — Win Rate: 83.4%  Verdict: ULTRA BUY
2026-05-26 06:37:19 [INFO] screener: [AI] HEAL.JK — Win Rate: 78.2%  Verdict: ULTRA BUY
2026-05-26 06:37:21 [WARNING] screener: [FUNDAMENTAL] BAJA.JK: PE tidak tersedia — pakai default 15
2026-05-26 06:37:21 [INFO] screener: [AI] PRDA.JK — Win Rate: 37.7%  Verdict: WEAK
2026-05-26 06:37:21 [INFO] screener: [AI] SILO.JK — Win Rate: 32.3%  Verdict: WEAK
2026-05-26 06:37:21 [INFO] screener: [AI] SMGR.JK — Win Rate: 61.8%  Verdict: ULTRA BUY
2026-05-26 06:37:22 [INFO] screener: [AI] SAME.JK — Win Rate: 60.8%  Verdict: ULTRA BUY
2026-05-26 06:37:23 [INFO] screener: [AI] DGNS.JK — Win Rate: 13.3%  Verdict: WEAK
2026-05-26 06:37:25 [INFO] screener: [AI] INTP.JK — Win Rate: 50.9%  Verdict: BUY
2026-05-26 06:37:25 [INFO] screener: [AI] BMHS.JK — Win Rate: 31.8%  Verdict: WEAK
2026-05-26 06:37:25 [INFO] screener: [AI] IRRA.JK — Win Rate: 17.2%  Verdict: WEAK
2026-05-26 06:37:25 [INFO] screener: [AI] TSPC.JK — Win Rate: 37.0%  Verdict: WEAK
2026-05-26 06:37:26 [INFO] screener: [AI] ISSP.JK — Win Rate: 8.4%  Verdict: WEAK
2026-05-26 06:37:26 [INFO] screener: [AI] SMBR.JK — Win Rate: 27.6%  Verdict: WEAK
2026-05-26 06:37:26 [INFO] screener: [AI] BAJA.JK — Win Rate: 40.6%  Verdict: WEAK
2026-05-26 06:37:27 [INFO] screener: [AI] BRNA.JK — Win Rate: 12.0%  Verdict: WEAK
2026-05-26 06:37:27 [INFO] screener: [AI] ALKA.JK — Win Rate: 23.4%  Verdict: WEAK
2026-05-26 06:37:27 [INFO] screener: [AI] TOTO.JK — Win Rate: 12.5%  Verdict: WEAK
2026-05-26 06:37:28 [INFO] screener: [AI] ASSA.JK — Win Rate: 80.7%  Verdict: ULTRA BUY
2026-05-26 06:37:29 [INFO] screener: [AI] BIRD.JK — Win Rate: 11.8%  Verdict: WEAK
2026-05-26 06:37:29 [WARNING] screener: [FUNDAMENTAL] GIAA.JK: PE tidak tersedia — pakai default 15
2026-05-26 06:37:29 [WARNING] screener: [FUNDAMENTAL] GIAA.JK: Book Value tidak tersedia — pakai default 1.5
2026-05-26 06:37:31 [INFO] screener: [AI] BWPT.JK — Win Rate: 24.0%  Verdict: WEAK
2026-05-26 06:37:31 [INFO] screener: [AI] TAPG.JK — Win Rate: 29.1%  Verdict: WEAK
2026-05-26 06:37:32 [INFO] screener: [AI] SIMP.JK — Win Rate: 53.4%  Verdict: BUY
2026-05-26 06:37:33 [INFO] screener: [AI] PANI.JK — Win Rate: 25.8%  Verdict: WEAK
2026-05-26 06:37:33 [WARNING] screener: [FUNDAMENTAL] PMUI.JK: PE tidak tersedia — pakai default 15
2026-05-26 06:37:34 [INFO] screener: [AI] TBLA.JK — Win Rate: 33.9%  Verdict: WEAK
2026-05-26 06:37:34 [INFO] screener: [AI] HAIS.JK — Win Rate: 19.9%  Verdict: WEAK
2026-05-26 06:37:34 [INFO] screener: [AI] NELY.JK — Win Rate: 26.6%  Verdict: WEAK
2026-05-26 06:37:34 [INFO] screener: [AI] DSNG.JK — Win Rate: 60.3%  Verdict: ULTRA BUY
2026-05-26 06:37:35 [INFO] screener: [AI] AALI.JK — Win Rate: 89.7%  Verdict: ULTRA BUY
2026-05-26 06:37:36 [INFO] screener: [AI] TMAS.JK — Win Rate: 41.0%  Verdict: WEAK
2026-05-26 06:37:36 [WARNING] screener: [FUNDAMENTAL] AREA.JK: PE tidak tersedia — pakai default 15
2026-05-26 06:37:37 [INFO] screener: [AI] SSMS.JK — Win Rate: 60.2%  Verdict: ULTRA BUY
2026-05-26 06:37:38 [INFO] screener: [AI] LSIP.JK — Win Rate: 76.8%  Verdict: ULTRA BUY
2026-05-26 06:37:38 [WARNING] screener: [FUNDAMENTAL] WIDI.JK: PE tidak tersedia — pakai default 15
2026-05-26 06:37:38 [WARNING] screener: [FUNDAMENTAL] AWAN.JK: PE tidak tersedia — pakai default 15
2026-05-26 06:37:39 [WARNING] screener: [FUNDAMENTAL] GTRA.JK: PE tidak tersedia — pakai default 15
2026-05-26 06:37:39 [INFO] screener: [AI] BPTR.JK — Win Rate: 5.6%  Verdict: WEAK
2026-05-26 06:37:39 [WARNING] screener: [FUNDAMENTAL] STRK.JK: PE tidak tersedia — pakai default 15
2026-05-26 06:37:39 [INFO] screener: [AI] PMUI.JK — Win Rate: 8.2%  Verdict: WEAK
2026-05-26 06:37:39 [INFO] screener: [AI] ALII.JK — Win Rate: 23.4%  Verdict: WEAK
2026-05-26 06:37:40 [INFO] screener: [AI] WIDI.JK — Win Rate: 14.4%  Verdict: WEAK
2026-05-26 06:37:40 [INFO] screener: [AI] STRK.JK — Win Rate: 18.3%  Verdict: WEAK
2026-05-26 06:37:41 [INFO] screener: [AI] AWAN.JK — Win Rate: 9.9%  Verdict: WEAK
2026-05-26 06:37:41 [INFO] screener: [AI] AREA.JK — Win Rate: 9.2%  Verdict: WEAK
2026-05-26 06:37:41 [INFO] screener: [AI] GTRA.JK — Win Rate: 6.9%  Verdict: WEAK
2026-05-26 06:37:43 [INFO] backtest: [backtest] Tested=44 Skipped=0 WinRate=2.3% Sharpe=-0.73
2026-05-26 09:14:48 [INFO] screener: Memindai Arus Uang (Rotasi Sektor)...
2026-05-26 09:15:01 [INFO] screener: Rotasi sektor selesai (11 sektor dipindai)
2026-05-26 09:15:01 [INFO] screener: Mengunduh Cuaca Makro Global & Komoditas...
2026-05-26 09:15:01 [INFO] screener: Macro update — IHSG=+0.09% | USD=+0.26% | Trend=UP | Penalty=0.0
2026-05-26 09:15:08 [INFO] screener: [ENSEMBLE] Loaded v5.0 (threshold=0.671)
2026-05-26 09:15:08 [INFO] screener: [ENSEMBLE] Loaded v5.0 (threshold=0.671)
2026-05-26 09:15:08 [INFO] screener: [ENSEMBLE] Loaded v5.0 (threshold=0.671)
2026-05-26 09:15:08 [INFO] screener: [ENSEMBLE] Loaded v5.0 (threshold=0.671)
2026-05-26 09:15:08 [INFO] screener: [ENSEMBLE] Loaded v5.0 (threshold=0.671)
2026-05-26 09:15:08 [INFO] screener: [ENSEMBLE] Loaded v5.0 (threshold=0.671)
2026-05-26 09:15:08 [INFO] screener: [ENSEMBLE] Loaded v5.0 (threshold=0.671)
2026-05-26 09:15:08 [INFO] screener: [ENSEMBLE] Loaded v5.0 (threshold=0.671)
2026-05-26 09:15:08 [INFO] screener: [ENSEMBLE] Loaded v5.0 (threshold=0.671)
2026-05-26 09:15:08 [INFO] screener: [ENSEMBLE] Loaded v5.0 (threshold=0.671)
2026-05-26 09:15:08 [INFO] screener: [ENSEMBLE] Loaded v5.0 (threshold=0.671)
2026-05-26 09:15:08 [INFO] screener: [ENSEMBLE] Loaded v5.0 (threshold=0.671)
2026-05-26 09:15:08 [INFO] screener: [ENSEMBLE] Loaded v5.0 (threshold=0.671)
2026-05-26 09:15:08 [INFO] screener: [ENSEMBLE] Loaded v5.0 (threshold=0.671)
2026-05-26 09:15:11 [INFO] screener: [AI] BRIS.JK — Win Rate: 12.3%  Verdict: WEAK
2026-05-26 09:15:11 [INFO] screener: [AI] NISP.JK — Win Rate: 23.0%  Verdict: WEAK
2026-05-26 09:15:11 [INFO] screener: [AI] ARTO.JK — Win Rate: 34.4%  Verdict: WEAK
2026-05-26 09:15:11 [INFO] screener: [AI] BDMN.JK — Win Rate: 58.7%  Verdict: BUY
2026-05-26 09:15:11 [INFO] screener: [AI] BNGA.JK — Win Rate: 65.2%  Verdict: ULTRA BUY
2026-05-26 09:15:13 [INFO] screener: [AI] BTPS.JK — Win Rate: 35.8%  Verdict: WEAK
2026-05-26 09:15:13 [INFO] screener: [AI] BBYB.JK — Win Rate: 30.9%  Verdict: WEAK
2026-05-26 09:15:13 [INFO] screener: [AI] BBNI.JK — Win Rate: 14.0%  Verdict: WEAK
2026-05-26 09:15:13 [INFO] screener: [AI] CFIN.JK — Win Rate: 72.1%  Verdict: ULTRA BUY
2026-05-26 09:15:14 [INFO] screener: [AI] BBTN.JK — Win Rate: 7.6%  Verdict: WEAK
2026-05-26 09:15:14 [INFO] screener: [AI] BBRI.JK — Win Rate: 8.4%  Verdict: WEAK
2026-05-26 09:15:14 [INFO] screener: [AI] BMRI.JK — Win Rate: 7.6%  Verdict: WEAK
2026-05-26 09:15:14 [INFO] screener: [AI] BBCA.JK — Win Rate: 10.1%  Verdict: WEAK
2026-05-26 09:15:14 [INFO] screener: [AI] BVIC.JK — Win Rate: 19.0%  Verdict: WEAK
2026-05-26 09:15:16 [WARNING] screener: [FUNDAMENTAL] MLPL.JK: PE tidak tersedia — pakai default 15
2026-05-26 09:15:17 [INFO] screener: [AI] BJBR.JK — Win Rate: 41.2%  Verdict: WEAK
2026-05-26 09:15:17 [INFO] screener: [AI] BJTM.JK — Win Rate: 8.5%  Verdict: WEAK
2026-05-26 09:15:17 [INFO] screener: [AI] PNBN.JK — Win Rate: 39.5%  Verdict: WEAK
2026-05-26 09:15:17 [WARNING] screener: [FUNDAMENTAL] MPPA.JK: PE tidak tersedia — pakai default 15
2026-05-26 09:15:18 [INFO] screener: [AI] SRTG.JK — Win Rate: 40.2%  Verdict: WEAK
2026-05-26 09:15:19 [INFO] screener: [AI] BSIM.JK — Win Rate: 48.1%  Verdict: WEAK
2026-05-26 09:15:19 [INFO] screener: [AI] SMMA.JK — Win Rate: 23.8%  Verdict: WEAK
2026-05-26 09:15:19 [INFO] screener: [AI] BHIT.JK — Win Rate: 17.1%  Verdict: WEAK
2026-05-26 09:15:19 [INFO] screener: [AI] ASII.JK — Win Rate: 13.0%  Verdict: WEAK
2026-05-26 09:15:19 [INFO] screener: [AI] MLPL.JK — Win Rate: 36.1%  Verdict: WEAK
2026-05-26 09:15:19 [INFO] screener: [AI] BMTR.JK — Win Rate: 26.0%  Verdict: WEAK
2026-05-26 09:15:19 [INFO] screener: [AI] UNTR.JK — Win Rate: 82.7%  Verdict: ULTRA BUY
2026-05-26 09:15:20 [WARNING] screener: [FUNDAMENTAL] EXCL.JK: PE tidak tersedia — pakai default 15
2026-05-26 09:15:20 [WARNING] screener: [FUNDAMENTAL] GOTO.JK: PE tidak tersedia — pakai default 15
2026-05-26 09:15:21 [INFO] screener: [AI] LPKR.JK — Win Rate: 47.9%  Verdict: WEAK
2026-05-26 09:15:21 [INFO] screener: [AI] MPPA.JK — Win Rate: 14.3%  Verdict: WEAK
2026-05-26 09:15:21 [WARNING] screener: [FUNDAMENTAL] BELI.JK: PE tidak tersedia — pakai default 15
2026-05-26 09:15:22 [INFO] screener: [AI] SCMA.JK — Win Rate: 18.2%  Verdict: WEAK
2026-05-26 09:15:22 [INFO] screener: [AI] BNLI.JK — Win Rate: 48.2%  Verdict: WEAK
2026-05-26 09:15:23 [INFO] screener: [AI] VIVA.JK — Win Rate: 26.9%  Verdict: WEAK
2026-05-26 09:15:23 [WARNING] screener: [FUNDAMENTAL] AXIO.JK: PE tidak tersedia — pakai default 15
2026-05-26 09:15:23 [INFO] screener: [AI] EXCL.JK — Win Rate: 54.9%  Verdict: BUY
2026-05-26 09:15:25 [WARNING] screener: [FUNDAMENTAL] KREN.JK: PE tidak tersedia — pakai default 15
2026-05-26 09:15:25 [INFO] screener: [AI] WIFI.JK — Win Rate: 63.1%  Verdict: ULTRA BUY
2026-05-26 09:15:25 [INFO] screener: [AI] ISAT.JK — Win Rate: 36.2%  Verdict: WEAK
2026-05-26 09:15:25 [INFO] screener: [AI] TLKM.JK — Win Rate: 30.1%  Verdict: WEAK
2026-05-26 09:15:26 [INFO] screener: [AI] GOTO.JK — Win Rate: 18.3%  Verdict: WEAK
2026-05-26 09:15:26 [INFO] screener: [AI] BUKA.JK — Win Rate: 22.5%  Verdict: WEAK
2026-05-26 09:15:26 [INFO] screener: [AI] BELI.JK — Win Rate: 39.6%  Verdict: WEAK
2026-05-26 09:15:27 [INFO] screener: [AI] MTDL.JK — Win Rate: 12.1%  Verdict: WEAK
2026-05-26 09:15:27 [INFO] screener: [AI] DMMX.JK — Win Rate: 12.8%  Verdict: WEAK
2026-05-26 09:15:27 [INFO] screener: [AI] MLPT.JK — Win Rate: 10.8%  Verdict: WEAK
2026-05-26 09:15:27 [INFO] screener: [AI] AXIO.JK — Win Rate: 54.4%  Verdict: BUY
2026-05-26 09:15:28 [INFO] screener: [AI] EMTK.JK — Win Rate: 74.8%  Verdict: ULTRA BUY
2026-05-26 09:15:30 [INFO] screener: [AI] KREN.JK — Win Rate: 31.2%  Verdict: WEAK
2026-05-26 09:15:30 [INFO] screener: [AI] GLVA.JK — Win Rate: 17.0%  Verdict: WEAK
2026-05-26 09:15:30 [INFO] screener: [AI] PTBA.JK — Win Rate: 29.6%  Verdict: WEAK
2026-05-26 09:15:32 [WARNING] screener: [FUNDAMENTAL] INDY.JK: PE tidak tersedia — pakai default 15
2026-05-26 09:15:34 [INFO] screener: [AI] DEWA.JK — Win Rate: 40.4%  Verdict: WEAK
2026-05-26 09:15:34 [INFO] screener: [AI] AKRA.JK — Win Rate: 31.0%  Verdict: WEAK
2026-05-26 09:15:34 [WARNING] screener: [FUNDAMENTAL] DOID.JK: PE tidak tersedia — pakai default 15
2026-05-26 09:15:34 [INFO] screener: [AI] TINS.JK — Win Rate: 10.4%  Verdict: WEAK
2026-05-26 09:15:34 [INFO] screener: [AI] ANTM.JK — Win Rate: 89.4%  Verdict: ULTRA BUY
2026-05-26 09:15:34 [WARNING] screener: [FUNDAMENTAL] WEGE.JK: PE tidak tersedia — pakai default 15
2026-05-26 09:15:34 [WARNING] screener: [FUNDAMENTAL] PTPP.JK: PE tidak tersedia — pakai default 15
2026-05-26 09:15:35 [WARNING] screener: [FUNDAMENTAL] TOBA.JK: PE tidak tersedia — pakai default 15
2026-05-26 09:15:35 [WARNING] screener: [FUNDAMENTAL] PPRE.JK: PE tidak tersedia — pakai default 15
2026-05-26 09:15:35 [WARNING] screener: [FUNDAMENTAL] ADHI.JK: PE tidak tersedia — pakai default 15
2026-05-26 09:15:36 [WARNING] screener: [FUNDAMENTAL] ACST.JK: PE tidak tersedia — pakai default 15
2026-05-26 09:15:38 [INFO] screener: [AI] NCKL.JK — Win Rate: 42.8%  Verdict: WEAK
2026-05-26 09:15:38 [INFO] screener: [AI] WEGE.JK — Win Rate: 27.8%  Verdict: WEAK
2026-05-26 09:15:38 [INFO] screener: [AI] JSMR.JK — Win Rate: 13.8%  Verdict: WEAK
2026-05-26 09:15:38 [INFO] screener: [AI] RMKE.JK — Win Rate: 9.0%  Verdict: WEAK
2026-05-26 09:15:38 [INFO] screener: [AI] PTPP.JK — Win Rate: 35.2%  Verdict: WEAK
2026-05-26 09:15:38 [INFO] screener: [AI] TOTL.JK — Win Rate: 78.7%  Verdict: ULTRA BUY
2026-05-26 09:15:38 [WARNING] screener: [FUNDAMENTAL] LEAD.JK: PE tidak tersedia — pakai default 15
2026-05-26 09:15:39 [INFO] screener: [AI] ADHI.JK — Win Rate: 34.4%  Verdict: WEAK
2026-05-26 09:15:39 [INFO] screener: [AI] PPRE.JK — Win Rate: 12.9%  Verdict: WEAK
2026-05-26 09:15:39 [INFO] screener: [AI] ACST.JK — Win Rate: 23.6%  Verdict: WEAK
2026-05-26 09:15:40 [INFO] screener: [AI] JKON.JK — Win Rate: 11.0%  Verdict: WEAK
2026-05-26 09:15:40 [INFO] screener: [AI] CMNP.JK — Win Rate: 41.6%  Verdict: WEAK
2026-05-26 09:15:41 [WARNING] screener: [FUNDAMENTAL] KAEF.JK: PE tidak tersedia — pakai default 15
2026-05-26 09:15:42 [INFO] screener: [AI] UNVR.JK — Win Rate: 7.9%  Verdict: WEAK
2026-05-26 09:15:42 [INFO] screener: [AI] BIRD.JK — Win Rate: 11.8%  Verdict: WEAK
2026-05-26 09:15:42 [INFO] screener: [AI] GOOD.JK — Win Rate: 17.9%  Verdict: WEAK
2026-05-26 09:15:42 [INFO] screener: [AI] ICBP.JK — Win Rate: 19.1%  Verdict: WEAK
2026-05-26 09:15:42 [INFO] screener: [AI] INDF.JK — Win Rate: 17.2%  Verdict: WEAK
2026-05-26 09:15:42 [INFO] screener: [AI] CAMP.JK — Win Rate: 29.8%  Verdict: WEAK
2026-05-26 09:15:43 [INFO] screener: [AI] MYOR.JK — Win Rate: 12.4%  Verdict: WEAK
2026-05-26 09:15:43 [INFO] screener: [AI] ROTI.JK — Win Rate: 53.9%  Verdict: BUY
2026-05-26 09:15:44 [INFO] screener: [AI] STTP.JK — Win Rate: 48.6%  Verdict: WEAK
2026-05-26 09:15:44 [INFO] screener: [AI] ADES.JK — Win Rate: 25.8%  Verdict: WEAK
2026-05-26 09:15:44 [INFO] screener: [AI] CLEO.JK — Win Rate: 52.9%  Verdict: BUY
2026-05-26 09:15:45 [INFO] screener: [AI] SIDO.JK — Win Rate: 53.3%  Verdict: BUY
2026-05-26 09:15:47 [INFO] screener: [AI] KAEF.JK — Win Rate: 9.4%  Verdict: WEAK
2026-05-26 09:15:47 [INFO] screener: [AI] PEHA.JK — Win Rate: 15.4%  Verdict: WEAK
2026-05-26 09:15:47 [WARNING] screener: [FUNDAMENTAL] HOKI.JK: PE tidak tersedia — pakai default 15
2026-05-26 09:15:48 [WARNING] screener: [FUNDAMENTAL] MPPA.JK: PE tidak tersedia — pakai default 15
2026-05-26 09:15:50 [INFO] screener: [AI] MAPI.JK — Win Rate: 24.3%  Verdict: WEAK
2026-05-26 09:15:50 [INFO] screener: [AI] MPPA.JK — Win Rate: 14.3%  Verdict: WEAK
2026-05-26 09:15:50 [INFO] screener: [AI] ERAA.JK — Win Rate: 22.7%  Verdict: WEAK
2026-05-26 09:15:50 [INFO] screener: [AI] HOKI.JK — Win Rate: 19.8%  Verdict: WEAK
2026-05-26 09:15:50 [INFO] screener: [AI] BSDE.JK — Win Rate: 20.3%  Verdict: WEAK
2026-05-26 09:15:50 [INFO] screener: [AI] AMRT.JK — Win Rate: 42.7%  Verdict: WEAK
2026-05-26 09:15:50 [INFO] screener: [AI] ACES.JK — Win Rate: 48.5%  Verdict: WEAK
2026-05-26 09:15:50 [INFO] screener: [AI] JPFA.JK — Win Rate: 11.9%  Verdict: WEAK
2026-05-26 09:15:50 [INFO] screener: [AI] LPPF.JK — Win Rate: 37.7%  Verdict: WEAK
2026-05-26 09:15:50 [INFO] screener: [AI] MAPA.JK — Win Rate: 12.5%  Verdict: WEAK
2026-05-26 09:15:50 [INFO] screener: [AI] RALS.JK — Win Rate: 60.6%  Verdict: ULTRA BUY
2026-05-26 09:15:52 [INFO] screener: [AI] MIDI.JK — Win Rate: 44.7%  Verdict: WEAK
2026-05-26 09:15:52 [INFO] screener: [AI] ENZO.JK — Win Rate: 18.8%  Verdict: WEAK
2026-05-26 09:15:52 [INFO] screener: [AI] CPIN.JK — Win Rate: 12.1%  Verdict: WEAK
2026-05-26 09:15:52 [WARNING] screener: [FUNDAMENTAL] PPRO.JK: PE tidak tersedia — pakai default 15
2026-05-26 09:15:54 [INFO] screener: [AI] CTRA.JK — Win Rate: 37.3%  Verdict: WEAK
2026-05-26 09:15:55 [INFO] screener: [AI] SMRA.JK — Win Rate: 34.7%  Verdict: WEAK
2026-05-26 09:15:55 [INFO] screener: [AI] DMAS.JK — Win Rate: 46.1%  Verdict: WEAK
2026-05-26 09:15:55 [INFO] screener: [AI] PWON.JK — Win Rate: 65.7%  Verdict: ULTRA BUY
2026-05-26 09:15:55 [INFO] screener: [AI] ASRI.JK — Win Rate: 31.9%  Verdict: WEAK
2026-05-26 09:15:56 [INFO] screener: [AI] DILD.JK — Win Rate: 17.0%  Verdict: WEAK
2026-05-26 09:15:56 [INFO] screener: [AI] DUTI.JK — Win Rate: 17.3%  Verdict: WEAK
2026-05-26 09:15:56 [INFO] screener: [AI] BKSL.JK — Win Rate: 10.7%  Verdict: WEAK
2026-05-26 09:15:56 [INFO] screener: [AI] PPRO.JK — Win Rate: 9.1%  Verdict: WEAK
2026-05-26 09:15:56 [INFO] screener: [AI] LPCK.JK — Win Rate: 69.6%  Verdict: ULTRA BUY
2026-05-26 09:15:58 [INFO] screener: [AI] KIJA.JK — Win Rate: 6.9%  Verdict: WEAK
2026-05-26 09:15:58 [INFO] screener: [AI] GWSA.JK — Win Rate: 40.9%  Verdict: WEAK
2026-05-26 09:15:58 [INFO] screener: [AI] SSIA.JK — Win Rate: 51.9%  Verdict: BUY
2026-05-26 09:15:58 [INFO] screener: [AI] MKPI.JK — Win Rate: 14.8%  Verdict: WEAK
2026-05-26 09:16:00 [INFO] screener: [AI] KLBF.JK — Win Rate: 72.6%  Verdict: ULTRA BUY
2026-05-26 09:16:02 [INFO] screener: [AI] HEAL.JK — Win Rate: 87.1%  Verdict: ULTRA BUY
2026-05-26 09:16:04 [INFO] screener: [AI] PRDA.JK — Win Rate: 42.2%  Verdict: WEAK
2026-05-26 09:16:04 [INFO] screener: [AI] DGNS.JK — Win Rate: 15.0%  Verdict: WEAK
2026-05-26 09:16:04 [INFO] screener: [AI] BMHS.JK — Win Rate: 35.6%  Verdict: WEAK
2026-05-26 09:16:04 [INFO] screener: [AI] MIKA.JK — Win Rate: 84.6%  Verdict: ULTRA BUY
2026-05-26 09:16:05 [WARNING] screener: [FUNDAMENTAL] BAJA.JK: PE tidak tersedia — pakai default 15
2026-05-26 09:16:05 [INFO] screener: [AI] SILO.JK — Win Rate: 40.5%  Verdict: WEAK
2026-05-26 09:16:06 [INFO] screener: [AI] IRRA.JK — Win Rate: 17.7%  Verdict: WEAK
2026-05-26 09:16:06 [INFO] screener: [AI] SAME.JK — Win Rate: 62.7%  Verdict: ULTRA BUY
2026-05-26 09:16:06 [INFO] screener: [AI] TSPC.JK — Win Rate: 32.8%  Verdict: WEAK
2026-05-26 09:16:07 [INFO] screener: [AI] SMGR.JK — Win Rate: 76.3%  Verdict: ULTRA BUY
2026-05-26 09:16:07 [INFO] screener: [AI] INTP.JK — Win Rate: 51.9%  Verdict: BUY
2026-05-26 09:16:10 [INFO] screener: [AI] SMBR.JK — Win Rate: 30.1%  Verdict: WEAK
2026-05-26 09:16:10 [INFO] screener: [AI] ISSP.JK — Win Rate: 8.8%  Verdict: WEAK
2026-05-26 09:16:10 [INFO] screener: [AI] BAJA.JK — Win Rate: 44.7%  Verdict: WEAK
2026-05-26 09:16:10 [INFO] screener: [AI] ALKA.JK — Win Rate: 26.0%  Verdict: WEAK
2026-05-26 09:16:10 [INFO] screener: [AI] BRNA.JK — Win Rate: 12.8%  Verdict: WEAK
2026-05-26 09:16:11 [INFO] screener: [AI] ASSA.JK — Win Rate: 82.6%  Verdict: ULTRA BUY
2026-05-26 09:16:12 [INFO] screener: [AI] TOTO.JK — Win Rate: 12.4%  Verdict: WEAK
2026-05-26 09:16:13 [WARNING] screener: [FUNDAMENTAL] GIAA.JK: PE tidak tersedia — pakai default 15
2026-05-26 09:16:13 [WARNING] screener: [FUNDAMENTAL] GIAA.JK: Book Value tidak tersedia — pakai default 1.5
2026-05-26 09:16:13 [INFO] screener: [AI] BIRD.JK — Win Rate: 11.8%  Verdict: WEAK
2026-05-26 09:16:16 [INFO] screener: [AI] DSNG.JK — Win Rate: 63.1%  Verdict: ULTRA BUY
2026-05-26 09:16:16 [INFO] screener: [AI] NELY.JK — Win Rate: 28.3%  Verdict: WEAK
2026-05-26 09:16:16 [INFO] screener: [AI] TMAS.JK — Win Rate: 40.9%  Verdict: WEAK
2026-05-26 09:16:17 [INFO] screener: [AI] HAIS.JK — Win Rate: 23.7%  Verdict: WEAK
2026-05-26 09:16:18 [INFO] screener: [AI] TBLA.JK — Win Rate: 42.4%  Verdict: WEAK
2026-05-26 09:16:18 [INFO] screener: [AI] PANI.JK — Win Rate: 29.5%  Verdict: WEAK
2026-05-26 09:16:18 [INFO] screener: [AI] TAPG.JK — Win Rate: 31.7%  Verdict: WEAK
2026-05-26 09:16:18 [INFO] screener: [AI] BWPT.JK — Win Rate: 25.8%  Verdict: WEAK
2026-05-26 09:16:18 [INFO] screener: [AI] SIMP.JK — Win Rate: 56.1%  Verdict: BUY
2026-05-26 09:16:18 [INFO] screener: [AI] AALI.JK — Win Rate: 90.8%  Verdict: ULTRA BUY
2026-05-26 09:16:20 [INFO] screener: [AI] BPTR.JK — Win Rate: 5.8%  Verdict: WEAK
2026-05-26 09:16:20 [WARNING] screener: [FUNDAMENTAL] PMUI.JK: PE tidak tersedia — pakai default 15
2026-05-26 09:16:20 [INFO] screener: [AI] LSIP.JK — Win Rate: 78.5%  Verdict: ULTRA BUY
2026-05-26 09:16:21 [INFO] screener: [AI] SSMS.JK — Win Rate: 62.5%  Verdict: ULTRA BUY
2026-05-26 09:16:21 [WARNING] screener: [FUNDAMENTAL] AWAN.JK: PE tidak tersedia — pakai default 15
2026-05-26 09:16:21 [WARNING] screener: [FUNDAMENTAL] AREA.JK: PE tidak tersedia — pakai default 15
2026-05-26 09:16:23 [WARNING] screener: [FUNDAMENTAL] WIDI.JK: PE tidak tersedia — pakai default 15
2026-05-26 09:16:23 [WARNING] screener: [FUNDAMENTAL] STRK.JK: PE tidak tersedia — pakai default 15
2026-05-26 09:16:23 [WARNING] screener: [FUNDAMENTAL] GTRA.JK: PE tidak tersedia — pakai default 15
2026-05-26 09:16:23 [INFO] screener: [AI] ALII.JK — Win Rate: 26.5%  Verdict: WEAK
2026-05-26 09:16:23 [INFO] screener: [AI] AWAN.JK — Win Rate: 10.5%  Verdict: WEAK
2026-05-26 09:16:23 [INFO] screener: [AI] AREA.JK — Win Rate: 9.3%  Verdict: WEAK
2026-05-26 09:16:24 [INFO] screener: [AI] PMUI.JK — Win Rate: 8.6%  Verdict: WEAK
2026-05-26 09:16:24 [INFO] screener: [AI] STRK.JK — Win Rate: 19.4%  Verdict: WEAK
2026-05-26 09:16:24 [INFO] screener: [AI] WIDI.JK — Win Rate: 15.1%  Verdict: WEAK
2026-05-26 09:16:24 [INFO] screener: [AI] GTRA.JK — Win Rate: 7.0%  Verdict: WEAK
2026-05-26 09:19:28 [INFO] screener: Memindai Arus Uang (Rotasi Sektor)...
2026-05-26 09:19:40 [INFO] screener: Rotasi sektor selesai (11 sektor dipindai)
2026-05-26 09:19:40 [INFO] screener: Mengunduh Cuaca Makro Global & Komoditas...
2026-05-26 09:19:40 [INFO] screener: Macro update — IHSG=+0.23% | USD=+0.26% | Trend=UP | Penalty=0.0
2026-05-26 09:19:46 [INFO] screener: [ENSEMBLE] Loaded v5.0 (threshold=0.671)
2026-05-26 09:19:46 [INFO] screener: [ENSEMBLE] Loaded v5.0 (threshold=0.671)
2026-05-26 09:19:46 [INFO] screener: [ENSEMBLE] Loaded v5.0 (threshold=0.671)
2026-05-26 09:19:46 [INFO] screener: [ENSEMBLE] Loaded v5.0 (threshold=0.671)
2026-05-26 09:19:46 [INFO] screener: [ENSEMBLE] Loaded v5.0 (threshold=0.671)
2026-05-26 09:19:46 [INFO] screener: [ENSEMBLE] Loaded v5.0 (threshold=0.671)
2026-05-26 09:19:46 [INFO] screener: [ENSEMBLE] Loaded v5.0 (threshold=0.671)
2026-05-26 09:19:46 [INFO] screener: [ENSEMBLE] Loaded v5.0 (threshold=0.671)
2026-05-26 09:19:46 [INFO] screener: [ENSEMBLE] Loaded v5.0 (threshold=0.671)
2026-05-26 09:19:46 [INFO] screener: [ENSEMBLE] Loaded v5.0 (threshold=0.671)
2026-05-26 09:19:46 [INFO] screener: [ENSEMBLE] Loaded v5.0 (threshold=0.671)
2026-05-26 09:19:46 [INFO] screener: [ENSEMBLE] Loaded v5.0 (threshold=0.671)
2026-05-26 09:19:46 [INFO] screener: [ENSEMBLE] Loaded v5.0 (threshold=0.671)
2026-05-26 09:19:46 [INFO] screener: [ENSEMBLE] Loaded v5.0 (threshold=0.671)
2026-05-26 09:19:49 [INFO] screener: [AI] CFIN.JK — Win Rate: 71.7%  Verdict: ULTRA BUY
2026-05-26 09:19:49 [INFO] screener: [AI] BRIS.JK — Win Rate: 12.3%  Verdict: WEAK
2026-05-26 09:19:50 [INFO] screener: [AI] BTPS.JK — Win Rate: 35.6%  Verdict: WEAK
2026-05-26 09:19:50 [INFO] screener: [AI] BBCA.JK — Win Rate: 10.0%  Verdict: WEAK
2026-05-26 09:19:50 [INFO] screener: [AI] BMRI.JK — Win Rate: 7.6%  Verdict: WEAK
2026-05-26 09:19:50 [INFO] screener: [AI] BDMN.JK — Win Rate: 58.6%  Verdict: BUY
2026-05-26 09:19:51 [INFO] screener: [AI] BBTN.JK — Win Rate: 7.5%  Verdict: WEAK
2026-05-26 09:19:51 [INFO] screener: [AI] BBNI.JK — Win Rate: 10.1%  Verdict: WEAK
2026-05-26 09:19:51 [INFO] screener: [AI] BNGA.JK — Win Rate: 65.0%  Verdict: ULTRA BUY
2026-05-26 09:19:52 [INFO] screener: [AI] NISP.JK — Win Rate: 22.8%  Verdict: WEAK
2026-05-26 09:19:53 [INFO] screener: [AI] ARTO.JK — Win Rate: 34.3%  Verdict: WEAK
2026-05-26 09:19:53 [INFO] screener: [AI] BBYB.JK — Win Rate: 30.7%  Verdict: WEAK
2026-05-26 09:19:54 [INFO] screener: [AI] BBRI.JK — Win Rate: 8.4%  Verdict: WEAK
2026-05-26 09:19:54 [INFO] screener: [AI] BVIC.JK — Win Rate: 18.9%  Verdict: WEAK
2026-05-26 09:19:54 [WARNING] screener: [FUNDAMENTAL] MLPL.JK: PE tidak tersedia — pakai default 15
2026-05-26 09:19:55 [INFO] screener: [AI] BJBR.JK — Win Rate: 40.9%  Verdict: WEAK
2026-05-26 09:19:56 [WARNING] screener: [FUNDAMENTAL] MPPA.JK: PE tidak tersedia — pakai default 15
2026-05-26 09:19:57 [INFO] screener: [AI] BJTM.JK — Win Rate: 8.3%  Verdict: WEAK
2026-05-26 09:19:57 [INFO] screener: [AI] PNBN.JK — Win Rate: 39.3%  Verdict: WEAK
2026-05-26 09:19:57 [INFO] screener: [AI] BMTR.JK — Win Rate: 26.1%  Verdict: WEAK
2026-05-26 09:19:57 [INFO] screener: [AI] BSIM.JK — Win Rate: 47.9%  Verdict: WEAK
2026-05-26 09:19:57 [INFO] screener: [AI] SRTG.JK — Win Rate: 39.9%  Verdict: WEAK
2026-05-26 09:19:57 [INFO] screener: [AI] BHIT.JK — Win Rate: 16.6%  Verdict: WEAK
2026-05-26 09:19:57 [INFO] screener: [AI] UNTR.JK — Win Rate: 81.5%  Verdict: ULTRA BUY
2026-05-26 09:19:58 [INFO] screener: [AI] MLPL.JK — Win Rate: 33.9%  Verdict: WEAK
2026-05-26 09:19:58 [INFO] screener: [AI] ASII.JK — Win Rate: 11.2%  Verdict: WEAK
2026-05-26 09:19:59 [INFO] screener: [AI] SMMA.JK — Win Rate: 24.4%  Verdict: WEAK
2026-05-26 09:19:59 [INFO] screener: [AI] LPKR.JK — Win Rate: 45.1%  Verdict: WEAK
2026-05-26 09:19:59 [WARNING] screener: [FUNDAMENTAL] EXCL.JK: PE tidak tersedia — pakai default 15
2026-05-26 09:19:59 [WARNING] screener: [FUNDAMENTAL] GOTO.JK: PE tidak tersedia — pakai default 15
2026-05-26 09:19:59 [INFO] screener: [AI] MPPA.JK — Win Rate: 14.0%  Verdict: WEAK
2026-05-26 09:20:00 [INFO] screener: [AI] BNLI.JK — Win Rate: 49.6%  Verdict: WEAK
2026-05-26 09:20:00 [WARNING] screener: [FUNDAMENTAL] BELI.JK: PE tidak tersedia — pakai default 15
2026-05-26 09:20:00 [INFO] screener: [AI] VIVA.JK — Win Rate: 27.6%  Verdict: WEAK
2026-05-26 09:20:00 [INFO] screener: [AI] GOTO.JK — Win Rate: 18.2%  Verdict: WEAK
2026-05-26 09:20:01 [WARNING] screener: [FUNDAMENTAL] KREN.JK: PE tidak tersedia — pakai default 15
2026-05-26 09:20:01 [WARNING] screener: [FUNDAMENTAL] AXIO.JK: PE tidak tersedia — pakai default 15
2026-05-26 09:20:02 [INFO] screener: [AI] EXCL.JK — Win Rate: 54.7%  Verdict: BUY
2026-05-26 09:20:03 [INFO] screener: [AI] ISAT.JK — Win Rate: 35.8%  Verdict: WEAK
2026-05-26 09:20:03 [INFO] screener: [AI] BUKA.JK — Win Rate: 22.3%  Verdict: WEAK
2026-05-26 09:20:03 [INFO] screener: [AI] SCMA.JK — Win Rate: 18.2%  Verdict: WEAK
2026-05-26 09:20:03 [INFO] screener: [AI] BELI.JK — Win Rate: 39.6%  Verdict: WEAK
2026-05-26 09:20:03 [INFO] screener: [AI] TLKM.JK — Win Rate: 30.1%  Verdict: WEAK
2026-05-26 09:20:03 [INFO] screener: [AI] WIFI.JK — Win Rate: 63.0%  Verdict: ULTRA BUY
2026-05-26 09:20:05 [INFO] screener: [AI] MTDL.JK — Win Rate: 12.1%  Verdict: WEAK
2026-05-26 09:20:05 [INFO] screener: [AI] EMTK.JK — Win Rate: 74.7%  Verdict: ULTRA BUY
2026-05-26 09:20:06 [INFO] screener: [AI] MLPT.JK — Win Rate: 10.8%  Verdict: WEAK
2026-05-26 09:20:07 [INFO] screener: [AI] KREN.JK — Win Rate: 31.1%  Verdict: WEAK
2026-05-26 09:20:07 [INFO] screener: [AI] DMMX.JK — Win Rate: 12.8%  Verdict: WEAK
2026-05-26 09:20:07 [INFO] screener: [AI] GLVA.JK — Win Rate: 17.0%  Verdict: WEAK
2026-05-26 09:20:07 [INFO] screener: [AI] AXIO.JK — Win Rate: 54.3%  Verdict: BUY
2026-05-26 09:20:08 [INFO] screener: [AI] PTBA.JK — Win Rate: 29.4%  Verdict: WEAK
2026-05-26 09:20:09 [WARNING] screener: [FUNDAMENTAL] INDY.JK: PE tidak tersedia — pakai default 15
2026-05-26 09:20:11 [WARNING] screener: [FUNDAMENTAL] DOID.JK: PE tidak tersedia — pakai default 15
2026-05-26 09:20:11 [INFO] screener: [AI] TINS.JK — Win Rate: 10.4%  Verdict: WEAK
2026-05-26 09:20:12 [WARNING] screener: [FUNDAMENTAL] TOBA.JK: PE tidak tersedia — pakai default 15
2026-05-26 09:20:12 [INFO] screener: [AI] DEWA.JK — Win Rate: 40.4%  Verdict: WEAK
2026-05-26 09:20:12 [INFO] screener: [AI] AKRA.JK — Win Rate: 30.8%  Verdict: WEAK
2026-05-26 09:20:12 [WARNING] screener: [FUNDAMENTAL] PTPP.JK: PE tidak tersedia — pakai default 15
2026-05-26 09:20:12 [INFO] screener: [AI] ANTM.JK — Win Rate: 89.2%  Verdict: ULTRA BUY
2026-05-26 09:20:12 [WARNING] screener: [FUNDAMENTAL] ADHI.JK: PE tidak tersedia — pakai default 15
2026-05-26 09:20:13 [WARNING] screener: [FUNDAMENTAL] ACST.JK: PE tidak tersedia — pakai default 15
2026-05-26 09:20:13 [WARNING] screener: [FUNDAMENTAL] PPRE.JK: PE tidak tersedia — pakai default 15
2026-05-26 09:20:14 [WARNING] screener: [FUNDAMENTAL] WEGE.JK: PE tidak tersedia — pakai default 15
2026-05-26 09:20:14 [INFO] screener: [AI] NCKL.JK — Win Rate: 42.8%  Verdict: WEAK
2026-05-26 09:20:14 [INFO] screener: [AI] PTPP.JK — Win Rate: 35.1%  Verdict: WEAK
2026-05-26 09:20:15 [WARNING] screener: [FUNDAMENTAL] LEAD.JK: PE tidak tersedia — pakai default 15
2026-05-26 09:20:15 [INFO] screener: [AI] ADHI.JK — Win Rate: 34.3%  Verdict: WEAK
2026-05-26 09:20:16 [INFO] screener: [AI] RMKE.JK — Win Rate: 9.0%  Verdict: WEAK
2026-05-26 09:20:16 [INFO] screener: [AI] JSMR.JK — Win Rate: 13.8%  Verdict: WEAK
2026-05-26 09:20:16 [INFO] screener: [AI] TOTL.JK — Win Rate: 78.2%  Verdict: ULTRA BUY
2026-05-26 09:20:16 [INFO] screener: [AI] PPRE.JK — Win Rate: 12.9%  Verdict: WEAK
2026-05-26 09:20:16 [INFO] screener: [AI] ACST.JK — Win Rate: 23.6%  Verdict: WEAK
2026-05-26 09:20:17 [INFO] screener: [AI] JKON.JK — Win Rate: 10.9%  Verdict: WEAK
2026-05-26 09:20:17 [INFO] screener: [AI] WEGE.JK — Win Rate: 27.6%  Verdict: WEAK
2026-05-26 09:20:18 [INFO] screener: [AI] CMNP.JK — Win Rate: 41.5%  Verdict: WEAK
2026-05-26 09:20:18 [INFO] screener: [AI] BIRD.JK — Win Rate: 11.8%  Verdict: WEAK
2026-05-26 09:20:19 [WARNING] screener: [FUNDAMENTAL] KAEF.JK: PE tidak tersedia — pakai default 15
2026-05-26 09:20:19 [INFO] screener: [AI] UNVR.JK — Win Rate: 7.9%  Verdict: WEAK
2026-05-26 09:20:19 [INFO] screener: [AI] INDF.JK — Win Rate: 17.1%  Verdict: WEAK
2026-05-26 09:20:19 [INFO] screener: [AI] GOOD.JK — Win Rate: 17.8%  Verdict: WEAK
2026-05-26 09:20:19 [INFO] screener: [AI] CAMP.JK — Win Rate: 29.6%  Verdict: WEAK
2026-05-26 09:20:19 [INFO] screener: [AI] ICBP.JK — Win Rate: 19.0%  Verdict: WEAK
2026-05-26 09:20:20 [INFO] screener: [AI] ROTI.JK — Win Rate: 53.7%  Verdict: BUY
2026-05-26 09:20:21 [INFO] screener: [AI] MYOR.JK — Win Rate: 12.2%  Verdict: WEAK
2026-05-26 09:20:21 [INFO] screener: [AI] STTP.JK — Win Rate: 48.6%  Verdict: WEAK
2026-05-26 09:20:21 [INFO] screener: [AI] SIDO.JK — Win Rate: 53.1%  Verdict: BUY
2026-05-26 09:20:22 [INFO] screener: [AI] ADES.JK — Win Rate: 25.6%  Verdict: WEAK
2026-05-26 09:20:22 [INFO] screener: [AI] CLEO.JK — Win Rate: 52.6%  Verdict: BUY
2026-05-26 09:20:23 [INFO] screener: [AI] KAEF.JK — Win Rate: 9.4%  Verdict: WEAK
2026-05-26 09:20:23 [INFO] screener: [AI] PEHA.JK — Win Rate: 15.4%  Verdict: WEAK
2026-05-26 09:20:24 [WARNING] screener: [FUNDAMENTAL] HOKI.JK: PE tidak tersedia — pakai default 15
2026-05-26 09:20:24 [WARNING] screener: [FUNDAMENTAL] MPPA.JK: PE tidak tersedia — pakai default 15
2026-05-26 09:20:25 [INFO] screener: [AI] ACES.JK — Win Rate: 48.3%  Verdict: WEAK
2026-05-26 09:20:25 [INFO] screener: [AI] MPPA.JK — Win Rate: 14.0%  Verdict: WEAK
2026-05-26 09:20:26 [INFO] screener: [AI] HOKI.JK — Win Rate: 19.8%  Verdict: WEAK
2026-05-26 09:20:27 [INFO] screener: [AI] RALS.JK — Win Rate: 60.4%  Verdict: ULTRA BUY
2026-05-26 09:20:28 [INFO] screener: [AI] ENZO.JK — Win Rate: 18.7%  Verdict: WEAK
2026-05-26 09:20:28 [INFO] screener: [AI] JPFA.JK — Win Rate: 11.6%  Verdict: WEAK
2026-05-26 09:20:28 [INFO] screener: [AI] MAPA.JK — Win Rate: 12.2%  Verdict: WEAK
2026-05-26 09:20:28 [INFO] screener: [AI] MAPI.JK — Win Rate: 23.9%  Verdict: WEAK
2026-05-26 09:20:28 [INFO] screener: [AI] MIDI.JK — Win Rate: 44.5%  Verdict: WEAK
2026-05-26 09:20:28 [INFO] screener: [AI] BSDE.JK — Win Rate: 20.2%  Verdict: WEAK
2026-05-26 09:20:29 [INFO] screener: [AI] ERAA.JK — Win Rate: 22.6%  Verdict: WEAK
2026-05-26 09:20:29 [INFO] screener: [AI] CTRA.JK — Win Rate: 37.2%  Verdict: WEAK
2026-05-26 09:20:29 [INFO] screener: [AI] CPIN.JK — Win Rate: 11.9%  Verdict: WEAK
2026-05-26 09:20:29 [INFO] screener: [AI] LPPF.JK — Win Rate: 37.6%  Verdict: WEAK
2026-05-26 09:20:29 [INFO] screener: [AI] AMRT.JK — Win Rate: 47.2%  Verdict: WEAK
2026-05-26 09:20:29 [INFO] screener: [AI] SMRA.JK — Win Rate: 34.5%  Verdict: WEAK
2026-05-26 09:20:29 [WARNING] screener: [FUNDAMENTAL] PPRO.JK: PE tidak tersedia — pakai default 15
2026-05-26 09:20:30 [INFO] screener: [AI] PWON.JK — Win Rate: 65.5%  Verdict: ULTRA BUY
2026-05-26 09:20:32 [INFO] screener: [AI] DMAS.JK — Win Rate: 45.6%  Verdict: WEAK
2026-05-26 09:20:32 [INFO] screener: [AI] ASRI.JK — Win Rate: 31.7%  Verdict: WEAK
2026-05-26 09:20:33 [INFO] screener: [AI] SSIA.JK — Win Rate: 51.6%  Verdict: BUY
2026-05-26 09:20:33 [INFO] screener: [AI] DUTI.JK — Win Rate: 17.1%  Verdict: WEAK
2026-05-26 09:20:34 [INFO] screener: [AI] PPRO.JK — Win Rate: 9.1%  Verdict: WEAK
2026-05-26 09:20:34 [INFO] screener: [AI] DILD.JK — Win Rate: 16.8%  Verdict: WEAK
2026-05-26 09:20:34 [INFO] screener: [AI] KIJA.JK — Win Rate: 6.9%  Verdict: WEAK
2026-05-26 09:20:34 [INFO] screener: [AI] MIKA.JK — Win Rate: 84.5%  Verdict: ULTRA BUY
2026-05-26 09:20:35 [INFO] screener: [AI] MKPI.JK — Win Rate: 14.7%  Verdict: WEAK
2026-05-26 09:20:35 [INFO] screener: [AI] LPCK.JK — Win Rate: 69.5%  Verdict: ULTRA BUY
2026-05-26 09:20:37 [INFO] screener: [AI] KLBF.JK — Win Rate: 72.5%  Verdict: ULTRA BUY
2026-05-26 09:20:37 [INFO] screener: [AI] GWSA.JK — Win Rate: 40.8%  Verdict: WEAK
2026-05-26 09:20:38 [INFO] screener: [AI] BKSL.JK — Win Rate: 10.7%  Verdict: WEAK
2026-05-26 09:20:39 [INFO] screener: [AI] SILO.JK — Win Rate: 40.4%  Verdict: WEAK
2026-05-26 09:20:39 [INFO] screener: [AI] HEAL.JK — Win Rate: 87.0%  Verdict: ULTRA BUY
2026-05-26 09:20:40 [WARNING] screener: [FUNDAMENTAL] BAJA.JK: PE tidak tersedia — pakai default 15
2026-05-26 09:20:40 [INFO] screener: [AI] BMHS.JK — Win Rate: 35.3%  Verdict: WEAK
2026-05-26 09:20:42 [INFO] screener: [AI] IRRA.JK — Win Rate: 17.7%  Verdict: WEAK
2026-05-26 09:20:42 [INFO] screener: [AI] DGNS.JK — Win Rate: 15.0%  Verdict: WEAK
2026-05-26 09:20:42 [INFO] screener: [AI] TSPC.JK — Win Rate: 32.6%  Verdict: WEAK
2026-05-26 09:20:42 [INFO] screener: [AI] PRDA.JK — Win Rate: 42.0%  Verdict: WEAK
2026-05-26 09:20:42 [INFO] screener: [AI] SAME.JK — Win Rate: 62.4%  Verdict: ULTRA BUY
2026-05-26 09:20:44 [INFO] screener: [AI] SMGR.JK — Win Rate: 76.1%  Verdict: ULTRA BUY
2026-05-26 09:20:45 [INFO] screener: [AI] INTP.JK — Win Rate: 51.8%  Verdict: BUY
2026-05-26 09:20:46 [INFO] screener: [AI] ISSP.JK — Win Rate: 8.7%  Verdict: WEAK
2026-05-26 09:20:47 [INFO] screener: [AI] SMBR.JK — Win Rate: 30.1%  Verdict: WEAK
2026-05-26 09:20:47 [INFO] screener: [AI] BAJA.JK — Win Rate: 44.4%  Verdict: WEAK
2026-05-26 09:20:47 [INFO] screener: [AI] TOTO.JK — Win Rate: 12.4%  Verdict: WEAK
2026-05-26 09:20:47 [INFO] screener: [AI] ALKA.JK — Win Rate: 26.0%  Verdict: WEAK
2026-05-26 09:20:47 [INFO] screener: [AI] BRNA.JK — Win Rate: 12.6%  Verdict: WEAK
2026-05-26 09:20:47 [INFO] screener: [AI] ASSA.JK — Win Rate: 82.4%  Verdict: ULTRA BUY
2026-05-26 09:20:49 [WARNING] screener: [FUNDAMENTAL] GIAA.JK: PE tidak tersedia — pakai default 15
2026-05-26 09:20:49 [WARNING] screener: [FUNDAMENTAL] GIAA.JK: Book Value tidak tersedia — pakai default 1.5
2026-05-26 09:20:49 [INFO] screener: [AI] BIRD.JK — Win Rate: 11.8%  Verdict: WEAK
2026-05-26 09:20:51 [INFO] screener: [AI] HAIS.JK — Win Rate: 23.7%  Verdict: WEAK
2026-05-26 09:20:51 [INFO] screener: [AI] LSIP.JK — Win Rate: 78.3%  Verdict: ULTRA BUY
2026-05-26 09:20:53 [INFO] screener: [AI] NELY.JK — Win Rate: 28.3%  Verdict: WEAK
2026-05-26 09:20:53 [INFO] screener: [AI] BWPT.JK — Win Rate: 25.8%  Verdict: WEAK
2026-05-26 09:20:54 [INFO] screener: [AI] TBLA.JK — Win Rate: 42.3%  Verdict: WEAK
2026-05-26 09:20:54 [WARNING] screener: [FUNDAMENTAL] PMUI.JK: PE tidak tersedia — pakai default 15
2026-05-26 09:20:54 [INFO] screener: [AI] AALI.JK — Win Rate: 90.6%  Verdict: ULTRA BUY
2026-05-26 09:20:54 [WARNING] screener: [FUNDAMENTAL] AREA.JK: PE tidak tersedia — pakai default 15
2026-05-26 09:20:54 [INFO] screener: [AI] BPTR.JK — Win Rate: 5.8%  Verdict: WEAK
2026-05-26 09:20:55 [INFO] screener: [AI] SIMP.JK — Win Rate: 56.1%  Verdict: BUY
2026-05-26 09:20:56 [WARNING] screener: [FUNDAMENTAL] STRK.JK: PE tidak tersedia — pakai default 15
2026-05-26 09:20:56 [INFO] screener: [AI] TMAS.JK — Win Rate: 40.8%  Verdict: WEAK
2026-05-26 09:20:56 [INFO] screener: [AI] DSNG.JK — Win Rate: 63.0%  Verdict: ULTRA BUY
2026-05-26 09:20:57 [INFO] screener: [AI] PANI.JK — Win Rate: 29.3%  Verdict: WEAK
2026-05-26 09:20:57 [INFO] screener: [AI] TAPG.JK — Win Rate: 31.7%  Verdict: WEAK
2026-05-26 09:20:57 [WARNING] screener: [FUNDAMENTAL] AWAN.JK: PE tidak tersedia — pakai default 15
2026-05-26 09:20:57 [WARNING] screener: [FUNDAMENTAL] WIDI.JK: PE tidak tersedia — pakai default 15
2026-05-26 09:20:58 [WARNING] screener: [FUNDAMENTAL] GTRA.JK: PE tidak tersedia — pakai default 15
2026-05-26 09:20:58 [INFO] screener: [AI] SSMS.JK — Win Rate: 62.5%  Verdict: ULTRA BUY
2026-05-26 09:20:59 [INFO] screener: [AI] ALII.JK — Win Rate: 26.3%  Verdict: WEAK
2026-05-26 09:21:00 [INFO] screener: [AI] PMUI.JK — Win Rate: 8.6%  Verdict: WEAK
2026-05-26 09:21:00 [INFO] screener: [AI] STRK.JK — Win Rate: 19.4%  Verdict: WEAK
2026-05-26 09:21:00 [INFO] screener: [AI] AREA.JK — Win Rate: 9.3%  Verdict: WEAK
2026-05-26 09:21:00 [INFO] screener: [AI] AWAN.JK — Win Rate: 10.3%  Verdict: WEAK
2026-05-26 09:21:00 [INFO] screener: [AI] WIDI.JK — Win Rate: 15.1%  Verdict: WEAK
2026-05-26 09:21:01 [INFO] screener: [AI] GTRA.JK — Win Rate: 7.0%  Verdict: WEAK
