2026-06-14 10:46:59 [INFO] screener: Memindai Arus Uang (Rotasi Sektor)...
2026-06-14 10:47:10 [INFO] screener: Rotasi sektor selesai (11 sektor dipindai)
2026-06-14 10:47:10 [INFO] screener: Mengunduh Cuaca Makro Global & Komoditas...
2026-06-14 10:47:10 [INFO] screener: Macro update — IHSG=+2.07% | USD=+0.22% | Trend=DOWN | Penalty=0.0
2026-06-14 10:47:16 [INFO] screener: [ENSEMBLE] Loaded v5.0 (threshold=0.678)
2026-06-14 10:47:16 [INFO] screener: [ENSEMBLE] Loaded v5.0 (threshold=0.678)
2026-06-14 10:47:16 [INFO] screener: [ENSEMBLE] Loaded v5.0 (threshold=0.678)
2026-06-14 10:47:16 [INFO] screener: [ENSEMBLE] Loaded v5.0 (threshold=0.678)
2026-06-14 10:47:16 [INFO] screener: [ENSEMBLE] Loaded v5.0 (threshold=0.678)
2026-06-14 10:47:16 [INFO] screener: [ENSEMBLE] Loaded v5.0 (threshold=0.678)
2026-06-14 10:47:16 [INFO] screener: [ENSEMBLE] Loaded v5.0 (threshold=0.678)
2026-06-14 10:47:16 [INFO] screener: [ENSEMBLE] Loaded v5.0 (threshold=0.678)
2026-06-14 10:47:17 [INFO] screener: [ENSEMBLE] Loaded v5.0 (threshold=0.678)
2026-06-14 10:47:17 [INFO] screener: [ENSEMBLE] Loaded v5.0 (threshold=0.678)
2026-06-14 10:47:17 [INFO] screener: [ENSEMBLE] Loaded v5.0 (threshold=0.678)
2026-06-14 10:47:17 [INFO] screener: [ENSEMBLE] Loaded v5.0 (threshold=0.678)
2026-06-14 10:47:17 [INFO] screener: [ENSEMBLE] Loaded v5.0 (threshold=0.678)
2026-06-14 10:47:17 [INFO] screener: [ENSEMBLE] Loaded v5.0 (threshold=0.678)
2026-06-14 10:47:20 [INFO] screener: [AI] ARTO.JK — Win Rate: 33.0%  Verdict: WEAK
2026-06-14 10:47:20 [INFO] screener: [AI] BBTN.JK — Win Rate: 9.3%  Verdict: WEAK
2026-06-14 10:47:20 [INFO] screener: [AI] BBCA.JK — Win Rate: 12.5%  Verdict: WEAK
2026-06-14 10:47:20 [INFO] screener: [AI] BBRI.JK — Win Rate: 55.2%  Verdict: BUY
2026-06-14 10:47:20 [INFO] screener: [AI] BBNI.JK — Win Rate: 26.4%  Verdict: WEAK
2026-06-14 10:47:20 [INFO] screener: [AI] BMRI.JK — Win Rate: 11.9%  Verdict: WEAK
2026-06-14 10:47:20 [INFO] screener: [AI] NISP.JK — Win Rate: 23.4%  Verdict: WEAK
2026-06-14 10:47:21 [INFO] screener: [AI] BNGA.JK — Win Rate: 28.6%  Verdict: WEAK
2026-06-14 10:47:21 [INFO] screener: [AI] BDMN.JK — Win Rate: 39.7%  Verdict: WEAK
2026-06-14 10:47:21 [INFO] screener: [AI] CFIN.JK — Win Rate: 44.2%  Verdict: WEAK
2026-06-14 10:47:21 [INFO] screener: [AI] BBYB.JK — Win Rate: 25.4%  Verdict: WEAK
2026-06-14 10:47:21 [INFO] screener: [AI] BRIS.JK — Win Rate: 11.1%  Verdict: WEAK
2026-06-14 10:47:21 [INFO] screener: [AI] BVIC.JK — Win Rate: 28.7%  Verdict: WEAK
2026-06-14 10:47:21 [INFO] screener: [AI] BTPS.JK — Win Rate: 26.7%  Verdict: WEAK
2026-06-14 10:47:22 [WARNING] screener: [FUNDAMENTAL] MLPL.JK: PE tidak tersedia — pakai default 15
2026-06-14 10:47:25 [INFO] screener: [AI] BSIM.JK — Win Rate: 20.5%  Verdict: WEAK
2026-06-14 10:47:25 [INFO] screener: [AI] BJTM.JK — Win Rate: 11.9%  Verdict: WEAK
2026-06-14 10:47:25 [INFO] screener: [AI] BJBR.JK — Win Rate: 29.1%  Verdict: WEAK
2026-06-14 10:47:26 [INFO] screener: [AI] BMTR.JK — Win Rate: 11.2%  Verdict: WEAK
2026-06-14 10:47:26 [INFO] screener: [AI] MLPL.JK — Win Rate: 13.1%  Verdict: WEAK
2026-06-14 10:47:26 [INFO] screener: [AI] SMMA.JK — Win Rate: 83.8%  Verdict: ULTRA BUY
2026-06-14 10:47:26 [INFO] screener: [AI] PNBN.JK — Win Rate: 34.8%  Verdict: WEAK
2026-06-14 10:47:26 [INFO] screener: [AI] UNTR.JK — Win Rate: 12.6%  Verdict: WEAK
2026-06-14 10:47:26 [WARNING] screener: [FUNDAMENTAL] MPPA.JK: PE tidak tersedia — pakai default 15
2026-06-14 10:47:27 [INFO] screener: [AI] ASII.JK — Win Rate: 42.8%  Verdict: WEAK
2026-06-14 10:47:27 [INFO] screener: [AI] BHIT.JK — Win Rate: 12.3%  Verdict: WEAK
2026-06-14 10:47:27 [INFO] screener: [AI] SRTG.JK — Win Rate: 35.8%  Verdict: WEAK
2026-06-14 10:47:27 [INFO] screener: [AI] LPKR.JK — Win Rate: 14.1%  Verdict: WEAK
2026-06-14 10:47:28 [WARNING] screener: [FUNDAMENTAL] GOTO.JK: PE tidak tersedia — pakai default 15
2026-06-14 10:47:28 [WARNING] screener: [FUNDAMENTAL] EXCL.JK: PE tidak tersedia — pakai default 15
2026-06-14 10:47:28 [WARNING] screener: [FUNDAMENTAL] BELI.JK: PE tidak tersedia — pakai default 15
2026-06-14 10:47:30 [INFO] screener: [AI] MPPA.JK — Win Rate: 51.8%  Verdict: BUY
2026-06-14 10:47:30 [INFO] screener: [AI] BNLI.JK — Win Rate: 18.5%  Verdict: WEAK
2026-06-14 10:47:30 [INFO] screener: [AI] VIVA.JK — Win Rate: 32.5%  Verdict: WEAK
2026-06-14 10:47:31 [INFO] screener: [AI] SCMA.JK — Win Rate: 33.7%  Verdict: WEAK
2026-06-14 10:47:32 [WARNING] screener: [FUNDAMENTAL] KREN.JK: PE tidak tersedia — pakai default 15
2026-06-14 10:47:32 [INFO] screener: [AI] GOTO.JK — Win Rate: 56.1%  Verdict: BUY
2026-06-14 10:47:32 [INFO] screener: [AI] BUKA.JK — Win Rate: 37.4%  Verdict: WEAK
2026-06-14 10:47:33 [INFO] screener: [AI] ISAT.JK — Win Rate: 70.8%  Verdict: ULTRA BUY
2026-06-14 10:47:33 [INFO] screener: [AI] EXCL.JK — Win Rate: 56.4%  Verdict: BUY
2026-06-14 10:47:33 [WARNING] screener: [FUNDAMENTAL] AXIO.JK: PE tidak tersedia — pakai default 15
2026-06-14 10:47:35 [INFO] screener: [AI] TLKM.JK — Win Rate: 37.0%  Verdict: WEAK
2026-06-14 10:47:35 [INFO] screener: [AI] BELI.JK — Win Rate: 57.9%  Verdict: BUY
2026-06-14 10:47:36 [INFO] screener: [AI] MLPT.JK — Win Rate: 7.8%  Verdict: WEAK
2026-06-14 10:47:36 [INFO] screener: [AI] EMTK.JK — Win Rate: 21.4%  Verdict: WEAK
2026-06-14 10:47:37 [INFO] screener: [AI] WIFI.JK — Win Rate: 28.7%  Verdict: WEAK
2026-06-14 10:47:37 [INFO] screener: [AI] MTDL.JK — Win Rate: 24.3%  Verdict: WEAK
2026-06-14 10:47:38 [INFO] screener: [AI] DMMX.JK — Win Rate: 29.0%  Verdict: WEAK
2026-06-14 10:47:38 [INFO] screener: [AI] GLVA.JK — Win Rate: 29.9%  Verdict: WEAK
2026-06-14 10:47:38 [INFO] screener: [AI] AXIO.JK — Win Rate: 32.4%  Verdict: WEAK
2026-06-14 10:47:39 [INFO] screener: [AI] PTBA.JK — Win Rate: 45.3%  Verdict: WEAK
2026-06-14 10:47:42 [INFO] screener: [AI] DEWA.JK — Win Rate: 25.0%  Verdict: WEAK
2026-06-14 10:47:44 [INFO] screener: [AI] AKRA.JK — Win Rate: 55.3%  Verdict: BUY
2026-06-14 10:47:44 [INFO] screener: [AI] TINS.JK — Win Rate: 10.7%  Verdict: WEAK
2026-06-14 10:47:44 [WARNING] screener: [FUNDAMENTAL] DOID.JK: PE tidak tersedia — pakai default 15
2026-06-14 10:47:45 [INFO] screener: [AI] ANTM.JK — Win Rate: 10.3%  Verdict: WEAK
2026-06-14 10:47:46 [WARNING] screener: [FUNDAMENTAL] PTPP.JK: PE tidak tersedia — pakai default 15
2026-06-14 10:47:46 [WARNING] screener: [FUNDAMENTAL] WEGE.JK: PE tidak tersedia — pakai default 15
2026-06-14 10:47:46 [WARNING] screener: [FUNDAMENTAL] TOBA.JK: PE tidak tersedia — pakai default 15
2026-06-14 10:47:46 [WARNING] screener: [FUNDAMENTAL] PPRE.JK: PE tidak tersedia — pakai default 15
2026-06-14 10:47:46 [WARNING] screener: [FUNDAMENTAL] ADHI.JK: PE tidak tersedia — pakai default 15
2026-06-14 10:47:46 [WARNING] screener: [FUNDAMENTAL] ACST.JK: PE tidak tersedia — pakai default 15
2026-06-14 10:47:48 [INFO] screener: [AI] NCKL.JK — Win Rate: 19.4%  Verdict: WEAK
2026-06-14 10:47:48 [INFO] screener: [AI] RMKE.JK — Win Rate: 38.8%  Verdict: WEAK
2026-06-14 10:47:49 [INFO] screener: [AI] PTPP.JK — Win Rate: 14.5%  Verdict: WEAK
2026-06-14 10:47:49 [INFO] screener: [AI] ADHI.JK — Win Rate: 24.1%  Verdict: WEAK
2026-06-14 10:47:49 [INFO] screener: [AI] WEGE.JK — Win Rate: 17.5%  Verdict: WEAK
2026-06-14 10:47:49 [INFO] screener: [AI] PPRE.JK — Win Rate: 21.2%  Verdict: WEAK
2026-06-14 10:47:50 [WARNING] screener: [FUNDAMENTAL] LEAD.JK: PE tidak tersedia — pakai default 15
2026-06-14 10:47:50 [INFO] screener: [AI] JSMR.JK — Win Rate: 53.1%  Verdict: BUY
2026-06-14 10:47:50 [INFO] screener: [AI] ACST.JK — Win Rate: 42.9%  Verdict: WEAK
2026-06-14 10:47:52 [INFO] screener: [AI] TOTL.JK — Win Rate: 17.0%  Verdict: WEAK
2026-06-14 10:47:52 [INFO] screener: [AI] JKON.JK — Win Rate: 12.6%  Verdict: WEAK
2026-06-14 10:47:52 [INFO] screener: [AI] CMNP.JK — Win Rate: 30.0%  Verdict: WEAK
2026-06-14 10:47:53 [INFO] screener: [AI] BIRD.JK — Win Rate: 28.9%  Verdict: WEAK
2026-06-14 10:47:54 [INFO] screener: [AI] UNVR.JK — Win Rate: 57.3%  Verdict: BUY
2026-06-14 10:47:55 [WARNING] screener: [FUNDAMENTAL] KAEF.JK: PE tidak tersedia — pakai default 15
2026-06-14 10:47:56 [INFO] screener: [AI] ICBP.JK — Win Rate: 39.3%  Verdict: WEAK
2026-06-14 10:47:56 [INFO] screener: [AI] INDF.JK — Win Rate: 19.1%  Verdict: WEAK
2026-06-14 10:47:56 [INFO] screener: [AI] MYOR.JK — Win Rate: 42.1%  Verdict: WEAK
2026-06-14 10:47:56 [INFO] screener: [AI] GOOD.JK — Win Rate: 42.5%  Verdict: WEAK
2026-06-14 10:47:57 [INFO] screener: [AI] ROTI.JK — Win Rate: 13.1%  Verdict: WEAK
2026-06-14 10:47:57 [INFO] screener: [AI] CAMP.JK — Win Rate: 35.4%  Verdict: WEAK
2026-06-14 10:47:57 [INFO] screener: [AI] CLEO.JK — Win Rate: 26.7%  Verdict: WEAK
2026-06-14 10:47:57 [INFO] screener: [AI] ADES.JK — Win Rate: 44.2%  Verdict: WEAK
2026-06-14 10:47:57 [INFO] screener: [AI] STTP.JK — Win Rate: 73.7%  Verdict: ULTRA BUY
2026-06-14 10:47:59 [INFO] screener: [AI] SIDO.JK — Win Rate: 44.1%  Verdict: WEAK
2026-06-14 10:47:59 [INFO] screener: [AI] KAEF.JK — Win Rate: 36.1%  Verdict: WEAK
2026-06-14 10:47:59 [INFO] screener: [AI] PEHA.JK — Win Rate: 21.5%  Verdict: WEAK
2026-06-14 10:48:00 [WARNING] screener: [FUNDAMENTAL] MPPA.JK: PE tidak tersedia — pakai default 15
2026-06-14 10:48:01 [WARNING] screener: [FUNDAMENTAL] HOKI.JK: PE tidak tersedia — pakai default 15
2026-06-14 10:48:01 [INFO] screener: [AI] MPPA.JK — Win Rate: 51.8%  Verdict: BUY
2026-06-14 10:48:04 [INFO] screener: [AI] ERAA.JK — Win Rate: 26.1%  Verdict: WEAK
2026-06-14 10:48:05 [INFO] screener: [AI] MAPA.JK — Win Rate: 50.8%  Verdict: BUY
2026-06-14 10:48:07 [INFO] screener: [AI] MIDI.JK — Win Rate: 43.9%  Verdict: WEAK
2026-06-14 10:48:07 [INFO] screener: [AI] ACES.JK — Win Rate: 7.8%  Verdict: WEAK
2026-06-14 10:48:07 [INFO] screener: [AI] MAPI.JK — Win Rate: 35.8%  Verdict: WEAK
2026-06-14 10:48:07 [INFO] screener: [AI] BSDE.JK — Win Rate: 19.3%  Verdict: WEAK
2026-06-14 10:48:07 [INFO] screener: [AI] LPPF.JK — Win Rate: 20.1%  Verdict: WEAK
2026-06-14 10:48:07 [INFO] screener: [AI] JPFA.JK — Win Rate: 73.6%  Verdict: ULTRA BUY
2026-06-14 10:48:08 [INFO] screener: [AI] RALS.JK — Win Rate: 14.4%  Verdict: WEAK
2026-06-14 10:48:08 [INFO] screener: [AI] AMRT.JK — Win Rate: 20.8%  Verdict: WEAK
2026-06-14 10:48:08 [INFO] screener: [AI] ENZO.JK — Win Rate: 22.2%  Verdict: WEAK
2026-06-14 10:48:08 [INFO] screener: [AI] HOKI.JK — Win Rate: 31.2%  Verdict: WEAK
2026-06-14 10:48:08 [INFO] screener: [AI] CPIN.JK — Win Rate: 34.1%  Verdict: WEAK
2026-06-14 10:48:10 [INFO] screener: [AI] CTRA.JK — Win Rate: 15.6%  Verdict: WEAK
2026-06-14 10:48:10 [WARNING] screener: [FUNDAMENTAL] PPRO.JK: PE tidak tersedia — pakai default 15
2026-06-14 10:48:11 [INFO] screener: [AI] SMRA.JK — Win Rate: 15.7%  Verdict: WEAK
2026-06-14 10:48:14 [INFO] screener: [AI] PPRO.JK — Win Rate: 14.6%  Verdict: WEAK
2026-06-14 10:48:14 [INFO] screener: [AI] ASRI.JK — Win Rate: 15.7%  Verdict: WEAK
2026-06-14 10:48:14 [INFO] screener: [AI] BKSL.JK — Win Rate: 11.8%  Verdict: WEAK
2026-06-14 10:48:14 [INFO] screener: [AI] DMAS.JK — Win Rate: 28.8%  Verdict: WEAK
2026-06-14 10:48:14 [INFO] screener: [AI] KIJA.JK — Win Rate: 28.3%  Verdict: WEAK
2026-06-14 10:48:14 [INFO] screener: [AI] MKPI.JK — Win Rate: 10.3%  Verdict: WEAK
2026-06-14 10:48:14 [INFO] screener: [AI] KLBF.JK — Win Rate: 15.7%  Verdict: WEAK
2026-06-14 10:48:14 [INFO] screener: [AI] DUTI.JK — Win Rate: 76.3%  Verdict: ULTRA BUY
2026-06-14 10:48:14 [INFO] screener: [AI] LPCK.JK — Win Rate: 33.2%  Verdict: WEAK
2026-06-14 10:48:14 [INFO] screener: [AI] DILD.JK — Win Rate: 11.2%  Verdict: WEAK
2026-06-14 10:48:14 [INFO] screener: [AI] PWON.JK — Win Rate: 34.7%  Verdict: WEAK
2026-06-14 10:48:14 [INFO] screener: [AI] GWSA.JK — Win Rate: 11.2%  Verdict: WEAK
2026-06-14 10:48:14 [INFO] screener: [AI] SSIA.JK — Win Rate: 41.7%  Verdict: WEAK
2026-06-14 10:48:16 [INFO] screener: [AI] MIKA.JK — Win Rate: 76.1%  Verdict: ULTRA BUY
2026-06-14 10:48:20 [WARNING] screener: [FUNDAMENTAL] BAJA.JK: PE tidak tersedia — pakai default 15
2026-06-14 10:48:21 [INFO] screener: [AI] TSPC.JK — Win Rate: 11.1%  Verdict: WEAK
2026-06-14 10:48:21 [INFO] screener: [AI] SILO.JK — Win Rate: 22.7%  Verdict: WEAK
2026-06-14 10:48:21 [INFO] screener: [AI] IRRA.JK — Win Rate: 31.3%  Verdict: WEAK
2026-06-14 10:48:21 [INFO] screener: [AI] HEAL.JK — Win Rate: 48.1%  Verdict: WEAK
2026-06-14 10:48:21 [INFO] screener: [AI] PRDA.JK — Win Rate: 63.5%  Verdict: ULTRA BUY
2026-06-14 10:48:21 [INFO] screener: [AI] INTP.JK — Win Rate: 76.3%  Verdict: ULTRA BUY
2026-06-14 10:48:21 [INFO] screener: [AI] DGNS.JK — Win Rate: 8.7%  Verdict: WEAK
2026-06-14 10:48:21 [INFO] screener: [AI] BMHS.JK — Win Rate: 17.6%  Verdict: WEAK
2026-06-14 10:48:22 [INFO] screener: [AI] SAME.JK — Win Rate: 17.6%  Verdict: WEAK
2026-06-14 10:48:23 [INFO] screener: [AI] SMBR.JK — Win Rate: 16.9%  Verdict: WEAK
2026-06-14 10:48:24 [INFO] screener: [AI] ISSP.JK — Win Rate: 20.9%  Verdict: WEAK
2026-06-14 10:48:24 [INFO] screener: [AI] SMGR.JK — Win Rate: 67.4%  Verdict: ULTRA BUY
2026-06-14 10:48:26 [INFO] screener: [AI] BAJA.JK — Win Rate: 70.5%  Verdict: ULTRA BUY
2026-06-14 10:48:28 [INFO] screener: [AI] ALKA.JK — Win Rate: 6.9%  Verdict: WEAK
2026-06-14 10:48:29 [INFO] screener: [AI] BRNA.JK — Win Rate: 34.3%  Verdict: WEAK
2026-06-14 10:48:29 [INFO] screener: [AI] ASSA.JK — Win Rate: 12.9%  Verdict: WEAK
2026-06-14 10:48:29 [INFO] screener: [AI] TOTO.JK — Win Rate: 30.3%  Verdict: WEAK
2026-06-14 10:48:30 [INFO] screener: [AI] BIRD.JK — Win Rate: 28.9%  Verdict: WEAK
2026-06-14 10:48:30 [WARNING] screener: [FUNDAMENTAL] GIAA.JK: PE tidak tersedia — pakai default 15
2026-06-14 10:48:30 [WARNING] screener: [FUNDAMENTAL] GIAA.JK: Book Value tidak tersedia — pakai default 1.5
2026-06-14 10:48:32 [INFO] screener: [AI] DSNG.JK — Win Rate: 14.9%  Verdict: WEAK
2026-06-14 10:48:34 [WARNING] screener: [FUNDAMENTAL] ANJT.JK: PE tidak tersedia — pakai default 15
2026-06-14 10:48:34 [INFO] screener: [AI] PANI.JK — Win Rate: 14.8%  Verdict: WEAK
2026-06-14 10:48:34 [INFO] screener: [AI] NELY.JK — Win Rate: 24.0%  Verdict: WEAK
2026-06-14 10:48:34 [INFO] screener: [AI] HAIS.JK — Win Rate: 31.3%  Verdict: WEAK
2026-06-14 10:48:34 [INFO] screener: [AI] SIMP.JK — Win Rate: 15.8%  Verdict: WEAK
2026-06-14 10:48:35 [INFO] screener: [AI] BPTR.JK — Win Rate: 13.1%  Verdict: WEAK
2026-06-14 10:48:35 [INFO] screener: [AI] BWPT.JK — Win Rate: 19.2%  Verdict: WEAK
2026-06-14 10:48:35 [INFO] screener: [AI] AALI.JK — Win Rate: 41.5%  Verdict: WEAK
2026-06-14 10:48:35 [INFO] screener: [AI] TMAS.JK — Win Rate: 17.6%  Verdict: WEAK
2026-06-14 10:48:35 [INFO] screener: [AI] LSIP.JK — Win Rate: 12.8%  Verdict: WEAK
2026-06-14 10:48:35 [INFO] screener: [AI] TBLA.JK — Win Rate: 16.9%  Verdict: WEAK
2026-06-14 10:48:35 [INFO] screener: [AI] TAPG.JK — Win Rate: 35.3%  Verdict: WEAK
2026-06-14 10:48:35 [INFO] screener: [AI] SSMS.JK — Win Rate: 20.2%  Verdict: WEAK
2026-06-14 10:48:35 [WARNING] screener: [FUNDAMENTAL] PMUI.JK: PE tidak tersedia — pakai default 15
2026-06-14 10:48:35 [WARNING] screener: [FUNDAMENTAL] AREA.JK: PE tidak tersedia — pakai default 15
2026-06-14 10:48:36 [WARNING] screener: [FUNDAMENTAL] STRK.JK: PE tidak tersedia — pakai default 15
2026-06-14 10:48:36 [WARNING] screener: [FUNDAMENTAL] WIDI.JK: PE tidak tersedia — pakai default 15
2026-06-14 10:48:36 [WARNING] screener: [FUNDAMENTAL] GTRA.JK: PE tidak tersedia — pakai default 15
2026-06-14 10:48:36 [WARNING] screener: [FUNDAMENTAL] AWAN.JK: PE tidak tersedia — pakai default 15
2026-06-14 10:48:37 [INFO] screener: [AI] ANJT.JK — Win Rate: 37.2%  Verdict: WEAK
2026-06-14 10:48:37 [INFO] screener: [AI] ALII.JK — Win Rate: 15.4%  Verdict: WEAK
2026-06-14 10:48:37 [INFO] screener: [AI] PMUI.JK — Win Rate: 35.3%  Verdict: WEAK
2026-06-14 10:48:38 [INFO] screener: [AI] STRK.JK — Win Rate: 75.0%  Verdict: ULTRA BUY
2026-06-14 10:48:39 [INFO] screener: [AI] AREA.JK — Win Rate: 13.9%  Verdict: WEAK
2026-06-14 10:48:39 [INFO] screener: [AI] WIDI.JK — Win Rate: 20.8%  Verdict: WEAK
2026-06-14 10:48:39 [INFO] screener: [AI] GTRA.JK — Win Rate: 11.7%  Verdict: WEAK
2026-06-14 10:48:39 [INFO] screener: [AI] AWAN.JK — Win Rate: 21.2%  Verdict: WEAK
2026-06-14 10:48:40 [INFO] backtest: [backtest] Tested=71 Skipped=0 WinRate=15.5% Sharpe=5.16
2026-06-14 14:37:41 [INFO] screener: Memindai Arus Uang (Rotasi Sektor)...
2026-06-14 14:37:51 [INFO] screener: Rotasi sektor selesai (11 sektor dipindai)
2026-06-14 14:37:51 [INFO] screener: Mengunduh Cuaca Makro Global & Komoditas...
2026-06-14 14:37:52 [INFO] screener: Macro update — IHSG=+2.07% | USD=+0.22% | Trend=DOWN | Penalty=0.0
2026-06-14 14:37:55 [INFO] screener: [ENSEMBLE] Loaded v5.0 (threshold=0.678)
2026-06-14 14:37:55 [INFO] screener: [ENSEMBLE] Loaded v5.0 (threshold=0.678)
2026-06-14 14:37:56 [INFO] screener: [ENSEMBLE] Loaded v5.0 (threshold=0.678)
2026-06-14 14:37:56 [INFO] screener: [ENSEMBLE] Loaded v5.0 (threshold=0.678)
2026-06-14 14:37:56 [INFO] screener: [ENSEMBLE] Loaded v5.0 (threshold=0.678)
2026-06-14 14:37:56 [INFO] screener: [ENSEMBLE] Loaded v5.0 (threshold=0.678)
2026-06-14 14:37:56 [INFO] screener: [ENSEMBLE] Loaded v5.0 (threshold=0.678)
2026-06-14 14:37:56 [INFO] screener: [ENSEMBLE] Loaded v5.0 (threshold=0.678)
2026-06-14 14:37:59 [INFO] screener: [AI] CFIN.JK — Win Rate: 44.2%  Verdict: WEAK
2026-06-14 14:37:59 [INFO] screener: [AI] BBTN.JK — Win Rate: 9.3%  Verdict: WEAK
2026-06-14 14:37:59 [INFO] screener: [AI] BBCA.JK — Win Rate: 12.5%  Verdict: WEAK
2026-06-14 14:37:59 [INFO] screener: [AI] BTPS.JK — Win Rate: 26.7%  Verdict: WEAK
2026-06-14 14:37:59 [INFO] screener: [AI] BNGA.JK — Win Rate: 28.6%  Verdict: WEAK
2026-06-14 14:37:59 [INFO] screener: [AI] BMRI.JK — Win Rate: 11.9%  Verdict: WEAK
2026-06-14 14:37:59 [INFO] screener: [AI] BRIS.JK — Win Rate: 11.1%  Verdict: WEAK
2026-06-14 14:37:59 [INFO] screener: [AI] NISP.JK — Win Rate: 23.4%  Verdict: WEAK
2026-06-14 14:37:59 [INFO] screener: [AI] BVIC.JK — Win Rate: 28.7%  Verdict: WEAK
2026-06-14 14:37:59 [INFO] screener: [AI] BBRI.JK — Win Rate: 55.2%  Verdict: BUY
2026-06-14 14:37:59 [INFO] screener: [AI] ARTO.JK — Win Rate: 33.0%  Verdict: WEAK
2026-06-14 14:37:59 [INFO] screener: [AI] BBNI.JK — Win Rate: 26.4%  Verdict: WEAK
2026-06-14 14:37:59 [INFO] screener: [AI] BDMN.JK — Win Rate: 39.7%  Verdict: WEAK
2026-06-14 14:37:59 [INFO] screener: [AI] BBYB.JK — Win Rate: 25.4%  Verdict: WEAK
2026-06-14 14:38:00 [WARNING] screener: [FUNDAMENTAL] MLPL.JK: PE tidak tersedia — set flag missing
2026-06-14 14:38:02 [INFO] screener: [AI] BJBR.JK — Win Rate: 29.1%  Verdict: WEAK
2026-06-14 14:38:02 [INFO] screener: [AI] BSIM.JK — Win Rate: 20.5%  Verdict: WEAK
2026-06-14 14:38:02 [INFO] screener: [AI] ASII.JK — Win Rate: 42.8%  Verdict: WEAK
2026-06-14 14:38:02 [INFO] screener: [AI] SRTG.JK — Win Rate: 35.8%  Verdict: WEAK
2026-06-14 14:38:03 [WARNING] screener: [FUNDAMENTAL] MPPA.JK: PE tidak tersedia — set flag missing
2026-06-14 14:38:03 [INFO] screener: [AI] BJTM.JK — Win Rate: 11.9%  Verdict: WEAK
2026-06-14 14:38:03 [INFO] screener: [AI] PNBN.JK — Win Rate: 34.8%  Verdict: WEAK
2026-06-14 14:38:03 [INFO] screener: [AI] SMMA.JK — Win Rate: 83.8%  Verdict: ULTRA BUY
2026-06-14 14:38:03 [INFO] screener: [AI] BMTR.JK — Win Rate: 11.2%  Verdict: WEAK
2026-06-14 14:38:04 [INFO] screener: [AI] LPKR.JK — Win Rate: 14.1%  Verdict: WEAK
2026-06-14 14:38:04 [INFO] screener: [AI] MLPL.JK — Win Rate: 14.3%  Verdict: WEAK
2026-06-14 14:38:04 [INFO] screener: [AI] BHIT.JK — Win Rate: 12.3%  Verdict: WEAK
2026-06-14 14:38:04 [INFO] screener: [AI] UNTR.JK — Win Rate: 12.6%  Verdict: WEAK
2026-06-14 14:38:05 [INFO] screener: [AI] VIVA.JK — Win Rate: 32.5%  Verdict: WEAK
2026-06-14 14:38:05 [WARNING] screener: [FUNDAMENTAL] GOTO.JK: PE tidak tersedia — set flag missing
2026-06-14 14:38:05 [WARNING] screener: [FUNDAMENTAL] EXCL.JK: PE tidak tersedia — set flag missing
2026-06-14 14:38:05 [WARNING] screener: [FUNDAMENTAL] BELI.JK: PE tidak tersedia — set flag missing
2026-06-14 14:38:06 [INFO] screener: [AI] MPPA.JK — Win Rate: 57.4%  Verdict: BUY
2026-06-14 14:38:06 [INFO] screener: [AI] SCMA.JK — Win Rate: 33.7%  Verdict: WEAK
2026-06-14 14:38:06 [INFO] screener: [AI] BNLI.JK — Win Rate: 18.5%  Verdict: WEAK
2026-06-14 14:38:07 [INFO] screener: [AI] TLKM.JK — Win Rate: 37.0%  Verdict: WEAK
2026-06-14 14:38:07 [INFO] screener: [AI] ISAT.JK — Win Rate: 70.8%  Verdict: ULTRA BUY
2026-06-14 14:38:08 [WARNING] screener: [FUNDAMENTAL] AXIO.JK: PE tidak tersedia — set flag missing
2026-06-14 14:38:08 [WARNING] screener: [FUNDAMENTAL] KREN.JK: PE tidak tersedia — set flag missing
2026-06-14 14:38:08 [INFO] screener: [AI] EXCL.JK — Win Rate: 50.0%  Verdict: BUY
2026-06-14 14:38:09 [INFO] screener: [AI] GOTO.JK — Win Rate: 63.1%  Verdict: ULTRA BUY
2026-06-14 14:38:10 [INFO] screener: [AI] WIFI.JK — Win Rate: 28.7%  Verdict: WEAK
2026-06-14 14:38:10 [INFO] screener: [AI] BUKA.JK — Win Rate: 37.4%  Verdict: WEAK
2026-06-14 14:38:10 [INFO] screener: [AI] EMTK.JK — Win Rate: 21.4%  Verdict: WEAK
2026-06-14 14:38:10 [INFO] screener: [AI] MTDL.JK — Win Rate: 24.3%  Verdict: WEAK
2026-06-14 14:38:10 [INFO] screener: [AI] BELI.JK — Win Rate: 67.0%  Verdict: ULTRA BUY
2026-06-14 14:38:11 [INFO] screener: [AI] AXIO.JK — Win Rate: 35.1%  Verdict: WEAK
2026-06-14 14:38:11 [INFO] screener: [AI] DMMX.JK — Win Rate: 29.0%  Verdict: WEAK
2026-06-14 14:38:11 [INFO] screener: [AI] GLVA.JK — Win Rate: 29.9%  Verdict: WEAK
2026-06-14 14:38:12 [INFO] screener: [AI] PTBA.JK — Win Rate: 45.3%  Verdict: WEAK
2026-06-14 14:38:15 [INFO] screener: [AI] TINS.JK — Win Rate: 10.7%  Verdict: WEAK
2026-06-14 14:38:15 [INFO] screener: [AI] DEWA.JK — Win Rate: 25.0%  Verdict: WEAK
2026-06-14 14:38:15 [INFO] screener: [AI] AKRA.JK — Win Rate: 55.3%  Verdict: BUY
2026-06-14 14:38:16 [WARNING] screener: [FUNDAMENTAL] DOID.JK: PE tidak tersedia — set flag missing
2026-06-14 14:38:16 [WARNING] screener: [FUNDAMENTAL] TOBA.JK: PE tidak tersedia — set flag missing
2026-06-14 14:38:16 [INFO] screener: [AI] ANTM.JK — Win Rate: 10.3%  Verdict: WEAK
2026-06-14 14:38:16 [WARNING] screener: [FUNDAMENTAL] PTPP.JK: PE tidak tersedia — set flag missing
2026-06-14 14:38:17 [WARNING] screener: [FUNDAMENTAL] WEGE.JK: PE tidak tersedia — set flag missing
2026-06-14 14:38:17 [WARNING] screener: [FUNDAMENTAL] ADHI.JK: PE tidak tersedia — set flag missing
2026-06-14 14:38:17 [WARNING] screener: [FUNDAMENTAL] PPRE.JK: PE tidak tersedia — set flag missing
2026-06-14 14:38:17 [WARNING] screener: [FUNDAMENTAL] ACST.JK: PE tidak tersedia — set flag missing
2026-06-14 14:38:18 [INFO] screener: [AI] RMKE.JK — Win Rate: 38.8%  Verdict: WEAK
2026-06-14 14:38:18 [INFO] screener: [AI] NCKL.JK — Win Rate: 19.4%  Verdict: WEAK
2026-06-14 14:38:18 [WARNING] screener: [FUNDAMENTAL] LEAD.JK: PE tidak tersedia — set flag missing
2026-06-14 14:38:18 [INFO] screener: [AI] JSMR.JK — Win Rate: 53.1%  Verdict: BUY
2026-06-14 14:38:20 [INFO] screener: [AI] PTPP.JK — Win Rate: 15.2%  Verdict: WEAK
2026-06-14 14:38:20 [INFO] screener: [AI] ADHI.JK — Win Rate: 25.5%  Verdict: WEAK
2026-06-14 14:38:20 [INFO] screener: [AI] WEGE.JK — Win Rate: 18.1%  Verdict: WEAK
2026-06-14 14:38:20 [INFO] screener: [AI] JKON.JK — Win Rate: 12.6%  Verdict: WEAK
2026-06-14 14:38:20 [INFO] screener: [AI] TOTL.JK — Win Rate: 17.0%  Verdict: WEAK
2026-06-14 14:38:20 [INFO] screener: [AI] ACST.JK — Win Rate: 44.3%  Verdict: WEAK
2026-06-14 14:38:20 [INFO] screener: [AI] PPRE.JK — Win Rate: 21.2%  Verdict: WEAK
2026-06-14 14:38:21 [INFO] screener: [AI] BIRD.JK — Win Rate: 28.9%  Verdict: WEAK
2026-06-14 14:38:21 [INFO] screener: [AI] CMNP.JK — Win Rate: 30.0%  Verdict: WEAK
2026-06-14 14:38:21 [INFO] screener: [AI] INDF.JK — Win Rate: 19.1%  Verdict: WEAK
2026-06-14 14:38:22 [WARNING] screener: [FUNDAMENTAL] KAEF.JK: PE tidak tersedia — set flag missing
2026-06-14 14:38:22 [INFO] screener: [AI] UNVR.JK — Win Rate: 57.3%  Verdict: BUY
2026-06-14 14:38:23 [INFO] screener: [AI] MYOR.JK — Win Rate: 42.1%  Verdict: WEAK
2026-06-14 14:38:23 [INFO] screener: [AI] ICBP.JK — Win Rate: 39.3%  Verdict: WEAK
2026-06-14 14:38:23 [INFO] screener: [AI] CLEO.JK — Win Rate: 26.7%  Verdict: WEAK
2026-06-14 14:38:23 [INFO] screener: [AI] ROTI.JK — Win Rate: 13.1%  Verdict: WEAK
2026-06-14 14:38:23 [INFO] screener: [AI] ADES.JK — Win Rate: 44.2%  Verdict: WEAK
2026-06-14 14:38:23 [INFO] screener: [AI] GOOD.JK — Win Rate: 42.5%  Verdict: WEAK
2026-06-14 14:38:23 [INFO] screener: [AI] CAMP.JK — Win Rate: 35.4%  Verdict: WEAK
2026-06-14 14:38:24 [INFO] screener: [AI] STTP.JK — Win Rate: 73.7%  Verdict: ULTRA BUY
2026-06-14 14:38:25 [INFO] screener: [AI] SIDO.JK — Win Rate: 44.1%  Verdict: WEAK
2026-06-14 14:38:25 [INFO] screener: [AI] PEHA.JK — Win Rate: 21.5%  Verdict: WEAK
2026-06-14 14:38:25 [INFO] screener: [AI] KAEF.JK — Win Rate: 39.4%  Verdict: WEAK
2026-06-14 14:38:26 [WARNING] screener: [FUNDAMENTAL] HOKI.JK: PE tidak tersedia — set flag missing
2026-06-14 14:38:26 [WARNING] screener: [FUNDAMENTAL] MPPA.JK: PE tidak tersedia — set flag missing
2026-06-14 14:38:27 [INFO] screener: [AI] MPPA.JK — Win Rate: 57.4%  Verdict: BUY
2026-06-14 14:38:29 [INFO] screener: [AI] MAPI.JK — Win Rate: 35.8%  Verdict: WEAK
2026-06-14 14:38:29 [INFO] screener: [AI] ACES.JK — Win Rate: 7.8%  Verdict: WEAK
2026-06-14 14:38:29 [INFO] screener: [AI] MIDI.JK — Win Rate: 43.9%  Verdict: WEAK
2026-06-14 14:38:29 [INFO] screener: [AI] ERAA.JK — Win Rate: 26.1%  Verdict: WEAK
2026-06-14 14:38:29 [INFO] screener: [AI] MAPA.JK — Win Rate: 50.8%  Verdict: BUY
2026-06-14 14:38:29 [INFO] screener: [AI] LPPF.JK — Win Rate: 20.1%  Verdict: WEAK
2026-06-14 14:38:30 [INFO] screener: [AI] HOKI.JK — Win Rate: 36.7%  Verdict: WEAK
2026-06-14 14:38:30 [INFO] screener: [AI] RALS.JK — Win Rate: 14.4%  Verdict: WEAK
2026-06-14 14:38:30 [INFO] screener: [AI] BSDE.JK — Win Rate: 19.3%  Verdict: WEAK
2026-06-14 14:38:30 [INFO] screener: [AI] AMRT.JK — Win Rate: 20.8%  Verdict: WEAK
2026-06-14 14:38:30 [INFO] screener: [AI] CPIN.JK — Win Rate: 34.1%  Verdict: WEAK
2026-06-14 14:38:30 [INFO] screener: [AI] ENZO.JK — Win Rate: 22.2%  Verdict: WEAK
2026-06-14 14:38:30 [INFO] screener: [AI] JPFA.JK — Win Rate: 73.6%  Verdict: ULTRA BUY
2026-06-14 14:38:32 [INFO] screener: [AI] CTRA.JK — Win Rate: 15.6%  Verdict: WEAK
2026-06-14 14:38:32 [WARNING] screener: [FUNDAMENTAL] PPRO.JK: PE tidak tersedia — set flag missing
2026-06-14 14:38:33 [INFO] screener: [AI] SMRA.JK — Win Rate: 15.7%  Verdict: WEAK
2026-06-14 14:38:33 [INFO] screener: [AI] PWON.JK — Win Rate: 34.7%  Verdict: WEAK
2026-06-14 14:38:33 [INFO] screener: [AI] ASRI.JK — Win Rate: 15.7%  Verdict: WEAK
2026-06-14 14:38:34 [INFO] screener: [AI] DILD.JK — Win Rate: 11.2%  Verdict: WEAK
2026-06-14 14:38:34 [INFO] screener: [AI] DUTI.JK — Win Rate: 76.3%  Verdict: ULTRA BUY
2026-06-14 14:38:35 [INFO] screener: [AI] LPCK.JK — Win Rate: 33.2%  Verdict: WEAK
2026-06-14 14:38:35 [INFO] screener: [AI] DMAS.JK — Win Rate: 28.8%  Verdict: WEAK
2026-06-14 14:38:35 [INFO] screener: [AI] GWSA.JK — Win Rate: 11.2%  Verdict: WEAK
2026-06-14 14:38:35 [INFO] screener: [AI] BKSL.JK — Win Rate: 11.8%  Verdict: WEAK
2026-06-14 14:38:35 [INFO] screener: [AI] SSIA.JK — Win Rate: 41.7%  Verdict: WEAK
2026-06-14 14:38:35 [INFO] screener: [AI] MKPI.JK — Win Rate: 10.3%  Verdict: WEAK
2026-06-14 14:38:35 [INFO] screener: [AI] PPRO.JK — Win Rate: 16.4%  Verdict: WEAK
2026-06-14 14:38:36 [INFO] screener: [AI] KLBF.JK — Win Rate: 15.7%  Verdict: WEAK
2026-06-14 14:38:36 [INFO] screener: [AI] KIJA.JK — Win Rate: 28.3%  Verdict: WEAK
2026-06-14 14:38:36 [INFO] screener: [AI] SILO.JK — Win Rate: 22.7%  Verdict: WEAK
2026-06-14 14:38:36 [INFO] screener: [AI] MIKA.JK — Win Rate: 76.1%  Verdict: ULTRA BUY
2026-06-14 14:38:37 [INFO] screener: [AI] HEAL.JK — Win Rate: 48.1%  Verdict: WEAK
2026-06-14 14:38:38 [INFO] screener: [AI] PRDA.JK — Win Rate: 63.5%  Verdict: ULTRA BUY
2026-06-14 14:38:38 [WARNING] screener: [FUNDAMENTAL] BAJA.JK: PE tidak tersedia — set flag missing
2026-06-14 14:38:40 [INFO] screener: [AI] DGNS.JK — Win Rate: 8.7%  Verdict: WEAK
2026-06-14 14:38:40 [INFO] screener: [AI] IRRA.JK — Win Rate: 31.3%  Verdict: WEAK
2026-06-14 14:38:40 [INFO] screener: [AI] SAME.JK — Win Rate: 17.6%  Verdict: WEAK
2026-06-14 14:38:40 [INFO] screener: [AI] BMHS.JK — Win Rate: 17.6%  Verdict: WEAK
2026-06-14 14:38:40 [INFO] screener: [AI] SMGR.JK — Win Rate: 67.4%  Verdict: ULTRA BUY
2026-06-14 14:38:40 [INFO] screener: [AI] INTP.JK — Win Rate: 76.3%  Verdict: ULTRA BUY
2026-06-14 14:38:40 [INFO] screener: [AI] SMBR.JK — Win Rate: 16.9%  Verdict: WEAK
2026-06-14 14:38:42 [INFO] screener: [AI] ISSP.JK — Win Rate: 20.9%  Verdict: WEAK
2026-06-14 14:38:42 [INFO] screener: [AI] TSPC.JK — Win Rate: 11.1%  Verdict: WEAK
2026-06-14 14:38:43 [INFO] screener: [AI] BAJA.JK — Win Rate: 76.1%  Verdict: ULTRA BUY
2026-06-14 14:38:44 [INFO] screener: [AI] ALKA.JK — Win Rate: 6.9%  Verdict: WEAK
2026-06-14 14:38:44 [INFO] screener: [AI] BRNA.JK — Win Rate: 34.3%  Verdict: WEAK
2026-06-14 14:38:44 [INFO] screener: [AI] TOTO.JK — Win Rate: 30.3%  Verdict: WEAK
2026-06-14 14:38:44 [INFO] screener: [AI] ASSA.JK — Win Rate: 12.9%  Verdict: WEAK
2026-06-14 14:38:45 [INFO] screener: [AI] BIRD.JK — Win Rate: 28.9%  Verdict: WEAK
2026-06-14 14:38:46 [WARNING] screener: [FUNDAMENTAL] GIAA.JK: PE tidak tersedia — set flag missing
2026-06-14 14:38:46 [WARNING] screener: [FUNDAMENTAL] GIAA.JK: Book Value tidak tersedia — set flag missing
2026-06-14 14:38:48 [INFO] screener: [AI] HAIS.JK — Win Rate: 31.3%  Verdict: WEAK
2026-06-14 14:38:48 [INFO] screener: [AI] TMAS.JK — Win Rate: 17.6%  Verdict: WEAK
2026-06-14 14:38:48 [INFO] screener: [AI] TBLA.JK — Win Rate: 16.9%  Verdict: WEAK
2026-06-14 14:38:48 [INFO] screener: [AI] TAPG.JK — Win Rate: 35.3%  Verdict: WEAK
2026-06-14 14:38:48 [INFO] screener: [AI] BWPT.JK — Win Rate: 19.2%  Verdict: WEAK
2026-06-14 14:38:49 [INFO] screener: [AI] DSNG.JK — Win Rate: 14.9%  Verdict: WEAK
2026-06-14 14:38:49 [WARNING] screener: [FUNDAMENTAL] ANJT.JK: PE tidak tersedia — set flag missing
2026-06-14 14:38:49 [INFO] screener: [AI] LSIP.JK — Win Rate: 12.8%  Verdict: WEAK
2026-06-14 14:38:49 [INFO] screener: [AI] PANI.JK — Win Rate: 14.8%  Verdict: WEAK
2026-06-14 14:38:49 [INFO] screener: [AI] AALI.JK — Win Rate: 41.5%  Verdict: WEAK
2026-06-14 14:38:49 [INFO] screener: [AI] SIMP.JK — Win Rate: 15.8%  Verdict: WEAK
2026-06-14 14:38:49 [INFO] screener: [AI] BPTR.JK — Win Rate: 13.1%  Verdict: WEAK
2026-06-14 14:38:49 [INFO] screener: [AI] NELY.JK — Win Rate: 24.0%  Verdict: WEAK
2026-06-14 14:38:49 [INFO] screener: [AI] GIAA.JK — Win Rate: 15.4%  Verdict: WEAK
2026-06-14 14:38:49 [WARNING] screener: [FUNDAMENTAL] PMUI.JK: PE tidak tersedia — set flag missing
2026-06-14 14:38:49 [WARNING] screener: [FUNDAMENTAL] AREA.JK: PE tidak tersedia — set flag missing
2026-06-14 14:38:50 [INFO] screener: [AI] SSMS.JK — Win Rate: 20.2%  Verdict: WEAK
2026-06-14 14:38:50 [WARNING] screener: [FUNDAMENTAL] STRK.JK: PE tidak tersedia — set flag missing
2026-06-14 14:38:50 [WARNING] screener: [FUNDAMENTAL] WIDI.JK: PE tidak tersedia — set flag missing
2026-06-14 14:38:50 [WARNING] screener: [FUNDAMENTAL] AWAN.JK: PE tidak tersedia — set flag missing
2026-06-14 14:38:50 [WARNING] screener: [FUNDAMENTAL] GTRA.JK: PE tidak tersedia — set flag missing
2026-06-14 14:38:50 [INFO] screener: [AI] STRK.JK — Win Rate: 78.3%  Verdict: ULTRA BUY
2026-06-14 14:38:52 [INFO] screener: [AI] ANJT.JK — Win Rate: 42.4%  Verdict: WEAK
2026-06-14 14:38:52 [INFO] screener: [AI] PMUI.JK — Win Rate: 48.1%  Verdict: WEAK
2026-06-14 14:38:52 [INFO] screener: [AI] ALII.JK — Win Rate: 15.4%  Verdict: WEAK
2026-06-14 14:38:52 [INFO] screener: [AI] AREA.JK — Win Rate: 15.2%  Verdict: WEAK
2026-06-14 14:38:52 [INFO] screener: [AI] WIDI.JK — Win Rate: 22.2%  Verdict: WEAK
2026-06-14 14:38:52 [INFO] screener: [AI] GTRA.JK — Win Rate: 12.3%  Verdict: WEAK
2026-06-14 14:38:52 [INFO] screener: [AI] AWAN.JK — Win Rate: 20.2%  Verdict: WEAK
2026-06-14 14:38:53 [INFO] backtest: [backtest] Tested=71 Skipped=0 WinRate=14.1% Sharpe=4.71
