2026-06-02 09:42:20 [INFO] screener: Memindai Arus Uang (Rotasi Sektor)...
2026-06-02 09:42:31 [INFO] screener: Rotasi sektor selesai (11 sektor dipindai)
2026-06-02 09:42:31 [INFO] screener: Mengunduh Cuaca Makro Global & Komoditas...
2026-06-02 09:42:31 [INFO] screener: Macro update — IHSG=+1.08% | USD=+0.35% | Trend=DOWN | Penalty=0.5
2026-06-02 09:42:36 [INFO] screener: [ENSEMBLE] Loaded v5.0 (threshold=0.671)
2026-06-02 09:42:36 [INFO] screener: [ENSEMBLE] Loaded v5.0 (threshold=0.671)
2026-06-02 09:42:36 [INFO] screener: [ENSEMBLE] Loaded v5.0 (threshold=0.671)
2026-06-02 09:42:36 [INFO] screener: [ENSEMBLE] Loaded v5.0 (threshold=0.671)
2026-06-02 09:42:37 [INFO] screener: [ENSEMBLE] Loaded v5.0 (threshold=0.671)
2026-06-02 09:42:37 [INFO] screener: [ENSEMBLE] Loaded v5.0 (threshold=0.671)
2026-06-02 09:42:37 [INFO] screener: [ENSEMBLE] Loaded v5.0 (threshold=0.671)
2026-06-02 09:42:37 [INFO] screener: [ENSEMBLE] Loaded v5.0 (threshold=0.671)
2026-06-02 09:42:37 [INFO] screener: [ENSEMBLE] Loaded v5.0 (threshold=0.671)
2026-06-02 09:42:37 [INFO] screener: [ENSEMBLE] Loaded v5.0 (threshold=0.671)
2026-06-02 09:42:37 [INFO] screener: [ENSEMBLE] Loaded v5.0 (threshold=0.671)
2026-06-02 09:42:37 [INFO] screener: [ENSEMBLE] Loaded v5.0 (threshold=0.671)
2026-06-02 09:42:37 [INFO] screener: [ENSEMBLE] Loaded v5.0 (threshold=0.671)
2026-06-02 09:42:37 [INFO] screener: [ENSEMBLE] Loaded v5.0 (threshold=0.671)
2026-06-02 09:42:41 [INFO] screener: [AI] BNGA.JK — Win Rate: 40.4%  Verdict: WEAK
2026-06-02 09:42:41 [INFO] screener: [AI] NISP.JK — Win Rate: 17.4%  Verdict: WEAK
2026-06-02 09:42:41 [INFO] screener: [AI] BDMN.JK — Win Rate: 19.5%  Verdict: WEAK
2026-06-02 09:42:41 [INFO] screener: [AI] BBTN.JK — Win Rate: 22.1%  Verdict: WEAK
2026-06-02 09:42:41 [INFO] screener: [AI] BRIS.JK — Win Rate: 6.0%  Verdict: WEAK
2026-06-02 09:42:41 [INFO] screener: [AI] BBRI.JK — Win Rate: 39.2%  Verdict: WEAK
2026-06-02 09:42:41 [INFO] screener: [AI] BBYB.JK — Win Rate: 40.9%  Verdict: WEAK
2026-06-02 09:42:41 [INFO] screener: [AI] CFIN.JK — Win Rate: 9.2%  Verdict: WEAK
2026-06-02 09:42:41 [INFO] screener: [AI] ARTO.JK — Win Rate: 9.5%  Verdict: WEAK
2026-06-02 09:42:41 [INFO] screener: [AI] BTPS.JK — Win Rate: 7.3%  Verdict: WEAK
2026-06-02 09:42:41 [INFO] screener: [AI] BBCA.JK — Win Rate: 35.7%  Verdict: WEAK
2026-06-02 09:42:41 [INFO] screener: [AI] BMRI.JK — Win Rate: 48.0%  Verdict: WEAK
2026-06-02 09:42:41 [INFO] screener: [AI] BVIC.JK — Win Rate: 11.0%  Verdict: WEAK
2026-06-02 09:42:41 [INFO] screener: [AI] BBNI.JK — Win Rate: 9.7%  Verdict: WEAK
2026-06-02 09:42:42 [WARNING] screener: [FUNDAMENTAL] MLPL.JK: PE tidak tersedia — pakai default 15
2026-06-02 09:42:45 [INFO] screener: [AI] SMMA.JK — Win Rate: 14.6%  Verdict: WEAK
2026-06-02 09:42:46 [INFO] screener: [AI] ASII.JK — Win Rate: 86.6%  Verdict: ULTRA BUY
2026-06-02 09:42:46 [INFO] screener: [AI] BJBR.JK — Win Rate: 32.9%  Verdict: WEAK
2026-06-02 09:42:47 [WARNING] screener: [FUNDAMENTAL] MPPA.JK: PE tidak tersedia — pakai default 15
2026-06-02 09:42:47 [INFO] screener: [AI] LPKR.JK — Win Rate: 11.4%  Verdict: WEAK
2026-06-02 09:42:47 [INFO] screener: [AI] BJTM.JK — Win Rate: 46.0%  Verdict: WEAK
2026-06-02 09:42:47 [INFO] screener: [AI] SRTG.JK — Win Rate: 19.4%  Verdict: WEAK
2026-06-02 09:42:47 [INFO] screener: [AI] MLPL.JK — Win Rate: 23.8%  Verdict: WEAK
2026-06-02 09:42:47 [INFO] screener: [AI] UNTR.JK — Win Rate: 79.9%  Verdict: ULTRA BUY
2026-06-02 09:42:48 [INFO] screener: [AI] BMTR.JK — Win Rate: 44.7%  Verdict: WEAK
2026-06-02 09:42:49 [INFO] screener: [AI] BSIM.JK — Win Rate: 11.2%  Verdict: WEAK
2026-06-02 09:42:49 [INFO] screener: [AI] BHIT.JK — Win Rate: 9.5%  Verdict: WEAK
2026-06-02 09:42:49 [INFO] screener: [AI] PNBN.JK — Win Rate: 41.8%  Verdict: WEAK
2026-06-02 09:42:50 [WARNING] screener: [FUNDAMENTAL] GOTO.JK: PE tidak tersedia — pakai default 15
2026-06-02 09:42:51 [WARNING] screener: [FUNDAMENTAL] EXCL.JK: PE tidak tersedia — pakai default 15
2026-06-02 09:42:51 [WARNING] screener: [FUNDAMENTAL] BELI.JK: PE tidak tersedia — pakai default 15
2026-06-02 09:42:52 [INFO] screener: [AI] MPPA.JK — Win Rate: 7.3%  Verdict: WEAK
2026-06-02 09:42:52 [INFO] screener: [AI] BNLI.JK — Win Rate: 15.1%  Verdict: WEAK
2026-06-02 09:42:52 [INFO] screener: [AI] SCMA.JK — Win Rate: 40.2%  Verdict: WEAK
2026-06-02 09:42:52 [INFO] screener: [AI] VIVA.JK — Win Rate: 8.8%  Verdict: WEAK
2026-06-02 09:42:54 [WARNING] screener: [FUNDAMENTAL] AXIO.JK: PE tidak tersedia — pakai default 15
2026-06-02 09:42:54 [WARNING] screener: [FUNDAMENTAL] KREN.JK: PE tidak tersedia — pakai default 15
2026-06-02 09:42:54 [INFO] screener: [AI] TLKM.JK — Win Rate: 41.6%  Verdict: WEAK
2026-06-02 09:42:54 [INFO] screener: [AI] BUKA.JK — Win Rate: 42.4%  Verdict: WEAK
2026-06-02 09:42:54 [INFO] screener: [AI] EXCL.JK — Win Rate: 31.9%  Verdict: WEAK
2026-06-02 09:42:54 [INFO] screener: [AI] ISAT.JK — Win Rate: 17.5%  Verdict: WEAK
2026-06-02 09:42:54 [INFO] screener: [AI] GOTO.JK — Win Rate: 15.4%  Verdict: WEAK
2026-06-02 09:42:54 [INFO] screener: [AI] MLPT.JK — Win Rate: 10.2%  Verdict: WEAK
2026-06-02 09:42:54 [INFO] screener: [AI] EMTK.JK — Win Rate: 84.9%  Verdict: ULTRA BUY
2026-06-02 09:42:56 [INFO] screener: [AI] BELI.JK — Win Rate: 36.5%  Verdict: WEAK
2026-06-02 09:42:56 [INFO] screener: [AI] WIFI.JK — Win Rate: 26.1%  Verdict: WEAK
2026-06-02 09:42:57 [INFO] screener: [AI] DMMX.JK — Win Rate: 16.1%  Verdict: WEAK
2026-06-02 09:42:57 [INFO] screener: [AI] MTDL.JK — Win Rate: 31.5%  Verdict: WEAK
2026-06-02 09:42:57 [INFO] screener: [AI] AXIO.JK — Win Rate: 31.4%  Verdict: WEAK
2026-06-02 09:42:57 [INFO] screener: [AI] KREN.JK — Win Rate: 30.4%  Verdict: WEAK
2026-06-02 09:42:57 [INFO] screener: [AI] GLVA.JK — Win Rate: 81.4%  Verdict: ULTRA BUY
2026-06-02 09:42:59 [INFO] screener: [AI] PTBA.JK — Win Rate: 21.0%  Verdict: WEAK
2026-06-02 09:43:02 [INFO] screener: [AI] DEWA.JK — Win Rate: 53.8%  Verdict: BUY
2026-06-02 09:43:04 [INFO] screener: [AI] TINS.JK — Win Rate: 13.2%  Verdict: WEAK
2026-06-02 09:43:05 [INFO] screener: [AI] AKRA.JK — Win Rate: 80.2%  Verdict: ULTRA BUY
2026-06-02 09:43:06 [INFO] screener: [AI] ANTM.JK — Win Rate: 69.1%  Verdict: ULTRA BUY
2026-06-02 09:43:06 [WARNING] screener: [FUNDAMENTAL] DOID.JK: PE tidak tersedia — pakai default 15
2026-06-02 09:43:07 [WARNING] screener: [FUNDAMENTAL] TOBA.JK: PE tidak tersedia — pakai default 15
2026-06-02 09:43:07 [WARNING] screener: [FUNDAMENTAL] PTPP.JK: PE tidak tersedia — pakai default 15
2026-06-02 09:43:08 [WARNING] screener: [FUNDAMENTAL] WEGE.JK: PE tidak tersedia — pakai default 15
2026-06-02 09:43:08 [WARNING] screener: [FUNDAMENTAL] ADHI.JK: PE tidak tersedia — pakai default 15
2026-06-02 09:43:08 [WARNING] screener: [FUNDAMENTAL] ACST.JK: PE tidak tersedia — pakai default 15
2026-06-02 09:43:08 [WARNING] screener: [FUNDAMENTAL] PPRE.JK: PE tidak tersedia — pakai default 15
2026-06-02 09:43:09 [INFO] screener: [AI] NCKL.JK — Win Rate: 12.3%  Verdict: WEAK
2026-06-02 09:43:10 [INFO] screener: [AI] RMKE.JK — Win Rate: 13.4%  Verdict: WEAK
2026-06-02 09:43:11 [WARNING] screener: [FUNDAMENTAL] LEAD.JK: PE tidak tersedia — pakai default 15
2026-06-02 09:43:12 [INFO] screener: [AI] JSMR.JK — Win Rate: 23.6%  Verdict: WEAK
2026-06-02 09:43:12 [INFO] screener: [AI] ADHI.JK — Win Rate: 33.9%  Verdict: WEAK
2026-06-02 09:43:12 [INFO] screener: [AI] PTPP.JK — Win Rate: 14.4%  Verdict: WEAK
2026-06-02 09:43:12 [INFO] screener: [AI] WEGE.JK — Win Rate: 10.9%  Verdict: WEAK
2026-06-02 09:43:12 [INFO] screener: [AI] ACST.JK — Win Rate: 35.6%  Verdict: WEAK
2026-06-02 09:43:12 [INFO] screener: [AI] PPRE.JK — Win Rate: 10.3%  Verdict: WEAK
2026-06-02 09:43:12 [INFO] screener: [AI] TOTL.JK — Win Rate: 74.2%  Verdict: ULTRA BUY
2026-06-02 09:43:12 [INFO] screener: [AI] JKON.JK — Win Rate: 42.6%  Verdict: WEAK
2026-06-02 09:43:15 [INFO] screener: [AI] CMNP.JK — Win Rate: 39.2%  Verdict: WEAK
2026-06-02 09:43:15 [INFO] screener: [AI] BIRD.JK — Win Rate: 28.3%  Verdict: WEAK
2026-06-02 09:43:16 [WARNING] screener: [FUNDAMENTAL] KAEF.JK: PE tidak tersedia — pakai default 15
2026-06-02 09:43:17 [INFO] screener: [AI] INDF.JK — Win Rate: 14.9%  Verdict: WEAK
2026-06-02 09:43:17 [INFO] screener: [AI] MYOR.JK — Win Rate: 12.8%  Verdict: WEAK
2026-06-02 09:43:17 [INFO] screener: [AI] GOOD.JK — Win Rate: 40.6%  Verdict: WEAK
2026-06-02 09:43:17 [INFO] screener: [AI] ICBP.JK — Win Rate: 22.0%  Verdict: WEAK
2026-06-02 09:43:17 [INFO] screener: [AI] ROTI.JK — Win Rate: 21.1%  Verdict: WEAK
2026-06-02 09:43:17 [INFO] screener: [AI] CLEO.JK — Win Rate: 10.7%  Verdict: WEAK
2026-06-02 09:43:17 [INFO] screener: [AI] UNVR.JK — Win Rate: 9.4%  Verdict: WEAK
2026-06-02 09:43:17 [INFO] screener: [AI] CAMP.JK — Win Rate: 14.1%  Verdict: WEAK
2026-06-02 09:43:18 [INFO] screener: [AI] ADES.JK — Win Rate: 25.9%  Verdict: WEAK
2026-06-02 09:43:18 [INFO] screener: [AI] STTP.JK — Win Rate: 18.3%  Verdict: WEAK
2026-06-02 09:43:18 [INFO] screener: [AI] SIDO.JK — Win Rate: 46.9%  Verdict: WEAK
2026-06-02 09:43:18 [INFO] screener: [AI] KAEF.JK — Win Rate: 8.8%  Verdict: WEAK
2026-06-02 09:43:18 [INFO] screener: [AI] PEHA.JK — Win Rate: 26.5%  Verdict: WEAK
2026-06-02 09:43:19 [WARNING] screener: [FUNDAMENTAL] MPPA.JK: PE tidak tersedia — pakai default 15
2026-06-02 09:43:19 [WARNING] screener: [FUNDAMENTAL] HOKI.JK: PE tidak tersedia — pakai default 15
2026-06-02 09:43:20 [INFO] screener: [AI] MPPA.JK — Win Rate: 7.3%  Verdict: WEAK
2026-06-02 09:43:21 [INFO] screener: [AI] MAPA.JK — Win Rate: 6.9%  Verdict: WEAK
2026-06-02 09:43:22 [INFO] screener: [AI] AMRT.JK — Win Rate: 33.8%  Verdict: WEAK
2026-06-02 09:43:23 [INFO] screener: [AI] HOKI.JK — Win Rate: 34.4%  Verdict: WEAK
2026-06-02 09:43:23 [INFO] screener: [AI] MIDI.JK — Win Rate: 35.9%  Verdict: WEAK
2026-06-02 09:43:23 [INFO] screener: [AI] MAPI.JK — Win Rate: 14.7%  Verdict: WEAK
2026-06-02 09:43:23 [INFO] screener: [AI] ERAA.JK — Win Rate: 16.1%  Verdict: WEAK
2026-06-02 09:43:23 [INFO] screener: [AI] ACES.JK — Win Rate: 20.1%  Verdict: WEAK
2026-06-02 09:43:23 [INFO] screener: [AI] RALS.JK — Win Rate: 9.1%  Verdict: WEAK
2026-06-02 09:43:23 [INFO] screener: [AI] BSDE.JK — Win Rate: 70.9%  Verdict: ULTRA BUY
2026-06-02 09:43:24 [INFO] screener: [AI] ENZO.JK — Win Rate: 14.8%  Verdict: WEAK
2026-06-02 09:43:25 [INFO] screener: [AI] JPFA.JK — Win Rate: 77.9%  Verdict: ULTRA BUY
2026-06-02 09:43:25 [INFO] screener: [AI] LPPF.JK — Win Rate: 22.6%  Verdict: WEAK
2026-06-02 09:43:26 [INFO] screener: [AI] CPIN.JK — Win Rate: 42.8%  Verdict: WEAK
2026-06-02 09:43:27 [INFO] screener: [AI] CTRA.JK — Win Rate: 35.4%  Verdict: WEAK
2026-06-02 09:43:27 [WARNING] screener: [FUNDAMENTAL] PPRO.JK: PE tidak tersedia — pakai default 15
2026-06-02 09:43:29 [INFO] screener: [AI] SMRA.JK — Win Rate: 48.0%  Verdict: WEAK
2026-06-02 09:43:29 [INFO] screener: [AI] PWON.JK — Win Rate: 39.6%  Verdict: WEAK
2026-06-02 09:43:29 [INFO] screener: [AI] ASRI.JK — Win Rate: 9.5%  Verdict: WEAK
2026-06-02 09:43:30 [INFO] screener: [AI] DUTI.JK — Win Rate: 21.0%  Verdict: WEAK
2026-06-02 09:43:31 [INFO] screener: [AI] DILD.JK — Win Rate: 13.2%  Verdict: WEAK
2026-06-02 09:43:31 [INFO] screener: [AI] GWSA.JK — Win Rate: 40.0%  Verdict: WEAK
2026-06-02 09:43:31 [INFO] screener: [AI] DMAS.JK — Win Rate: 31.7%  Verdict: WEAK
2026-06-02 09:43:31 [INFO] screener: [AI] LPCK.JK — Win Rate: 61.7%  Verdict: ULTRA BUY
2026-06-02 09:43:31 [INFO] screener: [AI] BKSL.JK — Win Rate: 14.6%  Verdict: WEAK
2026-06-02 09:43:31 [INFO] screener: [AI] MKPI.JK — Win Rate: 20.3%  Verdict: WEAK
2026-06-02 09:43:32 [INFO] screener: [AI] PPRO.JK — Win Rate: 8.2%  Verdict: WEAK
2026-06-02 09:43:33 [INFO] screener: [AI] KIJA.JK — Win Rate: 23.1%  Verdict: WEAK
2026-06-02 09:43:33 [INFO] screener: [AI] KLBF.JK — Win Rate: 85.4%  Verdict: ULTRA BUY
2026-06-02 09:43:33 [INFO] screener: [AI] SSIA.JK — Win Rate: 12.7%  Verdict: WEAK
2026-06-02 09:43:35 [INFO] screener: [AI] MIKA.JK — Win Rate: 64.5%  Verdict: ULTRA BUY
2026-06-02 09:43:37 [INFO] screener: [AI] SILO.JK — Win Rate: 39.8%  Verdict: WEAK
2026-06-02 09:43:37 [INFO] screener: [AI] HEAL.JK — Win Rate: 58.4%  Verdict: BUY
2026-06-02 09:43:38 [INFO] screener: [AI] PRDA.JK — Win Rate: 26.1%  Verdict: WEAK
2026-06-02 09:43:39 [WARNING] screener: [FUNDAMENTAL] BAJA.JK: PE tidak tersedia — pakai default 15
2026-06-02 09:43:40 [INFO] screener: [AI] DGNS.JK — Win Rate: 11.9%  Verdict: WEAK
2026-06-02 09:43:40 [INFO] screener: [AI] BMHS.JK — Win Rate: 10.8%  Verdict: WEAK
2026-06-02 09:43:40 [INFO] screener: [AI] SAME.JK — Win Rate: 14.9%  Verdict: WEAK
2026-06-02 09:43:40 [INFO] screener: [AI] IRRA.JK — Win Rate: 15.9%  Verdict: WEAK
2026-06-02 09:43:40 [INFO] screener: [AI] INTP.JK — Win Rate: 7.5%  Verdict: WEAK
2026-06-02 09:43:40 [INFO] screener: [AI] SMGR.JK — Win Rate: 77.5%  Verdict: ULTRA BUY
2026-06-02 09:43:41 [INFO] screener: [AI] TSPC.JK — Win Rate: 23.1%  Verdict: WEAK
2026-06-02 09:43:41 [INFO] screener: [AI] SMBR.JK — Win Rate: 31.0%  Verdict: WEAK
2026-06-02 09:43:42 [INFO] screener: [AI] ISSP.JK — Win Rate: 10.2%  Verdict: WEAK
2026-06-02 09:43:42 [INFO] screener: [AI] BAJA.JK — Win Rate: 19.4%  Verdict: WEAK
2026-06-02 09:43:42 [INFO] screener: [AI] BRNA.JK — Win Rate: 14.3%  Verdict: WEAK
2026-06-02 09:43:43 [INFO] screener: [AI] TOTO.JK — Win Rate: 20.2%  Verdict: WEAK
2026-06-02 09:43:43 [INFO] screener: [AI] ASSA.JK — Win Rate: 81.2%  Verdict: ULTRA BUY
2026-06-02 09:43:45 [INFO] screener: [AI] BIRD.JK — Win Rate: 28.3%  Verdict: WEAK
2026-06-02 09:43:45 [WARNING] screener: [FUNDAMENTAL] GIAA.JK: PE tidak tersedia — pakai default 15
2026-06-02 09:43:45 [WARNING] screener: [FUNDAMENTAL] GIAA.JK: Book Value tidak tersedia — pakai default 1.5
2026-06-02 09:43:47 [INFO] screener: [AI] TMAS.JK — Win Rate: 12.5%  Verdict: WEAK
2026-06-02 09:43:48 [INFO] screener: [AI] TAPG.JK — Win Rate: 30.9%  Verdict: WEAK
2026-06-02 09:43:49 [INFO] screener: [AI] AALI.JK — Win Rate: 78.2%  Verdict: ULTRA BUY
2026-06-02 09:43:51 [INFO] screener: [AI] LSIP.JK — Win Rate: 52.9%  Verdict: BUY
2026-06-02 09:43:52 [INFO] screener: [AI] DSNG.JK — Win Rate: 81.7%  Verdict: ULTRA BUY
2026-06-02 09:43:52 [INFO] screener: [AI] BPTR.JK — Win Rate: 9.5%  Verdict: WEAK
2026-06-02 09:43:52 [WARNING] screener: [FUNDAMENTAL] PMUI.JK: PE tidak tersedia — pakai default 15
2026-06-02 09:43:53 [INFO] screener: [AI] BWPT.JK — Win Rate: 23.4%  Verdict: WEAK
2026-06-02 09:43:53 [INFO] screener: [AI] TBLA.JK — Win Rate: 32.3%  Verdict: WEAK
2026-06-02 09:43:53 [INFO] screener: [AI] NELY.JK — Win Rate: 44.9%  Verdict: WEAK
2026-06-02 09:43:54 [INFO] screener: [AI] PANI.JK — Win Rate: 71.9%  Verdict: ULTRA BUY
2026-06-02 09:43:54 [INFO] screener: [AI] SIMP.JK — Win Rate: 65.7%  Verdict: ULTRA BUY
2026-06-02 09:43:56 [INFO] screener: [AI] SSMS.JK — Win Rate: 47.0%  Verdict: WEAK
2026-06-02 09:43:57 [INFO] screener: [AI] HAIS.JK — Win Rate: 13.8%  Verdict: WEAK
2026-06-02 09:43:57 [WARNING] screener: [FUNDAMENTAL] AREA.JK: PE tidak tersedia — pakai default 15
2026-06-02 09:43:58 [WARNING] screener: [FUNDAMENTAL] WIDI.JK: PE tidak tersedia — pakai default 15
2026-06-02 09:43:58 [WARNING] screener: [FUNDAMENTAL] AWAN.JK: PE tidak tersedia — pakai default 15
2026-06-02 09:43:58 [WARNING] screener: [FUNDAMENTAL] GTRA.JK: PE tidak tersedia — pakai default 15
2026-06-02 09:43:58 [INFO] screener: [AI] ALII.JK — Win Rate: 12.9%  Verdict: WEAK
2026-06-02 09:43:58 [WARNING] screener: [FUNDAMENTAL] STRK.JK: PE tidak tersedia — pakai default 15
2026-06-02 09:43:58 [INFO] screener: [AI] PMUI.JK — Win Rate: 11.7%  Verdict: WEAK
2026-06-02 09:43:59 [INFO] screener: [AI] STRK.JK — Win Rate: 7.6%  Verdict: WEAK
2026-06-02 09:43:59 [INFO] screener: [AI] AREA.JK — Win Rate: 15.9%  Verdict: WEAK
2026-06-02 09:43:59 [INFO] screener: [AI] AWAN.JK — Win Rate: 6.2%  Verdict: WEAK
2026-06-02 09:43:59 [INFO] screener: [AI] WIDI.JK — Win Rate: 12.0%  Verdict: WEAK
2026-06-02 09:43:59 [INFO] screener: [AI] GTRA.JK — Win Rate: 8.6%  Verdict: WEAK
2026-06-02 09:44:09 [INFO] backtest: [backtest] Tested=30 Skipped=0 WinRate=3.3% Sharpe=-0.36
2026-06-02 12:13:51 [INFO] screener: Memindai Arus Uang (Rotasi Sektor)...
2026-06-02 12:14:27 [INFO] screener: Rotasi sektor selesai (11 sektor dipindai)
2026-06-02 12:14:27 [INFO] screener: Mengunduh Cuaca Makro Global & Komoditas...
2026-06-02 12:14:28 [INFO] screener: Macro update — IHSG=+1.49% | USD=+0.35% | Trend=DOWN | Penalty=0.0
2026-06-02 12:14:32 [INFO] screener: [ENSEMBLE] Loaded v5.0 (threshold=0.671)
2026-06-02 12:14:32 [INFO] screener: [ENSEMBLE] Loaded v5.0 (threshold=0.671)
2026-06-02 12:14:32 [INFO] screener: [ENSEMBLE] Loaded v5.0 (threshold=0.671)
2026-06-02 12:14:32 [INFO] screener: [ENSEMBLE] Loaded v5.0 (threshold=0.671)
2026-06-02 12:14:34 [INFO] screener: [AI] BBCA.JK — Win Rate: 33.7%  Verdict: WEAK
2026-06-02 12:14:34 [INFO] screener: [AI] BRIS.JK — Win Rate: 6.1%  Verdict: WEAK
2026-06-02 12:14:34 [INFO] screener: [AI] BNGA.JK — Win Rate: 43.2%  Verdict: WEAK
2026-06-02 12:14:34 [INFO] screener: [AI] ARTO.JK — Win Rate: 9.4%  Verdict: WEAK
2026-06-02 12:14:34 [INFO] screener: [AI] CFIN.JK — Win Rate: 9.1%  Verdict: WEAK
2026-06-02 12:14:34 [INFO] screener: [AI] NISP.JK — Win Rate: 17.4%  Verdict: WEAK
2026-06-02 12:14:34 [INFO] screener: [AI] BBNI.JK — Win Rate: 10.5%  Verdict: WEAK
2026-06-02 12:14:34 [INFO] screener: [AI] BBRI.JK — Win Rate: 42.8%  Verdict: WEAK
2026-06-02 12:14:34 [INFO] screener: [AI] BDMN.JK — Win Rate: 19.5%  Verdict: WEAK
2026-06-02 12:14:34 [INFO] screener: [AI] BVIC.JK — Win Rate: 11.7%  Verdict: WEAK
2026-06-02 12:14:34 [INFO] screener: [AI] BMRI.JK — Win Rate: 48.0%  Verdict: WEAK
2026-06-02 12:14:35 [INFO] screener: [AI] BTPS.JK — Win Rate: 7.3%  Verdict: WEAK
2026-06-02 12:14:35 [INFO] screener: [AI] BBYB.JK — Win Rate: 42.3%  Verdict: WEAK
2026-06-02 12:14:35 [WARNING] screener: [FUNDAMENTAL] MLPL.JK: PE tidak tersedia — pakai default 15
2026-06-02 12:14:35 [INFO] screener: [AI] BBTN.JK — Win Rate: 22.5%  Verdict: WEAK
2026-06-02 12:14:36 [INFO] screener: [AI] PNBN.JK — Win Rate: 43.2%  Verdict: WEAK
2026-06-02 12:14:36 [INFO] screener: [AI] UNTR.JK — Win Rate: 82.0%  Verdict: ULTRA BUY
2026-06-02 12:14:37 [WARNING] screener: [FUNDAMENTAL] MPPA.JK: PE tidak tersedia — pakai default 15
2026-06-02 12:14:38 [INFO] screener: [AI] MLPL.JK — Win Rate: 23.6%  Verdict: WEAK
2026-06-02 12:14:38 [INFO] screener: [AI] BJTM.JK — Win Rate: 46.3%  Verdict: WEAK
2026-06-02 12:14:38 [INFO] screener: [AI] BSIM.JK — Win Rate: 11.2%  Verdict: WEAK
2026-06-02 12:14:38 [INFO] screener: [AI] SMMA.JK — Win Rate: 14.6%  Verdict: WEAK
2026-06-02 12:14:38 [INFO] screener: [AI] SRTG.JK — Win Rate: 20.3%  Verdict: WEAK
2026-06-02 12:14:38 [INFO] screener: [AI] ASII.JK — Win Rate: 86.7%  Verdict: ULTRA BUY
2026-06-02 12:14:39 [INFO] screener: [AI] BJBR.JK — Win Rate: 32.8%  Verdict: WEAK
2026-06-02 12:14:39 [INFO] screener: [AI] BHIT.JK — Win Rate: 9.4%  Verdict: WEAK
2026-06-02 12:14:39 [INFO] screener: [AI] BMTR.JK — Win Rate: 44.9%  Verdict: WEAK
2026-06-02 12:14:39 [INFO] screener: [AI] LPKR.JK — Win Rate: 9.6%  Verdict: WEAK
2026-06-02 12:14:39 [WARNING] screener: [FUNDAMENTAL] BELI.JK: PE tidak tersedia — pakai default 15
2026-06-02 12:14:39 [WARNING] screener: [FUNDAMENTAL] EXCL.JK: PE tidak tersedia — pakai default 15
2026-06-02 12:14:40 [INFO] screener: [AI] MPPA.JK — Win Rate: 7.3%  Verdict: WEAK
2026-06-02 12:14:40 [WARNING] screener: [FUNDAMENTAL] GOTO.JK: PE tidak tersedia — pakai default 15
2026-06-02 12:14:40 [INFO] screener: [AI] TLKM.JK — Win Rate: 41.2%  Verdict: WEAK
2026-06-02 12:14:40 [INFO] screener: [AI] VIVA.JK — Win Rate: 8.6%  Verdict: WEAK
2026-06-02 12:14:41 [INFO] screener: [AI] BELI.JK — Win Rate: 36.9%  Verdict: WEAK
2026-06-02 12:14:41 [WARNING] screener: [FUNDAMENTAL] KREN.JK: PE tidak tersedia — pakai default 15
2026-06-02 12:14:41 [INFO] screener: [AI] MLPT.JK — Win Rate: 10.3%  Verdict: WEAK
2026-06-02 12:14:41 [INFO] screener: [AI] BUKA.JK — Win Rate: 44.0%  Verdict: WEAK
2026-06-02 12:14:41 [INFO] screener: [AI] ISAT.JK — Win Rate: 17.4%  Verdict: WEAK
2026-06-02 12:14:41 [WARNING] screener: [FUNDAMENTAL] AXIO.JK: PE tidak tersedia — pakai default 15
2026-06-02 12:14:41 [INFO] screener: [AI] BNLI.JK — Win Rate: 14.6%  Verdict: WEAK
2026-06-02 12:14:41 [INFO] screener: [AI] SCMA.JK — Win Rate: 39.3%  Verdict: WEAK
2026-06-02 12:14:41 [INFO] screener: [AI] EXCL.JK — Win Rate: 31.6%  Verdict: WEAK
2026-06-02 12:14:42 [INFO] screener: [AI] WIFI.JK — Win Rate: 27.6%  Verdict: WEAK
2026-06-02 12:14:42 [INFO] screener: [AI] EMTK.JK — Win Rate: 85.8%  Verdict: ULTRA BUY
2026-06-02 12:14:42 [INFO] screener: [AI] GOTO.JK — Win Rate: 15.3%  Verdict: WEAK
2026-06-02 12:14:43 [INFO] screener: [AI] AXIO.JK — Win Rate: 36.3%  Verdict: WEAK
2026-06-02 12:14:43 [INFO] screener: [AI] MTDL.JK — Win Rate: 33.6%  Verdict: WEAK
2026-06-02 12:14:43 [INFO] screener: [AI] DMMX.JK — Win Rate: 15.5%  Verdict: WEAK
2026-06-02 12:14:43 [INFO] screener: [AI] KREN.JK — Win Rate: 30.4%  Verdict: WEAK
2026-06-02 12:14:43 [INFO] screener: [AI] GLVA.JK — Win Rate: 82.2%  Verdict: ULTRA BUY
2026-06-02 12:14:44 [INFO] screener: [AI] PTBA.JK — Win Rate: 21.0%  Verdict: WEAK
2026-06-02 12:14:46 [INFO] screener: [AI] TINS.JK — Win Rate: 13.5%  Verdict: WEAK
2026-06-02 12:14:46 [INFO] screener: [AI] DEWA.JK — Win Rate: 54.9%  Verdict: BUY
2026-06-02 12:14:47 [WARNING] screener: [FUNDAMENTAL] DOID.JK: PE tidak tersedia — pakai default 15
2026-06-02 12:14:48 [WARNING] screener: [FUNDAMENTAL] PTPP.JK: PE tidak tersedia — pakai default 15
2026-06-02 12:14:48 [WARNING] screener: [FUNDAMENTAL] TOBA.JK: PE tidak tersedia — pakai default 15
2026-06-02 12:14:48 [INFO] screener: [AI] NCKL.JK — Win Rate: 12.5%  Verdict: WEAK
2026-06-02 12:14:48 [INFO] screener: [AI] ANTM.JK — Win Rate: 71.1%  Verdict: ULTRA BUY
2026-06-02 12:14:49 [WARNING] screener: [FUNDAMENTAL] WEGE.JK: PE tidak tersedia — pakai default 15
2026-06-02 12:14:49 [WARNING] screener: [FUNDAMENTAL] ADHI.JK: PE tidak tersedia — pakai default 15
2026-06-02 12:14:49 [INFO] screener: Memindai Arus Uang (Rotasi Sektor)...
2026-06-02 12:14:49 [WARNING] screener: [FUNDAMENTAL] PPRE.JK: PE tidak tersedia — pakai default 15
2026-06-02 12:14:49 [WARNING] screener: [FUNDAMENTAL] ACST.JK: PE tidak tersedia — pakai default 15
2026-06-02 12:14:50 [INFO] screener: [AI] AKRA.JK — Win Rate: 82.2%  Verdict: ULTRA BUY
2026-06-02 12:14:51 [INFO] screener: [AI] RMKE.JK — Win Rate: 13.2%  Verdict: WEAK
2026-06-02 12:14:51 [INFO] screener: [AI] PTPP.JK — Win Rate: 14.5%  Verdict: WEAK
2026-06-02 12:14:51 [INFO] screener: [AI] JSMR.JK — Win Rate: 23.5%  Verdict: WEAK
2026-06-02 12:14:51 [INFO] screener: [AI] WEGE.JK — Win Rate: 11.0%  Verdict: WEAK
2026-06-02 12:14:52 [INFO] screener: [AI] ADHI.JK — Win Rate: 33.9%  Verdict: WEAK
2026-06-02 12:14:52 [INFO] screener: [AI] PPRE.JK — Win Rate: 9.9%  Verdict: WEAK
2026-06-02 12:14:52 [INFO] screener: [AI] ACST.JK — Win Rate: 35.5%  Verdict: WEAK
2026-06-02 12:14:52 [INFO] screener: [AI] JKON.JK — Win Rate: 42.4%  Verdict: WEAK
2026-06-02 12:14:52 [INFO] screener: [AI] TOTL.JK — Win Rate: 74.3%  Verdict: ULTRA BUY
2026-06-02 12:14:52 [INFO] screener: [AI] CMNP.JK — Win Rate: 39.3%  Verdict: WEAK
2026-06-02 12:14:53 [WARNING] screener: [FUNDAMENTAL] LEAD.JK: PE tidak tersedia — pakai default 15
2026-06-02 12:14:54 [INFO] screener: [AI] UNVR.JK — Win Rate: 9.5%  Verdict: WEAK
2026-06-02 12:14:54 [INFO] screener: [AI] BIRD.JK — Win Rate: 28.1%  Verdict: WEAK
2026-06-02 12:14:54 [INFO] screener: [AI] ICBP.JK — Win Rate: 22.0%  Verdict: WEAK
2026-06-02 12:14:54 [INFO] screener: [AI] CLEO.JK — Win Rate: 11.1%  Verdict: WEAK
2026-06-02 12:14:55 [INFO] screener: [AI] INDF.JK — Win Rate: 14.8%  Verdict: WEAK
2026-06-02 12:14:55 [WARNING] screener: [FUNDAMENTAL] KAEF.JK: PE tidak tersedia — pakai default 15
2026-06-02 12:14:55 [INFO] screener: [AI] ADES.JK — Win Rate: 32.4%  Verdict: WEAK
2026-06-02 12:14:55 [INFO] screener: [AI] CAMP.JK — Win Rate: 15.3%  Verdict: WEAK
2026-06-02 12:14:55 [INFO] screener: [AI] MYOR.JK — Win Rate: 13.4%  Verdict: WEAK
2026-06-02 12:14:55 [INFO] screener: [AI] ROTI.JK — Win Rate: 22.0%  Verdict: WEAK
2026-06-02 12:14:55 [INFO] screener: [AI] SIDO.JK — Win Rate: 47.0%  Verdict: WEAK
2026-06-02 12:14:55 [INFO] screener: [AI] GOOD.JK — Win Rate: 40.7%  Verdict: WEAK
2026-06-02 12:14:55 [INFO] screener: [AI] PEHA.JK — Win Rate: 27.1%  Verdict: WEAK
2026-06-02 12:14:55 [INFO] screener: [AI] STTP.JK — Win Rate: 18.7%  Verdict: WEAK
2026-06-02 12:14:56 [INFO] screener: [AI] KAEF.JK — Win Rate: 8.8%  Verdict: WEAK
2026-06-02 12:14:57 [WARNING] screener: [FUNDAMENTAL] HOKI.JK: PE tidak tersedia — pakai default 15
2026-06-02 12:14:57 [WARNING] screener: [FUNDAMENTAL] MPPA.JK: PE tidak tersedia — pakai default 15
2026-06-02 12:14:58 [INFO] screener: [AI] RALS.JK — Win Rate: 9.5%  Verdict: WEAK
2026-06-02 12:14:58 [INFO] screener: [AI] MPPA.JK — Win Rate: 7.3%  Verdict: WEAK
2026-06-02 12:14:58 [INFO] screener: [AI] JPFA.JK — Win Rate: 77.7%  Verdict: ULTRA BUY
2026-06-02 12:14:59 [INFO] screener: [AI] MAPI.JK — Win Rate: 14.5%  Verdict: WEAK
2026-06-02 12:15:00 [INFO] screener: [AI] ERAA.JK — Win Rate: 16.4%  Verdict: WEAK
2026-06-02 12:15:00 [INFO] screener: [AI] ENZO.JK — Win Rate: 15.1%  Verdict: WEAK
2026-06-02 12:15:00 [INFO] screener: [AI] MAPA.JK — Win Rate: 6.9%  Verdict: WEAK
2026-06-02 12:15:00 [INFO] screener: [AI] AMRT.JK — Win Rate: 31.5%  Verdict: WEAK
2026-06-02 12:15:00 [INFO] screener: [AI] BSDE.JK — Win Rate: 73.5%  Verdict: ULTRA BUY
2026-06-02 12:15:00 [INFO] screener: [AI] CPIN.JK — Win Rate: 43.0%  Verdict: WEAK
2026-06-02 12:15:01 [INFO] screener: [AI] HOKI.JK — Win Rate: 37.2%  Verdict: WEAK
2026-06-02 12:15:01 [INFO] screener: [AI] LPPF.JK — Win Rate: 22.3%  Verdict: WEAK
2026-06-02 12:15:02 [INFO] screener: [AI] MIDI.JK — Win Rate: 35.4%  Verdict: WEAK
2026-06-02 12:15:02 [INFO] screener: [AI] ACES.JK — Win Rate: 20.9%  Verdict: WEAK
2026-06-02 12:15:02 [WARNING] screener: [FUNDAMENTAL] PPRO.JK: PE tidak tersedia — pakai default 15
2026-06-02 12:15:02 [INFO] screener: [AI] CTRA.JK — Win Rate: 51.5%  Verdict: BUY
2026-06-02 12:15:03 [INFO] screener: [AI] SMRA.JK — Win Rate: 48.3%  Verdict: WEAK
2026-06-02 12:15:04 [INFO] screener: [AI] ASRI.JK — Win Rate: 9.5%  Verdict: WEAK
2026-06-02 12:15:04 [INFO] screener: [AI] PWON.JK — Win Rate: 39.8%  Verdict: WEAK
2026-06-02 12:15:04 [INFO] screener: [AI] DILD.JK — Win Rate: 13.3%  Verdict: WEAK
2026-06-02 12:15:04 [INFO] screener: [AI] DMAS.JK — Win Rate: 31.7%  Verdict: WEAK
2026-06-02 12:15:04 [INFO] screener: [AI] MKPI.JK — Win Rate: 20.3%  Verdict: WEAK
2026-06-02 12:15:04 [INFO] screener: [AI] DUTI.JK — Win Rate: 21.0%  Verdict: WEAK
2026-06-02 12:15:04 [INFO] screener: [AI] GWSA.JK — Win Rate: 39.1%  Verdict: WEAK
2026-06-02 12:15:04 [INFO] screener: [AI] LPCK.JK — Win Rate: 61.6%  Verdict: ULTRA BUY
2026-06-02 12:15:05 [INFO] screener: [AI] BKSL.JK — Win Rate: 14.8%  Verdict: WEAK
2026-06-02 12:15:05 [INFO] screener: [AI] PPRO.JK — Win Rate: 8.2%  Verdict: WEAK
2026-06-02 12:15:06 [INFO] screener: [AI] SSIA.JK — Win Rate: 12.7%  Verdict: WEAK
2026-06-02 12:15:06 [INFO] screener: [AI] KIJA.JK — Win Rate: 24.5%  Verdict: WEAK
2026-06-02 12:15:06 [INFO] screener: [AI] MIKA.JK — Win Rate: 64.9%  Verdict: ULTRA BUY
2026-06-02 12:15:07 [INFO] screener: [AI] KLBF.JK — Win Rate: 85.4%  Verdict: ULTRA BUY
2026-06-02 12:15:08 [INFO] screener: Rotasi sektor selesai (11 sektor dipindai)
2026-06-02 12:15:08 [INFO] screener: Mengunduh Cuaca Makro Global & Komoditas...
2026-06-02 12:15:08 [INFO] screener: Macro update — IHSG=+1.49% | USD=+0.35% | Trend=DOWN | Penalty=0.0
2026-06-02 12:15:08 [INFO] screener: [AI] SILO.JK — Win Rate: 40.3%  Verdict: WEAK
2026-06-02 12:15:09 [INFO] screener: [AI] HEAL.JK — Win Rate: 58.1%  Verdict: BUY
2026-06-02 12:15:10 [INFO] screener: [AI] PRDA.JK — Win Rate: 25.9%  Verdict: WEAK
2026-06-02 12:15:10 [WARNING] screener: [FUNDAMENTAL] BAJA.JK: PE tidak tersedia — pakai default 15
2026-06-02 12:15:11 [INFO] screener: [AI] BMHS.JK — Win Rate: 11.2%  Verdict: WEAK
2026-06-02 12:15:11 [INFO] screener: [AI] TSPC.JK — Win Rate: 21.2%  Verdict: WEAK
2026-06-02 12:15:11 [INFO] screener: [AI] INTP.JK — Win Rate: 7.5%  Verdict: WEAK
2026-06-02 12:15:11 [INFO] screener: [AI] DGNS.JK — Win Rate: 11.8%  Verdict: WEAK
2026-06-02 12:15:11 [INFO] screener: [AI] SMBR.JK — Win Rate: 31.0%  Verdict: WEAK
2026-06-02 12:15:11 [INFO] screener: [AI] IRRA.JK — Win Rate: 15.8%  Verdict: WEAK
2026-06-02 12:15:11 [INFO] screener: [AI] SAME.JK — Win Rate: 15.1%  Verdict: WEAK
2026-06-02 12:15:11 [INFO] screener: [AI] SMGR.JK — Win Rate: 78.5%  Verdict: ULTRA BUY
2026-06-02 12:15:11 [INFO] screener: [ENSEMBLE] Loaded v5.0 (threshold=0.671)
2026-06-02 12:15:11 [INFO] screener: [ENSEMBLE] Loaded v5.0 (threshold=0.671)
2026-06-02 12:15:11 [INFO] screener: [ENSEMBLE] Loaded v5.0 (threshold=0.671)
2026-06-02 12:15:11 [INFO] screener: [ENSEMBLE] Loaded v5.0 (threshold=0.671)
2026-06-02 12:15:11 [INFO] screener: [ENSEMBLE] Loaded v5.0 (threshold=0.671)
2026-06-02 12:15:11 [INFO] screener: [ENSEMBLE] Loaded v5.0 (threshold=0.671)
2026-06-02 12:15:11 [INFO] screener: [ENSEMBLE] Loaded v5.0 (threshold=0.671)
2026-06-02 12:15:11 [INFO] screener: [ENSEMBLE] Loaded v5.0 (threshold=0.671)
2026-06-02 12:15:11 [INFO] screener: [ENSEMBLE] Loaded v5.0 (threshold=0.671)
2026-06-02 12:15:12 [INFO] screener: [ENSEMBLE] Loaded v5.0 (threshold=0.671)
2026-06-02 12:15:12 [INFO] screener: [ENSEMBLE] Loaded v5.0 (threshold=0.671)
2026-06-02 12:15:12 [INFO] screener: [AI] ISSP.JK — Win Rate: 10.2%  Verdict: WEAK
2026-06-02 12:15:13 [INFO] screener: [AI] BRNA.JK — Win Rate: 13.8%  Verdict: WEAK
2026-06-02 12:15:13 [INFO] screener: [AI] BAJA.JK — Win Rate: 21.9%  Verdict: WEAK
2026-06-02 12:15:13 [INFO] screener: [AI] ASSA.JK — Win Rate: 80.6%  Verdict: ULTRA BUY
2026-06-02 12:15:13 [INFO] screener: [AI] BBRI.JK — Win Rate: 42.8%  Verdict: WEAK
2026-06-02 12:15:14 [INFO] screener: [AI] BBNI.JK — Win Rate: 10.5%  Verdict: WEAK
2026-06-02 12:15:14 [INFO] screener: [AI] BRIS.JK — Win Rate: 6.1%  Verdict: WEAK
2026-06-02 12:15:14 [INFO] screener: [AI] TOTO.JK — Win Rate: 20.3%  Verdict: WEAK
2026-06-02 12:15:14 [INFO] screener: [AI] BDMN.JK — Win Rate: 19.5%  Verdict: WEAK
2026-06-02 12:15:14 [INFO] screener: [AI] BBTN.JK — Win Rate: 22.5%  Verdict: WEAK
2026-06-02 12:15:14 [INFO] screener: [AI] CFIN.JK — Win Rate: 9.1%  Verdict: WEAK
2026-06-02 12:15:14 [INFO] screener: [AI] NISP.JK — Win Rate: 17.4%  Verdict: WEAK
2026-06-02 12:15:14 [INFO] screener: [AI] BMRI.JK — Win Rate: 48.0%  Verdict: WEAK
2026-06-02 12:15:14 [INFO] screener: [AI] BTPS.JK — Win Rate: 7.3%  Verdict: WEAK
2026-06-02 12:15:14 [INFO] screener: [AI] ARTO.JK — Win Rate: 9.4%  Verdict: WEAK
2026-06-02 12:15:14 [INFO] screener: [AI] BNGA.JK — Win Rate: 43.2%  Verdict: WEAK
2026-06-02 12:15:14 [INFO] screener: [AI] BBCA.JK — Win Rate: 33.7%  Verdict: WEAK
2026-06-02 12:15:14 [INFO] screener: [AI] BBYB.JK — Win Rate: 42.3%  Verdict: WEAK
2026-06-02 12:15:14 [INFO] screener: [AI] BVIC.JK — Win Rate: 11.7%  Verdict: WEAK
2026-06-02 12:15:14 [WARNING] screener: [FUNDAMENTAL] GIAA.JK: PE tidak tersedia — pakai default 15
2026-06-02 12:15:14 [WARNING] screener: [FUNDAMENTAL] GIAA.JK: Book Value tidak tersedia — pakai default 1.5
2026-06-02 12:15:15 [WARNING] screener: [FUNDAMENTAL] MLPL.JK: PE tidak tersedia — pakai default 15
2026-06-02 12:15:16 [INFO] screener: [AI] BJTM.JK — Win Rate: 46.3%  Verdict: WEAK
2026-06-02 12:15:16 [INFO] screener: [AI] BIRD.JK — Win Rate: 28.1%  Verdict: WEAK
2026-06-02 12:15:16 [INFO] screener: [AI] BJBR.JK — Win Rate: 32.8%  Verdict: WEAK
2026-06-02 12:15:17 [WARNING] screener: [FUNDAMENTAL] MPPA.JK: PE tidak tersedia — pakai default 15
2026-06-02 12:15:18 [INFO] screener: [AI] BWPT.JK — Win Rate: 23.4%  Verdict: WEAK
2026-06-02 12:15:18 [INFO] screener: [AI] BSIM.JK — Win Rate: 11.2%  Verdict: WEAK
2026-06-02 12:15:18 [INFO] screener: [AI] LPKR.JK — Win Rate: 9.6%  Verdict: WEAK
2026-06-02 12:15:18 [INFO] screener: [AI] SIMP.JK — Win Rate: 66.4%  Verdict: ULTRA BUY
2026-06-02 12:15:18 [INFO] screener: [AI] SMMA.JK — Win Rate: 14.6%  Verdict: WEAK
2026-06-02 12:15:18 [INFO] screener: [AI] ASII.JK — Win Rate: 86.7%  Verdict: ULTRA BUY
2026-06-02 12:15:18 [INFO] screener: [AI] TMAS.JK — Win Rate: 13.1%  Verdict: WEAK
2026-06-02 12:15:19 [INFO] screener: [AI] BMTR.JK — Win Rate: 44.9%  Verdict: WEAK
2026-06-02 12:15:19 [INFO] screener: [AI] SRTG.JK — Win Rate: 20.3%  Verdict: WEAK
2026-06-02 12:15:19 [INFO] screener: [AI] PNBN.JK — Win Rate: 43.2%  Verdict: WEAK
2026-06-02 12:15:19 [INFO] screener: [AI] BHIT.JK — Win Rate: 9.4%  Verdict: WEAK
2026-06-02 12:15:19 [INFO] screener: [AI] BPTR.JK — Win Rate: 10.2%  Verdict: WEAK
2026-06-02 12:15:19 [INFO] screener: [AI] MLPL.JK — Win Rate: 23.6%  Verdict: WEAK
2026-06-02 12:15:19 [INFO] screener: [AI] UNTR.JK — Win Rate: 82.0%  Verdict: ULTRA BUY
2026-06-02 12:15:20 [INFO] screener: [AI] AALI.JK — Win Rate: 79.7%  Verdict: ULTRA BUY
2026-06-02 12:15:20 [INFO] screener: [AI] DSNG.JK — Win Rate: 82.9%  Verdict: ULTRA BUY
2026-06-02 12:15:21 [WARNING] screener: [FUNDAMENTAL] EXCL.JK: PE tidak tersedia — pakai default 15
2026-06-02 12:15:21 [WARNING] screener: [FUNDAMENTAL] BELI.JK: PE tidak tersedia — pakai default 15
2026-06-02 12:15:21 [WARNING] screener: [FUNDAMENTAL] GOTO.JK: PE tidak tersedia — pakai default 15
2026-06-02 12:15:22 [INFO] screener: [AI] LSIP.JK — Win Rate: 53.9%  Verdict: BUY
2026-06-02 12:15:22 [INFO] screener: [AI] MPPA.JK — Win Rate: 7.3%  Verdict: WEAK
2026-06-02 12:15:23 [INFO] screener: [AI] SCMA.JK — Win Rate: 39.3%  Verdict: WEAK
2026-06-02 12:15:23 [INFO] screener: [AI] VIVA.JK — Win Rate: 8.6%  Verdict: WEAK
2026-06-02 12:15:23 [INFO] screener: [AI] BNLI.JK — Win Rate: 14.6%  Verdict: WEAK
2026-06-02 12:15:23 [INFO] screener: [AI] TLKM.JK — Win Rate: 41.2%  Verdict: WEAK
2026-06-02 12:15:24 [WARNING] screener: [FUNDAMENTAL] KREN.JK: PE tidak tersedia — pakai default 15
2026-06-02 12:15:24 [WARNING] screener: [FUNDAMENTAL] PMUI.JK: PE tidak tersedia — pakai default 15
2026-06-02 12:15:24 [INFO] screener: [AI] ISAT.JK — Win Rate: 17.4%  Verdict: WEAK
2026-06-02 12:15:24 [WARNING] screener: [FUNDAMENTAL] AXIO.JK: PE tidak tersedia — pakai default 15
2026-06-02 12:15:24 [INFO] screener: [AI] EXCL.JK — Win Rate: 31.6%  Verdict: WEAK
2026-06-02 12:15:24 [INFO] screener: [AI] GOTO.JK — Win Rate: 15.3%  Verdict: WEAK
2026-06-02 12:15:24 [INFO] screener: [AI] BUKA.JK — Win Rate: 44.0%  Verdict: WEAK
2026-06-02 12:15:24 [INFO] screener: [AI] PANI.JK — Win Rate: 66.0%  Verdict: ULTRA BUY
2026-06-02 12:15:24 [INFO] screener: [AI] BELI.JK — Win Rate: 36.9%  Verdict: WEAK
2026-06-02 12:15:24 [INFO] screener: [AI] WIFI.JK — Win Rate: 27.6%  Verdict: WEAK
2026-06-02 12:15:24 [INFO] screener: [AI] EMTK.JK — Win Rate: 85.8%  Verdict: ULTRA BUY
2026-06-02 12:15:24 [INFO] screener: [AI] NELY.JK — Win Rate: 46.0%  Verdict: WEAK
2026-06-02 12:15:24 [INFO] screener: [AI] HAIS.JK — Win Rate: 17.6%  Verdict: WEAK
2026-06-02 12:15:25 [WARNING] screener: [FUNDAMENTAL] AREA.JK: PE tidak tersedia — pakai default 15
2026-06-02 12:15:26 [WARNING] screener: [FUNDAMENTAL] STRK.JK: PE tidak tersedia — pakai default 15
2026-06-02 12:15:27 [WARNING] screener: [FUNDAMENTAL] WIDI.JK: PE tidak tersedia — pakai default 15
2026-06-02 12:15:27 [INFO] screener: [AI] MLPT.JK — Win Rate: 10.3%  Verdict: WEAK
2026-06-02 12:15:27 [INFO] screener: [AI] TAPG.JK — Win Rate: 30.1%  Verdict: WEAK
2026-06-02 12:15:27 [INFO] screener: [AI] MTDL.JK — Win Rate: 33.6%  Verdict: WEAK
2026-06-02 12:15:27 [WARNING] screener: [FUNDAMENTAL] AWAN.JK: PE tidak tersedia — pakai default 15
2026-06-02 12:15:27 [INFO] screener: [AI] SSMS.JK — Win Rate: 45.3%  Verdict: WEAK
2026-06-02 12:15:27 [INFO] screener: [AI] TBLA.JK — Win Rate: 33.0%  Verdict: WEAK
2026-06-02 12:15:27 [WARNING] screener: [FUNDAMENTAL] GTRA.JK: PE tidak tersedia — pakai default 15
2026-06-02 12:15:27 [INFO] screener: [AI] DMMX.JK — Win Rate: 15.5%  Verdict: WEAK
2026-06-02 12:15:27 [INFO] screener: [AI] GLVA.JK — Win Rate: 82.2%  Verdict: ULTRA BUY
2026-06-02 12:15:27 [INFO] screener: [AI] ALII.JK — Win Rate: 12.8%  Verdict: WEAK
2026-06-02 12:15:27 [INFO] screener: [AI] STRK.JK — Win Rate: 7.6%  Verdict: WEAK
2026-06-02 12:15:27 [INFO] screener: [AI] PMUI.JK — Win Rate: 12.1%  Verdict: WEAK
2026-06-02 12:15:27 [INFO] screener: [AI] AREA.JK — Win Rate: 17.2%  Verdict: WEAK
2026-06-02 12:15:28 [INFO] screener: [AI] WIDI.JK — Win Rate: 12.1%  Verdict: WEAK
2026-06-02 12:15:28 [INFO] screener: [AI] AWAN.JK — Win Rate: 6.2%  Verdict: WEAK
2026-06-02 12:15:28 [INFO] screener: [AI] GTRA.JK — Win Rate: 8.6%  Verdict: WEAK
2026-06-02 12:15:29 [INFO] screener: [AI] KREN.JK — Win Rate: 30.4%  Verdict: WEAK
2026-06-02 12:15:29 [INFO] screener: [AI] AXIO.JK — Win Rate: 36.3%  Verdict: WEAK
2026-06-02 12:15:29 [INFO] screener: [AI] PTBA.JK — Win Rate: 21.0%  Verdict: WEAK
2026-06-02 12:15:31 [INFO] screener: [AI] TINS.JK — Win Rate: 13.5%  Verdict: WEAK
2026-06-02 12:15:31 [INFO] screener: [AI] DEWA.JK — Win Rate: 54.9%  Verdict: BUY
2026-06-02 12:15:31 [WARNING] screener: [FUNDAMENTAL] DOID.JK: PE tidak tersedia — pakai default 15
2026-06-02 12:15:33 [WARNING] screener: [FUNDAMENTAL] ADHI.JK: PE tidak tersedia — pakai default 15
2026-06-02 12:15:33 [WARNING] screener: [FUNDAMENTAL] TOBA.JK: PE tidak tersedia — pakai default 15
2026-06-02 12:15:33 [WARNING] screener: [FUNDAMENTAL] PTPP.JK: PE tidak tersedia — pakai default 15
2026-06-02 12:15:33 [INFO] screener: [AI] ANTM.JK — Win Rate: 71.1%  Verdict: ULTRA BUY
2026-06-02 12:15:33 [WARNING] screener: [FUNDAMENTAL] PPRE.JK: PE tidak tersedia — pakai default 15
2026-06-02 12:15:33 [WARNING] screener: [FUNDAMENTAL] WEGE.JK: PE tidak tersedia — pakai default 15
2026-06-02 12:15:33 [INFO] screener: [AI] NCKL.JK — Win Rate: 12.5%  Verdict: WEAK
2026-06-02 12:15:33 [INFO] screener: [AI] AKRA.JK — Win Rate: 82.2%  Verdict: ULTRA BUY
2026-06-02 12:15:34 [WARNING] screener: [FUNDAMENTAL] ACST.JK: PE tidak tersedia — pakai default 15
2026-06-02 12:15:35 [INFO] screener: [AI] RMKE.JK — Win Rate: 13.2%  Verdict: WEAK
2026-06-02 12:15:35 [WARNING] screener: [FUNDAMENTAL] LEAD.JK: PE tidak tersedia — pakai default 15
2026-06-02 12:15:36 [INFO] screener: [AI] ADHI.JK — Win Rate: 33.9%  Verdict: WEAK
2026-06-02 12:15:36 [INFO] screener: [AI] PPRE.JK — Win Rate: 9.9%  Verdict: WEAK
2026-06-02 12:15:36 [INFO] screener: [AI] WEGE.JK — Win Rate: 11.0%  Verdict: WEAK
2026-06-02 12:15:36 [INFO] screener: [AI] PTPP.JK — Win Rate: 14.5%  Verdict: WEAK
2026-06-02 12:15:36 [INFO] screener: [AI] JSMR.JK — Win Rate: 23.5%  Verdict: WEAK
2026-06-02 12:15:36 [INFO] screener: [AI] ACST.JK — Win Rate: 35.5%  Verdict: WEAK
2026-06-02 12:15:37 [INFO] screener: [AI] TOTL.JK — Win Rate: 74.3%  Verdict: ULTRA BUY
2026-06-02 12:15:38 [INFO] screener: [AI] JKON.JK — Win Rate: 42.4%  Verdict: WEAK
2026-06-02 12:15:38 [INFO] screener: [AI] BIRD.JK — Win Rate: 28.1%  Verdict: WEAK
2026-06-02 12:15:39 [INFO] screener: [AI] CMNP.JK — Win Rate: 39.3%  Verdict: WEAK
2026-06-02 12:15:39 [INFO] screener: [AI] INDF.JK — Win Rate: 14.8%  Verdict: WEAK
2026-06-02 12:15:39 [INFO] screener: [AI] GOOD.JK — Win Rate: 40.7%  Verdict: WEAK
2026-06-02 12:15:39 [INFO] screener: [AI] ICBP.JK — Win Rate: 22.0%  Verdict: WEAK
2026-06-02 12:15:39 [INFO] screener: [AI] CAMP.JK — Win Rate: 15.3%  Verdict: WEAK
2026-06-02 12:15:39 [INFO] screener: [AI] ROTI.JK — Win Rate: 22.0%  Verdict: WEAK
2026-06-02 12:15:39 [INFO] screener: [AI] UNVR.JK — Win Rate: 9.5%  Verdict: WEAK
2026-06-02 12:15:39 [INFO] screener: [AI] MYOR.JK — Win Rate: 13.4%  Verdict: WEAK
2026-06-02 12:15:39 [WARNING] screener: [FUNDAMENTAL] KAEF.JK: PE tidak tersedia — pakai default 15
2026-06-02 12:15:39 [INFO] screener: [AI] CLEO.JK — Win Rate: 11.1%  Verdict: WEAK
2026-06-02 12:15:40 [INFO] screener: [AI] STTP.JK — Win Rate: 18.7%  Verdict: WEAK
2026-06-02 12:15:40 [INFO] screener: [AI] KAEF.JK — Win Rate: 8.8%  Verdict: WEAK
2026-06-02 12:15:40 [INFO] screener: [AI] SIDO.JK — Win Rate: 47.0%  Verdict: WEAK
2026-06-02 12:15:40 [INFO] screener: [AI] ADES.JK — Win Rate: 32.4%  Verdict: WEAK
2026-06-02 12:15:40 [INFO] screener: [AI] PEHA.JK — Win Rate: 27.1%  Verdict: WEAK
2026-06-02 12:15:41 [WARNING] screener: [FUNDAMENTAL] HOKI.JK: PE tidak tersedia — pakai default 15
2026-06-02 12:15:41 [WARNING] screener: [FUNDAMENTAL] MPPA.JK: PE tidak tersedia — pakai default 15
2026-06-02 12:15:41 [INFO] screener: [AI] ACES.JK — Win Rate: 20.9%  Verdict: WEAK
2026-06-02 12:15:42 [INFO] screener: [AI] MPPA.JK — Win Rate: 7.3%  Verdict: WEAK
2026-06-02 12:15:42 [INFO] screener: [AI] AMRT.JK — Win Rate: 31.5%  Verdict: WEAK
2026-06-02 12:15:43 [INFO] screener: [AI] MIDI.JK — Win Rate: 35.4%  Verdict: WEAK
2026-06-02 12:15:44 [INFO] screener: [AI] BSDE.JK — Win Rate: 73.5%  Verdict: ULTRA BUY
2026-06-02 12:15:44 [INFO] screener: [AI] LPPF.JK — Win Rate: 22.3%  Verdict: WEAK
2026-06-02 12:15:45 [INFO] screener: [AI] HOKI.JK — Win Rate: 37.2%  Verdict: WEAK
2026-06-02 12:15:45 [INFO] screener: [AI] MAPI.JK — Win Rate: 14.5%  Verdict: WEAK
2026-06-02 12:15:45 [INFO] screener: [AI] CTRA.JK — Win Rate: 51.5%  Verdict: BUY
2026-06-02 12:15:46 [INFO] screener: [AI] JPFA.JK — Win Rate: 77.7%  Verdict: ULTRA BUY
2026-06-02 12:15:46 [INFO] screener: [AI] ENZO.JK — Win Rate: 15.1%  Verdict: WEAK
2026-06-02 12:15:46 [INFO] screener: [AI] RALS.JK — Win Rate: 9.5%  Verdict: WEAK
2026-06-02 12:15:47 [INFO] screener: [AI] CPIN.JK — Win Rate: 43.0%  Verdict: WEAK
2026-06-02 12:15:48 [INFO] screener: [AI] ERAA.JK — Win Rate: 16.4%  Verdict: WEAK
2026-06-02 12:15:48 [INFO] screener: [AI] MAPA.JK — Win Rate: 6.9%  Verdict: WEAK
2026-06-02 12:15:48 [INFO] screener: [AI] SMRA.JK — Win Rate: 48.3%  Verdict: WEAK
2026-06-02 12:15:48 [WARNING] screener: [FUNDAMENTAL] PPRO.JK: PE tidak tersedia — pakai default 15
2026-06-02 12:15:49 [INFO] screener: [AI] PWON.JK — Win Rate: 39.8%  Verdict: WEAK
2026-06-02 12:15:49 [INFO] screener: [AI] ASRI.JK — Win Rate: 9.5%  Verdict: WEAK
2026-06-02 12:15:50 [INFO] screener: [AI] DMAS.JK — Win Rate: 31.7%  Verdict: WEAK
2026-06-02 12:15:50 [INFO] screener: [AI] DILD.JK — Win Rate: 13.3%  Verdict: WEAK
2026-06-02 12:15:50 [INFO] screener: [AI] DUTI.JK — Win Rate: 21.0%  Verdict: WEAK
2026-06-02 12:15:50 [INFO] screener: [AI] BKSL.JK — Win Rate: 14.8%  Verdict: WEAK
2026-06-02 12:15:51 [INFO] screener: [AI] MKPI.JK — Win Rate: 20.3%  Verdict: WEAK
2026-06-02 12:15:52 [INFO] screener: [AI] GWSA.JK — Win Rate: 39.1%  Verdict: WEAK
2026-06-02 12:15:52 [INFO] screener: [AI] KIJA.JK — Win Rate: 24.5%  Verdict: WEAK
2026-06-02 12:15:52 [INFO] screener: [AI] LPCK.JK — Win Rate: 61.6%  Verdict: ULTRA BUY
2026-06-02 12:15:52 [INFO] screener: [AI] PPRO.JK — Win Rate: 8.2%  Verdict: WEAK
2026-06-02 12:15:52 [INFO] screener: [AI] SILO.JK — Win Rate: 40.3%  Verdict: WEAK
2026-06-02 12:15:53 [INFO] screener: [AI] SSIA.JK — Win Rate: 12.7%  Verdict: WEAK
2026-06-02 12:15:53 [INFO] screener: [AI] MIKA.JK — Win Rate: 64.9%  Verdict: ULTRA BUY
2026-06-02 12:15:53 [INFO] screener: [AI] KLBF.JK — Win Rate: 85.4%  Verdict: ULTRA BUY
2026-06-02 12:15:54 [INFO] screener: [AI] HEAL.JK — Win Rate: 58.1%  Verdict: BUY
2026-06-02 12:15:56 [INFO] screener: [AI] PRDA.JK — Win Rate: 25.9%  Verdict: WEAK
2026-06-02 12:15:56 [INFO] screener: [AI] DGNS.JK — Win Rate: 11.8%  Verdict: WEAK
2026-06-02 12:15:56 [INFO] screener: [AI] BMHS.JK — Win Rate: 11.2%  Verdict: WEAK
2026-06-02 12:15:57 [WARNING] screener: [FUNDAMENTAL] BAJA.JK: PE tidak tersedia — pakai default 15
2026-06-02 12:15:57 [INFO] screener: [AI] TSPC.JK — Win Rate: 21.2%  Verdict: WEAK
2026-06-02 12:15:57 [INFO] screener: [AI] IRRA.JK — Win Rate: 15.8%  Verdict: WEAK
2026-06-02 12:15:57 [INFO] screener: [AI] SAME.JK — Win Rate: 15.1%  Verdict: WEAK
2026-06-02 12:15:57 [INFO] screener: [AI] SMGR.JK — Win Rate: 78.5%  Verdict: ULTRA BUY
2026-06-02 12:15:58 [INFO] screener: [AI] INTP.JK — Win Rate: 7.5%  Verdict: WEAK
2026-06-02 12:15:58 [INFO] screener: [AI] SMBR.JK — Win Rate: 31.0%  Verdict: WEAK
2026-06-02 12:15:58 [INFO] screener: [AI] ISSP.JK — Win Rate: 10.2%  Verdict: WEAK
2026-06-02 12:15:59 [INFO] screener: [AI] ASSA.JK — Win Rate: 80.6%  Verdict: ULTRA BUY
2026-06-02 12:16:00 [INFO] screener: [AI] TOTO.JK — Win Rate: 20.3%  Verdict: WEAK
2026-06-02 12:16:00 [INFO] screener: [AI] BRNA.JK — Win Rate: 13.8%  Verdict: WEAK
2026-06-02 12:16:00 [INFO] screener: [AI] BAJA.JK — Win Rate: 21.9%  Verdict: WEAK
2026-06-02 12:16:01 [WARNING] screener: [FUNDAMENTAL] GIAA.JK: PE tidak tersedia — pakai default 15
2026-06-02 12:16:01 [WARNING] screener: [FUNDAMENTAL] GIAA.JK: Book Value tidak tersedia — pakai default 1.5
2026-06-02 12:16:01 [INFO] screener: [AI] BIRD.JK — Win Rate: 28.1%  Verdict: WEAK
2026-06-02 12:16:03 [INFO] screener: [AI] LSIP.JK — Win Rate: 53.9%  Verdict: BUY
2026-06-02 12:16:04 [INFO] screener: [AI] TBLA.JK — Win Rate: 33.0%  Verdict: WEAK
2026-06-02 12:16:04 [INFO] screener: [AI] BWPT.JK — Win Rate: 23.4%  Verdict: WEAK
2026-06-02 12:16:04 [INFO] screener: [AI] AALI.JK — Win Rate: 79.7%  Verdict: ULTRA BUY
2026-06-02 12:16:05 [INFO] screener: [AI] SIMP.JK — Win Rate: 66.4%  Verdict: ULTRA BUY
2026-06-02 12:16:05 [INFO] screener: [AI] DSNG.JK — Win Rate: 82.9%  Verdict: ULTRA BUY
2026-06-02 12:16:05 [INFO] screener: [AI] HAIS.JK — Win Rate: 17.6%  Verdict: WEAK
2026-06-02 12:16:09 [INFO] screener: [AI] TMAS.JK — Win Rate: 13.1%  Verdict: WEAK
2026-06-02 12:16:09 [INFO] screener: [AI] TAPG.JK — Win Rate: 30.1%  Verdict: WEAK
2026-06-02 12:16:09 [INFO] screener: [AI] PANI.JK — Win Rate: 66.0%  Verdict: ULTRA BUY
2026-06-02 12:16:10 [WARNING] screener: [FUNDAMENTAL] PMUI.JK: PE tidak tersedia — pakai default 15
2026-06-02 12:16:10 [INFO] screener: [AI] NELY.JK — Win Rate: 46.0%  Verdict: WEAK
2026-06-02 12:16:10 [INFO] screener: [AI] BPTR.JK — Win Rate: 10.2%  Verdict: WEAK
2026-06-02 12:16:10 [WARNING] screener: [FUNDAMENTAL] STRK.JK: PE tidak tersedia — pakai default 15
2026-06-02 12:16:11 [WARNING] screener: [FUNDAMENTAL] AREA.JK: PE tidak tersedia — pakai default 15
2026-06-02 12:16:11 [INFO] screener: [AI] SSMS.JK — Win Rate: 45.3%  Verdict: WEAK
2026-06-02 12:16:11 [WARNING] screener: [FUNDAMENTAL] AWAN.JK: PE tidak tersedia — pakai default 15
2026-06-02 12:16:11 [WARNING] screener: [FUNDAMENTAL] WIDI.JK: PE tidak tersedia — pakai default 15
2026-06-02 12:16:11 [WARNING] screener: [FUNDAMENTAL] GTRA.JK: PE tidak tersedia — pakai default 15
2026-06-02 12:16:12 [INFO] screener: [AI] STRK.JK — Win Rate: 7.6%  Verdict: WEAK
2026-06-02 12:16:12 [INFO] screener: [AI] PMUI.JK — Win Rate: 12.1%  Verdict: WEAK
2026-06-02 12:16:12 [INFO] screener: [AI] ALII.JK — Win Rate: 12.8%  Verdict: WEAK
2026-06-02 12:16:12 [INFO] screener: [AI] AREA.JK — Win Rate: 17.2%  Verdict: WEAK
2026-06-02 12:16:12 [INFO] screener: [AI] AWAN.JK — Win Rate: 6.2%  Verdict: WEAK
2026-06-02 12:16:12 [INFO] screener: [AI] GTRA.JK — Win Rate: 8.6%  Verdict: WEAK
2026-06-02 12:16:12 [INFO] screener: [AI] WIDI.JK — Win Rate: 12.1%  Verdict: WEAK
2026-06-02 12:16:13 [INFO] backtest: [backtest] Tested=30 Skipped=0 WinRate=3.3% Sharpe=-0.36
2026-06-02 20:05:52 [INFO] screener: Memindai Arus Uang (Rotasi Sektor)...
2026-06-02 20:06:05 [INFO] screener: Rotasi sektor selesai (11 sektor dipindai)
2026-06-02 20:06:05 [INFO] screener: Mengunduh Cuaca Makro Global & Komoditas...
2026-06-02 20:06:05 [INFO] screener: Macro update — IHSG=+1.11% | USD=+0.35% | Trend=DOWN | Penalty=0.0
2026-06-02 20:06:09 [INFO] screener: [ENSEMBLE] Loaded v5.0 (threshold=0.671)
2026-06-02 20:06:09 [INFO] screener: [ENSEMBLE] Loaded v5.0 (threshold=0.671)
2026-06-02 20:06:09 [INFO] screener: [ENSEMBLE] Loaded v5.0 (threshold=0.671)
2026-06-02 20:06:09 [INFO] screener: [ENSEMBLE] Loaded v5.0 (threshold=0.671)
2026-06-02 20:06:09 [INFO] screener: [ENSEMBLE] Loaded v5.0 (threshold=0.671)
2026-06-02 20:06:09 [INFO] screener: [ENSEMBLE] Loaded v5.0 (threshold=0.671)
2026-06-02 20:06:12 [INFO] screener: [AI] CFIN.JK — Win Rate: 9.8%  Verdict: WEAK
2026-06-02 20:06:12 [INFO] screener: [AI] BBTN.JK — Win Rate: 23.2%  Verdict: WEAK
2026-06-02 20:06:12 [INFO] screener: [AI] BBCA.JK — Win Rate: 43.6%  Verdict: WEAK
2026-06-02 20:06:12 [INFO] screener: [AI] BRIS.JK — Win Rate: 6.1%  Verdict: WEAK
2026-06-02 20:06:12 [INFO] screener: [AI] BBRI.JK — Win Rate: 45.6%  Verdict: WEAK
2026-06-02 20:06:12 [INFO] screener: [AI] BTPS.JK — Win Rate: 7.5%  Verdict: WEAK
2026-06-02 20:06:12 [INFO] screener: [AI] BDMN.JK — Win Rate: 20.1%  Verdict: WEAK
2026-06-02 20:06:12 [INFO] screener: [AI] NISP.JK — Win Rate: 18.1%  Verdict: WEAK
2026-06-02 20:06:12 [INFO] screener: [AI] BVIC.JK — Win Rate: 19.7%  Verdict: WEAK
2026-06-02 20:06:12 [INFO] screener: [AI] BBNI.JK — Win Rate: 24.6%  Verdict: WEAK
2026-06-02 20:06:12 [INFO] screener: [AI] ARTO.JK — Win Rate: 10.0%  Verdict: WEAK
2026-06-02 20:06:12 [INFO] screener: [AI] BBYB.JK — Win Rate: 42.4%  Verdict: WEAK
2026-06-02 20:06:12 [INFO] screener: [AI] BMRI.JK — Win Rate: 9.2%  Verdict: WEAK
2026-06-02 20:06:13 [WARNING] screener: [FUNDAMENTAL] MLPL.JK: PE tidak tersedia — pakai default 15
2026-06-02 20:06:13 [INFO] screener: [AI] BNGA.JK — Win Rate: 42.8%  Verdict: WEAK
2026-06-02 20:06:14 [INFO] screener: [AI] SRTG.JK — Win Rate: 28.4%  Verdict: WEAK
2026-06-02 20:06:15 [INFO] screener: [AI] BHIT.JK — Win Rate: 18.5%  Verdict: WEAK
2026-06-02 20:06:15 [INFO] screener: [AI] BJBR.JK — Win Rate: 13.1%  Verdict: WEAK
2026-06-02 20:06:15 [INFO] screener: [AI] UNTR.JK — Win Rate: 77.0%  Verdict: ULTRA BUY
2026-06-02 20:06:16 [INFO] screener: [AI] BMTR.JK — Win Rate: 39.5%  Verdict: WEAK
2026-06-02 20:06:16 [INFO] screener: [AI] SMMA.JK — Win Rate: 14.3%  Verdict: WEAK
2026-06-02 20:06:16 [INFO] screener: [AI] BSIM.JK — Win Rate: 15.5%  Verdict: WEAK
2026-06-02 20:06:16 [WARNING] screener: [FUNDAMENTAL] MPPA.JK: PE tidak tersedia — pakai default 15
2026-06-02 20:06:16 [INFO] screener: [AI] MLPL.JK — Win Rate: 35.5%  Verdict: WEAK
2026-06-02 20:06:16 [INFO] screener: [AI] PNBN.JK — Win Rate: 32.4%  Verdict: WEAK
2026-06-02 20:06:17 [INFO] screener: [AI] BJTM.JK — Win Rate: 8.2%  Verdict: WEAK
2026-06-02 20:06:17 [INFO] screener: [AI] ASII.JK — Win Rate: 76.2%  Verdict: ULTRA BUY
2026-06-02 20:06:18 [WARNING] screener: [FUNDAMENTAL] GOTO.JK: PE tidak tersedia — pakai default 15
2026-06-02 20:06:18 [WARNING] screener: [FUNDAMENTAL] BELI.JK: PE tidak tersedia — pakai default 15
2026-06-02 20:06:18 [WARNING] screener: [FUNDAMENTAL] EXCL.JK: PE tidak tersedia — pakai default 15
2026-06-02 20:06:19 [INFO] screener: [AI] LPKR.JK — Win Rate: 17.8%  Verdict: WEAK
2026-06-02 20:06:19 [INFO] screener: [AI] BNLI.JK — Win Rate: 27.6%  Verdict: WEAK
2026-06-02 20:06:19 [INFO] screener: [AI] MPPA.JK — Win Rate: 9.2%  Verdict: WEAK
2026-06-02 20:06:20 [INFO] screener: [AI] TLKM.JK — Win Rate: 43.4%  Verdict: WEAK
2026-06-02 20:06:20 [INFO] screener: [AI] EXCL.JK — Win Rate: 28.6%  Verdict: WEAK
2026-06-02 20:06:20 [INFO] screener: [AI] WIFI.JK — Win Rate: 23.5%  Verdict: WEAK
2026-06-02 20:06:20 [INFO] screener: [AI] GOTO.JK — Win Rate: 15.3%  Verdict: WEAK
2026-06-02 20:06:20 [INFO] screener: [AI] VIVA.JK — Win Rate: 37.2%  Verdict: WEAK
2026-06-02 20:06:20 [INFO] screener: [AI] SCMA.JK — Win Rate: 30.2%  Verdict: WEAK
2026-06-02 20:06:20 [INFO] screener: [AI] BELI.JK — Win Rate: 31.4%  Verdict: WEAK
2026-06-02 20:06:21 [INFO] screener: [AI] EMTK.JK — Win Rate: 56.5%  Verdict: BUY
2026-06-02 20:06:21 [WARNING] screener: [FUNDAMENTAL] KREN.JK: PE tidak tersedia — pakai default 15
2026-06-02 20:06:21 [WARNING] screener: [FUNDAMENTAL] AXIO.JK: PE tidak tersedia — pakai default 15
2026-06-02 20:06:22 [INFO] screener: [AI] BUKA.JK — Win Rate: 32.8%  Verdict: WEAK
2026-06-02 20:06:22 [INFO] screener: [AI] ISAT.JK — Win Rate: 26.7%  Verdict: WEAK
2026-06-02 20:06:22 [INFO] screener: [AI] DMMX.JK — Win Rate: 14.5%  Verdict: WEAK
2026-06-02 20:06:22 [INFO] screener: [AI] MTDL.JK — Win Rate: 40.1%  Verdict: WEAK
2026-06-02 20:06:23 [INFO] screener: [AI] MLPT.JK — Win Rate: 10.4%  Verdict: WEAK
2026-06-02 20:06:23 [INFO] screener: [AI] KREN.JK — Win Rate: 30.1%  Verdict: WEAK
2026-06-02 20:06:23 [INFO] screener: [AI] PTBA.JK — Win Rate: 28.4%  Verdict: WEAK
2026-06-02 20:06:23 [INFO] screener: [AI] AXIO.JK — Win Rate: 10.3%  Verdict: WEAK
2026-06-02 20:06:24 [INFO] screener: [AI] GLVA.JK — Win Rate: 58.8%  Verdict: BUY
2026-06-02 20:06:28 [INFO] screener: [AI] TINS.JK — Win Rate: 20.4%  Verdict: WEAK
2026-06-02 20:06:28 [INFO] screener: [AI] NCKL.JK — Win Rate: 8.5%  Verdict: WEAK
2026-06-02 20:06:29 [WARNING] screener: [FUNDAMENTAL] TOBA.JK: PE tidak tersedia — pakai default 15
2026-06-02 20:06:29 [INFO] screener: [AI] ANTM.JK — Win Rate: 77.6%  Verdict: ULTRA BUY
2026-06-02 20:06:29 [WARNING] screener: [FUNDAMENTAL] DOID.JK: PE tidak tersedia — pakai default 15
2026-06-02 20:06:29 [WARNING] screener: [FUNDAMENTAL] PTPP.JK: PE tidak tersedia — pakai default 15
2026-06-02 20:06:30 [INFO] screener: [AI] AKRA.JK — Win Rate: 54.5%  Verdict: BUY
2026-06-02 20:06:31 [INFO] screener: [AI] DEWA.JK — Win Rate: 47.6%  Verdict: WEAK
2026-06-02 20:06:31 [WARNING] screener: [FUNDAMENTAL] WEGE.JK: PE tidak tersedia — pakai default 15
2026-06-02 20:06:31 [WARNING] screener: [FUNDAMENTAL] PPRE.JK: PE tidak tersedia — pakai default 15
2026-06-02 20:06:31 [WARNING] screener: [FUNDAMENTAL] ACST.JK: PE tidak tersedia — pakai default 15
2026-06-02 20:06:32 [INFO] screener: [AI] RMKE.JK — Win Rate: 11.8%  Verdict: WEAK
2026-06-02 20:06:32 [INFO] screener: [AI] JSMR.JK — Win Rate: 19.5%  Verdict: WEAK
2026-06-02 20:06:32 [INFO] screener: [AI] PTPP.JK — Win Rate: 30.4%  Verdict: WEAK
2026-06-02 20:06:32 [WARNING] screener: [FUNDAMENTAL] ADHI.JK: PE tidak tersedia — pakai default 15
2026-06-02 20:06:32 [WARNING] screener: [FUNDAMENTAL] LEAD.JK: PE tidak tersedia — pakai default 15
2026-06-02 20:06:33 [INFO] screener: [AI] WEGE.JK — Win Rate: 11.0%  Verdict: WEAK
2026-06-02 20:06:33 [INFO] screener: [AI] ACST.JK — Win Rate: 36.6%  Verdict: WEAK
2026-06-02 20:06:33 [INFO] screener: [AI] PPRE.JK — Win Rate: 8.0%  Verdict: WEAK
2026-06-02 20:06:34 [INFO] screener: [AI] ADHI.JK — Win Rate: 26.5%  Verdict: WEAK
2026-06-02 20:06:34 [INFO] screener: [AI] JKON.JK — Win Rate: 40.9%  Verdict: WEAK
2026-06-02 20:06:34 [INFO] screener: [AI] TOTL.JK — Win Rate: 79.0%  Verdict: ULTRA BUY
2026-06-02 20:06:35 [INFO] screener: [AI] UNVR.JK — Win Rate: 12.1%  Verdict: WEAK
2026-06-02 20:06:35 [INFO] screener: [AI] BIRD.JK — Win Rate: 27.2%  Verdict: WEAK
2026-06-02 20:06:36 [WARNING] screener: [FUNDAMENTAL] KAEF.JK: PE tidak tersedia — pakai default 15
2026-06-02 20:06:36 [INFO] screener: [AI] MYOR.JK — Win Rate: 14.0%  Verdict: WEAK
2026-06-02 20:06:36 [INFO] screener: [AI] CMNP.JK — Win Rate: 41.5%  Verdict: WEAK
2026-06-02 20:06:36 [INFO] screener: [AI] ICBP.JK — Win Rate: 48.3%  Verdict: WEAK
2026-06-02 20:06:37 [INFO] screener: [AI] INDF.JK — Win Rate: 51.6%  Verdict: BUY
2026-06-02 20:06:38 [INFO] screener: [AI] ROTI.JK — Win Rate: 22.0%  Verdict: WEAK
2026-06-02 20:06:38 [INFO] screener: [AI] CAMP.JK — Win Rate: 15.3%  Verdict: WEAK
2026-06-02 20:06:38 [INFO] screener: [AI] KAEF.JK — Win Rate: 8.7%  Verdict: WEAK
2026-06-02 20:06:38 [INFO] screener: [AI] GOOD.JK — Win Rate: 13.6%  Verdict: WEAK
2026-06-02 20:06:38 [INFO] screener: [AI] STTP.JK — Win Rate: 18.7%  Verdict: WEAK
2026-06-02 20:06:38 [INFO] screener: [AI] ADES.JK — Win Rate: 30.4%  Verdict: WEAK
2026-06-02 20:06:39 [INFO] screener: [AI] SIDO.JK — Win Rate: 41.2%  Verdict: WEAK
2026-06-02 20:06:39 [INFO] screener: [AI] CLEO.JK — Win Rate: 28.6%  Verdict: WEAK
2026-06-02 20:06:40 [INFO] screener: [AI] PEHA.JK — Win Rate: 24.7%  Verdict: WEAK
2026-06-02 20:06:41 [WARNING] screener: [FUNDAMENTAL] MPPA.JK: PE tidak tersedia — pakai default 15
2026-06-02 20:06:41 [WARNING] screener: [FUNDAMENTAL] HOKI.JK: PE tidak tersedia — pakai default 15
2026-06-02 20:06:42 [INFO] screener: [AI] JPFA.JK — Win Rate: 70.1%  Verdict: ULTRA BUY
2026-06-02 20:06:43 [INFO] screener: [AI] ENZO.JK — Win Rate: 22.3%  Verdict: WEAK
2026-06-02 20:06:43 [INFO] screener: [AI] MPPA.JK — Win Rate: 9.2%  Verdict: WEAK
2026-06-02 20:06:43 [INFO] screener: [AI] ERAA.JK — Win Rate: 16.5%  Verdict: WEAK
2026-06-02 20:06:44 [INFO] screener: [AI] MAPI.JK — Win Rate: 13.6%  Verdict: WEAK
2026-06-02 20:06:44 [INFO] screener: [AI] LPPF.JK — Win Rate: 25.8%  Verdict: WEAK
2026-06-02 20:06:44 [INFO] screener: [AI] HOKI.JK — Win Rate: 20.7%  Verdict: WEAK
2026-06-02 20:06:44 [INFO] screener: [AI] BSDE.JK — Win Rate: 49.3%  Verdict: WEAK
2026-06-02 20:06:44 [INFO] screener: [AI] ACES.JK — Win Rate: 22.0%  Verdict: WEAK
2026-06-02 20:06:44 [INFO] screener: [AI] MAPA.JK — Win Rate: 7.0%  Verdict: WEAK
2026-06-02 20:06:45 [INFO] screener: [AI] MIDI.JK — Win Rate: 15.1%  Verdict: WEAK
2026-06-02 20:06:45 [INFO] screener: [AI] CPIN.JK — Win Rate: 40.4%  Verdict: WEAK
2026-06-02 20:06:45 [INFO] screener: [AI] PWON.JK — Win Rate: 48.2%  Verdict: WEAK
2026-06-02 20:06:45 [WARNING] screener: [FUNDAMENTAL] PPRO.JK: PE tidak tersedia — pakai default 15
2026-06-02 20:06:46 [INFO] screener: [AI] CTRA.JK — Win Rate: 27.4%  Verdict: WEAK
2026-06-02 20:06:46 [INFO] screener: [AI] SMRA.JK — Win Rate: 50.0%  Verdict: WEAK
2026-06-02 20:06:46 [INFO] screener: [AI] RALS.JK — Win Rate: 8.6%  Verdict: WEAK
2026-06-02 20:06:47 [INFO] screener: [AI] DMAS.JK — Win Rate: 29.3%  Verdict: WEAK
2026-06-02 20:06:47 [INFO] screener: [AI] DILD.JK — Win Rate: 16.2%  Verdict: WEAK
2026-06-02 20:06:47 [INFO] screener: [AI] ASRI.JK — Win Rate: 41.4%  Verdict: WEAK
2026-06-02 20:06:47 [INFO] screener: [AI] BKSL.JK — Win Rate: 16.3%  Verdict: WEAK
2026-06-02 20:06:48 [INFO] screener: [AI] PPRO.JK — Win Rate: 7.3%  Verdict: WEAK
2026-06-02 20:06:48 [INFO] screener: [AI] GWSA.JK — Win Rate: 41.3%  Verdict: WEAK
2026-06-02 20:06:48 [INFO] screener: [AI] DUTI.JK — Win Rate: 75.5%  Verdict: ULTRA BUY
2026-06-02 20:06:49 [INFO] screener: [AI] KIJA.JK — Win Rate: 26.1%  Verdict: WEAK
2026-06-02 20:06:49 [INFO] screener: [AI] SSIA.JK — Win Rate: 11.8%  Verdict: WEAK
2026-06-02 20:06:49 [INFO] screener: [AI] LPCK.JK — Win Rate: 57.5%  Verdict: BUY
2026-06-02 20:06:50 [INFO] screener: [AI] KLBF.JK — Win Rate: 89.3%  Verdict: ULTRA BUY
2026-06-02 20:06:50 [INFO] screener: [AI] MKPI.JK — Win Rate: 18.0%  Verdict: WEAK
2026-06-02 20:06:52 [INFO] screener: [AI] DGNS.JK — Win Rate: 13.9%  Verdict: WEAK
2026-06-02 20:06:52 [INFO] screener: [AI] MIKA.JK — Win Rate: 52.3%  Verdict: BUY
2026-06-02 20:06:53 [INFO] screener: [AI] SILO.JK — Win Rate: 17.6%  Verdict: WEAK
2026-06-02 20:06:53 [INFO] screener: [AI] HEAL.JK — Win Rate: 26.4%  Verdict: WEAK
2026-06-02 20:06:53 [INFO] screener: [AI] PRDA.JK — Win Rate: 38.6%  Verdict: WEAK
2026-06-02 20:06:53 [WARNING] screener: [FUNDAMENTAL] BAJA.JK: PE tidak tersedia — pakai default 15
2026-06-02 20:06:54 [INFO] screener: [AI] TSPC.JK — Win Rate: 7.0%  Verdict: WEAK
2026-06-02 20:06:54 [INFO] screener: [AI] BMHS.JK — Win Rate: 8.5%  Verdict: WEAK
2026-06-02 20:06:54 [INFO] screener: [AI] SMGR.JK — Win Rate: 79.4%  Verdict: ULTRA BUY
2026-06-02 20:06:55 [INFO] screener: [AI] SMBR.JK — Win Rate: 30.5%  Verdict: WEAK
2026-06-02 20:06:55 [INFO] screener: [AI] IRRA.JK — Win Rate: 18.2%  Verdict: WEAK
2026-06-02 20:06:55 [INFO] screener: [AI] SAME.JK — Win Rate: 11.9%  Verdict: WEAK
2026-06-02 20:06:55 [INFO] screener: [AI] ISSP.JK — Win Rate: 11.1%  Verdict: WEAK
2026-06-02 20:06:56 [INFO] screener: [AI] BAJA.JK — Win Rate: 7.3%  Verdict: WEAK
2026-06-02 20:06:56 [INFO] screener: [AI] BRNA.JK — Win Rate: 16.3%  Verdict: WEAK
2026-06-02 20:06:56 [INFO] screener: [AI] TOTO.JK — Win Rate: 14.4%  Verdict: WEAK
2026-06-02 20:06:56 [INFO] screener: [AI] INTP.JK — Win Rate: 7.0%  Verdict: WEAK
2026-06-02 20:06:58 [INFO] screener: [AI] ASSA.JK — Win Rate: 66.8%  Verdict: ULTRA BUY
2026-06-02 20:06:59 [INFO] screener: [AI] BIRD.JK — Win Rate: 27.2%  Verdict: WEAK
2026-06-02 20:07:01 [INFO] screener: [AI] TBLA.JK — Win Rate: 33.0%  Verdict: WEAK
2026-06-02 20:07:01 [INFO] screener: [AI] HAIS.JK — Win Rate: 17.2%  Verdict: WEAK
2026-06-02 20:07:01 [INFO] screener: [AI] LSIP.JK — Win Rate: 75.0%  Verdict: ULTRA BUY
2026-06-02 20:07:02 [INFO] screener: [AI] SIMP.JK — Win Rate: 61.9%  Verdict: ULTRA BUY
2026-06-02 20:07:04 [WARNING] screener: [FUNDAMENTAL] GIAA.JK: PE tidak tersedia — pakai default 15
2026-06-02 20:07:04 [WARNING] screener: [FUNDAMENTAL] GIAA.JK: Book Value tidak tersedia — pakai default 1.5
2026-06-02 20:07:04 [INFO] screener: [AI] NELY.JK — Win Rate: 16.1%  Verdict: WEAK
2026-06-02 20:07:05 [INFO] screener: [AI] TAPG.JK — Win Rate: 32.6%  Verdict: WEAK
2026-06-02 20:07:05 [INFO] screener: [AI] AALI.JK — Win Rate: 42.4%  Verdict: WEAK
2026-06-02 20:07:05 [INFO] screener: [AI] DSNG.JK — Win Rate: 86.8%  Verdict: ULTRA BUY
2026-06-02 20:07:06 [WARNING] screener: [FUNDAMENTAL] AREA.JK: PE tidak tersedia — pakai default 15
2026-06-02 20:07:06 [INFO] screener: [AI] TMAS.JK — Win Rate: 14.4%  Verdict: WEAK
2026-06-02 20:07:07 [WARNING] screener: [FUNDAMENTAL] STRK.JK: PE tidak tersedia — pakai default 15
2026-06-02 20:07:07 [WARNING] screener: [FUNDAMENTAL] PMUI.JK: PE tidak tersedia — pakai default 15
2026-06-02 20:07:07 [INFO] screener: [AI] BPTR.JK — Win Rate: 11.2%  Verdict: WEAK
2026-06-02 20:07:07 [INFO] screener: [AI] BWPT.JK — Win Rate: 22.2%  Verdict: WEAK
2026-06-02 20:07:08 [INFO] screener: [AI] PANI.JK — Win Rate: 60.2%  Verdict: ULTRA BUY
2026-06-02 20:07:08 [WARNING] screener: [FUNDAMENTAL] AWAN.JK: PE tidak tersedia — pakai default 15
2026-06-02 20:07:08 [WARNING] screener: [FUNDAMENTAL] WIDI.JK: PE tidak tersedia — pakai default 15
2026-06-02 20:07:09 [INFO] screener: [AI] SSMS.JK — Win Rate: 54.4%  Verdict: BUY
2026-06-02 20:07:09 [WARNING] screener: [FUNDAMENTAL] GTRA.JK: PE tidak tersedia — pakai default 15
2026-06-02 20:07:11 [INFO] screener: [AI] ALII.JK — Win Rate: 6.5%  Verdict: WEAK
2026-06-02 20:07:11 [INFO] screener: [AI] STRK.JK — Win Rate: 11.8%  Verdict: WEAK
2026-06-02 20:07:11 [INFO] screener: [AI] PMUI.JK — Win Rate: 8.3%  Verdict: WEAK
2026-06-02 20:07:11 [INFO] screener: [AI] AWAN.JK — Win Rate: 6.8%  Verdict: WEAK
2026-06-02 20:07:11 [INFO] screener: [AI] WIDI.JK — Win Rate: 12.1%  Verdict: WEAK
2026-06-02 20:07:11 [INFO] screener: [AI] AREA.JK — Win Rate: 17.1%  Verdict: WEAK
2026-06-02 20:07:12 [INFO] screener: [AI] GTRA.JK — Win Rate: 7.2%  Verdict: WEAK
2026-06-02 20:07:12 [INFO] backtest: [backtest] Tested=43 Skipped=0 WinRate=2.3% Sharpe=-1.38
