2026-05-25 09:07:08 [INFO] screener: Memindai Arus Uang (Rotasi Sektor)...
2026-05-25 09:07:21 [INFO] screener: Rotasi sektor selesai (11 sektor dipindai)
2026-05-25 09:07:21 [INFO] screener: Mengunduh Cuaca Makro Global & Komoditas...
2026-05-25 09:07:21 [INFO] screener: Macro update — IHSG=+1.10% | USD=+0.11% | Trend=DOWN | Penalty=0.5
2026-05-25 09:07:27 [INFO] screener: [ENSEMBLE] Loaded v5.0 (threshold=0.671)
2026-05-25 09:07:27 [INFO] screener: [ENSEMBLE] Loaded v5.0 (threshold=0.671)
2026-05-25 09:07:27 [INFO] screener: [ENSEMBLE] Loaded v5.0 (threshold=0.671)
2026-05-25 09:07:27 [INFO] screener: [ENSEMBLE] Loaded v5.0 (threshold=0.671)
2026-05-25 09:07:27 [INFO] screener: [ENSEMBLE] Loaded v5.0 (threshold=0.671)
2026-05-25 09:07:27 [INFO] screener: [ENSEMBLE] Loaded v5.0 (threshold=0.671)
2026-05-25 09:07:27 [INFO] screener: [ENSEMBLE] Loaded v5.0 (threshold=0.671)
2026-05-25 09:07:27 [INFO] screener: [ENSEMBLE] Loaded v5.0 (threshold=0.671)
2026-05-25 09:07:27 [INFO] screener: [ENSEMBLE] Loaded v5.0 (threshold=0.671)
2026-05-25 09:07:31 [INFO] screener: [AI] BBNI.JK — Win Rate: 34.3%  Verdict: WEAK
2026-05-25 09:07:31 [INFO] screener: [AI] ARTO.JK — Win Rate: 35.6%  Verdict: WEAK
2026-05-25 09:07:31 [INFO] screener: [AI] BBTN.JK — Win Rate: 19.4%  Verdict: WEAK
2026-05-25 09:07:31 [INFO] screener: [AI] BRIS.JK — Win Rate: 65.8%  Verdict: ULTRA BUY
2026-05-25 09:07:31 [INFO] screener: [AI] BBCA.JK — Win Rate: 39.5%  Verdict: WEAK
2026-05-25 09:07:31 [INFO] screener: [AI] BBRI.JK — Win Rate: 36.3%  Verdict: WEAK
2026-05-25 09:07:31 [INFO] screener: [AI] BDMN.JK — Win Rate: 18.0%  Verdict: WEAK
2026-05-25 09:07:31 [INFO] screener: [AI] BVIC.JK — Win Rate: 36.2%  Verdict: WEAK
2026-05-25 09:07:31 [INFO] screener: [AI] BMRI.JK — Win Rate: 72.2%  Verdict: ULTRA BUY
2026-05-25 09:07:31 [INFO] screener: [AI] BTPS.JK — Win Rate: 19.4%  Verdict: WEAK
2026-05-25 09:07:31 [INFO] screener: [AI] BBYB.JK — Win Rate: 9.1%  Verdict: WEAK
2026-05-25 09:07:32 [INFO] screener: [AI] BNGA.JK — Win Rate: 64.9%  Verdict: ULTRA BUY
2026-05-25 09:07:32 [INFO] screener: [AI] NISP.JK — Win Rate: 40.1%  Verdict: WEAK
2026-05-25 09:07:34 [INFO] screener: [AI] CFIN.JK — Win Rate: 55.1%  Verdict: BUY
2026-05-25 09:07:40 [WARNING] screener: [FUNDAMENTAL] MLPL.JK: PE tidak tersedia — pakai default 15
2026-05-25 09:07:45 [INFO] screener: [AI] BMTR.JK — Win Rate: 35.5%  Verdict: WEAK
2026-05-25 09:07:45 [INFO] screener: [AI] BHIT.JK — Win Rate: 8.9%  Verdict: WEAK
2026-05-25 09:07:46 [INFO] screener: [AI] BJBR.JK — Win Rate: 51.2%  Verdict: BUY
2026-05-25 09:07:47 [INFO] screener: [AI] SRTG.JK — Win Rate: 46.0%  Verdict: WEAK
2026-05-25 09:07:48 [INFO] screener: [AI] BJTM.JK — Win Rate: 23.3%  Verdict: WEAK
2026-05-25 09:07:48 [INFO] screener: [AI] SMMA.JK — Win Rate: 19.7%  Verdict: WEAK
2026-05-25 09:07:48 [INFO] screener: [AI] ASII.JK — Win Rate: 8.9%  Verdict: WEAK
2026-05-25 09:07:48 [INFO] screener: [AI] PNBN.JK — Win Rate: 24.7%  Verdict: WEAK
2026-05-25 09:07:48 [INFO] screener: [AI] MLPL.JK — Win Rate: 14.4%  Verdict: WEAK
2026-05-25 09:07:48 [INFO] screener: [AI] BSIM.JK — Win Rate: 57.1%  Verdict: BUY
2026-05-25 09:07:49 [INFO] screener: [AI] LPKR.JK — Win Rate: 11.4%  Verdict: WEAK
2026-05-25 09:07:50 [WARNING] screener: [FUNDAMENTAL] MPPA.JK: PE tidak tersedia — pakai default 15
2026-05-25 09:07:50 [INFO] screener: [AI] UNTR.JK — Win Rate: 83.4%  Verdict: ULTRA BUY
2026-05-25 09:07:53 [WARNING] screener: [FUNDAMENTAL] GOTO.JK: PE tidak tersedia — pakai default 15
2026-05-25 09:07:53 [WARNING] screener: [FUNDAMENTAL] EXCL.JK: PE tidak tersedia — pakai default 15
2026-05-25 09:07:54 [WARNING] screener: [FUNDAMENTAL] BELI.JK: PE tidak tersedia — pakai default 15
2026-05-25 09:07:55 [INFO] screener: [AI] VIVA.JK — Win Rate: 21.5%  Verdict: WEAK
2026-05-25 09:07:55 [INFO] screener: [AI] SCMA.JK — Win Rate: 24.3%  Verdict: WEAK
2026-05-25 09:07:55 [INFO] screener: [AI] MPPA.JK — Win Rate: 4.3%  Verdict: WEAK
2026-05-25 09:07:56 [INFO] screener: [AI] BNLI.JK — Win Rate: 47.9%  Verdict: WEAK
2026-05-25 09:07:57 [WARNING] screener: [FUNDAMENTAL] AXIO.JK: PE tidak tersedia — pakai default 15
2026-05-25 09:07:57 [WARNING] screener: [FUNDAMENTAL] KREN.JK: PE tidak tersedia — pakai default 15
2026-05-25 09:07:58 [INFO] screener: [AI] EXCL.JK — Win Rate: 22.1%  Verdict: WEAK
2026-05-25 09:07:58 [INFO] screener: [AI] GOTO.JK — Win Rate: 17.3%  Verdict: WEAK
2026-05-25 09:07:58 [INFO] screener: [AI] TLKM.JK — Win Rate: 47.4%  Verdict: WEAK
2026-05-25 09:07:59 [INFO] screener: [AI] ISAT.JK — Win Rate: 25.9%  Verdict: WEAK
2026-05-25 09:07:59 [INFO] screener: [AI] BELI.JK — Win Rate: 66.5%  Verdict: ULTRA BUY
2026-05-25 09:07:59 [INFO] screener: [AI] BUKA.JK — Win Rate: 25.8%  Verdict: WEAK
2026-05-25 09:08:01 [INFO] screener: [AI] WIFI.JK — Win Rate: 35.1%  Verdict: WEAK
2026-05-25 09:08:01 [INFO] screener: [AI] EMTK.JK — Win Rate: 70.5%  Verdict: ULTRA BUY
2026-05-25 09:08:02 [INFO] screener: [AI] MLPT.JK — Win Rate: 10.1%  Verdict: WEAK
2026-05-25 09:08:03 [INFO] screener: [AI] MTDL.JK — Win Rate: 5.5%  Verdict: WEAK
2026-05-25 09:08:04 [INFO] screener: [AI] KREN.JK — Win Rate: 23.5%  Verdict: WEAK
2026-05-25 09:08:04 [INFO] screener: [AI] DMMX.JK — Win Rate: 8.5%  Verdict: WEAK
2026-05-25 09:08:05 [INFO] screener: [AI] AXIO.JK — Win Rate: 12.5%  Verdict: WEAK
2026-05-25 09:08:05 [INFO] screener: [AI] GLVA.JK — Win Rate: 84.8%  Verdict: ULTRA BUY
2026-05-25 09:08:08 [INFO] screener: [AI] PTBA.JK — Win Rate: 29.3%  Verdict: WEAK
2026-05-25 09:08:11 [WARNING] screener: [FUNDAMENTAL] INDY.JK: PE tidak tersedia — pakai default 15
2026-05-25 09:08:15 [INFO] screener: [AI] DEWA.JK — Win Rate: 24.5%  Verdict: WEAK
2026-05-25 09:08:16 [INFO] screener: [AI] TINS.JK — Win Rate: 8.9%  Verdict: WEAK
2026-05-25 09:08:16 [INFO] screener: [AI] AKRA.JK — Win Rate: 20.5%  Verdict: WEAK
2026-05-25 09:08:16 [INFO] screener: [AI] ANTM.JK — Win Rate: 91.5%  Verdict: ULTRA BUY
2026-05-25 09:08:18 [WARNING] screener: [FUNDAMENTAL] DOID.JK: PE tidak tersedia — pakai default 15
2026-05-25 09:08:18 [WARNING] screener: [FUNDAMENTAL] TOBA.JK: PE tidak tersedia — pakai default 15
2026-05-25 09:08:19 [WARNING] screener: [FUNDAMENTAL] PTPP.JK: PE tidak tersedia — pakai default 15
2026-05-25 09:08:19 [WARNING] screener: [FUNDAMENTAL] ADHI.JK: PE tidak tersedia — pakai default 15
2026-05-25 09:08:20 [WARNING] screener: [FUNDAMENTAL] WEGE.JK: PE tidak tersedia — pakai default 15
2026-05-25 09:08:20 [WARNING] screener: [FUNDAMENTAL] ACST.JK: PE tidak tersedia — pakai default 15
2026-05-25 09:08:20 [WARNING] screener: [FUNDAMENTAL] PPRE.JK: PE tidak tersedia — pakai default 15
2026-05-25 09:08:21 [INFO] screener: [AI] NCKL.JK — Win Rate: 40.8%  Verdict: WEAK
2026-05-25 09:08:23 [INFO] screener: [AI] RMKE.JK — Win Rate: 8.1%  Verdict: WEAK
2026-05-25 09:08:23 [INFO] screener: [AI] JSMR.JK — Win Rate: 33.3%  Verdict: WEAK
2026-05-25 09:08:23 [INFO] screener: [AI] PTPP.JK — Win Rate: 43.5%  Verdict: WEAK
2026-05-25 09:08:23 [INFO] screener: [AI] ADHI.JK — Win Rate: 15.7%  Verdict: WEAK
2026-05-25 09:08:24 [WARNING] screener: [FUNDAMENTAL] LEAD.JK: PE tidak tersedia — pakai default 15
2026-05-25 09:08:25 [INFO] screener: [AI] ACST.JK — Win Rate: 10.6%  Verdict: WEAK
2026-05-25 09:08:25 [INFO] screener: [AI] PPRE.JK — Win Rate: 13.0%  Verdict: WEAK
2026-05-25 09:08:25 [INFO] screener: [AI] WEGE.JK — Win Rate: 28.2%  Verdict: WEAK
2026-05-25 09:08:25 [INFO] screener: [AI] TOTL.JK — Win Rate: 58.4%  Verdict: BUY
2026-05-25 09:08:27 [INFO] screener: [AI] JKON.JK — Win Rate: 9.4%  Verdict: WEAK
2026-05-25 09:08:30 [INFO] screener: [AI] CMNP.JK — Win Rate: 47.4%  Verdict: WEAK
2026-05-25 09:08:30 [INFO] screener: [AI] BIRD.JK — Win Rate: 16.8%  Verdict: WEAK
2026-05-25 09:08:31 [INFO] screener: [AI] UNVR.JK — Win Rate: 5.4%  Verdict: WEAK
2026-05-25 09:08:31 [INFO] screener: [AI] ICBP.JK — Win Rate: 20.6%  Verdict: WEAK
2026-05-25 09:08:31 [INFO] screener: [AI] INDF.JK — Win Rate: 64.6%  Verdict: ULTRA BUY
2026-05-25 09:08:32 [WARNING] screener: [FUNDAMENTAL] KAEF.JK: PE tidak tersedia — pakai default 15
2026-05-25 09:08:34 [INFO] screener: [AI] GOOD.JK — Win Rate: 28.9%  Verdict: WEAK
2026-05-25 09:08:34 [INFO] screener: [AI] CAMP.JK — Win Rate: 14.2%  Verdict: WEAK
2026-05-25 09:08:34 [INFO] screener: [AI] MYOR.JK — Win Rate: 15.1%  Verdict: WEAK
2026-05-25 09:08:34 [INFO] screener: [AI] ROTI.JK — Win Rate: 23.2%  Verdict: WEAK
2026-05-25 09:08:35 [INFO] screener: [AI] CLEO.JK — Win Rate: 36.2%  Verdict: WEAK
2026-05-25 09:08:35 [INFO] screener: [AI] ADES.JK — Win Rate: 25.5%  Verdict: WEAK
2026-05-25 09:08:36 [INFO] screener: [AI] KAEF.JK — Win Rate: 13.1%  Verdict: WEAK
2026-05-25 09:08:36 [INFO] screener: [AI] STTP.JK — Win Rate: 57.6%  Verdict: BUY
2026-05-25 09:08:37 [INFO] screener: [AI] SIDO.JK — Win Rate: 41.4%  Verdict: WEAK
2026-05-25 09:08:38 [INFO] screener: [AI] PEHA.JK — Win Rate: 13.8%  Verdict: WEAK
2026-05-25 09:08:40 [WARNING] screener: [FUNDAMENTAL] MPPA.JK: PE tidak tersedia — pakai default 15
2026-05-25 09:08:41 [WARNING] screener: [FUNDAMENTAL] HOKI.JK: PE tidak tersedia — pakai default 15
2026-05-25 09:08:42 [INFO] screener: [AI] MPPA.JK — Win Rate: 4.3%  Verdict: WEAK
2026-05-25 09:08:46 [INFO] screener: [AI] MAPA.JK — Win Rate: 13.5%  Verdict: WEAK
2026-05-25 09:08:46 [INFO] screener: [AI] HOKI.JK — Win Rate: 10.5%  Verdict: WEAK
2026-05-25 09:08:46 [INFO] screener: [AI] ENZO.JK — Win Rate: 17.2%  Verdict: WEAK
2026-05-25 09:08:46 [INFO] screener: [AI] ERAA.JK — Win Rate: 19.8%  Verdict: WEAK
2026-05-25 09:08:46 [INFO] screener: [AI] ACES.JK — Win Rate: 41.1%  Verdict: WEAK
2026-05-25 09:08:46 [INFO] screener: [AI] BSDE.JK — Win Rate: 15.2%  Verdict: WEAK
2026-05-25 09:08:47 [INFO] screener: [AI] JPFA.JK — Win Rate: 5.6%  Verdict: WEAK
2026-05-25 09:08:47 [INFO] screener: [AI] AMRT.JK — Win Rate: 17.4%  Verdict: WEAK
2026-05-25 09:08:47 [INFO] screener: [AI] CPIN.JK — Win Rate: 7.5%  Verdict: WEAK
2026-05-25 09:08:47 [INFO] screener: [AI] LPPF.JK — Win Rate: 15.4%  Verdict: WEAK
2026-05-25 09:08:47 [INFO] screener: [AI] MIDI.JK — Win Rate: 7.4%  Verdict: WEAK
2026-05-25 09:08:47 [INFO] screener: [AI] MAPI.JK — Win Rate: 12.8%  Verdict: WEAK
2026-05-25 09:08:47 [INFO] screener: [AI] RALS.JK — Win Rate: 61.3%  Verdict: ULTRA BUY
2026-05-25 09:08:49 [WARNING] screener: [FUNDAMENTAL] PPRO.JK: PE tidak tersedia — pakai default 15
2026-05-25 09:08:50 [INFO] screener: [AI] CTRA.JK — Win Rate: 33.1%  Verdict: WEAK
2026-05-25 09:08:53 [INFO] screener: [AI] PWON.JK — Win Rate: 15.9%  Verdict: WEAK
2026-05-25 09:08:55 [INFO] screener: [AI] DUTI.JK — Win Rate: 12.9%  Verdict: WEAK
2026-05-25 09:08:55 [INFO] screener: [AI] GWSA.JK — Win Rate: 35.6%  Verdict: WEAK
2026-05-25 09:08:55 [INFO] screener: [AI] DMAS.JK — Win Rate: 16.3%  Verdict: WEAK
2026-05-25 09:08:55 [INFO] screener: [AI] ASRI.JK — Win Rate: 34.8%  Verdict: WEAK
2026-05-25 09:08:55 [INFO] screener: [AI] BKSL.JK — Win Rate: 8.0%  Verdict: WEAK
2026-05-25 09:08:55 [INFO] screener: [AI] SMRA.JK — Win Rate: 8.2%  Verdict: WEAK
2026-05-25 09:08:55 [INFO] screener: [AI] MKPI.JK — Win Rate: 12.4%  Verdict: WEAK
2026-05-25 09:08:55 [INFO] screener: [AI] KIJA.JK — Win Rate: 7.1%  Verdict: WEAK
2026-05-25 09:08:55 [INFO] screener: [AI] LPCK.JK — Win Rate: 32.2%  Verdict: WEAK
2026-05-25 09:08:55 [INFO] screener: [AI] PPRO.JK — Win Rate: 5.2%  Verdict: WEAK
2026-05-25 09:08:55 [INFO] screener: [AI] DILD.JK — Win Rate: 12.0%  Verdict: WEAK
2026-05-25 09:08:55 [INFO] screener: [AI] SSIA.JK — Win Rate: 77.0%  Verdict: ULTRA BUY
2026-05-25 09:08:58 [INFO] screener: [AI] KLBF.JK — Win Rate: 51.0%  Verdict: BUY
2026-05-25 09:09:01 [INFO] screener: [AI] MIKA.JK — Win Rate: 82.1%  Verdict: ULTRA BUY
2026-05-25 09:09:05 [INFO] screener: [AI] HEAL.JK — Win Rate: 75.5%  Verdict: ULTRA BUY
2026-05-25 09:09:07 [WARNING] screener: [FUNDAMENTAL] BAJA.JK: PE tidak tersedia — pakai default 15
2026-05-25 09:09:07 [INFO] screener: [AI] DGNS.JK — Win Rate: 7.0%  Verdict: WEAK
2026-05-25 09:09:07 [INFO] screener: [AI] SILO.JK — Win Rate: 13.1%  Verdict: WEAK
2026-05-25 09:09:07 [INFO] screener: [AI] IRRA.JK — Win Rate: 17.8%  Verdict: WEAK
2026-05-25 09:09:07 [INFO] screener: [AI] PRDA.JK — Win Rate: 24.9%  Verdict: WEAK
2026-05-25 09:09:07 [INFO] screener: [AI] TSPC.JK — Win Rate: 52.7%  Verdict: BUY
2026-05-25 09:09:08 [INFO] screener: [AI] BMHS.JK — Win Rate: 11.5%  Verdict: WEAK
2026-05-25 09:09:08 [INFO] screener: [AI] SAME.JK — Win Rate: 10.6%  Verdict: WEAK
2026-05-25 09:09:08 [INFO] screener: [AI] SMGR.JK — Win Rate: 36.8%  Verdict: WEAK
2026-05-25 09:09:10 [INFO] screener: [AI] INTP.JK — Win Rate: 63.2%  Verdict: ULTRA BUY
2026-05-25 09:09:10 [INFO] screener: [AI] SMBR.JK — Win Rate: 33.4%  Verdict: WEAK
2026-05-25 09:09:12 [INFO] screener: [AI] ISSP.JK — Win Rate: 18.3%  Verdict: WEAK
2026-05-25 09:09:13 [INFO] screener: [AI] BAJA.JK — Win Rate: 20.1%  Verdict: WEAK
2026-05-25 09:09:15 [INFO] screener: [AI] ASSA.JK — Win Rate: 68.5%  Verdict: ULTRA BUY
2026-05-25 09:09:16 [INFO] screener: [AI] BRNA.JK — Win Rate: 19.6%  Verdict: WEAK
2026-05-25 09:09:16 [INFO] screener: [AI] TOTO.JK — Win Rate: 46.9%  Verdict: WEAK
2026-05-25 09:09:16 [INFO] screener: [AI] ALKA.JK — Win Rate: 18.7%  Verdict: WEAK
2026-05-25 09:09:18 [WARNING] screener: [FUNDAMENTAL] GIAA.JK: PE tidak tersedia — pakai default 15
2026-05-25 09:09:18 [WARNING] screener: [FUNDAMENTAL] GIAA.JK: Book Value tidak tersedia — pakai default 1.5
2026-05-25 09:09:20 [INFO] screener: [AI] BIRD.JK — Win Rate: 16.8%  Verdict: WEAK
2026-05-25 09:09:24 [INFO] screener: [AI] PANI.JK — Win Rate: 28.3%  Verdict: WEAK
2026-05-25 09:09:25 [INFO] screener: [AI] HAIS.JK — Win Rate: 17.2%  Verdict: WEAK
2026-05-25 09:09:25 [INFO] screener: [AI] AALI.JK — Win Rate: 88.5%  Verdict: ULTRA BUY
2026-05-25 09:09:25 [INFO] screener: [AI] LSIP.JK — Win Rate: 79.0%  Verdict: ULTRA BUY
2026-05-25 09:09:26 [INFO] screener: [AI] BWPT.JK — Win Rate: 8.9%  Verdict: WEAK
2026-05-25 09:09:26 [INFO] screener: [AI] TBLA.JK — Win Rate: 20.9%  Verdict: WEAK
2026-05-25 09:09:26 [INFO] screener: [AI] NELY.JK — Win Rate: 10.7%  Verdict: WEAK
2026-05-25 09:09:26 [INFO] screener: [AI] BPTR.JK — Win Rate: 9.4%  Verdict: WEAK
2026-05-25 09:09:27 [INFO] screener: [AI] SIMP.JK — Win Rate: 46.6%  Verdict: WEAK
2026-05-25 09:09:28 [INFO] screener: [AI] DSNG.JK — Win Rate: 84.9%  Verdict: ULTRA BUY
2026-05-25 09:09:31 [INFO] screener: [AI] TMAS.JK — Win Rate: 6.9%  Verdict: WEAK
2026-05-25 09:09:31 [INFO] screener: [AI] TAPG.JK — Win Rate: 27.8%  Verdict: WEAK
2026-05-25 09:09:33 [WARNING] screener: [FUNDAMENTAL] PMUI.JK: PE tidak tersedia — pakai default 15
2026-05-25 09:09:33 [WARNING] screener: [FUNDAMENTAL] AREA.JK: PE tidak tersedia — pakai default 15
2026-05-25 09:09:33 [WARNING] screener: [FUNDAMENTAL] WIDI.JK: PE tidak tersedia — pakai default 15
2026-05-25 09:09:33 [WARNING] screener: [FUNDAMENTAL] AWAN.JK: PE tidak tersedia — pakai default 15
2026-05-25 09:09:33 [WARNING] screener: [FUNDAMENTAL] STRK.JK: PE tidak tersedia — pakai default 15
2026-05-25 09:09:33 [WARNING] screener: [FUNDAMENTAL] GTRA.JK: PE tidak tersedia — pakai default 15
2026-05-25 09:09:33 [INFO] screener: [AI] SSMS.JK — Win Rate: 23.9%  Verdict: WEAK
2026-05-25 09:09:34 [INFO] screener: [AI] ALII.JK — Win Rate: 31.6%  Verdict: WEAK
2026-05-25 09:09:36 [INFO] screener: [AI] AREA.JK — Win Rate: 11.1%  Verdict: WEAK
2026-05-25 09:09:36 [INFO] screener: [AI] STRK.JK — Win Rate: 8.6%  Verdict: WEAK
2026-05-25 09:09:36 [INFO] screener: [AI] WIDI.JK — Win Rate: 8.3%  Verdict: WEAK
2026-05-25 09:09:36 [INFO] screener: [AI] PMUI.JK — Win Rate: 9.8%  Verdict: WEAK
2026-05-25 09:09:36 [INFO] screener: [AI] AWAN.JK — Win Rate: 7.8%  Verdict: WEAK
2026-05-25 09:09:36 [INFO] screener: [AI] GTRA.JK — Win Rate: 13.6%  Verdict: WEAK
2026-05-25 10:51:40 [INFO] screener: Memindai Arus Uang (Rotasi Sektor)...
2026-05-25 10:52:14 [INFO] screener: Rotasi sektor selesai (11 sektor dipindai)
2026-05-25 10:52:14 [INFO] screener: Mengunduh Cuaca Makro Global & Komoditas...
2026-05-25 10:52:17 [INFO] screener: Macro update — IHSG=-0.06% | USD=+0.23% | Trend=DOWN | Penalty=0.0
2026-05-25 10:52:18 [WARNING] screener: [FUNDAMENTAL] CFIN.JK: PE tidak tersedia — pakai default 15
2026-05-25 10:52:18 [WARNING] screener: [FUNDAMENTAL] CFIN.JK: Book Value tidak tersedia — pakai default 1.5
2026-05-25 10:52:20 [INFO] screener: [ENSEMBLE] Loaded v5.0 (threshold=0.671)
2026-05-25 10:52:21 [INFO] screener: [ENSEMBLE] Loaded v5.0 (threshold=0.671)
2026-05-25 10:52:21 [INFO] screener: [ENSEMBLE] Loaded v5.0 (threshold=0.671)
2026-05-25 10:52:21 [INFO] screener: [ENSEMBLE] Loaded v5.0 (threshold=0.671)
2026-05-25 10:52:23 [INFO] screener: [AI] BBCA.JK — Win Rate: 40.6%  Verdict: WEAK
2026-05-25 10:52:23 [INFO] screener: [AI] BMRI.JK — Win Rate: 73.8%  Verdict: ULTRA BUY
2026-05-25 10:52:23 [INFO] screener: [AI] BBRI.JK — Win Rate: 43.7%  Verdict: WEAK
2026-05-25 10:52:23 [INFO] screener: [AI] BBTN.JK — Win Rate: 23.9%  Verdict: WEAK
2026-05-25 10:52:23 [INFO] screener: [AI] BTPS.JK — Win Rate: 22.1%  Verdict: WEAK
2026-05-25 10:52:23 [INFO] screener: [AI] BBYB.JK — Win Rate: 10.7%  Verdict: WEAK
2026-05-25 10:52:23 [INFO] screener: [AI] BVIC.JK — Win Rate: 41.3%  Verdict: WEAK
2026-05-25 10:52:23 [INFO] screener: [AI] NISP.JK — Win Rate: 45.6%  Verdict: WEAK
2026-05-25 10:52:23 [INFO] screener: [AI] ARTO.JK — Win Rate: 48.6%  Verdict: WEAK
2026-05-25 10:52:24 [INFO] screener: [AI] BJTM.JK — Win Rate: 29.0%  Verdict: WEAK
2026-05-25 10:52:24 [INFO] screener: [AI] BNGA.JK — Win Rate: 67.9%  Verdict: ULTRA BUY
2026-05-25 10:52:24 [INFO] screener: [AI] BDMN.JK — Win Rate: 23.0%  Verdict: WEAK
2026-05-25 10:52:24 [INFO] screener: [AI] BBNI.JK — Win Rate: 38.9%  Verdict: WEAK
2026-05-25 10:52:25 [WARNING] screener: [FUNDAMENTAL] MLPL.JK: PE tidak tersedia — pakai default 15
2026-05-25 10:52:27 [WARNING] screener: [FUNDAMENTAL] MPPA.JK: PE tidak tersedia — pakai default 15
2026-05-25 10:52:27 [INFO] screener: [AI] SRTG.JK — Win Rate: 51.4%  Verdict: BUY
2026-05-25 10:52:27 [INFO] screener: [AI] SMMA.JK — Win Rate: 21.3%  Verdict: WEAK
2026-05-25 10:52:28 [INFO] screener: [AI] BRIS.JK — Win Rate: 70.5%  Verdict: ULTRA BUY
2026-05-25 10:52:29 [INFO] screener: [AI] BSIM.JK — Win Rate: 59.2%  Verdict: BUY
2026-05-25 10:52:30 [INFO] screener: [AI] UNTR.JK — Win Rate: 85.6%  Verdict: ULTRA BUY
2026-05-25 10:52:32 [INFO] screener: [AI] ASII.JK — Win Rate: 9.0%  Verdict: WEAK
2026-05-25 10:52:32 [INFO] screener: [AI] PNBN.JK — Win Rate: 28.9%  Verdict: WEAK
2026-05-25 10:52:32 [INFO] screener: [AI] BHIT.JK — Win Rate: 9.4%  Verdict: WEAK
2026-05-25 10:52:32 [INFO] screener: [AI] BMTR.JK — Win Rate: 38.6%  Verdict: WEAK
2026-05-25 10:52:32 [INFO] screener: [AI] MLPL.JK — Win Rate: 16.4%  Verdict: WEAK
2026-05-25 10:52:32 [INFO] screener: [AI] BJBR.JK — Win Rate: 53.4%  Verdict: BUY
2026-05-25 10:52:33 [INFO] screener: [AI] MPPA.JK — Win Rate: 4.6%  Verdict: WEAK
2026-05-25 10:52:33 [WARNING] screener: [FUNDAMENTAL] GOTO.JK: PE tidak tersedia — pakai default 15
2026-05-25 10:52:33 [WARNING] screener: [FUNDAMENTAL] BELI.JK: PE tidak tersedia — pakai default 15
2026-05-25 10:52:33 [INFO] screener: [AI] LPKR.JK — Win Rate: 12.2%  Verdict: WEAK
2026-05-25 10:52:33 [INFO] screener: [AI] SCMA.JK — Win Rate: 24.7%  Verdict: WEAK
2026-05-25 10:52:34 [WARNING] screener: [FUNDAMENTAL] EXCL.JK: PE tidak tersedia — pakai default 15
2026-05-25 10:52:34 [INFO] screener: [AI] BNLI.JK — Win Rate: 50.1%  Verdict: BUY
2026-05-25 10:52:34 [INFO] screener: [AI] VIVA.JK — Win Rate: 25.4%  Verdict: WEAK
2026-05-25 10:52:35 [WARNING] screener: [FUNDAMENTAL] KREN.JK: PE tidak tersedia — pakai default 15
2026-05-25 10:52:35 [INFO] screener: [AI] GOTO.JK — Win Rate: 18.7%  Verdict: WEAK
2026-05-25 10:52:35 [INFO] screener: [AI] EXCL.JK — Win Rate: 24.0%  Verdict: WEAK
2026-05-25 10:52:35 [WARNING] screener: [FUNDAMENTAL] AXIO.JK: PE tidak tersedia — pakai default 15
2026-05-25 10:52:36 [INFO] screener: [AI] WIFI.JK — Win Rate: 40.4%  Verdict: WEAK
2026-05-25 10:52:36 [INFO] screener: [AI] MLPT.JK — Win Rate: 7.3%  Verdict: WEAK
2026-05-25 10:52:36 [INFO] screener: [AI] TLKM.JK — Win Rate: 53.9%  Verdict: BUY
2026-05-25 10:52:36 [INFO] screener: [AI] MTDL.JK — Win Rate: 5.7%  Verdict: WEAK
2026-05-25 10:52:37 [INFO] screener: [AI] GLVA.JK — Win Rate: 86.0%  Verdict: ULTRA BUY
2026-05-25 10:52:38 [INFO] screener: [AI] DMMX.JK — Win Rate: 8.8%  Verdict: WEAK
2026-05-25 10:52:38 [INFO] screener: [AI] ISAT.JK — Win Rate: 30.5%  Verdict: WEAK
2026-05-25 10:52:38 [INFO] screener: [AI] AXIO.JK — Win Rate: 13.6%  Verdict: WEAK
2026-05-25 10:52:38 [INFO] screener: [AI] EMTK.JK — Win Rate: 73.4%  Verdict: ULTRA BUY
2026-05-25 10:52:39 [INFO] screener: [AI] BELI.JK — Win Rate: 56.3%  Verdict: BUY
2026-05-25 10:52:40 [INFO] screener: [AI] PTBA.JK — Win Rate: 32.4%  Verdict: WEAK
2026-05-25 10:52:41 [INFO] screener: [AI] BUKA.JK — Win Rate: 28.3%  Verdict: WEAK
2026-05-25 10:52:41 [INFO] screener: [AI] KREN.JK — Win Rate: 25.1%  Verdict: WEAK
2026-05-25 10:52:43 [WARNING] screener: [FUNDAMENTAL] INDY.JK: PE tidak tersedia — pakai default 15
2026-05-25 10:52:44 [INFO] screener: [AI] TINS.JK — Win Rate: 9.8%  Verdict: WEAK
2026-05-25 10:52:44 [INFO] screener: [AI] ANTM.JK — Win Rate: 92.4%  Verdict: ULTRA BUY
2026-05-25 10:52:45 [INFO] screener: [AI] DEWA.JK — Win Rate: 27.0%  Verdict: WEAK
2026-05-25 10:52:45 [WARNING] screener: [FUNDAMENTAL] DOID.JK: PE tidak tersedia — pakai default 15
2026-05-25 10:52:45 [WARNING] screener: [FUNDAMENTAL] PTPP.JK: PE tidak tersedia — pakai default 15
2026-05-25 10:52:45 [WARNING] screener: [FUNDAMENTAL] WEGE.JK: PE tidak tersedia — pakai default 15
2026-05-25 10:52:46 [WARNING] screener: [FUNDAMENTAL] ADHI.JK: PE tidak tersedia — pakai default 15
2026-05-25 10:52:46 [WARNING] screener: [FUNDAMENTAL] TOBA.JK: PE tidak tersedia — pakai default 15
2026-05-25 10:52:46 [WARNING] screener: [FUNDAMENTAL] PPRE.JK: PE tidak tersedia — pakai default 15
2026-05-25 10:52:46 [INFO] screener: [AI] NCKL.JK — Win Rate: 43.6%  Verdict: WEAK
2026-05-25 10:52:46 [WARNING] screener: [FUNDAMENTAL] ACST.JK: PE tidak tersedia — pakai default 15
2026-05-25 10:52:47 [INFO] screener: [AI] ADHI.JK — Win Rate: 16.9%  Verdict: WEAK
2026-05-25 10:52:47 [INFO] screener: [AI] AKRA.JK — Win Rate: 21.6%  Verdict: WEAK
2026-05-25 10:52:47 [WARNING] screener: [FUNDAMENTAL] LEAD.JK: PE tidak tersedia — pakai default 15
2026-05-25 10:52:47 [INFO] screener: [AI] PPRE.JK — Win Rate: 13.6%  Verdict: WEAK
2026-05-25 10:52:48 [INFO] screener: [AI] RMKE.JK — Win Rate: 8.4%  Verdict: WEAK
2026-05-25 10:52:48 [INFO] screener: [AI] TOTL.JK — Win Rate: 60.4%  Verdict: ULTRA BUY
2026-05-25 10:52:49 [INFO] screener: [AI] WEGE.JK — Win Rate: 32.6%  Verdict: WEAK
2026-05-25 10:52:50 [INFO] screener: [AI] ACST.JK — Win Rate: 11.4%  Verdict: WEAK
2026-05-25 10:52:50 [INFO] screener: [AI] CMNP.JK — Win Rate: 49.9%  Verdict: WEAK
2026-05-25 10:52:50 [INFO] screener: [AI] JSMR.JK — Win Rate: 39.3%  Verdict: WEAK
2026-05-25 10:52:50 [INFO] screener: [AI] JKON.JK — Win Rate: 10.7%  Verdict: WEAK
2026-05-25 10:52:50 [INFO] screener: [AI] PTPP.JK — Win Rate: 47.7%  Verdict: WEAK
2026-05-25 10:52:50 [INFO] screener: [AI] UNVR.JK — Win Rate: 7.1%  Verdict: WEAK
2026-05-25 10:52:51 [INFO] screener: [AI] GOOD.JK — Win Rate: 32.6%  Verdict: WEAK
2026-05-25 10:52:51 [WARNING] screener: [FUNDAMENTAL] KAEF.JK: PE tidak tersedia — pakai default 15
2026-05-25 10:52:51 [INFO] screener: [AI] ICBP.JK — Win Rate: 24.8%  Verdict: WEAK
2026-05-25 10:52:51 [INFO] screener: [AI] MYOR.JK — Win Rate: 23.9%  Verdict: WEAK
2026-05-25 10:52:51 [INFO] screener: [AI] CAMP.JK — Win Rate: 14.4%  Verdict: WEAK
2026-05-25 10:52:51 [INFO] screener: [AI] INDF.JK — Win Rate: 68.8%  Verdict: ULTRA BUY
2026-05-25 10:52:52 [INFO] screener: [AI] ROTI.JK — Win Rate: 26.8%  Verdict: WEAK
2026-05-25 10:52:53 [INFO] screener: [AI] BIRD.JK — Win Rate: 21.4%  Verdict: WEAK
2026-05-25 10:52:53 [INFO] screener: [AI] SIDO.JK — Win Rate: 45.9%  Verdict: WEAK
2026-05-25 10:52:53 [INFO] screener: [AI] CLEO.JK — Win Rate: 44.6%  Verdict: WEAK
2026-05-25 10:52:53 [INFO] screener: [AI] KAEF.JK — Win Rate: 16.2%  Verdict: WEAK
2026-05-25 10:52:54 [INFO] screener: [AI] ADES.JK — Win Rate: 31.8%  Verdict: WEAK
2026-05-25 10:52:54 [INFO] screener: [AI] PEHA.JK — Win Rate: 15.4%  Verdict: WEAK
2026-05-25 10:52:55 [INFO] screener: [AI] STTP.JK — Win Rate: 65.5%  Verdict: ULTRA BUY
2026-05-25 10:52:57 [WARNING] screener: [FUNDAMENTAL] HOKI.JK: PE tidak tersedia — pakai default 15
2026-05-25 10:52:57 [WARNING] screener: [FUNDAMENTAL] MPPA.JK: PE tidak tersedia — pakai default 15
2026-05-25 10:52:58 [INFO] screener: [AI] AMRT.JK — Win Rate: 25.1%  Verdict: WEAK
2026-05-25 10:52:58 [INFO] screener: [AI] BSDE.JK — Win Rate: 17.4%  Verdict: WEAK
2026-05-25 10:52:58 [INFO] screener: [AI] MPPA.JK — Win Rate: 4.6%  Verdict: WEAK
2026-05-25 10:52:58 [INFO] screener: [AI] HOKI.JK — Win Rate: 10.9%  Verdict: WEAK
2026-05-25 10:52:58 [INFO] screener: [AI] ENZO.JK — Win Rate: 20.1%  Verdict: WEAK
2026-05-25 10:52:59 [INFO] screener: [AI] ACES.JK — Win Rate: 44.8%  Verdict: WEAK
2026-05-25 10:52:59 [INFO] screener: [AI] CPIN.JK — Win Rate: 10.0%  Verdict: WEAK
2026-05-25 10:52:59 [INFO] screener: [AI] MAPA.JK — Win Rate: 14.3%  Verdict: WEAK
2026-05-25 10:52:59 [INFO] screener: [AI] CTRA.JK — Win Rate: 36.5%  Verdict: WEAK
2026-05-25 10:52:59 [INFO] screener: [AI] LPPF.JK — Win Rate: 16.6%  Verdict: WEAK
2026-05-25 10:53:00 [INFO] screener: [AI] PWON.JK — Win Rate: 22.5%  Verdict: WEAK
2026-05-25 10:53:00 [WARNING] screener: [FUNDAMENTAL] PPRO.JK: PE tidak tersedia — pakai default 15
2026-05-25 10:53:00 [INFO] screener: [AI] DMAS.JK — Win Rate: 22.9%  Verdict: WEAK
2026-05-25 10:53:01 [INFO] screener: [AI] SMRA.JK — Win Rate: 8.2%  Verdict: WEAK
2026-05-25 10:53:01 [INFO] screener: [AI] RALS.JK — Win Rate: 66.3%  Verdict: ULTRA BUY
2026-05-25 10:53:02 [INFO] screener: [AI] DUTI.JK — Win Rate: 14.7%  Verdict: WEAK
2026-05-25 10:53:02 [INFO] screener: [AI] MIDI.JK — Win Rate: 8.1%  Verdict: WEAK
2026-05-25 10:53:02 [INFO] screener: [AI] MAPI.JK — Win Rate: 19.4%  Verdict: WEAK
2026-05-25 10:53:02 [INFO] screener: [AI] GWSA.JK — Win Rate: 39.2%  Verdict: WEAK
2026-05-25 10:53:02 [INFO] screener: [AI] DILD.JK — Win Rate: 12.8%  Verdict: WEAK
2026-05-25 10:53:03 [INFO] screener: [AI] PPRO.JK — Win Rate: 5.3%  Verdict: WEAK
2026-05-25 10:53:03 [INFO] screener: [AI] ERAA.JK — Win Rate: 22.1%  Verdict: WEAK
2026-05-25 10:53:04 [INFO] screener: [AI] BKSL.JK — Win Rate: 8.1%  Verdict: WEAK
2026-05-25 10:53:04 [INFO] screener: [AI] MIKA.JK — Win Rate: 84.0%  Verdict: ULTRA BUY
2026-05-25 10:53:05 [INFO] screener: [AI] HEAL.JK — Win Rate: 84.8%  Verdict: ULTRA BUY
2026-05-25 10:53:06 [INFO] screener: [AI] ASRI.JK — Win Rate: 43.3%  Verdict: WEAK
2026-05-25 10:53:06 [INFO] screener: [AI] SILO.JK — Win Rate: 22.1%  Verdict: WEAK
2026-05-25 10:53:06 [INFO] screener: [AI] LPCK.JK — Win Rate: 35.5%  Verdict: WEAK
2026-05-25 10:53:07 [INFO] screener: [AI] SSIA.JK — Win Rate: 77.9%  Verdict: ULTRA BUY
2026-05-25 10:53:07 [INFO] screener: [AI] PRDA.JK — Win Rate: 30.4%  Verdict: WEAK
2026-05-25 10:53:07 [INFO] screener: [AI] KLBF.JK — Win Rate: 54.0%  Verdict: BUY
2026-05-25 10:53:09 [INFO] screener: [AI] JPFA.JK — Win Rate: 7.9%  Verdict: WEAK
2026-05-25 10:53:09 [INFO] screener: [AI] KIJA.JK — Win Rate: 7.6%  Verdict: WEAK
2026-05-25 10:53:09 [INFO] screener: [AI] MKPI.JK — Win Rate: 13.8%  Verdict: WEAK
2026-05-25 10:53:09 [INFO] screener: [AI] BMHS.JK — Win Rate: 12.3%  Verdict: WEAK
2026-05-25 10:53:09 [INFO] screener: [AI] IRRA.JK — Win Rate: 19.3%  Verdict: WEAK
2026-05-25 10:53:10 [INFO] screener: [AI] TSPC.JK — Win Rate: 62.4%  Verdict: ULTRA BUY
2026-05-25 10:53:10 [WARNING] screener: [FUNDAMENTAL] BAJA.JK: PE tidak tersedia — pakai default 15
2026-05-25 10:53:11 [INFO] screener: [AI] INTP.JK — Win Rate: 65.3%  Verdict: ULTRA BUY
2026-05-25 10:53:12 [INFO] screener: [AI] SAME.JK — Win Rate: 11.0%  Verdict: WEAK
2026-05-25 10:53:12 [INFO] screener: [AI] DGNS.JK — Win Rate: 7.5%  Verdict: WEAK
2026-05-25 10:53:12 [INFO] screener: [AI] ISSP.JK — Win Rate: 23.4%  Verdict: WEAK
2026-05-25 10:53:12 [INFO] screener: [AI] BAJA.JK — Win Rate: 25.3%  Verdict: WEAK
2026-05-25 10:53:12 [INFO] screener: [AI] TOTO.JK — Win Rate: 51.2%  Verdict: BUY
2026-05-25 10:53:13 [INFO] screener: [AI] SMBR.JK — Win Rate: 37.4%  Verdict: WEAK
2026-05-25 10:53:14 [INFO] screener: [AI] ASSA.JK — Win Rate: 71.6%  Verdict: ULTRA BUY
2026-05-25 10:53:15 [INFO] screener: [AI] ALKA.JK — Win Rate: 19.8%  Verdict: WEAK
2026-05-25 10:53:15 [INFO] screener: [AI] BRNA.JK — Win Rate: 21.3%  Verdict: WEAK
2026-05-25 10:53:17 [INFO] screener: [AI] SMGR.JK — Win Rate: 39.4%  Verdict: WEAK
2026-05-25 10:53:18 [WARNING] screener: [FUNDAMENTAL] GIAA.JK: PE tidak tersedia — pakai default 15
2026-05-25 10:53:18 [WARNING] screener: [FUNDAMENTAL] GIAA.JK: Book Value tidak tersedia — pakai default 1.5
2026-05-25 10:53:18 [INFO] screener: [AI] BIRD.JK — Win Rate: 21.4%  Verdict: WEAK
2026-05-25 10:53:19 [INFO] screener: [AI] DSNG.JK — Win Rate: 87.1%  Verdict: ULTRA BUY
2026-05-25 10:53:20 [INFO] screener: [AI] AALI.JK — Win Rate: 90.5%  Verdict: ULTRA BUY
2026-05-25 10:53:22 [INFO] screener: [AI] PANI.JK — Win Rate: 31.0%  Verdict: WEAK
2026-05-25 10:53:22 [INFO] screener: [AI] BPTR.JK — Win Rate: 9.7%  Verdict: WEAK
2026-05-25 10:53:22 [WARNING] screener: [FUNDAMENTAL] PMUI.JK: PE tidak tersedia — pakai default 15
2026-05-25 10:53:22 [INFO] screener: [AI] TMAS.JK — Win Rate: 6.9%  Verdict: WEAK
2026-05-25 10:53:22 [INFO] screener: [AI] TAPG.JK — Win Rate: 30.6%  Verdict: WEAK
2026-05-25 10:53:22 [INFO] screener: [AI] NELY.JK — Win Rate: 11.5%  Verdict: WEAK
2026-05-25 10:53:22 [INFO] screener: [AI] SIMP.JK — Win Rate: 50.0%  Verdict: WEAK
2026-05-25 10:53:22 [INFO] screener: [AI] TBLA.JK — Win Rate: 23.6%  Verdict: WEAK
2026-05-25 10:53:22 [WARNING] screener: [FUNDAMENTAL] AREA.JK: PE tidak tersedia — pakai default 15
2026-05-25 10:53:23 [WARNING] screener: [FUNDAMENTAL] WIDI.JK: PE tidak tersedia — pakai default 15
2026-05-25 10:53:23 [WARNING] screener: [FUNDAMENTAL] STRK.JK: PE tidak tersedia — pakai default 15
2026-05-25 10:53:23 [WARNING] screener: [FUNDAMENTAL] AWAN.JK: PE tidak tersedia — pakai default 15
2026-05-25 10:53:23 [INFO] screener: [AI] BWPT.JK — Win Rate: 9.6%  Verdict: WEAK
2026-05-25 10:53:23 [INFO] screener: [AI] HAIS.JK — Win Rate: 22.9%  Verdict: WEAK
2026-05-25 10:53:23 [WARNING] screener: [FUNDAMENTAL] GTRA.JK: PE tidak tersedia — pakai default 15
2026-05-25 10:53:23 [INFO] screener: [AI] SSMS.JK — Win Rate: 25.1%  Verdict: WEAK
2026-05-25 10:53:23 [INFO] screener: [AI] LSIP.JK — Win Rate: 80.7%  Verdict: ULTRA BUY
2026-05-25 10:53:25 [INFO] screener: [AI] WIDI.JK — Win Rate: 8.4%  Verdict: WEAK
2026-05-25 10:53:25 [INFO] screener: [AI] ALII.JK — Win Rate: 33.2%  Verdict: WEAK
2026-05-25 10:53:25 [INFO] screener: [AI] AWAN.JK — Win Rate: 9.0%  Verdict: WEAK
2026-05-25 10:53:25 [INFO] screener: [AI] STRK.JK — Win Rate: 8.8%  Verdict: WEAK
2026-05-25 10:53:25 [INFO] screener: [AI] PMUI.JK — Win Rate: 10.6%  Verdict: WEAK
2026-05-25 10:53:25 [INFO] screener: [AI] GTRA.JK — Win Rate: 15.1%  Verdict: WEAK
2026-05-25 10:53:26 [INFO] screener: [AI] AREA.JK — Win Rate: 11.1%  Verdict: WEAK
2026-05-25 10:53:28 [INFO] backtest: [backtest] Tested=30 Skipped=0 WinRate=0.0% Sharpe=-98143250.28
2026-05-25 14:01:27 [INFO] screener: Memindai Arus Uang (Rotasi Sektor)...
2026-05-25 14:01:37 [INFO] screener: Rotasi sektor selesai (11 sektor dipindai)
2026-05-25 14:01:37 [INFO] screener: Mengunduh Cuaca Makro Global & Komoditas...
2026-05-25 14:01:37 [INFO] screener: Macro update — IHSG=+0.78% | USD=+0.24% | Trend=UP | Penalty=0.0
2026-05-25 14:01:43 [INFO] screener: [ENSEMBLE] Loaded v5.0 (threshold=0.671)
2026-05-25 14:01:43 [INFO] screener: [ENSEMBLE] Loaded v5.0 (threshold=0.671)
2026-05-25 14:01:43 [INFO] screener: [ENSEMBLE] Loaded v5.0 (threshold=0.671)
2026-05-25 14:01:43 [INFO] screener: [ENSEMBLE] Loaded v5.0 (threshold=0.671)
2026-05-25 14:01:43 [INFO] screener: [ENSEMBLE] Loaded v5.0 (threshold=0.671)
2026-05-25 14:01:43 [INFO] screener: [ENSEMBLE] Loaded v5.0 (threshold=0.671)
2026-05-25 14:01:43 [INFO] screener: [ENSEMBLE] Loaded v5.0 (threshold=0.671)
2026-05-25 14:01:43 [INFO] screener: [ENSEMBLE] Loaded v5.0 (threshold=0.671)
2026-05-25 14:01:43 [INFO] screener: [ENSEMBLE] Loaded v5.0 (threshold=0.671)
2026-05-25 14:01:43 [INFO] screener: [ENSEMBLE] Loaded v5.0 (threshold=0.671)
2026-05-25 14:01:43 [INFO] screener: [ENSEMBLE] Loaded v5.0 (threshold=0.671)
2026-05-25 14:01:43 [INFO] screener: [ENSEMBLE] Loaded v5.0 (threshold=0.671)
2026-05-25 14:01:43 [INFO] screener: [ENSEMBLE] Loaded v5.0 (threshold=0.671)
2026-05-25 14:01:43 [INFO] screener: [ENSEMBLE] Loaded v5.0 (threshold=0.671)
2026-05-25 14:01:46 [INFO] screener: [AI] BBNI.JK — Win Rate: 8.1%  Verdict: WEAK
2026-05-25 14:01:46 [INFO] screener: [AI] BTPS.JK — Win Rate: 26.2%  Verdict: WEAK
2026-05-25 14:01:46 [INFO] screener: [AI] BRIS.JK — Win Rate: 13.6%  Verdict: WEAK
2026-05-25 14:01:46 [INFO] screener: [AI] ARTO.JK — Win Rate: 31.5%  Verdict: WEAK
2026-05-25 14:01:46 [INFO] screener: [AI] CFIN.JK — Win Rate: 67.9%  Verdict: ULTRA BUY
2026-05-25 14:01:46 [INFO] screener: [AI] BDMN.JK — Win Rate: 27.1%  Verdict: WEAK
2026-05-25 14:01:46 [INFO] screener: [AI] BBCA.JK — Win Rate: 8.0%  Verdict: WEAK
2026-05-25 14:01:46 [INFO] screener: [AI] BBTN.JK — Win Rate: 4.8%  Verdict: WEAK
2026-05-25 14:01:47 [INFO] screener: [AI] BMRI.JK — Win Rate: 7.2%  Verdict: WEAK
2026-05-25 14:01:47 [INFO] screener: [AI] BBYB.JK — Win Rate: 17.3%  Verdict: WEAK
2026-05-25 14:01:47 [INFO] screener: [AI] BVIC.JK — Win Rate: 21.3%  Verdict: WEAK
2026-05-25 14:01:47 [INFO] screener: [AI] BNGA.JK — Win Rate: 51.5%  Verdict: BUY
2026-05-25 14:01:47 [INFO] screener: [AI] NISP.JK — Win Rate: 20.0%  Verdict: WEAK
2026-05-25 14:01:48 [INFO] screener: [AI] BBRI.JK — Win Rate: 5.8%  Verdict: WEAK
2026-05-25 14:01:49 [WARNING] screener: [FUNDAMENTAL] MLPL.JK: PE tidak tersedia — pakai default 15
2026-05-25 14:01:52 [INFO] screener: [AI] PNBN.JK — Win Rate: 32.7%  Verdict: WEAK
2026-05-25 14:01:52 [INFO] screener: [AI] MLPL.JK — Win Rate: 40.5%  Verdict: WEAK
2026-05-25 14:01:52 [INFO] screener: [AI] BJTM.JK — Win Rate: 7.3%  Verdict: WEAK
2026-05-25 14:01:52 [INFO] screener: [AI] BHIT.JK — Win Rate: 12.8%  Verdict: WEAK
2026-05-25 14:01:52 [INFO] screener: [AI] BSIM.JK — Win Rate: 59.6%  Verdict: BUY
2026-05-25 14:01:52 [INFO] screener: [AI] SRTG.JK — Win Rate: 41.8%  Verdict: WEAK
2026-05-25 14:01:53 [INFO] screener: [AI] LPKR.JK — Win Rate: 40.4%  Verdict: WEAK
2026-05-25 14:01:53 [INFO] screener: [AI] UNTR.JK — Win Rate: 81.9%  Verdict: ULTRA BUY
2026-05-25 14:01:54 [INFO] screener: [AI] BJBR.JK — Win Rate: 18.6%  Verdict: WEAK
2026-05-25 14:01:54 [WARNING] screener: [FUNDAMENTAL] MPPA.JK: PE tidak tersedia — pakai default 15
2026-05-25 14:01:54 [INFO] screener: [AI] SMMA.JK — Win Rate: 10.6%  Verdict: WEAK
2026-05-25 14:01:54 [INFO] screener: [AI] ASII.JK — Win Rate: 13.6%  Verdict: WEAK
2026-05-25 14:01:54 [INFO] screener: [AI] BMTR.JK — Win Rate: 34.7%  Verdict: WEAK
2026-05-25 14:01:55 [WARNING] screener: [FUNDAMENTAL] GOTO.JK: PE tidak tersedia — pakai default 15
2026-05-25 14:01:55 [WARNING] screener: [FUNDAMENTAL] EXCL.JK: PE tidak tersedia — pakai default 15
2026-05-25 14:01:55 [WARNING] screener: [FUNDAMENTAL] BELI.JK: PE tidak tersedia — pakai default 15
2026-05-25 14:01:56 [INFO] screener: [AI] MPPA.JK — Win Rate: 7.9%  Verdict: WEAK
2026-05-25 14:01:57 [INFO] screener: [AI] SCMA.JK — Win Rate: 16.6%  Verdict: WEAK
2026-05-25 14:01:58 [INFO] screener: [AI] BNLI.JK — Win Rate: 18.8%  Verdict: WEAK
2026-05-25 14:01:58 [INFO] screener: [AI] VIVA.JK — Win Rate: 25.2%  Verdict: WEAK
2026-05-25 14:01:58 [INFO] screener: [AI] EXCL.JK — Win Rate: 59.1%  Verdict: BUY
2026-05-25 14:01:59 [INFO] screener: [AI] BUKA.JK — Win Rate: 20.1%  Verdict: WEAK
2026-05-25 14:01:59 [INFO] screener: [AI] GOTO.JK — Win Rate: 17.4%  Verdict: WEAK
2026-05-25 14:01:59 [INFO] screener: [AI] TLKM.JK — Win Rate: 26.8%  Verdict: WEAK
2026-05-25 14:01:59 [WARNING] screener: [FUNDAMENTAL] KREN.JK: PE tidak tersedia — pakai default 15
2026-05-25 14:02:00 [INFO] screener: [AI] ISAT.JK — Win Rate: 26.8%  Verdict: WEAK
2026-05-25 14:02:00 [INFO] screener: [AI] BELI.JK — Win Rate: 34.8%  Verdict: WEAK
2026-05-25 14:02:00 [INFO] screener: [AI] EMTK.JK — Win Rate: 67.3%  Verdict: ULTRA BUY
2026-05-25 14:02:00 [INFO] screener: [AI] WIFI.JK — Win Rate: 61.4%  Verdict: ULTRA BUY
2026-05-25 14:02:02 [INFO] screener: [AI] MLPT.JK — Win Rate: 10.7%  Verdict: WEAK
2026-05-25 14:02:02 [WARNING] screener: [FUNDAMENTAL] AXIO.JK: PE tidak tersedia — pakai default 15
2026-05-25 14:02:02 [INFO] screener: [AI] MTDL.JK — Win Rate: 42.3%  Verdict: WEAK
2026-05-25 14:02:02 [INFO] screener: [AI] DMMX.JK — Win Rate: 16.4%  Verdict: WEAK
2026-05-25 14:02:02 [INFO] screener: [AI] KREN.JK — Win Rate: 28.9%  Verdict: WEAK
2026-05-25 14:02:03 [INFO] screener: [AI] GLVA.JK — Win Rate: 16.5%  Verdict: WEAK
2026-05-25 14:02:04 [INFO] screener: [AI] AXIO.JK — Win Rate: 51.5%  Verdict: BUY
2026-05-25 14:02:05 [INFO] screener: [AI] PTBA.JK — Win Rate: 21.3%  Verdict: WEAK
2026-05-25 14:02:06 [WARNING] screener: [FUNDAMENTAL] INDY.JK: PE tidak tersedia — pakai default 15
2026-05-25 14:02:08 [INFO] screener: [AI] DEWA.JK — Win Rate: 35.1%  Verdict: WEAK
2026-05-25 14:02:09 [INFO] screener: [AI] AKRA.JK — Win Rate: 25.1%  Verdict: WEAK
2026-05-25 14:02:09 [INFO] screener: [AI] TINS.JK — Win Rate: 10.3%  Verdict: WEAK
2026-05-25 14:02:09 [WARNING] screener: [FUNDAMENTAL] DOID.JK: PE tidak tersedia — pakai default 15
2026-05-25 14:02:09 [WARNING] screener: [FUNDAMENTAL] TOBA.JK: PE tidak tersedia — pakai default 15
2026-05-25 14:02:09 [INFO] screener: [AI] ANTM.JK — Win Rate: 88.5%  Verdict: ULTRA BUY
2026-05-25 14:02:10 [WARNING] screener: [FUNDAMENTAL] PTPP.JK: PE tidak tersedia — pakai default 15
2026-05-25 14:02:10 [WARNING] screener: [FUNDAMENTAL] WEGE.JK: PE tidak tersedia — pakai default 15
2026-05-25 14:02:11 [WARNING] screener: [FUNDAMENTAL] ADHI.JK: PE tidak tersedia — pakai default 15
2026-05-25 14:02:11 [WARNING] screener: [FUNDAMENTAL] ACST.JK: PE tidak tersedia — pakai default 15
2026-05-25 14:02:11 [WARNING] screener: [FUNDAMENTAL] PPRE.JK: PE tidak tersedia — pakai default 15
2026-05-25 14:02:12 [INFO] screener: [AI] NCKL.JK — Win Rate: 54.1%  Verdict: BUY
2026-05-25 14:02:14 [INFO] screener: [AI] RMKE.JK — Win Rate: 8.8%  Verdict: WEAK
2026-05-25 14:02:14 [INFO] screener: [AI] PTPP.JK — Win Rate: 29.0%  Verdict: WEAK
2026-05-25 14:02:14 [INFO] screener: [AI] JSMR.JK — Win Rate: 12.5%  Verdict: WEAK
2026-05-25 14:02:14 [INFO] screener: [AI] WEGE.JK — Win Rate: 13.4%  Verdict: WEAK
2026-05-25 14:02:14 [INFO] screener: [AI] ACST.JK — Win Rate: 21.9%  Verdict: WEAK
2026-05-25 14:02:14 [INFO] screener: [AI] ADHI.JK — Win Rate: 39.0%  Verdict: WEAK
2026-05-25 14:02:14 [WARNING] screener: [FUNDAMENTAL] LEAD.JK: PE tidak tersedia — pakai default 15
2026-05-25 14:02:15 [INFO] screener: [AI] TOTL.JK — Win Rate: 65.0%  Verdict: ULTRA BUY
2026-05-25 14:02:16 [INFO] screener: [AI] PPRE.JK — Win Rate: 12.9%  Verdict: WEAK
2026-05-25 14:02:16 [INFO] screener: [AI] JKON.JK — Win Rate: 13.7%  Verdict: WEAK
2026-05-25 14:02:19 [INFO] screener: [AI] INDF.JK — Win Rate: 11.2%  Verdict: WEAK
2026-05-25 14:02:19 [WARNING] screener: [FUNDAMENTAL] KAEF.JK: PE tidak tersedia — pakai default 15
2026-05-25 14:02:19 [INFO] screener: [AI] CMNP.JK — Win Rate: 40.6%  Verdict: WEAK
2026-05-25 14:02:19 [INFO] screener: [AI] MYOR.JK — Win Rate: 14.6%  Verdict: WEAK
2026-05-25 14:02:19 [INFO] screener: [AI] BIRD.JK — Win Rate: 11.2%  Verdict: WEAK
2026-05-25 14:02:19 [INFO] screener: [AI] GOOD.JK — Win Rate: 16.3%  Verdict: WEAK
2026-05-25 14:02:19 [INFO] screener: [AI] UNVR.JK — Win Rate: 6.2%  Verdict: WEAK
2026-05-25 14:02:20 [INFO] screener: [AI] ICBP.JK — Win Rate: 17.6%  Verdict: WEAK
2026-05-25 14:02:20 [INFO] screener: [AI] CAMP.JK — Win Rate: 21.0%  Verdict: WEAK
2026-05-25 14:02:20 [INFO] screener: [AI] ROTI.JK — Win Rate: 36.8%  Verdict: WEAK
2026-05-25 14:02:20 [INFO] screener: [AI] CLEO.JK — Win Rate: 47.7%  Verdict: WEAK
2026-05-25 14:02:20 [INFO] screener: [AI] ADES.JK — Win Rate: 22.9%  Verdict: WEAK
2026-05-25 14:02:20 [INFO] screener: [AI] KAEF.JK — Win Rate: 9.2%  Verdict: WEAK
2026-05-25 14:02:21 [INFO] screener: [AI] SIDO.JK — Win Rate: 52.8%  Verdict: BUY
2026-05-25 14:02:22 [INFO] screener: [AI] STTP.JK — Win Rate: 50.5%  Verdict: BUY
2026-05-25 14:02:22 [INFO] screener: [AI] PEHA.JK — Win Rate: 14.5%  Verdict: WEAK
2026-05-25 14:02:23 [WARNING] screener: [FUNDAMENTAL] MPPA.JK: PE tidak tersedia — pakai default 15
2026-05-25 14:02:23 [WARNING] screener: [FUNDAMENTAL] HOKI.JK: PE tidak tersedia — pakai default 15
2026-05-25 14:02:24 [INFO] screener: [AI] MPPA.JK — Win Rate: 7.9%  Verdict: WEAK
2026-05-25 14:02:25 [INFO] screener: [AI] MAPA.JK — Win Rate: 26.9%  Verdict: WEAK
2026-05-25 14:02:27 [INFO] screener: [AI] MAPI.JK — Win Rate: 12.1%  Verdict: WEAK
2026-05-25 14:02:27 [INFO] screener: [AI] MIDI.JK — Win Rate: 12.1%  Verdict: WEAK
2026-05-25 14:02:27 [INFO] screener: [AI] RALS.JK — Win Rate: 31.4%  Verdict: WEAK
2026-05-25 14:02:27 [INFO] screener: [AI] ACES.JK — Win Rate: 38.8%  Verdict: WEAK
2026-05-25 14:02:27 [INFO] screener: [AI] HOKI.JK — Win Rate: 14.7%  Verdict: WEAK
2026-05-25 14:02:27 [INFO] screener: [AI] ENZO.JK — Win Rate: 16.4%  Verdict: WEAK
2026-05-25 14:02:27 [INFO] screener: [AI] BSDE.JK — Win Rate: 12.6%  Verdict: WEAK
2026-05-25 14:02:27 [INFO] screener: [AI] ERAA.JK — Win Rate: 23.4%  Verdict: WEAK
2026-05-25 14:02:27 [INFO] screener: [AI] JPFA.JK — Win Rate: 4.8%  Verdict: WEAK
2026-05-25 14:02:27 [INFO] screener: [AI] AMRT.JK — Win Rate: 27.0%  Verdict: WEAK
2026-05-25 14:02:27 [INFO] screener: [AI] LPPF.JK — Win Rate: 31.8%  Verdict: WEAK
2026-05-25 14:02:27 [INFO] screener: [AI] CPIN.JK — Win Rate: 8.1%  Verdict: WEAK
2026-05-25 14:02:28 [INFO] screener: [AI] CTRA.JK — Win Rate: 29.5%  Verdict: WEAK
2026-05-25 14:02:28 [WARNING] screener: [FUNDAMENTAL] PPRO.JK: PE tidak tersedia — pakai default 15
2026-05-25 14:02:28 [INFO] screener: [AI] SMRA.JK — Win Rate: 31.3%  Verdict: WEAK
2026-05-25 14:02:30 [INFO] screener: [AI] PWON.JK — Win Rate: 41.1%  Verdict: WEAK
2026-05-25 14:02:30 [INFO] screener: [AI] DUTI.JK — Win Rate: 15.0%  Verdict: WEAK
2026-05-25 14:02:31 [INFO] screener: [AI] PPRO.JK — Win Rate: 8.7%  Verdict: WEAK
2026-05-25 14:02:31 [INFO] screener: [AI] DILD.JK — Win Rate: 10.1%  Verdict: WEAK
2026-05-25 14:02:32 [INFO] screener: [AI] ASRI.JK — Win Rate: 27.1%  Verdict: WEAK
2026-05-25 14:02:32 [INFO] screener: [AI] LPCK.JK — Win Rate: 51.8%  Verdict: BUY
2026-05-25 14:02:32 [INFO] screener: [AI] GWSA.JK — Win Rate: 37.1%  Verdict: WEAK
2026-05-25 14:02:33 [INFO] screener: [AI] DMAS.JK — Win Rate: 15.7%  Verdict: WEAK
2026-05-25 14:02:33 [INFO] screener: [AI] BKSL.JK — Win Rate: 9.8%  Verdict: WEAK
2026-05-25 14:02:33 [INFO] screener: [AI] MKPI.JK — Win Rate: 12.3%  Verdict: WEAK
2026-05-25 14:02:33 [INFO] screener: [AI] SSIA.JK — Win Rate: 26.9%  Verdict: WEAK
2026-05-25 14:02:33 [INFO] screener: [AI] KIJA.JK — Win Rate: 6.9%  Verdict: WEAK
2026-05-25 14:02:34 [INFO] screener: [AI] KLBF.JK — Win Rate: 78.6%  Verdict: ULTRA BUY
2026-05-25 14:02:34 [INFO] screener: [AI] MIKA.JK — Win Rate: 77.4%  Verdict: ULTRA BUY
2026-05-25 14:02:36 [INFO] screener: [AI] HEAL.JK — Win Rate: 82.8%  Verdict: ULTRA BUY
2026-05-25 14:02:37 [WARNING] screener: [FUNDAMENTAL] BAJA.JK: PE tidak tersedia — pakai default 15
2026-05-25 14:02:38 [INFO] screener: [AI] SILO.JK — Win Rate: 27.7%  Verdict: WEAK
2026-05-25 14:02:38 [INFO] screener: [AI] PRDA.JK — Win Rate: 39.7%  Verdict: WEAK
2026-05-25 14:02:39 [INFO] screener: [AI] DGNS.JK — Win Rate: 7.7%  Verdict: WEAK
2026-05-25 14:02:39 [INFO] screener: [AI] BMHS.JK — Win Rate: 17.3%  Verdict: WEAK
2026-05-25 14:02:40 [INFO] screener: [AI] IRRA.JK — Win Rate: 18.8%  Verdict: WEAK
2026-05-25 14:02:40 [INFO] screener: [AI] SAME.JK — Win Rate: 23.1%  Verdict: WEAK
2026-05-25 14:02:40 [INFO] screener: [AI] INTP.JK — Win Rate: 19.2%  Verdict: WEAK
2026-05-25 14:02:40 [INFO] screener: [AI] SMGR.JK — Win Rate: 88.5%  Verdict: ULTRA BUY
2026-05-25 14:02:40 [INFO] screener: [AI] BAJA.JK — Win Rate: 37.3%  Verdict: WEAK
2026-05-25 14:02:41 [INFO] screener: [AI] SMBR.JK — Win Rate: 35.6%  Verdict: WEAK
2026-05-25 14:02:41 [INFO] screener: [AI] ISSP.JK — Win Rate: 8.3%  Verdict: WEAK
2026-05-25 14:02:41 [INFO] screener: [AI] TSPC.JK — Win Rate: 43.2%  Verdict: WEAK
2026-05-25 14:02:42 [INFO] screener: [AI] ALKA.JK — Win Rate: 19.3%  Verdict: WEAK
2026-05-25 14:02:42 [INFO] screener: [AI] BRNA.JK — Win Rate: 12.0%  Verdict: WEAK
2026-05-25 14:02:43 [INFO] screener: [AI] TOTO.JK — Win Rate: 12.9%  Verdict: WEAK
2026-05-25 14:02:43 [INFO] screener: [AI] ASSA.JK — Win Rate: 76.0%  Verdict: ULTRA BUY
2026-05-25 14:02:44 [INFO] screener: [AI] BIRD.JK — Win Rate: 11.2%  Verdict: WEAK
2026-05-25 14:02:45 [WARNING] screener: [FUNDAMENTAL] GIAA.JK: PE tidak tersedia — pakai default 15
2026-05-25 14:02:45 [WARNING] screener: [FUNDAMENTAL] GIAA.JK: Book Value tidak tersedia — pakai default 1.5
2026-05-25 14:02:48 [INFO] screener: [AI] PANI.JK — Win Rate: 36.4%  Verdict: WEAK
2026-05-25 14:02:48 [INFO] screener: [AI] SIMP.JK — Win Rate: 53.4%  Verdict: BUY
2026-05-25 14:02:49 [INFO] screener: [AI] NELY.JK — Win Rate: 26.1%  Verdict: WEAK
2026-05-25 14:02:50 [INFO] screener: [AI] TAPG.JK — Win Rate: 25.5%  Verdict: WEAK
2026-05-25 14:02:50 [INFO] screener: [AI] HAIS.JK — Win Rate: 22.0%  Verdict: WEAK
2026-05-25 14:02:50 [INFO] screener: [AI] TBLA.JK — Win Rate: 38.7%  Verdict: WEAK
2026-05-25 14:02:50 [INFO] screener: [AI] DSNG.JK — Win Rate: 49.1%  Verdict: WEAK
2026-05-25 14:02:50 [INFO] screener: [AI] BWPT.JK — Win Rate: 23.7%  Verdict: WEAK
2026-05-25 14:02:50 [INFO] screener: [AI] LSIP.JK — Win Rate: 72.8%  Verdict: ULTRA BUY
2026-05-25 14:02:51 [INFO] screener: [AI] BPTR.JK — Win Rate: 5.8%  Verdict: WEAK
2026-05-25 14:02:51 [INFO] screener: [AI] AALI.JK — Win Rate: 88.9%  Verdict: ULTRA BUY
2026-05-25 14:02:52 [INFO] screener: [AI] SSMS.JK — Win Rate: 43.2%  Verdict: WEAK
2026-05-25 14:02:52 [INFO] screener: [AI] TMAS.JK — Win Rate: 41.0%  Verdict: WEAK
2026-05-25 14:02:53 [WARNING] screener: [FUNDAMENTAL] PMUI.JK: PE tidak tersedia — pakai default 15
2026-05-25 14:02:53 [WARNING] screener: [FUNDAMENTAL] WIDI.JK: PE tidak tersedia — pakai default 15
2026-05-25 14:02:53 [WARNING] screener: [FUNDAMENTAL] AREA.JK: PE tidak tersedia — pakai default 15
2026-05-25 14:02:53 [WARNING] screener: [FUNDAMENTAL] GTRA.JK: PE tidak tersedia — pakai default 15
2026-05-25 14:02:53 [WARNING] screener: [FUNDAMENTAL] AWAN.JK: PE tidak tersedia — pakai default 15
2026-05-25 14:02:53 [WARNING] screener: [FUNDAMENTAL] STRK.JK: PE tidak tersedia — pakai default 15
2026-05-25 14:02:54 [INFO] screener: [AI] ALII.JK — Win Rate: 13.5%  Verdict: WEAK
2026-05-25 14:02:54 [INFO] screener: [AI] PMUI.JK — Win Rate: 9.2%  Verdict: WEAK
2026-05-25 14:02:55 [INFO] screener: [AI] AREA.JK — Win Rate: 10.4%  Verdict: WEAK
2026-05-25 14:02:55 [INFO] screener: [AI] WIDI.JK — Win Rate: 18.9%  Verdict: WEAK
2026-05-25 14:02:55 [INFO] screener: [AI] STRK.JK — Win Rate: 30.2%  Verdict: WEAK
2026-05-25 14:02:55 [INFO] screener: [AI] GTRA.JK — Win Rate: 12.0%  Verdict: WEAK
2026-05-25 14:02:56 [INFO] screener: [AI] AWAN.JK — Win Rate: 8.6%  Verdict: WEAK
2026-05-25 14:06:47 [INFO] screener: Memindai Arus Uang (Rotasi Sektor)...
2026-05-25 14:06:58 [INFO] screener: Rotasi sektor selesai (11 sektor dipindai)
2026-05-25 14:06:58 [INFO] screener: Mengunduh Cuaca Makro Global & Komoditas...
2026-05-25 14:06:59 [INFO] screener: Macro update — IHSG=+0.91% | USD=+0.24% | Trend=UP | Penalty=0.0
2026-05-25 14:07:03 [INFO] screener: [ENSEMBLE] Loaded v5.0 (threshold=0.671)
2026-05-25 14:07:03 [INFO] screener: [ENSEMBLE] Loaded v5.0 (threshold=0.671)
2026-05-25 14:07:03 [INFO] screener: [ENSEMBLE] Loaded v5.0 (threshold=0.671)
2026-05-25 14:07:03 [INFO] screener: [ENSEMBLE] Loaded v5.0 (threshold=0.671)
2026-05-25 14:07:03 [INFO] screener: [ENSEMBLE] Loaded v5.0 (threshold=0.671)
2026-05-25 14:07:03 [INFO] screener: [ENSEMBLE] Loaded v5.0 (threshold=0.671)
2026-05-25 14:07:04 [INFO] screener: [ENSEMBLE] Loaded v5.0 (threshold=0.671)
2026-05-25 14:07:04 [INFO] screener: [ENSEMBLE] Loaded v5.0 (threshold=0.671)
2026-05-25 14:07:04 [INFO] screener: [ENSEMBLE] Loaded v5.0 (threshold=0.671)
2026-05-25 14:07:04 [INFO] screener: [ENSEMBLE] Loaded v5.0 (threshold=0.671)
2026-05-25 14:07:04 [INFO] screener: [ENSEMBLE] Loaded v5.0 (threshold=0.671)
2026-05-25 14:07:04 [INFO] screener: [ENSEMBLE] Loaded v5.0 (threshold=0.671)
2026-05-25 14:07:04 [INFO] screener: [ENSEMBLE] Loaded v5.0 (threshold=0.671)
2026-05-25 14:07:04 [INFO] screener: [ENSEMBLE] Loaded v5.0 (threshold=0.671)
2026-05-25 14:07:07 [INFO] screener: [AI] ARTO.JK — Win Rate: 31.5%  Verdict: WEAK
2026-05-25 14:07:07 [INFO] screener: [AI] BBCA.JK — Win Rate: 8.0%  Verdict: WEAK
2026-05-25 14:07:07 [INFO] screener: [AI] BMRI.JK — Win Rate: 7.2%  Verdict: WEAK
2026-05-25 14:07:07 [INFO] screener: [AI] BBYB.JK — Win Rate: 17.3%  Verdict: WEAK
2026-05-25 14:07:07 [INFO] screener: [AI] NISP.JK — Win Rate: 20.0%  Verdict: WEAK
2026-05-25 14:07:07 [INFO] screener: [AI] BRIS.JK — Win Rate: 13.6%  Verdict: WEAK
2026-05-25 14:07:07 [INFO] screener: [AI] BBTN.JK — Win Rate: 4.8%  Verdict: WEAK
2026-05-25 14:07:07 [INFO] screener: [AI] CFIN.JK — Win Rate: 67.9%  Verdict: ULTRA BUY
2026-05-25 14:07:07 [INFO] screener: [AI] BVIC.JK — Win Rate: 21.3%  Verdict: WEAK
2026-05-25 14:07:07 [INFO] screener: [AI] BDMN.JK — Win Rate: 36.1%  Verdict: WEAK
2026-05-25 14:07:07 [INFO] screener: [AI] BBRI.JK — Win Rate: 5.8%  Verdict: WEAK
2026-05-25 14:07:07 [INFO] screener: [AI] BTPS.JK — Win Rate: 26.2%  Verdict: WEAK
2026-05-25 14:07:07 [INFO] screener: [AI] BBNI.JK — Win Rate: 8.1%  Verdict: WEAK
2026-05-25 14:07:07 [INFO] screener: [AI] BNGA.JK — Win Rate: 51.5%  Verdict: BUY
2026-05-25 14:07:09 [WARNING] screener: [FUNDAMENTAL] MLPL.JK: PE tidak tersedia — pakai default 15
2026-05-25 14:07:10 [INFO] screener: [AI] BHIT.JK — Win Rate: 12.8%  Verdict: WEAK
2026-05-25 14:07:11 [INFO] screener: [AI] SRTG.JK — Win Rate: 41.8%  Verdict: WEAK
2026-05-25 14:07:11 [INFO] screener: [AI] BSIM.JK — Win Rate: 59.6%  Verdict: BUY
2026-05-25 14:07:11 [INFO] screener: [AI] BJBR.JK — Win Rate: 18.6%  Verdict: WEAK
2026-05-25 14:07:11 [WARNING] screener: [FUNDAMENTAL] MPPA.JK: PE tidak tersedia — pakai default 15
2026-05-25 14:07:12 [INFO] screener: [AI] PNBN.JK — Win Rate: 32.7%  Verdict: WEAK
2026-05-25 14:07:12 [INFO] screener: [AI] ASII.JK — Win Rate: 13.6%  Verdict: WEAK
2026-05-25 14:07:12 [INFO] screener: [AI] SMMA.JK — Win Rate: 10.6%  Verdict: WEAK
2026-05-25 14:07:12 [INFO] screener: [AI] UNTR.JK — Win Rate: 81.9%  Verdict: ULTRA BUY
2026-05-25 14:07:13 [INFO] screener: [AI] BJTM.JK — Win Rate: 7.3%  Verdict: WEAK
2026-05-25 14:07:14 [INFO] screener: [AI] BMTR.JK — Win Rate: 34.7%  Verdict: WEAK
2026-05-25 14:07:14 [INFO] screener: [AI] LPKR.JK — Win Rate: 40.4%  Verdict: WEAK
2026-05-25 14:07:14 [WARNING] screener: [FUNDAMENTAL] EXCL.JK: PE tidak tersedia — pakai default 15
2026-05-25 14:07:14 [INFO] screener: [AI] MLPL.JK — Win Rate: 40.5%  Verdict: WEAK
2026-05-25 14:07:14 [WARNING] screener: [FUNDAMENTAL] GOTO.JK: PE tidak tersedia — pakai default 15
2026-05-25 14:07:14 [INFO] screener: [AI] MPPA.JK — Win Rate: 7.9%  Verdict: WEAK
2026-05-25 14:07:14 [WARNING] screener: [FUNDAMENTAL] BELI.JK: PE tidak tersedia — pakai default 15
2026-05-25 14:07:14 [INFO] screener: [AI] BNLI.JK — Win Rate: 18.8%  Verdict: WEAK
2026-05-25 14:07:15 [INFO] screener: [AI] VIVA.JK — Win Rate: 25.2%  Verdict: WEAK
2026-05-25 14:07:16 [INFO] screener: [AI] SCMA.JK — Win Rate: 16.6%  Verdict: WEAK
2026-05-25 14:07:16 [WARNING] screener: [FUNDAMENTAL] KREN.JK: PE tidak tersedia — pakai default 15
2026-05-25 14:07:16 [INFO] screener: [AI] EXCL.JK — Win Rate: 59.1%  Verdict: BUY
2026-05-25 14:07:18 [WARNING] screener: [FUNDAMENTAL] AXIO.JK: PE tidak tersedia — pakai default 15
2026-05-25 14:07:18 [INFO] screener: [AI] GOTO.JK — Win Rate: 17.4%  Verdict: WEAK
2026-05-25 14:07:18 [INFO] screener: [AI] TLKM.JK — Win Rate: 26.8%  Verdict: WEAK
2026-05-25 14:07:18 [INFO] screener: [AI] BELI.JK — Win Rate: 34.8%  Verdict: WEAK
2026-05-25 14:07:18 [INFO] screener: [AI] ISAT.JK — Win Rate: 26.8%  Verdict: WEAK
2026-05-25 14:07:19 [INFO] screener: [AI] WIFI.JK — Win Rate: 61.4%  Verdict: ULTRA BUY
2026-05-25 14:07:20 [INFO] screener: [AI] EMTK.JK — Win Rate: 67.3%  Verdict: ULTRA BUY
2026-05-25 14:07:21 [INFO] screener: [AI] MLPT.JK — Win Rate: 10.7%  Verdict: WEAK
2026-05-25 14:07:21 [INFO] screener: [AI] MTDL.JK — Win Rate: 42.3%  Verdict: WEAK
2026-05-25 14:07:22 [INFO] screener: [AI] BUKA.JK — Win Rate: 20.1%  Verdict: WEAK
2026-05-25 14:07:22 [INFO] screener: [AI] DMMX.JK — Win Rate: 16.4%  Verdict: WEAK
2026-05-25 14:07:23 [INFO] screener: [AI] KREN.JK — Win Rate: 28.9%  Verdict: WEAK
2026-05-25 14:07:23 [INFO] screener: [AI] AXIO.JK — Win Rate: 51.5%  Verdict: BUY
2026-05-25 14:07:24 [INFO] screener: [AI] GLVA.JK — Win Rate: 16.5%  Verdict: WEAK
2026-05-25 14:07:24 [INFO] screener: [AI] PTBA.JK — Win Rate: 21.3%  Verdict: WEAK
2026-05-25 14:07:24 [WARNING] screener: [FUNDAMENTAL] INDY.JK: PE tidak tersedia — pakai default 15
2026-05-25 14:07:25 [INFO] screener: [AI] TINS.JK — Win Rate: 10.3%  Verdict: WEAK
2026-05-25 14:07:26 [WARNING] screener: [FUNDAMENTAL] DOID.JK: PE tidak tersedia — pakai default 15
2026-05-25 14:07:26 [INFO] screener: [AI] ANTM.JK — Win Rate: 88.5%  Verdict: ULTRA BUY
2026-05-25 14:07:28 [INFO] screener: [AI] DEWA.JK — Win Rate: 35.1%  Verdict: WEAK
2026-05-25 14:07:28 [WARNING] screener: [FUNDAMENTAL] ADHI.JK: PE tidak tersedia — pakai default 15
2026-05-25 14:07:28 [INFO] screener: [AI] AKRA.JK — Win Rate: 25.1%  Verdict: WEAK
2026-05-25 14:07:28 [WARNING] screener: [FUNDAMENTAL] TOBA.JK: PE tidak tersedia — pakai default 15
2026-05-25 14:07:28 [WARNING] screener: [FUNDAMENTAL] PPRE.JK: PE tidak tersedia — pakai default 15
2026-05-25 14:07:28 [WARNING] screener: [FUNDAMENTAL] PTPP.JK: PE tidak tersedia — pakai default 15
2026-05-25 14:07:28 [WARNING] screener: [FUNDAMENTAL] WEGE.JK: PE tidak tersedia — pakai default 15
2026-05-25 14:07:28 [WARNING] screener: [FUNDAMENTAL] ACST.JK: PE tidak tersedia — pakai default 15
2026-05-25 14:07:29 [INFO] screener: [AI] NCKL.JK — Win Rate: 54.1%  Verdict: BUY
2026-05-25 14:07:29 [WARNING] screener: [FUNDAMENTAL] LEAD.JK: PE tidak tersedia — pakai default 15
2026-05-25 14:07:31 [INFO] screener: [AI] ADHI.JK — Win Rate: 39.0%  Verdict: WEAK
2026-05-25 14:07:31 [INFO] screener: [AI] JKON.JK — Win Rate: 13.7%  Verdict: WEAK
2026-05-25 14:07:31 [INFO] screener: [AI] JSMR.JK — Win Rate: 12.5%  Verdict: WEAK
2026-05-25 14:07:31 [INFO] screener: [AI] TOTL.JK — Win Rate: 65.0%  Verdict: ULTRA BUY
2026-05-25 14:07:32 [INFO] screener: [AI] PTPP.JK — Win Rate: 29.0%  Verdict: WEAK
2026-05-25 14:07:33 [INFO] screener: [AI] RMKE.JK — Win Rate: 8.8%  Verdict: WEAK
2026-05-25 14:07:33 [INFO] screener: [AI] PPRE.JK — Win Rate: 12.9%  Verdict: WEAK
2026-05-25 14:07:33 [INFO] screener: [AI] CMNP.JK — Win Rate: 40.6%  Verdict: WEAK
2026-05-25 14:07:33 [INFO] screener: [AI] WEGE.JK — Win Rate: 13.4%  Verdict: WEAK
2026-05-25 14:07:34 [INFO] screener: [AI] BIRD.JK — Win Rate: 11.2%  Verdict: WEAK
2026-05-25 14:07:35 [INFO] screener: [AI] ACST.JK — Win Rate: 21.9%  Verdict: WEAK
2026-05-25 14:07:35 [INFO] screener: [AI] UNVR.JK — Win Rate: 6.2%  Verdict: WEAK
2026-05-25 14:07:35 [INFO] screener: [AI] INDF.JK — Win Rate: 11.2%  Verdict: WEAK
2026-05-25 14:07:35 [INFO] screener: [AI] GOOD.JK — Win Rate: 16.3%  Verdict: WEAK
2026-05-25 14:07:35 [INFO] screener: [AI] CAMP.JK — Win Rate: 21.0%  Verdict: WEAK
2026-05-25 14:07:35 [INFO] screener: [AI] ICBP.JK — Win Rate: 17.6%  Verdict: WEAK
2026-05-25 14:07:35 [INFO] screener: [AI] MYOR.JK — Win Rate: 14.6%  Verdict: WEAK
2026-05-25 14:07:35 [WARNING] screener: [FUNDAMENTAL] KAEF.JK: PE tidak tersedia — pakai default 15
2026-05-25 14:07:36 [INFO] screener: [AI] CLEO.JK — Win Rate: 47.7%  Verdict: WEAK
2026-05-25 14:07:36 [INFO] screener: [AI] ADES.JK — Win Rate: 22.9%  Verdict: WEAK
2026-05-25 14:07:36 [INFO] screener: [AI] ROTI.JK — Win Rate: 36.8%  Verdict: WEAK
2026-05-25 14:07:36 [INFO] screener: [AI] STTP.JK — Win Rate: 50.5%  Verdict: BUY
2026-05-25 14:07:37 [INFO] screener: [AI] KAEF.JK — Win Rate: 9.2%  Verdict: WEAK
2026-05-25 14:07:37 [INFO] screener: [AI] PEHA.JK — Win Rate: 14.5%  Verdict: WEAK
2026-05-25 14:07:37 [INFO] screener: [AI] SIDO.JK — Win Rate: 52.8%  Verdict: BUY
2026-05-25 14:07:39 [WARNING] screener: [FUNDAMENTAL] HOKI.JK: PE tidak tersedia — pakai default 15
2026-05-25 14:07:39 [WARNING] screener: [FUNDAMENTAL] MPPA.JK: PE tidak tersedia — pakai default 15
2026-05-25 14:07:40 [INFO] screener: [AI] MPPA.JK — Win Rate: 7.9%  Verdict: WEAK
2026-05-25 14:07:41 [INFO] screener: [AI] MIDI.JK — Win Rate: 12.1%  Verdict: WEAK
2026-05-25 14:07:41 [INFO] screener: [AI] ACES.JK — Win Rate: 38.8%  Verdict: WEAK
2026-05-25 14:07:42 [INFO] screener: [AI] ERAA.JK — Win Rate: 23.4%  Verdict: WEAK
2026-05-25 14:07:42 [INFO] screener: [AI] JPFA.JK — Win Rate: 4.8%  Verdict: WEAK
2026-05-25 14:07:42 [INFO] screener: [AI] MAPA.JK — Win Rate: 26.9%  Verdict: WEAK
2026-05-25 14:07:42 [INFO] screener: [AI] AMRT.JK — Win Rate: 27.0%  Verdict: WEAK
2026-05-25 14:07:42 [INFO] screener: [AI] HOKI.JK — Win Rate: 14.7%  Verdict: WEAK
2026-05-25 14:07:42 [INFO] screener: [AI] ENZO.JK — Win Rate: 16.4%  Verdict: WEAK
2026-05-25 14:07:42 [INFO] screener: [AI] LPPF.JK — Win Rate: 31.8%  Verdict: WEAK
2026-05-25 14:07:42 [INFO] screener: [AI] CPIN.JK — Win Rate: 8.1%  Verdict: WEAK
2026-05-25 14:07:42 [INFO] screener: [AI] RALS.JK — Win Rate: 31.4%  Verdict: WEAK
2026-05-25 14:07:42 [INFO] screener: [AI] MAPI.JK — Win Rate: 12.1%  Verdict: WEAK
2026-05-25 14:07:43 [WARNING] screener: [FUNDAMENTAL] PPRO.JK: PE tidak tersedia — pakai default 15
2026-05-25 14:07:43 [INFO] screener: [AI] CTRA.JK — Win Rate: 29.5%  Verdict: WEAK
2026-05-25 14:07:43 [INFO] screener: [AI] SMRA.JK — Win Rate: 31.3%  Verdict: WEAK
2026-05-25 14:07:44 [INFO] screener: [AI] BSDE.JK — Win Rate: 12.6%  Verdict: WEAK
2026-05-25 14:07:44 [INFO] screener: [AI] ASRI.JK — Win Rate: 27.1%  Verdict: WEAK
2026-05-25 14:07:44 [INFO] screener: [AI] PWON.JK — Win Rate: 51.4%  Verdict: BUY
2026-05-25 14:07:46 [INFO] screener: [AI] DMAS.JK — Win Rate: 15.7%  Verdict: WEAK
2026-05-25 14:07:46 [INFO] screener: [AI] BKSL.JK — Win Rate: 9.8%  Verdict: WEAK
2026-05-25 14:07:47 [INFO] screener: [AI] DUTI.JK — Win Rate: 15.0%  Verdict: WEAK
2026-05-25 14:07:47 [INFO] screener: [AI] MKPI.JK — Win Rate: 12.3%  Verdict: WEAK
2026-05-25 14:07:47 [INFO] screener: [AI] PPRO.JK — Win Rate: 8.7%  Verdict: WEAK
2026-05-25 14:07:47 [INFO] screener: [AI] GWSA.JK — Win Rate: 37.1%  Verdict: WEAK
2026-05-25 14:07:47 [INFO] screener: [AI] DILD.JK — Win Rate: 10.1%  Verdict: WEAK
2026-05-25 14:07:47 [INFO] screener: [AI] LPCK.JK — Win Rate: 51.8%  Verdict: BUY
2026-05-25 14:07:48 [INFO] screener: [AI] KIJA.JK — Win Rate: 6.9%  Verdict: WEAK
2026-05-25 14:07:48 [INFO] screener: [AI] KLBF.JK — Win Rate: 78.6%  Verdict: ULTRA BUY
2026-05-25 14:07:49 [INFO] screener: [AI] SSIA.JK — Win Rate: 26.9%  Verdict: WEAK
2026-05-25 14:07:50 [INFO] screener: [AI] HEAL.JK — Win Rate: 82.8%  Verdict: ULTRA BUY
2026-05-25 14:07:52 [INFO] screener: [AI] MIKA.JK — Win Rate: 77.4%  Verdict: ULTRA BUY
2026-05-25 14:07:52 [INFO] screener: [AI] SILO.JK — Win Rate: 27.7%  Verdict: WEAK
2026-05-25 14:07:54 [INFO] screener: [AI] PRDA.JK — Win Rate: 39.7%  Verdict: WEAK
2026-05-25 14:07:54 [WARNING] screener: [FUNDAMENTAL] BAJA.JK: PE tidak tersedia — pakai default 15
2026-05-25 14:07:54 [INFO] screener: [AI] DGNS.JK — Win Rate: 7.7%  Verdict: WEAK
2026-05-25 14:07:54 [INFO] screener: [AI] IRRA.JK — Win Rate: 18.8%  Verdict: WEAK
2026-05-25 14:07:55 [INFO] screener: [AI] BMHS.JK — Win Rate: 17.3%  Verdict: WEAK
2026-05-25 14:07:55 [INFO] screener: [AI] INTP.JK — Win Rate: 19.2%  Verdict: WEAK
2026-05-25 14:07:55 [INFO] screener: [AI] SMGR.JK — Win Rate: 88.5%  Verdict: ULTRA BUY
2026-05-25 14:07:56 [INFO] screener: [AI] ISSP.JK — Win Rate: 8.3%  Verdict: WEAK
2026-05-25 14:07:57 [INFO] screener: [AI] SMBR.JK — Win Rate: 35.6%  Verdict: WEAK
2026-05-25 14:07:57 [INFO] screener: [AI] TSPC.JK — Win Rate: 43.2%  Verdict: WEAK
2026-05-25 14:07:57 [INFO] screener: [AI] BAJA.JK — Win Rate: 37.3%  Verdict: WEAK
2026-05-25 14:07:57 [INFO] screener: [AI] SAME.JK — Win Rate: 23.1%  Verdict: WEAK
2026-05-25 14:07:57 [INFO] screener: [AI] ALKA.JK — Win Rate: 19.3%  Verdict: WEAK
2026-05-25 14:07:58 [INFO] screener: [AI] TOTO.JK — Win Rate: 12.9%  Verdict: WEAK
2026-05-25 14:07:58 [INFO] screener: [AI] ASSA.JK — Win Rate: 76.0%  Verdict: ULTRA BUY
2026-05-25 14:07:58 [INFO] screener: [AI] BRNA.JK — Win Rate: 12.0%  Verdict: WEAK
2026-05-25 14:07:59 [INFO] screener: [AI] BIRD.JK — Win Rate: 11.2%  Verdict: WEAK
2026-05-25 14:07:59 [WARNING] screener: [FUNDAMENTAL] GIAA.JK: PE tidak tersedia — pakai default 15
2026-05-25 14:07:59 [WARNING] screener: [FUNDAMENTAL] GIAA.JK: Book Value tidak tersedia — pakai default 1.5
2026-05-25 14:08:01 [INFO] screener: [AI] TBLA.JK — Win Rate: 38.7%  Verdict: WEAK
2026-05-25 14:08:01 [INFO] screener: [AI] SIMP.JK — Win Rate: 53.4%  Verdict: BUY
2026-05-25 14:08:02 [INFO] screener: [AI] NELY.JK — Win Rate: 26.1%  Verdict: WEAK
2026-05-25 14:08:04 [INFO] screener: [AI] BPTR.JK — Win Rate: 5.8%  Verdict: WEAK
2026-05-25 14:08:04 [INFO] screener: [AI] AALI.JK — Win Rate: 88.9%  Verdict: ULTRA BUY
2026-05-25 14:08:04 [INFO] screener: [AI] LSIP.JK — Win Rate: 72.8%  Verdict: ULTRA BUY
2026-05-25 14:08:04 [WARNING] screener: [FUNDAMENTAL] AREA.JK: PE tidak tersedia — pakai default 15
2026-05-25 14:08:05 [WARNING] screener: [FUNDAMENTAL] PMUI.JK: PE tidak tersedia — pakai default 15
2026-05-25 14:08:06 [INFO] screener: [AI] TMAS.JK — Win Rate: 41.0%  Verdict: WEAK
2026-05-25 14:08:07 [WARNING] screener: [FUNDAMENTAL] STRK.JK: PE tidak tersedia — pakai default 15
2026-05-25 14:08:07 [INFO] screener: [AI] PANI.JK — Win Rate: 36.4%  Verdict: WEAK
2026-05-25 14:08:07 [INFO] screener: [AI] HAIS.JK — Win Rate: 22.0%  Verdict: WEAK
2026-05-25 14:08:07 [INFO] screener: [AI] BWPT.JK — Win Rate: 23.7%  Verdict: WEAK
2026-05-25 14:08:07 [INFO] screener: [AI] DSNG.JK — Win Rate: 49.1%  Verdict: WEAK
2026-05-25 14:08:07 [INFO] screener: [AI] TAPG.JK — Win Rate: 25.5%  Verdict: WEAK
2026-05-25 14:08:07 [INFO] screener: [AI] SSMS.JK — Win Rate: 43.2%  Verdict: WEAK
2026-05-25 14:08:08 [WARNING] screener: [FUNDAMENTAL] WIDI.JK: PE tidak tersedia — pakai default 15
2026-05-25 14:08:08 [WARNING] screener: [FUNDAMENTAL] GTRA.JK: PE tidak tersedia — pakai default 15
2026-05-25 14:08:08 [WARNING] screener: [FUNDAMENTAL] AWAN.JK: PE tidak tersedia — pakai default 15
2026-05-25 14:08:08 [INFO] screener: [AI] STRK.JK — Win Rate: 30.2%  Verdict: WEAK
2026-05-25 14:08:08 [INFO] screener: [AI] PMUI.JK — Win Rate: 9.2%  Verdict: WEAK
2026-05-25 14:08:08 [INFO] screener: [AI] ALII.JK — Win Rate: 13.5%  Verdict: WEAK
2026-05-25 14:08:08 [INFO] screener: [AI] AREA.JK — Win Rate: 10.4%  Verdict: WEAK
2026-05-25 14:08:09 [INFO] screener: [AI] AWAN.JK — Win Rate: 8.6%  Verdict: WEAK
2026-05-25 14:08:09 [INFO] screener: [AI] GTRA.JK — Win Rate: 12.0%  Verdict: WEAK
2026-05-25 14:08:09 [INFO] screener: [AI] WIDI.JK — Win Rate: 18.9%  Verdict: WEAK
