2026-05-22 09:01:51 [INFO] screener: Memindai Arus Uang (Rotasi Sektor)...
2026-05-22 09:02:39 [INFO] screener: Rotasi sektor selesai (11 sektor dipindai)
2026-05-22 09:02:39 [INFO] screener: Mengunduh Cuaca Makro Global & Komoditas...
2026-05-22 09:02:40 [INFO] screener: Macro update — IHSG=-3.54% | USD=+0.05% | Trend=DOWN | Penalty=-1.0
2026-05-22 09:02:45 [INFO] screener: [ENSEMBLE] Loaded v5.0 (threshold=0.731)
2026-05-22 09:02:47 [INFO] screener: [AI] BBCA.JK — Win Rate: 21.9%  Verdict: WEAK
2026-05-22 09:02:47 [INFO] screener: [AI] CFIN.JK — Win Rate: 60.6%  Verdict: ULTRA BUY
2026-05-22 09:02:48 [INFO] screener: [AI] BBRI.JK — Win Rate: 39.2%  Verdict: WEAK
2026-05-22 09:02:48 [INFO] screener: [AI] BMRI.JK — Win Rate: 14.2%  Verdict: WEAK
2026-05-22 09:02:48 [INFO] screener: [AI] BVIC.JK — Win Rate: 9.9%  Verdict: WEAK
2026-05-22 09:02:48 [INFO] screener: [AI] BRIS.JK — Win Rate: 29.4%  Verdict: WEAK
2026-05-22 09:02:48 [INFO] screener: [AI] ARTO.JK — Win Rate: 25.4%  Verdict: WEAK
2026-05-22 09:02:48 [INFO] screener: [AI] BBTN.JK — Win Rate: 42.6%  Verdict: WEAK
2026-05-22 09:02:48 [INFO] screener: [AI] NISP.JK — Win Rate: 52.0%  Verdict: BUY
2026-05-22 09:02:48 [INFO] screener: [AI] BTPS.JK — Win Rate: 44.3%  Verdict: WEAK
2026-05-22 09:02:48 [INFO] screener: [AI] BBNI.JK — Win Rate: 25.8%  Verdict: WEAK
2026-05-22 09:02:49 [INFO] screener: [AI] BDMN.JK — Win Rate: 46.9%  Verdict: WEAK
2026-05-22 09:02:49 [INFO] screener: [AI] BNGA.JK — Win Rate: 77.5%  Verdict: ULTRA BUY
2026-05-22 09:02:49 [INFO] screener: [AI] BBYB.JK — Win Rate: 7.1%  Verdict: WEAK
2026-05-22 09:02:51 [WARNING] screener: [FUNDAMENTAL] MLPL.JK: PE tidak tersedia — pakai default 15
2026-05-22 09:02:54 [INFO] screener: [AI] PNBN.JK — Win Rate: 8.7%  Verdict: WEAK
2026-05-22 09:02:54 [INFO] screener: [AI] MLPL.JK — Win Rate: 8.3%  Verdict: WEAK
2026-05-22 09:02:54 [INFO] screener: [AI] SRTG.JK — Win Rate: 18.8%  Verdict: WEAK
2026-05-22 09:02:54 [INFO] screener: [AI] BHIT.JK — Win Rate: 7.2%  Verdict: WEAK
2026-05-22 09:02:54 [INFO] screener: [AI] BMTR.JK — Win Rate: 32.0%  Verdict: WEAK
2026-05-22 09:02:55 [INFO] screener: [AI] BJTM.JK — Win Rate: 40.4%  Verdict: WEAK
2026-05-22 09:02:55 [INFO] screener: [AI] BJBR.JK — Win Rate: 41.0%  Verdict: WEAK
2026-05-22 09:02:55 [INFO] screener: [AI] SMMA.JK — Win Rate: 29.6%  Verdict: WEAK
2026-05-22 09:02:55 [INFO] screener: [AI] LPKR.JK — Win Rate: 9.5%  Verdict: WEAK
2026-05-22 09:02:55 [INFO] screener: [AI] BSIM.JK — Win Rate: 43.4%  Verdict: WEAK
2026-05-22 09:02:55 [INFO] screener: [AI] ASII.JK — Win Rate: 44.8%  Verdict: WEAK
2026-05-22 09:02:55 [WARNING] screener: [FUNDAMENTAL] MPPA.JK: PE tidak tersedia — pakai default 15
2026-05-22 09:02:56 [INFO] screener: [AI] UNTR.JK — Win Rate: 78.7%  Verdict: ULTRA BUY
2026-05-22 09:02:57 [WARNING] screener: [FUNDAMENTAL] GOTO.JK: PE tidak tersedia — pakai default 15
2026-05-22 09:02:57 [WARNING] screener: [FUNDAMENTAL] BELI.JK: PE tidak tersedia — pakai default 15
2026-05-22 09:02:57 [WARNING] screener: [FUNDAMENTAL] EXCL.JK: PE tidak tersedia — pakai default 15
2026-05-22 09:02:58 [INFO] screener: [AI] VIVA.JK — Win Rate: 10.3%  Verdict: WEAK
2026-05-22 09:02:58 [INFO] screener: [AI] BNLI.JK — Win Rate: 39.0%  Verdict: WEAK
2026-05-22 09:02:58 [INFO] screener: [AI] EXCL.JK — Win Rate: 7.3%  Verdict: WEAK
2026-05-22 09:02:58 [INFO] screener: [AI] MPPA.JK — Win Rate: 4.3%  Verdict: WEAK
2026-05-22 09:02:59 [INFO] screener: [AI] GOTO.JK — Win Rate: 8.2%  Verdict: WEAK
2026-05-22 09:02:59 [INFO] screener: [AI] BUKA.JK — Win Rate: 47.6%  Verdict: WEAK
2026-05-22 09:02:59 [INFO] screener: [AI] BELI.JK — Win Rate: 41.9%  Verdict: WEAK
2026-05-22 09:02:59 [INFO] screener: [AI] TLKM.JK — Win Rate: 11.2%  Verdict: WEAK
2026-05-22 09:02:59 [INFO] screener: [AI] EMTK.JK — Win Rate: 46.6%  Verdict: WEAK
2026-05-22 09:02:59 [INFO] screener: [AI] SCMA.JK — Win Rate: 8.4%  Verdict: WEAK
2026-05-22 09:02:59 [INFO] screener: [AI] ISAT.JK — Win Rate: 38.6%  Verdict: WEAK
2026-05-22 09:03:00 [WARNING] screener: [FUNDAMENTAL] KREN.JK: PE tidak tersedia — pakai default 15
2026-05-22 09:03:00 [INFO] screener: [AI] WIFI.JK — Win Rate: 27.1%  Verdict: WEAK
2026-05-22 09:03:00 [INFO] screener: [AI] MLPT.JK — Win Rate: 9.2%  Verdict: WEAK
2026-05-22 09:03:02 [INFO] screener: [AI] GLVA.JK — Win Rate: 72.8%  Verdict: ULTRA BUY
2026-05-22 09:03:03 [WARNING] screener: [FUNDAMENTAL] AXIO.JK: PE tidak tersedia — pakai default 15
2026-05-22 09:03:03 [INFO] screener: [AI] MTDL.JK — Win Rate: 30.6%  Verdict: WEAK
2026-05-22 09:03:03 [INFO] screener: [AI] DMMX.JK — Win Rate: 14.7%  Verdict: WEAK
2026-05-22 09:03:03 [INFO] screener: [AI] KREN.JK — Win Rate: 8.1%  Verdict: WEAK
2026-05-22 09:03:05 [INFO] screener: [AI] PTBA.JK — Win Rate: 63.7%  Verdict: ULTRA BUY
2026-05-22 09:03:06 [INFO] screener: [AI] AXIO.JK — Win Rate: 11.4%  Verdict: WEAK
2026-05-22 09:03:09 [WARNING] screener: [FUNDAMENTAL] INDY.JK: PE tidak tersedia — pakai default 15
2026-05-22 09:03:10 [INFO] screener: [AI] TINS.JK — Win Rate: 7.7%  Verdict: WEAK
2026-05-22 09:03:11 [INFO] screener: [AI] AKRA.JK — Win Rate: 11.2%  Verdict: WEAK
2026-05-22 09:03:11 [INFO] screener: [AI] ANTM.JK — Win Rate: 76.9%  Verdict: ULTRA BUY
2026-05-22 09:03:12 [WARNING] screener: [FUNDAMENTAL] DOID.JK: PE tidak tersedia — pakai default 15
2026-05-22 09:03:13 [INFO] screener: [AI] DEWA.JK — Win Rate: 7.1%  Verdict: WEAK
2026-05-22 09:03:13 [WARNING] screener: [FUNDAMENTAL] PTPP.JK: PE tidak tersedia — pakai default 15
2026-05-22 09:03:13 [WARNING] screener: [FUNDAMENTAL] ADHI.JK: PE tidak tersedia — pakai default 15
2026-05-22 09:03:14 [WARNING] screener: [FUNDAMENTAL] TOBA.JK: PE tidak tersedia — pakai default 15
2026-05-22 09:03:14 [WARNING] screener: [FUNDAMENTAL] WEGE.JK: PE tidak tersedia — pakai default 15
2026-05-22 09:03:14 [WARNING] screener: [FUNDAMENTAL] PPRE.JK: PE tidak tersedia — pakai default 15
2026-05-22 09:03:14 [WARNING] screener: [FUNDAMENTAL] ACST.JK: PE tidak tersedia — pakai default 15
2026-05-22 09:03:15 [INFO] screener: [AI] ADHI.JK — Win Rate: 10.9%  Verdict: WEAK
2026-05-22 09:03:15 [INFO] screener: [AI] RMKE.JK — Win Rate: 4.7%  Verdict: WEAK
2026-05-22 09:03:15 [INFO] screener: [AI] NCKL.JK — Win Rate: 12.2%  Verdict: WEAK
2026-05-22 09:03:15 [INFO] screener: [AI] JSMR.JK — Win Rate: 17.5%  Verdict: WEAK
2026-05-22 09:03:16 [INFO] screener: [AI] PTPP.JK — Win Rate: 14.4%  Verdict: WEAK
2026-05-22 09:03:16 [INFO] screener: [AI] PPRE.JK — Win Rate: 7.5%  Verdict: WEAK
2026-05-22 09:03:16 [INFO] screener: [AI] WEGE.JK — Win Rate: 9.5%  Verdict: WEAK
2026-05-22 09:03:16 [WARNING] screener: [FUNDAMENTAL] LEAD.JK: PE tidak tersedia — pakai default 15
2026-05-22 09:03:17 [INFO] screener: [AI] TOTL.JK — Win Rate: 16.4%  Verdict: WEAK
2026-05-22 09:03:18 [INFO] screener: [AI] ACST.JK — Win Rate: 7.1%  Verdict: WEAK
2026-05-22 09:03:18 [INFO] screener: [AI] JKON.JK — Win Rate: 5.3%  Verdict: WEAK
2026-05-22 09:03:19 [INFO] screener: [AI] CMNP.JK — Win Rate: 23.8%  Verdict: WEAK
2026-05-22 09:03:20 [INFO] screener: [AI] GOOD.JK — Win Rate: 59.4%  Verdict: BUY
2026-05-22 09:03:20 [INFO] screener: [AI] UNVR.JK — Win Rate: 5.8%  Verdict: WEAK
2026-05-22 09:03:21 [INFO] screener: [AI] ICBP.JK — Win Rate: 23.1%  Verdict: WEAK
2026-05-22 09:03:21 [INFO] screener: [AI] MYOR.JK — Win Rate: 20.0%  Verdict: WEAK
2026-05-22 09:03:21 [INFO] screener: [AI] BIRD.JK — Win Rate: 20.4%  Verdict: WEAK
2026-05-22 09:03:22 [INFO] screener: [AI] ROTI.JK — Win Rate: 20.4%  Verdict: WEAK
2026-05-22 09:03:22 [INFO] screener: [AI] INDF.JK — Win Rate: 39.4%  Verdict: WEAK
2026-05-22 09:03:22 [INFO] screener: [AI] CAMP.JK — Win Rate: 10.6%  Verdict: WEAK
2026-05-22 09:03:22 [WARNING] screener: [FUNDAMENTAL] KAEF.JK: PE tidak tersedia — pakai default 15
2026-05-22 09:03:23 [INFO] screener: [AI] CLEO.JK — Win Rate: 41.1%  Verdict: WEAK
2026-05-22 09:03:23 [INFO] screener: [AI] STTP.JK — Win Rate: 34.1%  Verdict: WEAK
2026-05-22 09:03:23 [INFO] screener: [AI] ADES.JK — Win Rate: 33.5%  Verdict: WEAK
2026-05-22 09:03:24 [INFO] screener: [AI] SIDO.JK — Win Rate: 42.4%  Verdict: WEAK
2026-05-22 09:03:24 [INFO] screener: [AI] KAEF.JK — Win Rate: 9.9%  Verdict: WEAK
2026-05-22 09:03:25 [INFO] screener: [AI] PEHA.JK — Win Rate: 9.2%  Verdict: WEAK
2026-05-22 09:03:26 [WARNING] screener: [FUNDAMENTAL] MPPA.JK: PE tidak tersedia — pakai default 15
2026-05-22 09:03:26 [WARNING] screener: [FUNDAMENTAL] HOKI.JK: PE tidak tersedia — pakai default 15
2026-05-22 09:03:27 [INFO] screener: [AI] MPPA.JK — Win Rate: 4.3%  Verdict: WEAK
2026-05-22 09:03:28 [ERROR] screener: [CRITICAL] Gagal memproses saham RALS.JK — cannot convert float NaN to integer
Traceback (most recent call last):
  File "C:\Screener\screener.py", line 1689, in analisis_saham
    base_sl = round(price - (risk_factor * atr_v))
              ^^^^^^^^^^^^^^^^^^^^^^^^^^^^^^^^^^^^
ValueError: cannot convert float NaN to integer
2026-05-22 09:03:29 [INFO] screener: [AI] ACES.JK — Win Rate: 34.9%  Verdict: WEAK
2026-05-22 09:03:29 [INFO] screener: [AI] MAPA.JK — Win Rate: 17.1%  Verdict: WEAK
2026-05-22 09:03:29 [INFO] screener: [AI] ERAA.JK — Win Rate: 7.4%  Verdict: WEAK
2026-05-22 09:03:29 [INFO] screener: [AI] MAPI.JK — Win Rate: 15.1%  Verdict: WEAK
2026-05-22 09:03:29 [INFO] screener: [AI] HOKI.JK — Win Rate: 7.0%  Verdict: WEAK
2026-05-22 09:03:29 [INFO] screener: [AI] LPPF.JK — Win Rate: 69.4%  Verdict: ULTRA BUY
2026-05-22 09:03:29 [INFO] screener: [AI] JPFA.JK — Win Rate: 14.7%  Verdict: WEAK
2026-05-22 09:03:31 [INFO] screener: [AI] CPIN.JK — Win Rate: 12.6%  Verdict: WEAK
2026-05-22 09:03:31 [INFO] screener: [AI] AMRT.JK — Win Rate: 9.5%  Verdict: WEAK
2026-05-22 09:03:31 [INFO] screener: [AI] MIDI.JK — Win Rate: 24.1%  Verdict: WEAK
2026-05-22 09:03:31 [INFO] screener: [AI] BSDE.JK — Win Rate: 9.2%  Verdict: WEAK
2026-05-22 09:03:31 [INFO] screener: [AI] ENZO.JK — Win Rate: 7.8%  Verdict: WEAK
2026-05-22 09:03:32 [WARNING] screener: [FUNDAMENTAL] PPRO.JK: PE tidak tersedia — pakai default 15
2026-05-22 09:03:32 [INFO] screener: [AI] CTRA.JK — Win Rate: 31.4%  Verdict: WEAK
2026-05-22 09:03:33 [INFO] screener: [AI] SMRA.JK — Win Rate: 6.8%  Verdict: WEAK
2026-05-22 09:03:34 [INFO] screener: [AI] ASRI.JK — Win Rate: 6.5%  Verdict: WEAK
2026-05-22 09:03:35 [INFO] screener: [AI] DUTI.JK — Win Rate: 60.5%  Verdict: ULTRA BUY
2026-05-22 09:03:36 [INFO] screener: [AI] PPRO.JK — Win Rate: 13.0%  Verdict: WEAK
2026-05-22 09:03:36 [INFO] screener: [AI] PWON.JK — Win Rate: 26.3%  Verdict: WEAK
2026-05-22 09:03:37 [INFO] screener: [AI] GWSA.JK — Win Rate: 26.9%  Verdict: WEAK
2026-05-22 09:03:37 [INFO] screener: [AI] SSIA.JK — Win Rate: 27.8%  Verdict: WEAK
2026-05-22 09:03:37 [INFO] screener: [AI] DILD.JK — Win Rate: 7.8%  Verdict: WEAK
2026-05-22 09:03:37 [INFO] screener: [AI] LPCK.JK — Win Rate: 24.3%  Verdict: WEAK
2026-05-22 09:03:37 [INFO] screener: [AI] KIJA.JK — Win Rate: 8.3%  Verdict: WEAK
2026-05-22 09:03:37 [INFO] screener: [AI] BKSL.JK — Win Rate: 6.7%  Verdict: WEAK
2026-05-22 09:03:37 [INFO] screener: [AI] MKPI.JK — Win Rate: 17.5%  Verdict: WEAK
2026-05-22 09:03:37 [INFO] screener: [AI] KLBF.JK — Win Rate: 53.0%  Verdict: BUY
2026-05-22 09:03:39 [INFO] screener: [AI] DMAS.JK — Win Rate: 12.8%  Verdict: WEAK
2026-05-22 09:03:40 [INFO] screener: [AI] HEAL.JK — Win Rate: 33.6%  Verdict: WEAK
2026-05-22 09:03:41 [INFO] screener: [AI] SILO.JK — Win Rate: 25.1%  Verdict: WEAK
2026-05-22 09:03:41 [INFO] screener: [AI] MIKA.JK — Win Rate: 23.5%  Verdict: WEAK
2026-05-22 09:03:41 [INFO] screener: [AI] PRDA.JK — Win Rate: 16.4%  Verdict: WEAK
2026-05-22 09:03:41 [INFO] screener: [AI] DGNS.JK — Win Rate: 7.5%  Verdict: WEAK
2026-05-22 09:03:41 [INFO] screener: [AI] TSPC.JK — Win Rate: 53.9%  Verdict: BUY
2026-05-22 09:03:42 [WARNING] screener: [FUNDAMENTAL] BAJA.JK: PE tidak tersedia — pakai default 15
2026-05-22 09:03:43 [INFO] screener: [AI] IRRA.JK — Win Rate: 10.5%  Verdict: WEAK
2026-05-22 09:03:43 [INFO] screener: [AI] BMHS.JK — Win Rate: 32.3%  Verdict: WEAK
2026-05-22 09:03:43 [INFO] screener: [AI] SMBR.JK — Win Rate: 36.8%  Verdict: WEAK
2026-05-22 09:03:43 [INFO] screener: [AI] SMGR.JK — Win Rate: 34.6%  Verdict: WEAK
2026-05-22 09:03:43 [INFO] screener: [AI] SAME.JK — Win Rate: 9.7%  Verdict: WEAK
2026-05-22 09:03:44 [INFO] screener: [AI] INTP.JK — Win Rate: 22.9%  Verdict: WEAK
2026-05-22 09:03:44 [INFO] screener: [AI] ISSP.JK — Win Rate: 56.1%  Verdict: BUY
2026-05-22 09:03:45 [INFO] screener: [AI] ALKA.JK — Win Rate: 13.1%  Verdict: WEAK
2026-05-22 09:03:45 [INFO] screener: [AI] BAJA.JK — Win Rate: 7.2%  Verdict: WEAK
2026-05-22 09:03:45 [INFO] screener: [AI] BRNA.JK — Win Rate: 8.0%  Verdict: WEAK
2026-05-22 09:03:45 [INFO] screener: [AI] TOTO.JK — Win Rate: 45.7%  Verdict: WEAK
2026-05-22 09:03:46 [INFO] screener: [AI] ASSA.JK — Win Rate: 22.2%  Verdict: WEAK
2026-05-22 09:03:46 [INFO] screener: [AI] BIRD.JK — Win Rate: 20.4%  Verdict: WEAK
2026-05-22 09:03:47 [WARNING] screener: [FUNDAMENTAL] GIAA.JK: PE tidak tersedia — pakai default 15
2026-05-22 09:03:47 [WARNING] screener: [FUNDAMENTAL] GIAA.JK: Book Value tidak tersedia — pakai default 1.5
2026-05-22 09:03:49 [INFO] screener: [AI] TAPG.JK — Win Rate: 11.5%  Verdict: WEAK
2026-05-22 09:03:49 [INFO] screener: [AI] PANI.JK — Win Rate: 34.5%  Verdict: WEAK
2026-05-22 09:03:50 [INFO] screener: [AI] HAIS.JK — Win Rate: 13.8%  Verdict: WEAK
2026-05-22 09:03:50 [INFO] screener: [AI] AALI.JK — Win Rate: 33.5%  Verdict: WEAK
2026-05-22 09:03:50 [INFO] screener: [AI] BWPT.JK — Win Rate: 7.1%  Verdict: WEAK
2026-05-22 09:03:50 [INFO] screener: [AI] NELY.JK — Win Rate: 6.7%  Verdict: WEAK
2026-05-22 09:03:51 [INFO] screener: [AI] LSIP.JK — Win Rate: 34.7%  Verdict: WEAK
2026-05-22 09:03:51 [INFO] screener: [AI] BPTR.JK — Win Rate: 7.2%  Verdict: WEAK
2026-05-22 09:03:51 [INFO] screener: [AI] TBLA.JK — Win Rate: 10.3%  Verdict: WEAK
2026-05-22 09:03:51 [INFO] screener: [AI] SIMP.JK — Win Rate: 29.1%  Verdict: WEAK
2026-05-22 09:03:51 [INFO] screener: [AI] TMAS.JK — Win Rate: 9.0%  Verdict: WEAK
2026-05-22 09:03:51 [INFO] screener: [AI] SSMS.JK — Win Rate: 15.4%  Verdict: WEAK
2026-05-22 09:03:51 [WARNING] screener: [FUNDAMENTAL] PMUI.JK: PE tidak tersedia — pakai default 15
2026-05-22 09:03:51 [WARNING] screener: [FUNDAMENTAL] AWAN.JK: PE tidak tersedia — pakai default 15
2026-05-22 09:03:51 [INFO] screener: [AI] DSNG.JK — Win Rate: 22.1%  Verdict: WEAK
2026-05-22 09:03:51 [WARNING] screener: [FUNDAMENTAL] AREA.JK: PE tidak tersedia — pakai default 15
2026-05-22 09:03:51 [WARNING] screener: [FUNDAMENTAL] STRK.JK: PE tidak tersedia — pakai default 15
2026-05-22 09:03:51 [WARNING] screener: [FUNDAMENTAL] WIDI.JK: PE tidak tersedia — pakai default 15
2026-05-22 09:03:51 [WARNING] screener: [FUNDAMENTAL] GTRA.JK: PE tidak tersedia — pakai default 15
2026-05-22 09:03:52 [ERROR] screener: [CRITICAL] Gagal memproses saham PMUI.JK — cannot convert float NaN to integer
Traceback (most recent call last):
  File "C:\Screener\screener.py", line 1689, in analisis_saham
    base_sl = round(price - (risk_factor * atr_v))
              ^^^^^^^^^^^^^^^^^^^^^^^^^^^^^^^^^^^^
ValueError: cannot convert float NaN to integer
2026-05-22 09:03:52 [INFO] screener: [AI] AWAN.JK — Win Rate: 7.1%  Verdict: WEAK
2026-05-22 09:03:52 [INFO] screener: [AI] ALII.JK — Win Rate: 5.6%  Verdict: WEAK
2026-05-22 09:03:52 [INFO] screener: [AI] AREA.JK — Win Rate: 6.7%  Verdict: WEAK
2026-05-22 09:03:53 [INFO] screener: [AI] STRK.JK — Win Rate: 10.0%  Verdict: WEAK
2026-05-22 09:03:53 [INFO] screener: [AI] WIDI.JK — Win Rate: 6.2%  Verdict: WEAK
2026-05-22 09:03:53 [INFO] screener: [AI] GTRA.JK — Win Rate: 8.6%  Verdict: WEAK
2026-05-22 09:19:03 [INFO] screener: Memindai Arus Uang (Rotasi Sektor)...
2026-05-22 09:19:27 [INFO] screener: Rotasi sektor selesai (11 sektor dipindai)
2026-05-22 09:19:27 [INFO] screener: Mengunduh Cuaca Makro Global & Komoditas...
2026-05-22 09:19:27 [INFO] screener: Macro update — IHSG=-0.65% | USD=+0.05% | Trend=DOWN | Penalty=0.0
2026-05-22 09:19:32 [INFO] screener: [ENSEMBLE] Loaded v5.0 (threshold=0.731)
2026-05-22 09:19:32 [INFO] screener: [ENSEMBLE] Loaded v5.0 (threshold=0.731)
2026-05-22 09:19:32 [INFO] screener: [ENSEMBLE] Loaded v5.0 (threshold=0.731)
2026-05-22 09:19:32 [INFO] screener: [ENSEMBLE] Loaded v5.0 (threshold=0.731)
2026-05-22 09:19:35 [INFO] screener: [AI] BMRI.JK — Win Rate: 16.5%  Verdict: WEAK
2026-05-22 09:19:35 [INFO] screener: [AI] BBCA.JK — Win Rate: 23.5%  Verdict: WEAK
2026-05-22 09:19:35 [INFO] screener: [AI] BNGA.JK — Win Rate: 79.2%  Verdict: ULTRA BUY
2026-05-22 09:19:36 [INFO] screener: [AI] BRIS.JK — Win Rate: 43.3%  Verdict: WEAK
2026-05-22 09:19:36 [INFO] screener: [AI] BBNI.JK — Win Rate: 26.1%  Verdict: WEAK
2026-05-22 09:19:36 [INFO] screener: [AI] CFIN.JK — Win Rate: 69.5%  Verdict: ULTRA BUY
2026-05-22 09:19:36 [INFO] screener: [AI] NISP.JK — Win Rate: 53.8%  Verdict: BUY
2026-05-22 09:19:37 [INFO] screener: [AI] BDMN.JK — Win Rate: 61.0%  Verdict: ULTRA BUY
2026-05-22 09:19:37 [INFO] screener: [AI] BBRI.JK — Win Rate: 48.8%  Verdict: WEAK
2026-05-22 09:19:37 [INFO] screener: [AI] BBYB.JK — Win Rate: 6.8%  Verdict: WEAK
2026-05-22 09:19:37 [INFO] screener: [AI] BTPS.JK — Win Rate: 50.2%  Verdict: BUY
2026-05-22 09:19:38 [INFO] screener: [AI] BBTN.JK — Win Rate: 43.7%  Verdict: WEAK
2026-05-22 09:19:38 [INFO] screener: [AI] ARTO.JK — Win Rate: 27.7%  Verdict: WEAK
2026-05-22 09:19:38 [INFO] screener: [AI] BVIC.JK — Win Rate: 10.3%  Verdict: WEAK
2026-05-22 09:19:42 [WARNING] screener: [FUNDAMENTAL] MLPL.JK: PE tidak tersedia — pakai default 15
2026-05-22 09:19:42 [INFO] screener: [AI] BJBR.JK — Win Rate: 57.4%  Verdict: BUY
2026-05-22 09:19:44 [INFO] screener: [AI] BSIM.JK — Win Rate: 48.3%  Verdict: WEAK
2026-05-22 09:19:44 [INFO] screener: [AI] ASII.JK — Win Rate: 51.3%  Verdict: BUY
2026-05-22 09:19:45 [INFO] screener: [AI] PNBN.JK — Win Rate: 9.3%  Verdict: WEAK
2026-05-22 09:19:45 [INFO] screener: [AI] BJTM.JK — Win Rate: 41.9%  Verdict: WEAK
2026-05-22 09:19:46 [INFO] screener: [AI] BHIT.JK — Win Rate: 7.6%  Verdict: WEAK
2026-05-22 09:19:46 [INFO] screener: [AI] SRTG.JK — Win Rate: 21.1%  Verdict: WEAK
2026-05-22 09:19:46 [INFO] screener: [AI] BMTR.JK — Win Rate: 37.9%  Verdict: WEAK
2026-05-22 09:19:46 [WARNING] screener: [FUNDAMENTAL] MPPA.JK: PE tidak tersedia — pakai default 15
2026-05-22 09:19:46 [INFO] screener: [AI] LPKR.JK — Win Rate: 9.7%  Verdict: WEAK
2026-05-22 09:19:46 [INFO] screener: [AI] UNTR.JK — Win Rate: 80.4%  Verdict: ULTRA BUY
2026-05-22 09:19:47 [INFO] screener: [AI] SMMA.JK — Win Rate: 37.0%  Verdict: WEAK
2026-05-22 09:19:47 [INFO] screener: [AI] MLPL.JK — Win Rate: 8.3%  Verdict: WEAK
2026-05-22 09:19:48 [WARNING] screener: [FUNDAMENTAL] EXCL.JK: PE tidak tersedia — pakai default 15
2026-05-22 09:19:48 [WARNING] screener: [FUNDAMENTAL] GOTO.JK: PE tidak tersedia — pakai default 15
2026-05-22 09:19:48 [INFO] screener: [AI] VIVA.JK — Win Rate: 10.4%  Verdict: WEAK
2026-05-22 09:19:48 [WARNING] screener: [FUNDAMENTAL] BELI.JK: PE tidak tersedia — pakai default 15
2026-05-22 09:19:50 [INFO] screener: [AI] MPPA.JK — Win Rate: 3.6%  Verdict: WEAK
2026-05-22 09:19:50 [INFO] screener: [AI] EXCL.JK — Win Rate: 7.6%  Verdict: WEAK
2026-05-22 09:19:50 [INFO] screener: [AI] BNLI.JK — Win Rate: 43.0%  Verdict: WEAK
2026-05-22 09:19:50 [INFO] screener: [AI] TLKM.JK — Win Rate: 15.0%  Verdict: WEAK
2026-05-22 09:19:50 [INFO] screener: [AI] BUKA.JK — Win Rate: 56.4%  Verdict: BUY
2026-05-22 09:19:50 [INFO] screener: [AI] ISAT.JK — Win Rate: 62.9%  Verdict: ULTRA BUY
2026-05-22 09:19:51 [INFO] screener: [AI] BELI.JK — Win Rate: 45.4%  Verdict: WEAK
2026-05-22 09:19:53 [INFO] screener: [AI] SCMA.JK — Win Rate: 8.6%  Verdict: WEAK
2026-05-22 09:19:53 [INFO] screener: [AI] GOTO.JK — Win Rate: 9.0%  Verdict: WEAK
2026-05-22 09:19:53 [WARNING] screener: [FUNDAMENTAL] KREN.JK: PE tidak tersedia — pakai default 15
2026-05-22 09:19:53 [WARNING] screener: [FUNDAMENTAL] AXIO.JK: PE tidak tersedia — pakai default 15
2026-05-22 09:19:54 [INFO] screener: [AI] EMTK.JK — Win Rate: 59.3%  Verdict: BUY
2026-05-22 09:19:55 [INFO] screener: [AI] MLPT.JK — Win Rate: 8.7%  Verdict: WEAK
2026-05-22 09:19:56 [INFO] screener: [AI] MTDL.JK — Win Rate: 31.7%  Verdict: WEAK
2026-05-22 09:19:56 [INFO] screener: [AI] WIFI.JK — Win Rate: 37.0%  Verdict: WEAK
2026-05-22 09:19:56 [INFO] screener: [AI] PTBA.JK — Win Rate: 68.4%  Verdict: ULTRA BUY
2026-05-22 09:19:57 [INFO] screener: [AI] DMMX.JK — Win Rate: 16.0%  Verdict: WEAK
2026-05-22 09:19:57 [INFO] screener: [AI] GLVA.JK — Win Rate: 83.4%  Verdict: ULTRA BUY
2026-05-22 09:19:59 [INFO] screener: [AI] KREN.JK — Win Rate: 8.5%  Verdict: WEAK
2026-05-22 09:19:59 [INFO] screener: [AI] AXIO.JK — Win Rate: 11.9%  Verdict: WEAK
2026-05-22 09:19:59 [WARNING] screener: [FUNDAMENTAL] INDY.JK: PE tidak tersedia — pakai default 15
2026-05-22 09:20:00 [INFO] screener: [AI] TINS.JK — Win Rate: 7.7%  Verdict: WEAK
2026-05-22 09:20:01 [WARNING] screener: [FUNDAMENTAL] DOID.JK: PE tidak tersedia — pakai default 15
2026-05-22 09:20:02 [INFO] screener: [AI] ANTM.JK — Win Rate: 80.0%  Verdict: ULTRA BUY
2026-05-22 09:20:04 [INFO] screener: [AI] DEWA.JK — Win Rate: 7.5%  Verdict: WEAK
2026-05-22 09:20:04 [INFO] screener: [AI] AKRA.JK — Win Rate: 16.2%  Verdict: WEAK
2026-05-22 09:20:04 [WARNING] screener: [FUNDAMENTAL] ADHI.JK: PE tidak tersedia — pakai default 15
2026-05-22 09:20:04 [INFO] screener: [AI] NCKL.JK — Win Rate: 14.8%  Verdict: WEAK
2026-05-22 09:20:04 [WARNING] screener: [FUNDAMENTAL] TOBA.JK: PE tidak tersedia — pakai default 15
2026-05-22 09:20:04 [WARNING] screener: [FUNDAMENTAL] PTPP.JK: PE tidak tersedia — pakai default 15
2026-05-22 09:20:04 [WARNING] screener: [FUNDAMENTAL] LEAD.JK: PE tidak tersedia — pakai default 15
2026-05-22 09:20:04 [WARNING] screener: [FUNDAMENTAL] ACST.JK: PE tidak tersedia — pakai default 15
2026-05-22 09:20:05 [INFO] screener: [AI] ADHI.JK — Win Rate: 11.5%  Verdict: WEAK
2026-05-22 09:20:05 [WARNING] screener: [FUNDAMENTAL] PPRE.JK: PE tidak tersedia — pakai default 15
2026-05-22 09:20:05 [WARNING] screener: [FUNDAMENTAL] WEGE.JK: PE tidak tersedia — pakai default 15
2026-05-22 09:20:06 [INFO] screener: [AI] RMKE.JK — Win Rate: 4.2%  Verdict: WEAK
2026-05-22 09:20:06 [INFO] screener: [AI] PTPP.JK — Win Rate: 16.9%  Verdict: WEAK
2026-05-22 09:20:07 [INFO] screener: [AI] JSMR.JK — Win Rate: 20.6%  Verdict: WEAK
2026-05-22 09:20:07 [INFO] screener: [AI] ACST.JK — Win Rate: 7.8%  Verdict: WEAK
2026-05-22 09:20:08 [INFO] screener: [AI] BIRD.JK — Win Rate: 19.9%  Verdict: WEAK
2026-05-22 09:20:08 [INFO] screener: [AI] CMNP.JK — Win Rate: 25.8%  Verdict: WEAK
2026-05-22 09:20:08 [INFO] screener: [AI] TOTL.JK — Win Rate: 38.1%  Verdict: WEAK
2026-05-22 09:20:08 [INFO] screener: [AI] PPRE.JK — Win Rate: 7.3%  Verdict: WEAK
2026-05-22 09:20:08 [INFO] screener: [AI] WEGE.JK — Win Rate: 9.2%  Verdict: WEAK
2026-05-22 09:20:08 [INFO] screener: [AI] JKON.JK — Win Rate: 5.1%  Verdict: WEAK
2026-05-22 09:20:09 [INFO] screener: [AI] INDF.JK — Win Rate: 49.6%  Verdict: WEAK
2026-05-22 09:20:09 [INFO] screener: [AI] GOOD.JK — Win Rate: 65.0%  Verdict: ULTRA BUY
2026-05-22 09:20:10 [WARNING] screener: [FUNDAMENTAL] KAEF.JK: PE tidak tersedia — pakai default 15
2026-05-22 09:20:11 [INFO] screener: [AI] CAMP.JK — Win Rate: 12.2%  Verdict: WEAK
2026-05-22 09:20:11 [INFO] screener: [AI] ICBP.JK — Win Rate: 25.8%  Verdict: WEAK
2026-05-22 09:20:11 [INFO] screener: [AI] UNVR.JK — Win Rate: 5.2%  Verdict: WEAK
2026-05-22 09:20:11 [INFO] screener: [AI] MYOR.JK — Win Rate: 24.4%  Verdict: WEAK
2026-05-22 09:20:12 [INFO] screener: [AI] STTP.JK — Win Rate: 45.4%  Verdict: WEAK
2026-05-22 09:20:12 [INFO] screener: [AI] CLEO.JK — Win Rate: 44.9%  Verdict: WEAK
2026-05-22 09:20:12 [INFO] screener: [AI] ADES.JK — Win Rate: 47.0%  Verdict: WEAK
2026-05-22 09:20:12 [INFO] screener: [AI] ROTI.JK — Win Rate: 25.6%  Verdict: WEAK
2026-05-22 09:20:12 [INFO] screener: [AI] KAEF.JK — Win Rate: 9.8%  Verdict: WEAK
2026-05-22 09:20:12 [INFO] screener: [AI] PEHA.JK — Win Rate: 9.5%  Verdict: WEAK
2026-05-22 09:20:13 [INFO] screener: [AI] SIDO.JK — Win Rate: 47.2%  Verdict: WEAK
2026-05-22 09:20:14 [INFO] screener: [AI] ACES.JK — Win Rate: 47.4%  Verdict: WEAK
2026-05-22 09:20:14 [WARNING] screener: [FUNDAMENTAL] MPPA.JK: PE tidak tersedia — pakai default 15
2026-05-22 09:20:14 [WARNING] screener: [FUNDAMENTAL] HOKI.JK: PE tidak tersedia — pakai default 15
2026-05-22 09:20:16 [INFO] screener: [AI] MPPA.JK — Win Rate: 3.6%  Verdict: WEAK
2026-05-22 09:20:16 [INFO] screener: [AI] CTRA.JK — Win Rate: 42.5%  Verdict: WEAK
2026-05-22 09:20:16 [INFO] screener: [AI] MAPI.JK — Win Rate: 15.4%  Verdict: WEAK
2026-05-22 09:20:16 [INFO] screener: [AI] JPFA.JK — Win Rate: 20.9%  Verdict: WEAK
2026-05-22 09:20:17 [INFO] screener: [AI] BSDE.JK — Win Rate: 10.1%  Verdict: WEAK
2026-05-22 09:20:17 [ERROR] screener: [CRITICAL] Gagal memproses saham RALS.JK — cannot convert float NaN to integer
Traceback (most recent call last):
  File "C:\Screener\screener.py", line 1689, in analisis_saham
    base_sl = round(price - (risk_factor * atr_v))
              ^^^^^^^^^^^^^^^^^^^^^^^^^^^^^^^^^^^^
ValueError: cannot convert float NaN to integer
2026-05-22 09:20:17 [INFO] screener: [AI] MAPA.JK — Win Rate: 18.1%  Verdict: WEAK
2026-05-22 09:20:17 [INFO] screener: [AI] MIDI.JK — Win Rate: 27.5%  Verdict: WEAK
2026-05-22 09:20:17 [INFO] screener: [AI] ENZO.JK — Win Rate: 8.1%  Verdict: WEAK
2026-05-22 09:20:17 [INFO] screener: [AI] AMRT.JK — Win Rate: 10.5%  Verdict: WEAK
2026-05-22 09:20:18 [INFO] screener: [AI] ERAA.JK — Win Rate: 8.9%  Verdict: WEAK
2026-05-22 09:20:18 [INFO] screener: [AI] LPPF.JK — Win Rate: 76.7%  Verdict: ULTRA BUY
2026-05-22 09:20:18 [WARNING] screener: [FUNDAMENTAL] PPRO.JK: PE tidak tersedia — pakai default 15
2026-05-22 09:20:18 [INFO] screener: [AI] HOKI.JK — Win Rate: 6.6%  Verdict: WEAK
2026-05-22 09:20:19 [INFO] screener: [AI] CPIN.JK — Win Rate: 14.8%  Verdict: WEAK
2026-05-22 09:20:21 [INFO] screener: [AI] ASRI.JK — Win Rate: 6.4%  Verdict: WEAK
2026-05-22 09:20:22 [INFO] screener: [AI] SMRA.JK — Win Rate: 6.2%  Verdict: WEAK
2026-05-22 09:20:22 [INFO] screener: [AI] DMAS.JK — Win Rate: 14.5%  Verdict: WEAK
2026-05-22 09:20:22 [INFO] screener: [AI] PWON.JK — Win Rate: 28.8%  Verdict: WEAK
2026-05-22 09:20:22 [INFO] screener: [AI] DUTI.JK — Win Rate: 75.1%  Verdict: ULTRA BUY
2026-05-22 09:20:23 [INFO] screener: [AI] DILD.JK — Win Rate: 7.8%  Verdict: WEAK
2026-05-22 09:20:24 [INFO] screener: [AI] PPRO.JK — Win Rate: 14.8%  Verdict: WEAK
2026-05-22 09:20:24 [INFO] screener: [AI] BKSL.JK — Win Rate: 6.7%  Verdict: WEAK
2026-05-22 09:20:24 [INFO] screener: [AI] MKPI.JK — Win Rate: 24.3%  Verdict: WEAK
2026-05-22 09:20:24 [INFO] screener: [AI] GWSA.JK — Win Rate: 26.0%  Verdict: WEAK
2026-05-22 09:20:25 [INFO] screener: [AI] LPCK.JK — Win Rate: 33.5%  Verdict: WEAK
2026-05-22 09:20:25 [INFO] screener: [AI] KIJA.JK — Win Rate: 8.3%  Verdict: WEAK
2026-05-22 09:20:25 [INFO] screener: [AI] KLBF.JK — Win Rate: 61.9%  Verdict: ULTRA BUY
2026-05-22 09:20:25 [INFO] screener: [AI] SSIA.JK — Win Rate: 36.1%  Verdict: WEAK
2026-05-22 09:20:27 [INFO] screener: [AI] SILO.JK — Win Rate: 32.8%  Verdict: WEAK
2026-05-22 09:20:27 [INFO] screener: [AI] MIKA.JK — Win Rate: 31.5%  Verdict: WEAK
2026-05-22 09:20:27 [INFO] screener: [AI] IRRA.JK — Win Rate: 11.1%  Verdict: WEAK
2026-05-22 09:20:28 [INFO] screener: [AI] HEAL.JK — Win Rate: 41.9%  Verdict: WEAK
2026-05-22 09:20:28 [WARNING] screener: [FUNDAMENTAL] BAJA.JK: PE tidak tersedia — pakai default 15
2026-05-22 09:20:28 [INFO] screener: [AI] PRDA.JK — Win Rate: 23.7%  Verdict: WEAK
2026-05-22 09:20:28 [INFO] screener: [AI] BMHS.JK — Win Rate: 45.2%  Verdict: WEAK
2026-05-22 09:20:28 [INFO] screener: [AI] DGNS.JK — Win Rate: 7.2%  Verdict: WEAK
2026-05-22 09:20:29 [INFO] screener: [AI] SAME.JK — Win Rate: 13.9%  Verdict: WEAK
2026-05-22 09:20:29 [INFO] screener: [AI] TSPC.JK — Win Rate: 54.5%  Verdict: BUY
2026-05-22 09:20:31 [INFO] screener: [AI] SMGR.JK — Win Rate: 43.5%  Verdict: WEAK
2026-05-22 09:20:31 [INFO] screener: [AI] INTP.JK — Win Rate: 24.7%  Verdict: WEAK
2026-05-22 09:20:31 [INFO] screener: [AI] ISSP.JK — Win Rate: 61.2%  Verdict: ULTRA BUY
2026-05-22 09:20:33 [INFO] screener: [AI] SMBR.JK — Win Rate: 44.5%  Verdict: WEAK
2026-05-22 09:20:33 [INFO] screener: [AI] ALKA.JK — Win Rate: 13.3%  Verdict: WEAK
2026-05-22 09:20:33 [INFO] screener: [AI] BAJA.JK — Win Rate: 7.2%  Verdict: WEAK
2026-05-22 09:20:33 [INFO] screener: [AI] TOTO.JK — Win Rate: 43.5%  Verdict: WEAK
2026-05-22 09:20:33 [INFO] screener: [AI] ASSA.JK — Win Rate: 27.9%  Verdict: WEAK
2026-05-22 09:20:33 [INFO] screener: [AI] BRNA.JK — Win Rate: 7.4%  Verdict: WEAK
2026-05-22 09:20:34 [WARNING] screener: [FUNDAMENTAL] GIAA.JK: PE tidak tersedia — pakai default 15
2026-05-22 09:20:34 [WARNING] screener: [FUNDAMENTAL] GIAA.JK: Book Value tidak tersedia — pakai default 1.5
2026-05-22 09:20:34 [INFO] screener: [AI] BIRD.JK — Win Rate: 19.9%  Verdict: WEAK
2026-05-22 09:20:37 [INFO] screener: [AI] PANI.JK — Win Rate: 39.6%  Verdict: WEAK
2026-05-22 09:20:37 [INFO] screener: [AI] DSNG.JK — Win Rate: 31.9%  Verdict: WEAK
2026-05-22 09:20:37 [INFO] screener: [AI] TBLA.JK — Win Rate: 12.8%  Verdict: WEAK
2026-05-22 09:20:37 [INFO] screener: [AI] BWPT.JK — Win Rate: 7.3%  Verdict: WEAK
2026-05-22 09:20:37 [INFO] screener: [AI] AALI.JK — Win Rate: 42.2%  Verdict: WEAK
2026-05-22 09:20:37 [INFO] screener: [AI] LSIP.JK — Win Rate: 42.1%  Verdict: WEAK
2026-05-22 09:20:37 [INFO] screener: [AI] TAPG.JK — Win Rate: 13.2%  Verdict: WEAK
2026-05-22 09:20:37 [INFO] screener: [AI] BPTR.JK — Win Rate: 8.4%  Verdict: WEAK
2026-05-22 09:20:37 [INFO] screener: [AI] NELY.JK — Win Rate: 6.7%  Verdict: WEAK
2026-05-22 09:20:37 [INFO] screener: [AI] TMAS.JK — Win Rate: 10.1%  Verdict: WEAK
2026-05-22 09:20:37 [WARNING] screener: [FUNDAMENTAL] STRK.JK: PE tidak tersedia — pakai default 15
2026-05-22 09:20:38 [INFO] screener: [AI] HAIS.JK — Win Rate: 13.5%  Verdict: WEAK
2026-05-22 09:20:38 [INFO] screener: [AI] SIMP.JK — Win Rate: 33.7%  Verdict: WEAK
2026-05-22 09:20:38 [WARNING] screener: [FUNDAMENTAL] AREA.JK: PE tidak tersedia — pakai default 15
2026-05-22 09:20:38 [WARNING] screener: [FUNDAMENTAL] PMUI.JK: PE tidak tersedia — pakai default 15
2026-05-22 09:20:38 [WARNING] screener: [FUNDAMENTAL] GTRA.JK: PE tidak tersedia — pakai default 15
2026-05-22 09:20:38 [WARNING] screener: [FUNDAMENTAL] AWAN.JK: PE tidak tersedia — pakai default 15
2026-05-22 09:20:38 [INFO] screener: [AI] SSMS.JK — Win Rate: 17.2%  Verdict: WEAK
2026-05-22 09:20:38 [WARNING] screener: [FUNDAMENTAL] WIDI.JK: PE tidak tersedia — pakai default 15
2026-05-22 09:20:39 [INFO] screener: [AI] STRK.JK — Win Rate: 10.2%  Verdict: WEAK
2026-05-22 09:20:39 [ERROR] screener: [CRITICAL] Gagal memproses saham PMUI.JK — cannot convert float NaN to integer
Traceback (most recent call last):
  File "C:\Screener\screener.py", line 1689, in analisis_saham
    base_sl = round(price - (risk_factor * atr_v))
              ^^^^^^^^^^^^^^^^^^^^^^^^^^^^^^^^^^^^
ValueError: cannot convert float NaN to integer
2026-05-22 09:20:39 [INFO] screener: [AI] ALII.JK — Win Rate: 5.4%  Verdict: WEAK
2026-05-22 09:20:40 [INFO] screener: [AI] AREA.JK — Win Rate: 7.3%  Verdict: WEAK
2026-05-22 09:20:40 [INFO] screener: [AI] GTRA.JK — Win Rate: 8.1%  Verdict: WEAK
2026-05-22 09:20:40 [INFO] screener: [AI] WIDI.JK — Win Rate: 6.3%  Verdict: WEAK
2026-05-22 09:20:40 [INFO] screener: [AI] AWAN.JK — Win Rate: 6.6%  Verdict: WEAK
2026-05-22 09:22:36 [INFO] screener: Memindai Arus Uang (Rotasi Sektor)...
2026-05-22 09:22:47 [INFO] screener: Rotasi sektor selesai (11 sektor dipindai)
2026-05-22 09:22:47 [INFO] screener: Mengunduh Cuaca Makro Global & Komoditas...
2026-05-22 09:22:47 [INFO] screener: Macro update — IHSG=-1.06% | USD=+0.05% | Trend=DOWN | Penalty=0.0
2026-05-22 09:22:50 [INFO] screener: [ENSEMBLE] Loaded v5.0 (threshold=0.731)
2026-05-22 09:22:51 [INFO] screener: [ENSEMBLE] Loaded v5.0 (threshold=0.731)
2026-05-22 09:22:51 [INFO] screener: [ENSEMBLE] Loaded v5.0 (threshold=0.731)
2026-05-22 09:22:54 [INFO] screener: [AI] NISP.JK — Win Rate: 55.6%  Verdict: BUY
2026-05-22 09:22:54 [INFO] screener: [AI] CFIN.JK — Win Rate: 66.6%  Verdict: ULTRA BUY
2026-05-22 09:22:54 [INFO] screener: [AI] BTPS.JK — Win Rate: 50.5%  Verdict: BUY
2026-05-22 09:22:56 [INFO] screener: [AI] BDMN.JK — Win Rate: 61.2%  Verdict: ULTRA BUY
2026-05-22 09:22:56 [INFO] screener: [AI] BBRI.JK — Win Rate: 42.2%  Verdict: WEAK
2026-05-22 09:22:57 [INFO] screener: [AI] ARTO.JK — Win Rate: 28.0%  Verdict: WEAK
2026-05-22 09:22:59 [INFO] screener: [AI] BBNI.JK — Win Rate: 26.5%  Verdict: WEAK
2026-05-22 09:22:59 [INFO] screener: [AI] BBYB.JK — Win Rate: 7.4%  Verdict: WEAK
2026-05-22 09:22:59 [INFO] screener: [AI] BNGA.JK — Win Rate: 79.6%  Verdict: ULTRA BUY
2026-05-22 09:22:59 [INFO] screener: [AI] BMRI.JK — Win Rate: 15.2%  Verdict: WEAK
2026-05-22 09:22:59 [INFO] screener: [AI] BBCA.JK — Win Rate: 24.1%  Verdict: WEAK
2026-05-22 09:22:59 [INFO] screener: [AI] BBTN.JK — Win Rate: 44.1%  Verdict: WEAK
2026-05-22 09:23:00 [INFO] screener: [AI] BRIS.JK — Win Rate: 37.5%  Verdict: WEAK
2026-05-22 09:23:00 [INFO] screener: [AI] BVIC.JK — Win Rate: 10.6%  Verdict: WEAK
2026-05-22 09:23:02 [WARNING] screener: [FUNDAMENTAL] MLPL.JK: PE tidak tersedia — pakai default 15
2026-05-22 09:23:04 [INFO] screener: [AI] BJTM.JK — Win Rate: 42.2%  Verdict: WEAK
2026-05-22 09:23:05 [INFO] screener: [AI] PNBN.JK — Win Rate: 9.5%  Verdict: WEAK
2026-05-22 09:23:05 [INFO] screener: [AI] BSIM.JK — Win Rate: 48.6%  Verdict: WEAK
2026-05-22 09:23:05 [INFO] screener: [AI] BJBR.JK — Win Rate: 47.7%  Verdict: WEAK
2026-05-22 09:23:05 [WARNING] screener: [FUNDAMENTAL] MPPA.JK: PE tidak tersedia — pakai default 15
2026-05-22 09:23:05 [INFO] screener: [AI] SMMA.JK — Win Rate: 37.0%  Verdict: WEAK
2026-05-22 09:23:05 [INFO] screener: [AI] ASII.JK — Win Rate: 49.9%  Verdict: WEAK
2026-05-22 09:23:05 [INFO] screener: [AI] SRTG.JK — Win Rate: 21.4%  Verdict: WEAK
2026-05-22 09:23:05 [INFO] screener: [AI] BHIT.JK — Win Rate: 7.8%  Verdict: WEAK
2026-05-22 09:23:05 [INFO] screener: [AI] UNTR.JK — Win Rate: 80.1%  Verdict: ULTRA BUY
2026-05-22 09:23:06 [INFO] screener: [AI] BMTR.JK — Win Rate: 37.5%  Verdict: WEAK
2026-05-22 09:23:06 [INFO] screener: [AI] MLPL.JK — Win Rate: 8.8%  Verdict: WEAK
2026-05-22 09:23:06 [INFO] screener: [AI] LPKR.JK — Win Rate: 10.1%  Verdict: WEAK
2026-05-22 09:23:07 [WARNING] screener: [FUNDAMENTAL] EXCL.JK: PE tidak tersedia — pakai default 15
2026-05-22 09:23:07 [WARNING] screener: [FUNDAMENTAL] GOTO.JK: PE tidak tersedia — pakai default 15
2026-05-22 09:23:08 [WARNING] screener: [FUNDAMENTAL] BELI.JK: PE tidak tersedia — pakai default 15
2026-05-22 09:23:09 [INFO] screener: [AI] VIVA.JK — Win Rate: 10.4%  Verdict: WEAK
2026-05-22 09:23:09 [INFO] screener: [AI] BNLI.JK — Win Rate: 43.6%  Verdict: WEAK
2026-05-22 09:23:09 [INFO] screener: [AI] MPPA.JK — Win Rate: 4.3%  Verdict: WEAK
2026-05-22 09:23:09 [INFO] screener: [AI] SCMA.JK — Win Rate: 8.8%  Verdict: WEAK
2026-05-22 09:23:10 [INFO] screener: [AI] ISAT.JK — Win Rate: 51.6%  Verdict: BUY
2026-05-22 09:23:10 [INFO] screener: [AI] BUKA.JK — Win Rate: 56.3%  Verdict: BUY
2026-05-22 09:23:10 [INFO] screener: [AI] EXCL.JK — Win Rate: 8.3%  Verdict: WEAK
2026-05-22 09:23:11 [WARNING] screener: [FUNDAMENTAL] KREN.JK: PE tidak tersedia — pakai default 15
2026-05-22 09:23:11 [WARNING] screener: [FUNDAMENTAL] AXIO.JK: PE tidak tersedia — pakai default 15
2026-05-22 09:23:14 [INFO] screener: [AI] GOTO.JK — Win Rate: 8.0%  Verdict: WEAK
2026-05-22 09:23:14 [INFO] screener: [AI] TLKM.JK — Win Rate: 15.2%  Verdict: WEAK
2026-05-22 09:23:14 [INFO] screener: [AI] BELI.JK — Win Rate: 45.7%  Verdict: WEAK
2026-05-22 09:23:14 [INFO] screener: [AI] MLPT.JK — Win Rate: 9.4%  Verdict: WEAK
2026-05-22 09:23:14 [INFO] screener: [AI] WIFI.JK — Win Rate: 37.4%  Verdict: WEAK
2026-05-22 09:23:14 [INFO] screener: [AI] EMTK.JK — Win Rate: 59.1%  Verdict: BUY
2026-05-22 09:23:16 [INFO] screener: [AI] MTDL.JK — Win Rate: 30.4%  Verdict: WEAK
2026-05-22 09:23:16 [INFO] screener: [AI] DMMX.JK — Win Rate: 16.6%  Verdict: WEAK
2026-05-22 09:23:16 [INFO] screener: [AI] GLVA.JK — Win Rate: 78.5%  Verdict: ULTRA BUY
2026-05-22 09:23:16 [INFO] screener: [AI] AXIO.JK — Win Rate: 12.3%  Verdict: WEAK
2026-05-22 09:23:17 [INFO] screener: [AI] KREN.JK — Win Rate: 8.5%  Verdict: WEAK
2026-05-22 09:23:17 [INFO] screener: [AI] PTBA.JK — Win Rate: 69.3%  Verdict: ULTRA BUY
2026-05-22 09:23:19 [WARNING] screener: [FUNDAMENTAL] INDY.JK: PE tidak tersedia — pakai default 15
2026-05-22 09:23:20 [INFO] screener: [AI] TINS.JK — Win Rate: 8.1%  Verdict: WEAK
2026-05-22 09:23:21 [INFO] screener: [AI] AKRA.JK — Win Rate: 12.3%  Verdict: WEAK
2026-05-22 09:23:21 [WARNING] screener: [FUNDAMENTAL] DOID.JK: PE tidak tersedia — pakai default 15
2026-05-22 09:23:22 [WARNING] screener: [FUNDAMENTAL] TOBA.JK: PE tidak tersedia — pakai default 15
2026-05-22 09:23:22 [INFO] screener: [AI] ANTM.JK — Win Rate: 79.6%  Verdict: ULTRA BUY
2026-05-22 09:23:22 [INFO] screener: [AI] DEWA.JK — Win Rate: 7.8%  Verdict: WEAK
2026-05-22 09:23:23 [WARNING] screener: [FUNDAMENTAL] PTPP.JK: PE tidak tersedia — pakai default 15
2026-05-22 09:23:23 [INFO] screener: [AI] NCKL.JK — Win Rate: 15.2%  Verdict: WEAK
2026-05-22 09:23:24 [WARNING] screener: [FUNDAMENTAL] ADHI.JK: PE tidak tersedia — pakai default 15
2026-05-22 09:23:24 [WARNING] screener: [FUNDAMENTAL] WEGE.JK: PE tidak tersedia — pakai default 15
2026-05-22 09:23:24 [WARNING] screener: [FUNDAMENTAL] PPRE.JK: PE tidak tersedia — pakai default 15
2026-05-22 09:23:25 [WARNING] screener: [FUNDAMENTAL] LEAD.JK: PE tidak tersedia — pakai default 15
2026-05-22 09:23:25 [WARNING] screener: [FUNDAMENTAL] ACST.JK: PE tidak tersedia — pakai default 15
2026-05-22 09:23:26 [INFO] screener: [AI] JSMR.JK — Win Rate: 20.1%  Verdict: WEAK
2026-05-22 09:23:26 [INFO] screener: [AI] PTPP.JK — Win Rate: 17.2%  Verdict: WEAK
2026-05-22 09:23:26 [INFO] screener: [AI] ADHI.JK — Win Rate: 10.5%  Verdict: WEAK
2026-05-22 09:23:26 [INFO] screener: [AI] RMKE.JK — Win Rate: 4.8%  Verdict: WEAK
2026-05-22 09:23:27 [INFO] screener: [AI] PPRE.JK — Win Rate: 7.5%  Verdict: WEAK
2026-05-22 09:23:27 [INFO] screener: [AI] WEGE.JK — Win Rate: 9.5%  Verdict: WEAK
2026-05-22 09:23:28 [INFO] screener: [AI] TOTL.JK — Win Rate: 22.0%  Verdict: WEAK
2026-05-22 09:23:28 [INFO] screener: [AI] CMNP.JK — Win Rate: 25.3%  Verdict: WEAK
2026-05-22 09:23:28 [INFO] screener: [AI] ACST.JK — Win Rate: 8.0%  Verdict: WEAK
2026-05-22 09:23:28 [INFO] screener: [AI] JKON.JK — Win Rate: 5.5%  Verdict: WEAK
2026-05-22 09:23:28 [INFO] screener: [AI] BIRD.JK — Win Rate: 19.8%  Verdict: WEAK
2026-05-22 09:23:29 [INFO] screener: [AI] INDF.JK — Win Rate: 47.7%  Verdict: WEAK
2026-05-22 09:23:29 [INFO] screener: [AI] MYOR.JK — Win Rate: 25.1%  Verdict: WEAK
2026-05-22 09:23:29 [WARNING] screener: [FUNDAMENTAL] KAEF.JK: PE tidak tersedia — pakai default 15
2026-05-22 09:23:29 [INFO] screener: [AI] UNVR.JK — Win Rate: 6.1%  Verdict: WEAK
2026-05-22 09:23:29 [INFO] screener: [AI] ICBP.JK — Win Rate: 26.2%  Verdict: WEAK
2026-05-22 09:23:29 [INFO] screener: [AI] CAMP.JK — Win Rate: 12.7%  Verdict: WEAK
2026-05-22 09:23:29 [INFO] screener: [AI] GOOD.JK — Win Rate: 63.6%  Verdict: ULTRA BUY
2026-05-22 09:23:31 [INFO] screener: [AI] ROTI.JK — Win Rate: 25.9%  Verdict: WEAK
2026-05-22 09:23:31 [INFO] screener: [AI] ADES.JK — Win Rate: 44.7%  Verdict: WEAK
2026-05-22 09:23:31 [INFO] screener: [AI] STTP.JK — Win Rate: 45.5%  Verdict: WEAK
2026-05-22 09:23:31 [INFO] screener: [AI] PEHA.JK — Win Rate: 9.8%  Verdict: WEAK
2026-05-22 09:23:31 [INFO] screener: [AI] SIDO.JK — Win Rate: 47.5%  Verdict: WEAK
2026-05-22 09:23:31 [INFO] screener: [AI] CLEO.JK — Win Rate: 44.9%  Verdict: WEAK
2026-05-22 09:23:31 [INFO] screener: [AI] KAEF.JK — Win Rate: 10.5%  Verdict: WEAK
2026-05-22 09:23:32 [WARNING] screener: [FUNDAMENTAL] HOKI.JK: PE tidak tersedia — pakai default 15
2026-05-22 09:23:33 [WARNING] screener: [FUNDAMENTAL] MPPA.JK: PE tidak tersedia — pakai default 15
2026-05-22 09:23:35 [INFO] screener: [AI] MPPA.JK — Win Rate: 4.3%  Verdict: WEAK
2026-05-22 09:23:35 [INFO] screener: [AI] ACES.JK — Win Rate: 38.3%  Verdict: WEAK
2026-05-22 09:23:35 [INFO] screener: [AI] CPIN.JK — Win Rate: 14.8%  Verdict: WEAK
2026-05-22 09:23:35 [INFO] screener: [AI] MIDI.JK — Win Rate: 27.2%  Verdict: WEAK
2026-05-22 09:23:35 [INFO] screener: [AI] AMRT.JK — Win Rate: 11.1%  Verdict: WEAK
2026-05-22 09:23:35 [INFO] screener: [AI] BSDE.JK — Win Rate: 10.4%  Verdict: WEAK
2026-05-22 09:23:35 [INFO] screener: [AI] MAPI.JK — Win Rate: 16.2%  Verdict: WEAK
2026-05-22 09:23:35 [INFO] screener: [AI] MAPA.JK — Win Rate: 16.1%  Verdict: WEAK
2026-05-22 09:23:35 [ERROR] screener: [CRITICAL] Gagal memproses saham RALS.JK — cannot convert float NaN to integer
Traceback (most recent call last):
  File "C:\Screener\screener.py", line 1689, in analisis_saham
    base_sl = round(price - (risk_factor * atr_v))
              ^^^^^^^^^^^^^^^^^^^^^^^^^^^^^^^^^^^^
ValueError: cannot convert float NaN to integer
2026-05-22 09:23:35 [INFO] screener: [AI] HOKI.JK — Win Rate: 7.0%  Verdict: WEAK
2026-05-22 09:23:36 [INFO] screener: [AI] JPFA.JK — Win Rate: 16.2%  Verdict: WEAK
2026-05-22 09:23:36 [INFO] screener: [AI] LPPF.JK — Win Rate: 69.9%  Verdict: ULTRA BUY
2026-05-22 09:23:36 [WARNING] screener: [FUNDAMENTAL] PPRO.JK: PE tidak tersedia — pakai default 15
2026-05-22 09:23:38 [INFO] screener: [AI] ERAA.JK — Win Rate: 9.6%  Verdict: WEAK
2026-05-22 09:23:39 [INFO] screener: [AI] ENZO.JK — Win Rate: 8.3%  Verdict: WEAK
2026-05-22 09:23:39 [INFO] screener: [AI] CTRA.JK — Win Rate: 33.1%  Verdict: WEAK
2026-05-22 09:23:40 [INFO] screener: [AI] ASRI.JK — Win Rate: 6.5%  Verdict: WEAK
2026-05-22 09:23:40 [INFO] screener: [AI] PPRO.JK — Win Rate: 14.9%  Verdict: WEAK
2026-05-22 09:23:40 [INFO] screener: [AI] SMRA.JK — Win Rate: 6.9%  Verdict: WEAK
2026-05-22 09:23:40 [INFO] screener: [AI] DMAS.JK — Win Rate: 13.5%  Verdict: WEAK
2026-05-22 09:23:40 [INFO] screener: [AI] PWON.JK — Win Rate: 28.7%  Verdict: WEAK
2026-05-22 09:23:40 [INFO] screener: [AI] DILD.JK — Win Rate: 7.5%  Verdict: WEAK
2026-05-22 09:23:41 [INFO] screener: [AI] DUTI.JK — Win Rate: 65.8%  Verdict: ULTRA BUY
2026-05-22 09:23:41 [INFO] screener: [AI] BKSL.JK — Win Rate: 7.0%  Verdict: WEAK
2026-05-22 09:23:43 [INFO] screener: [AI] GWSA.JK — Win Rate: 26.2%  Verdict: WEAK
2026-05-22 09:23:43 [INFO] screener: [AI] MKPI.JK — Win Rate: 21.5%  Verdict: WEAK
2026-05-22 09:23:43 [INFO] screener: [AI] LPCK.JK — Win Rate: 33.8%  Verdict: WEAK
2026-05-22 09:23:44 [INFO] screener: [AI] SILO.JK — Win Rate: 31.2%  Verdict: WEAK
2026-05-22 09:23:44 [INFO] screener: [AI] SSIA.JK — Win Rate: 31.0%  Verdict: WEAK
2026-05-22 09:23:44 [INFO] screener: [AI] KLBF.JK — Win Rate: 62.0%  Verdict: ULTRA BUY
2026-05-22 09:23:45 [INFO] screener: [AI] KIJA.JK — Win Rate: 8.8%  Verdict: WEAK
2026-05-22 09:23:45 [INFO] screener: [AI] MIKA.JK — Win Rate: 31.7%  Verdict: WEAK
2026-05-22 09:23:47 [INFO] screener: [AI] HEAL.JK — Win Rate: 41.6%  Verdict: WEAK
2026-05-22 09:23:47 [WARNING] screener: [FUNDAMENTAL] BAJA.JK: PE tidak tersedia — pakai default 15
2026-05-22 09:23:47 [INFO] screener: [AI] IRRA.JK — Win Rate: 11.0%  Verdict: WEAK
2026-05-22 09:23:47 [INFO] screener: [AI] BMHS.JK — Win Rate: 44.9%  Verdict: WEAK
2026-05-22 09:23:47 [INFO] screener: [AI] PRDA.JK — Win Rate: 22.0%  Verdict: WEAK
2026-05-22 09:23:48 [INFO] screener: [AI] SMGR.JK — Win Rate: 43.2%  Verdict: WEAK
2026-05-22 09:23:48 [INFO] screener: [AI] DGNS.JK — Win Rate: 7.7%  Verdict: WEAK
2026-05-22 09:23:48 [INFO] screener: [AI] TSPC.JK — Win Rate: 54.9%  Verdict: BUY
2026-05-22 09:23:48 [INFO] screener: [AI] SAME.JK — Win Rate: 14.1%  Verdict: WEAK
2026-05-22 09:23:48 [INFO] screener: [AI] INTP.JK — Win Rate: 26.2%  Verdict: WEAK
2026-05-22 09:23:49 [INFO] screener: [AI] SMBR.JK — Win Rate: 44.8%  Verdict: WEAK
2026-05-22 09:23:50 [INFO] screener: [AI] BAJA.JK — Win Rate: 7.9%  Verdict: WEAK
2026-05-22 09:23:50 [INFO] screener: [AI] ALKA.JK — Win Rate: 13.6%  Verdict: WEAK
2026-05-22 09:23:50 [INFO] screener: [AI] BRNA.JK — Win Rate: 7.9%  Verdict: WEAK
2026-05-22 09:23:50 [INFO] screener: [AI] TOTO.JK — Win Rate: 43.6%  Verdict: WEAK
2026-05-22 09:23:51 [INFO] screener: [AI] ISSP.JK — Win Rate: 60.7%  Verdict: ULTRA BUY
2026-05-22 09:23:52 [INFO] screener: [AI] ASSA.JK — Win Rate: 27.7%  Verdict: WEAK
2026-05-22 09:23:53 [WARNING] screener: [FUNDAMENTAL] GIAA.JK: PE tidak tersedia — pakai default 15
2026-05-22 09:23:53 [WARNING] screener: [FUNDAMENTAL] GIAA.JK: Book Value tidak tersedia — pakai default 1.5
2026-05-22 09:23:53 [INFO] screener: [AI] BIRD.JK — Win Rate: 19.8%  Verdict: WEAK
2026-05-22 09:23:56 [INFO] screener: [AI] NELY.JK — Win Rate: 7.1%  Verdict: WEAK
2026-05-22 09:23:56 [INFO] screener: [AI] SIMP.JK — Win Rate: 33.8%  Verdict: WEAK
2026-05-22 09:23:56 [INFO] screener: [AI] TBLA.JK — Win Rate: 13.3%  Verdict: WEAK
2026-05-22 09:23:56 [INFO] screener: [AI] AALI.JK — Win Rate: 44.2%  Verdict: WEAK
2026-05-22 09:23:56 [INFO] screener: [AI] BPTR.JK — Win Rate: 7.8%  Verdict: WEAK
2026-05-22 09:23:56 [INFO] screener: [AI] HAIS.JK — Win Rate: 12.7%  Verdict: WEAK
2026-05-22 09:23:56 [INFO] screener: [AI] LSIP.JK — Win Rate: 42.2%  Verdict: WEAK
2026-05-22 09:23:56 [INFO] screener: [AI] PANI.JK — Win Rate: 39.9%  Verdict: WEAK
2026-05-22 09:23:56 [INFO] screener: [AI] TMAS.JK — Win Rate: 9.2%  Verdict: WEAK
2026-05-22 09:23:56 [INFO] screener: [AI] TAPG.JK — Win Rate: 13.5%  Verdict: WEAK
2026-05-22 09:23:56 [INFO] screener: [AI] DSNG.JK — Win Rate: 32.3%  Verdict: WEAK
2026-05-22 09:23:56 [INFO] screener: [AI] BWPT.JK — Win Rate: 7.5%  Verdict: WEAK
2026-05-22 09:23:56 [INFO] screener: [AI] SSMS.JK — Win Rate: 17.1%  Verdict: WEAK
2026-05-22 09:23:56 [WARNING] screener: [FUNDAMENTAL] STRK.JK: PE tidak tersedia — pakai default 15
2026-05-22 09:23:56 [WARNING] screener: [FUNDAMENTAL] PMUI.JK: PE tidak tersedia — pakai default 15
2026-05-22 09:23:57 [WARNING] screener: [FUNDAMENTAL] AREA.JK: PE tidak tersedia — pakai default 15
2026-05-22 09:23:57 [WARNING] screener: [FUNDAMENTAL] WIDI.JK: PE tidak tersedia — pakai default 15
2026-05-22 09:23:57 [WARNING] screener: [FUNDAMENTAL] AWAN.JK: PE tidak tersedia — pakai default 15
2026-05-22 09:23:57 [WARNING] screener: [FUNDAMENTAL] GTRA.JK: PE tidak tersedia — pakai default 15
2026-05-22 09:23:57 [INFO] screener: [AI] STRK.JK — Win Rate: 10.2%  Verdict: WEAK
2026-05-22 09:23:58 [ERROR] screener: [CRITICAL] Gagal memproses saham PMUI.JK — cannot convert float NaN to integer
Traceback (most recent call last):
  File "C:\Screener\screener.py", line 1689, in analisis_saham
    base_sl = round(price - (risk_factor * atr_v))
              ^^^^^^^^^^^^^^^^^^^^^^^^^^^^^^^^^^^^
ValueError: cannot convert float NaN to integer
2026-05-22 09:23:58 [INFO] screener: [AI] ALII.JK — Win Rate: 5.7%  Verdict: WEAK
2026-05-22 09:23:58 [INFO] screener: [AI] WIDI.JK — Win Rate: 6.5%  Verdict: WEAK
2026-05-22 09:23:58 [INFO] screener: [AI] AREA.JK — Win Rate: 7.6%  Verdict: WEAK
2026-05-22 09:23:58 [INFO] screener: [AI] GTRA.JK — Win Rate: 8.5%  Verdict: WEAK
2026-05-22 09:23:58 [INFO] screener: [AI] AWAN.JK — Win Rate: 7.3%  Verdict: WEAK
2026-05-22 10:56:20 [INFO] screener: Memindai Arus Uang (Rotasi Sektor)...
2026-05-22 10:56:31 [INFO] screener: Rotasi sektor selesai (11 sektor dipindai)
2026-05-22 10:56:31 [INFO] screener: Mengunduh Cuaca Makro Global & Komoditas...
2026-05-22 10:56:31 [INFO] screener: Macro update — IHSG=+0.48% | USD=+0.24% | Trend=DOWN | Penalty=0.0
2026-05-22 10:56:35 [INFO] screener: [ENSEMBLE] Loaded v5.0 (threshold=0.731)
2026-05-22 10:56:35 [INFO] screener: [ENSEMBLE] Loaded v5.0 (threshold=0.731)
2026-05-22 10:56:35 [INFO] screener: [ENSEMBLE] Loaded v5.0 (threshold=0.731)
2026-05-22 10:56:35 [INFO] screener: [ENSEMBLE] Loaded v5.0 (threshold=0.731)
2026-05-22 10:56:35 [INFO] screener: [ENSEMBLE] Loaded v5.0 (threshold=0.731)
2026-05-22 10:56:35 [INFO] screener: [ENSEMBLE] Loaded v5.0 (threshold=0.731)
2026-05-22 10:56:35 [INFO] screener: [ENSEMBLE] Loaded v5.0 (threshold=0.731)
2026-05-22 10:56:35 [INFO] screener: [ENSEMBLE] Loaded v5.0 (threshold=0.731)
2026-05-22 10:56:35 [INFO] screener: [ENSEMBLE] Loaded v5.0 (threshold=0.731)
2026-05-22 10:56:35 [INFO] screener: [ENSEMBLE] Loaded v5.0 (threshold=0.731)
2026-05-22 10:56:36 [INFO] screener: [ENSEMBLE] Loaded v5.0 (threshold=0.731)
2026-05-22 10:56:36 [INFO] screener: [ENSEMBLE] Loaded v5.0 (threshold=0.731)
2026-05-22 10:56:39 [INFO] screener: [AI] BVIC.JK — Win Rate: 10.8%  Verdict: WEAK
2026-05-22 10:56:39 [INFO] screener: [AI] BTPS.JK — Win Rate: 57.7%  Verdict: BUY
2026-05-22 10:56:39 [INFO] screener: [AI] BBNI.JK — Win Rate: 25.5%  Verdict: WEAK
2026-05-22 10:56:39 [INFO] screener: [AI] BBTN.JK — Win Rate: 62.6%  Verdict: ULTRA BUY
2026-05-22 10:56:40 [INFO] screener: [AI] BNGA.JK — Win Rate: 81.7%  Verdict: ULTRA BUY
2026-05-22 10:56:42 [INFO] screener: [AI] BRIS.JK — Win Rate: 46.0%  Verdict: WEAK
2026-05-22 10:56:42 [INFO] screener: [AI] NISP.JK — Win Rate: 61.5%  Verdict: ULTRA BUY
2026-05-22 10:56:43 [INFO] screener: [AI] CFIN.JK — Win Rate: 78.0%  Verdict: ULTRA BUY
2026-05-22 10:56:44 [INFO] screener: [AI] BBRI.JK — Win Rate: 55.5%  Verdict: BUY
2026-05-22 10:56:44 [INFO] screener: [AI] ARTO.JK — Win Rate: 36.2%  Verdict: WEAK
2026-05-22 10:56:44 [INFO] screener: [AI] BBYB.JK — Win Rate: 7.4%  Verdict: WEAK
2026-05-22 10:56:45 [INFO] screener: [AI] BDMN.JK — Win Rate: 54.2%  Verdict: BUY
2026-05-22 10:56:45 [INFO] screener: [AI] BBCA.JK — Win Rate: 24.7%  Verdict: WEAK
2026-05-22 10:56:47 [INFO] screener: [AI] BMRI.JK — Win Rate: 12.7%  Verdict: WEAK
2026-05-22 10:56:48 [WARNING] screener: [FUNDAMENTAL] MLPL.JK: PE tidak tersedia — pakai default 15
2026-05-22 10:56:49 [INFO] screener: [AI] BJBR.JK — Win Rate: 58.2%  Verdict: BUY
2026-05-22 10:56:49 [INFO] screener: [AI] BJTM.JK — Win Rate: 45.8%  Verdict: WEAK
2026-05-22 10:56:50 [INFO] screener: [AI] PNBN.JK — Win Rate: 10.1%  Verdict: WEAK
2026-05-22 10:56:50 [INFO] screener: [AI] SRTG.JK — Win Rate: 27.2%  Verdict: WEAK
2026-05-22 10:56:50 [INFO] screener: [AI] BSIM.JK — Win Rate: 55.7%  Verdict: BUY
2026-05-22 10:56:51 [WARNING] screener: [FUNDAMENTAL] MPPA.JK: PE tidak tersedia — pakai default 15
2026-05-22 10:56:52 [INFO] screener: [AI] ASII.JK — Win Rate: 58.4%  Verdict: BUY
2026-05-22 10:56:53 [INFO] screener: [AI] BMTR.JK — Win Rate: 45.4%  Verdict: WEAK
2026-05-22 10:56:53 [INFO] screener: [AI] MLPL.JK — Win Rate: 9.7%  Verdict: WEAK
2026-05-22 10:56:53 [INFO] screener: [AI] BHIT.JK — Win Rate: 9.2%  Verdict: WEAK
2026-05-22 10:56:53 [INFO] screener: [AI] LPKR.JK — Win Rate: 11.9%  Verdict: WEAK
2026-05-22 10:56:53 [INFO] screener: [AI] UNTR.JK — Win Rate: 88.6%  Verdict: ULTRA BUY
2026-05-22 10:56:53 [INFO] screener: [AI] SMMA.JK — Win Rate: 29.8%  Verdict: WEAK
2026-05-22 10:56:54 [WARNING] screener: [FUNDAMENTAL] GOTO.JK: PE tidak tersedia — pakai default 15
2026-05-22 10:56:55 [WARNING] screener: [FUNDAMENTAL] BELI.JK: PE tidak tersedia — pakai default 15
2026-05-22 10:56:55 [WARNING] screener: [FUNDAMENTAL] EXCL.JK: PE tidak tersedia — pakai default 15
2026-05-22 10:56:56 [INFO] screener: [AI] BNLI.JK — Win Rate: 50.8%  Verdict: BUY
2026-05-22 10:56:56 [INFO] screener: [AI] SCMA.JK — Win Rate: 10.2%  Verdict: WEAK
2026-05-22 10:56:57 [INFO] screener: [AI] MPPA.JK — Win Rate: 3.7%  Verdict: WEAK
2026-05-22 10:56:58 [INFO] screener: [AI] VIVA.JK — Win Rate: 12.0%  Verdict: WEAK
2026-05-22 10:56:58 [INFO] screener: [AI] ISAT.JK — Win Rate: 64.5%  Verdict: ULTRA BUY
2026-05-22 10:56:59 [WARNING] screener: [FUNDAMENTAL] KREN.JK: PE tidak tersedia — pakai default 15
2026-05-22 10:56:59 [WARNING] screener: [FUNDAMENTAL] AXIO.JK: PE tidak tersedia — pakai default 15
2026-05-22 10:56:59 [INFO] screener: [AI] TLKM.JK — Win Rate: 9.6%  Verdict: WEAK
2026-05-22 10:56:59 [INFO] screener: [AI] BUKA.JK — Win Rate: 61.4%  Verdict: ULTRA BUY
2026-05-22 10:57:00 [INFO] screener: [AI] GOTO.JK — Win Rate: 9.2%  Verdict: WEAK
2026-05-22 10:57:01 [INFO] screener: [AI] WIFI.JK — Win Rate: 43.7%  Verdict: WEAK
2026-05-22 10:57:01 [INFO] screener: [AI] EXCL.JK — Win Rate: 9.1%  Verdict: WEAK
2026-05-22 10:57:01 [INFO] screener: [AI] BELI.JK — Win Rate: 54.6%  Verdict: BUY
2026-05-22 10:57:03 [INFO] screener: [AI] MLPT.JK — Win Rate: 9.4%  Verdict: WEAK
2026-05-22 10:57:03 [INFO] screener: [AI] EMTK.JK — Win Rate: 68.1%  Verdict: ULTRA BUY
2026-05-22 10:57:05 [INFO] screener: [AI] DMMX.JK — Win Rate: 19.4%  Verdict: WEAK
2026-05-22 10:57:05 [INFO] screener: [AI] KREN.JK — Win Rate: 9.6%  Verdict: WEAK
2026-05-22 10:57:05 [INFO] screener: [AI] MTDL.JK — Win Rate: 35.4%  Verdict: WEAK
2026-05-22 10:57:05 [INFO] screener: [AI] AXIO.JK — Win Rate: 14.1%  Verdict: WEAK
2026-05-22 10:57:05 [INFO] screener: [AI] GLVA.JK — Win Rate: 88.0%  Verdict: ULTRA BUY
2026-05-22 10:57:06 [INFO] screener: [AI] PTBA.JK — Win Rate: 75.3%  Verdict: ULTRA BUY
2026-05-22 10:57:09 [WARNING] screener: [FUNDAMENTAL] INDY.JK: PE tidak tersedia — pakai default 15
2026-05-22 10:57:11 [INFO] screener: [AI] AKRA.JK — Win Rate: 20.7%  Verdict: WEAK
2026-05-22 10:57:11 [WARNING] screener: [FUNDAMENTAL] DOID.JK: PE tidak tersedia — pakai default 15
2026-05-22 10:57:11 [INFO] screener: [AI] DEWA.JK — Win Rate: 8.9%  Verdict: WEAK
2026-05-22 10:57:12 [WARNING] screener: [FUNDAMENTAL] TOBA.JK: PE tidak tersedia — pakai default 15
2026-05-22 10:57:12 [INFO] screener: [AI] ANTM.JK — Win Rate: 88.5%  Verdict: ULTRA BUY
2026-05-22 10:57:12 [WARNING] screener: [FUNDAMENTAL] PPRE.JK: PE tidak tersedia — pakai default 15
2026-05-22 10:57:12 [WARNING] screener: [FUNDAMENTAL] WEGE.JK: PE tidak tersedia — pakai default 15
2026-05-22 10:57:12 [INFO] screener: [AI] TINS.JK — Win Rate: 9.5%  Verdict: WEAK
2026-05-22 10:57:12 [WARNING] screener: [FUNDAMENTAL] PTPP.JK: PE tidak tersedia — pakai default 15
2026-05-22 10:57:13 [WARNING] screener: [FUNDAMENTAL] ADHI.JK: PE tidak tersedia — pakai default 15
2026-05-22 10:57:14 [WARNING] screener: [FUNDAMENTAL] ACST.JK: PE tidak tersedia — pakai default 15
2026-05-22 10:57:15 [WARNING] screener: [FUNDAMENTAL] LEAD.JK: PE tidak tersedia — pakai default 15
2026-05-22 10:57:15 [INFO] screener: [AI] RMKE.JK — Win Rate: 4.1%  Verdict: WEAK
2026-05-22 10:57:15 [INFO] screener: [AI] NCKL.JK — Win Rate: 18.2%  Verdict: WEAK
2026-05-22 10:57:15 [INFO] screener: [AI] ADHI.JK — Win Rate: 12.3%  Verdict: WEAK
2026-05-22 10:57:15 [INFO] screener: [AI] WEGE.JK — Win Rate: 10.1%  Verdict: WEAK
2026-05-22 10:57:15 [INFO] screener: [AI] PPRE.JK — Win Rate: 8.2%  Verdict: WEAK
2026-05-22 10:57:16 [INFO] screener: [AI] PTPP.JK — Win Rate: 19.9%  Verdict: WEAK
2026-05-22 10:57:16 [INFO] screener: [AI] JSMR.JK — Win Rate: 19.9%  Verdict: WEAK
2026-05-22 10:57:16 [INFO] screener: [AI] TOTL.JK — Win Rate: 45.1%  Verdict: WEAK
2026-05-22 10:57:16 [INFO] screener: [AI] JKON.JK — Win Rate: 4.0%  Verdict: WEAK
2026-05-22 10:57:17 [INFO] screener: [AI] ACST.JK — Win Rate: 9.6%  Verdict: WEAK
2026-05-22 10:57:18 [INFO] screener: [AI] CMNP.JK — Win Rate: 32.3%  Verdict: WEAK
2026-05-22 10:57:19 [WARNING] screener: [FUNDAMENTAL] KAEF.JK: PE tidak tersedia — pakai default 15
2026-05-22 10:57:19 [INFO] screener: [AI] BIRD.JK — Win Rate: 22.2%  Verdict: WEAK
2026-05-22 10:57:19 [INFO] screener: [AI] INDF.JK — Win Rate: 51.3%  Verdict: BUY
2026-05-22 10:57:20 [INFO] screener: [AI] GOOD.JK — Win Rate: 73.9%  Verdict: ULTRA BUY
2026-05-22 10:57:21 [INFO] screener: [AI] UNVR.JK — Win Rate: 3.8%  Verdict: WEAK
2026-05-22 10:57:23 [INFO] screener: [AI] MYOR.JK — Win Rate: 15.6%  Verdict: WEAK
2026-05-22 10:57:23 [INFO] screener: [AI] ROTI.JK — Win Rate: 32.3%  Verdict: WEAK
2026-05-22 10:57:23 [INFO] screener: [AI] ICBP.JK — Win Rate: 27.8%  Verdict: WEAK
2026-05-22 10:57:23 [INFO] screener: [AI] CAMP.JK — Win Rate: 13.3%  Verdict: WEAK
2026-05-22 10:57:23 [INFO] screener: [AI] CLEO.JK — Win Rate: 54.7%  Verdict: BUY
2026-05-22 10:57:25 [INFO] screener: [AI] ADES.JK — Win Rate: 42.1%  Verdict: WEAK
2026-05-22 10:57:25 [INFO] screener: [AI] SIDO.JK — Win Rate: 55.1%  Verdict: BUY
2026-05-22 10:57:25 [INFO] screener: [AI] STTP.JK — Win Rate: 49.0%  Verdict: WEAK
2026-05-22 10:57:26 [INFO] screener: [AI] PEHA.JK — Win Rate: 10.2%  Verdict: WEAK
2026-05-22 10:57:26 [INFO] screener: [AI] KAEF.JK — Win Rate: 10.8%  Verdict: WEAK
2026-05-22 10:57:27 [WARNING] screener: [FUNDAMENTAL] HOKI.JK: PE tidak tersedia — pakai default 15
2026-05-22 10:57:28 [WARNING] screener: [FUNDAMENTAL] MPPA.JK: PE tidak tersedia — pakai default 15
2026-05-22 10:57:28 [INFO] screener: [AI] MPPA.JK — Win Rate: 3.7%  Verdict: WEAK
2026-05-22 10:57:29 [ERROR] screener: [CRITICAL] Gagal memproses saham RALS.JK — cannot convert float NaN to integer
Traceback (most recent call last):
  File "C:\Screener\screener.py", line 1689, in analisis_saham
    base_sl = round(price - (risk_factor * atr_v))
              ^^^^^^^^^^^^^^^^^^^^^^^^^^^^^^^^^^^^
ValueError: cannot convert float NaN to integer
2026-05-22 10:57:30 [INFO] screener: [AI] AMRT.JK — Win Rate: 8.6%  Verdict: WEAK
2026-05-22 10:57:30 [INFO] screener: [AI] ERAA.JK — Win Rate: 9.8%  Verdict: WEAK
2026-05-22 10:57:30 [INFO] screener: [AI] ACES.JK — Win Rate: 54.1%  Verdict: BUY
2026-05-22 10:57:32 [INFO] screener: [AI] MAPI.JK — Win Rate: 11.0%  Verdict: WEAK
2026-05-22 10:57:32 [INFO] screener: [AI] JPFA.JK — Win Rate: 15.7%  Verdict: WEAK
2026-05-22 10:57:32 [INFO] screener: [AI] HOKI.JK — Win Rate: 6.4%  Verdict: WEAK
2026-05-22 10:57:32 [INFO] screener: [AI] MAPA.JK — Win Rate: 21.5%  Verdict: WEAK
2026-05-22 10:57:32 [INFO] screener: [AI] CPIN.JK — Win Rate: 12.0%  Verdict: WEAK
2026-05-22 10:57:32 [INFO] screener: [AI] LPPF.JK — Win Rate: 81.6%  Verdict: ULTRA BUY
2026-05-22 10:57:33 [INFO] screener: [AI] BSDE.JK — Win Rate: 11.1%  Verdict: WEAK
2026-05-22 10:57:33 [INFO] screener: [AI] ENZO.JK — Win Rate: 8.9%  Verdict: WEAK
2026-05-22 10:57:34 [INFO] screener: [AI] MIDI.JK — Win Rate: 33.6%  Verdict: WEAK
2026-05-22 10:57:34 [WARNING] screener: [FUNDAMENTAL] PPRO.JK: PE tidak tersedia — pakai default 15
2026-05-22 10:57:34 [INFO] screener: [AI] CTRA.JK — Win Rate: 46.9%  Verdict: WEAK
2026-05-22 10:57:35 [INFO] screener: [AI] SMRA.JK — Win Rate: 6.2%  Verdict: WEAK
2026-05-22 10:57:35 [INFO] screener: [AI] PWON.JK — Win Rate: 36.9%  Verdict: WEAK
2026-05-22 10:57:35 [INFO] screener: [AI] ASRI.JK — Win Rate: 6.3%  Verdict: WEAK
2026-05-22 10:57:36 [INFO] screener: [AI] DILD.JK — Win Rate: 6.7%  Verdict: WEAK
2026-05-22 10:57:37 [INFO] screener: [AI] DMAS.JK — Win Rate: 10.7%  Verdict: WEAK
2026-05-22 10:57:37 [INFO] screener: [AI] DUTI.JK — Win Rate: 71.9%  Verdict: ULTRA BUY
2026-05-22 10:57:39 [INFO] screener: [AI] BKSL.JK — Win Rate: 7.7%  Verdict: WEAK
2026-05-22 10:57:39 [INFO] screener: [AI] GWSA.JK — Win Rate: 32.5%  Verdict: WEAK
2026-05-22 10:57:39 [INFO] screener: [AI] PPRO.JK — Win Rate: 19.9%  Verdict: WEAK
2026-05-22 10:57:39 [INFO] screener: [AI] MKPI.JK — Win Rate: 27.2%  Verdict: WEAK
2026-05-22 10:57:40 [INFO] screener: [AI] LPCK.JK — Win Rate: 38.2%  Verdict: WEAK
2026-05-22 10:57:40 [INFO] screener: [AI] KIJA.JK — Win Rate: 9.8%  Verdict: WEAK
2026-05-22 10:57:40 [INFO] screener: [AI] SSIA.JK — Win Rate: 38.4%  Verdict: WEAK
2026-05-22 10:57:40 [INFO] screener: [AI] KLBF.JK — Win Rate: 70.6%  Verdict: ULTRA BUY
2026-05-22 10:57:42 [INFO] screener: [AI] MIKA.JK — Win Rate: 39.1%  Verdict: WEAK
2026-05-22 10:57:42 [INFO] screener: [AI] HEAL.JK — Win Rate: 51.6%  Verdict: BUY
2026-05-22 10:57:44 [INFO] screener: [AI] SILO.JK — Win Rate: 33.9%  Verdict: WEAK
2026-05-22 10:57:45 [INFO] screener: [AI] PRDA.JK — Win Rate: 19.5%  Verdict: WEAK
2026-05-22 10:57:45 [WARNING] screener: [FUNDAMENTAL] BAJA.JK: PE tidak tersedia — pakai default 15
2026-05-22 10:57:45 [INFO] screener: [AI] DGNS.JK — Win Rate: 6.5%  Verdict: WEAK
2026-05-22 10:57:46 [INFO] screener: [AI] SAME.JK — Win Rate: 17.3%  Verdict: WEAK
2026-05-22 10:57:46 [INFO] screener: [AI] BMHS.JK — Win Rate: 54.4%  Verdict: BUY
2026-05-22 10:57:47 [INFO] screener: [AI] IRRA.JK — Win Rate: 12.6%  Verdict: WEAK
2026-05-22 10:57:47 [INFO] screener: [AI] TSPC.JK — Win Rate: 59.7%  Verdict: BUY
2026-05-22 10:57:48 [INFO] screener: [AI] INTP.JK — Win Rate: 31.9%  Verdict: WEAK
2026-05-22 10:57:49 [INFO] screener: [AI] SMGR.JK — Win Rate: 52.6%  Verdict: BUY
2026-05-22 10:57:50 [INFO] screener: [AI] SMBR.JK — Win Rate: 53.3%  Verdict: BUY
2026-05-22 10:57:52 [INFO] screener: [AI] ISSP.JK — Win Rate: 69.5%  Verdict: ULTRA BUY
2026-05-22 10:57:53 [INFO] screener: [AI] BAJA.JK — Win Rate: 7.9%  Verdict: WEAK
2026-05-22 10:57:54 [INFO] screener: [AI] ALKA.JK — Win Rate: 16.1%  Verdict: WEAK
2026-05-22 10:57:54 [INFO] screener: [AI] BRNA.JK — Win Rate: 7.9%  Verdict: WEAK
2026-05-22 10:57:54 [INFO] screener: [AI] TOTO.JK — Win Rate: 47.4%  Verdict: WEAK
2026-05-22 10:57:54 [INFO] screener: [AI] ASSA.JK — Win Rate: 35.5%  Verdict: WEAK
2026-05-22 10:57:56 [INFO] screener: [AI] BIRD.JK — Win Rate: 22.2%  Verdict: WEAK
2026-05-22 10:57:56 [WARNING] screener: [FUNDAMENTAL] GIAA.JK: PE tidak tersedia — pakai default 15
2026-05-22 10:57:56 [WARNING] screener: [FUNDAMENTAL] GIAA.JK: Book Value tidak tersedia — pakai default 1.5
2026-05-22 10:57:59 [INFO] screener: [AI] AALI.JK — Win Rate: 51.6%  Verdict: BUY
2026-05-22 10:58:01 [INFO] screener: [AI] LSIP.JK — Win Rate: 50.7%  Verdict: BUY
2026-05-22 10:58:02 [INFO] screener: [AI] NELY.JK — Win Rate: 7.9%  Verdict: WEAK
2026-05-22 10:58:02 [INFO] screener: [AI] BWPT.JK — Win Rate: 8.7%  Verdict: WEAK
2026-05-22 10:58:03 [INFO] screener: [AI] TBLA.JK — Win Rate: 14.1%  Verdict: WEAK
2026-05-22 10:58:03 [INFO] screener: [AI] TAPG.JK — Win Rate: 15.9%  Verdict: WEAK
2026-05-22 10:58:03 [INFO] screener: [AI] SIMP.JK — Win Rate: 41.5%  Verdict: WEAK
2026-05-22 10:58:04 [INFO] screener: [AI] HAIS.JK — Win Rate: 14.6%  Verdict: WEAK
2026-05-22 10:58:04 [INFO] screener: [AI] TMAS.JK — Win Rate: 10.3%  Verdict: WEAK
2026-05-22 10:58:04 [INFO] screener: [AI] DSNG.JK — Win Rate: 37.4%  Verdict: WEAK
2026-05-22 10:58:04 [INFO] screener: [AI] BPTR.JK — Win Rate: 9.3%  Verdict: WEAK
2026-05-22 10:58:04 [INFO] screener: [AI] PANI.JK — Win Rate: 46.7%  Verdict: WEAK
2026-05-22 10:58:04 [INFO] screener: [AI] SSMS.JK — Win Rate: 22.6%  Verdict: WEAK
2026-05-22 10:58:05 [WARNING] screener: [FUNDAMENTAL] PMUI.JK: PE tidak tersedia — pakai default 15
2026-05-22 10:58:05 [WARNING] screener: [FUNDAMENTAL] AREA.JK: PE tidak tersedia — pakai default 15
2026-05-22 10:58:05 [WARNING] screener: [FUNDAMENTAL] AWAN.JK: PE tidak tersedia — pakai default 15
2026-05-22 10:58:05 [WARNING] screener: [FUNDAMENTAL] WIDI.JK: PE tidak tersedia — pakai default 15
2026-05-22 10:58:05 [WARNING] screener: [FUNDAMENTAL] STRK.JK: PE tidak tersedia — pakai default 15
2026-05-22 10:58:05 [WARNING] screener: [FUNDAMENTAL] GTRA.JK: PE tidak tersedia — pakai default 15
2026-05-22 10:58:05 [INFO] screener: [AI] ALII.JK — Win Rate: 6.3%  Verdict: WEAK
2026-05-22 10:58:06 [ERROR] screener: [CRITICAL] Gagal memproses saham PMUI.JK — cannot convert float NaN to integer
Traceback (most recent call last):
  File "C:\Screener\screener.py", line 1689, in analisis_saham
    base_sl = round(price - (risk_factor * atr_v))
              ^^^^^^^^^^^^^^^^^^^^^^^^^^^^^^^^^^^^
ValueError: cannot convert float NaN to integer
2026-05-22 10:58:06 [INFO] screener: [AI] STRK.JK — Win Rate: 12.7%  Verdict: WEAK
2026-05-22 10:58:07 [INFO] screener: [AI] AREA.JK — Win Rate: 8.8%  Verdict: WEAK
2026-05-22 10:58:07 [INFO] screener: [AI] WIDI.JK — Win Rate: 7.6%  Verdict: WEAK
2026-05-22 10:58:07 [INFO] screener: [AI] GTRA.JK — Win Rate: 8.6%  Verdict: WEAK
2026-05-22 10:58:08 [INFO] screener: [AI] AWAN.JK — Win Rate: 5.8%  Verdict: WEAK
2026-05-22 15:04:05 [INFO] screener: Memindai Arus Uang (Rotasi Sektor)...
2026-05-22 15:04:18 [INFO] screener: Rotasi sektor selesai (11 sektor dipindai)
2026-05-22 15:04:18 [INFO] screener: Mengunduh Cuaca Makro Global & Komoditas...
2026-05-22 15:04:19 [INFO] screener: Macro update — IHSG=-0.42% | USD=+0.33% | Trend=DOWN | Penalty=0.0
2026-05-22 15:04:24 [INFO] screener: [ENSEMBLE] Loaded v5.0 (threshold=0.731)
2026-05-22 15:04:24 [INFO] screener: [ENSEMBLE] Loaded v5.0 (threshold=0.731)
2026-05-22 15:04:24 [INFO] screener: [ENSEMBLE] Loaded v5.0 (threshold=0.731)
2026-05-22 15:04:24 [INFO] screener: [ENSEMBLE] Loaded v5.0 (threshold=0.731)
2026-05-22 15:04:24 [INFO] screener: [ENSEMBLE] Loaded v5.0 (threshold=0.731)
2026-05-22 15:04:24 [INFO] screener: [ENSEMBLE] Loaded v5.0 (threshold=0.731)
2026-05-22 15:04:24 [INFO] screener: [ENSEMBLE] Loaded v5.0 (threshold=0.731)
2026-05-22 15:04:24 [INFO] screener: [ENSEMBLE] Loaded v5.0 (threshold=0.731)
2026-05-22 15:04:24 [INFO] screener: [ENSEMBLE] Loaded v5.0 (threshold=0.731)
2026-05-22 15:04:24 [INFO] screener: [ENSEMBLE] Loaded v5.0 (threshold=0.731)
2026-05-22 15:04:24 [INFO] screener: [ENSEMBLE] Loaded v5.0 (threshold=0.731)
2026-05-22 15:04:24 [INFO] screener: [ENSEMBLE] Loaded v5.0 (threshold=0.731)
2026-05-22 15:04:27 [INFO] screener: [AI] BBRI.JK — Win Rate: 30.6%  Verdict: WEAK
2026-05-22 15:04:27 [INFO] screener: [AI] BVIC.JK — Win Rate: 36.4%  Verdict: WEAK
2026-05-22 15:04:27 [INFO] screener: [AI] NISP.JK — Win Rate: 9.0%  Verdict: WEAK
2026-05-22 15:04:27 [INFO] screener: [AI] BBCA.JK — Win Rate: 46.3%  Verdict: WEAK
2026-05-22 15:04:27 [INFO] screener: [AI] ARTO.JK — Win Rate: 28.4%  Verdict: WEAK
2026-05-22 15:04:27 [INFO] screener: [AI] BTPS.JK — Win Rate: 33.0%  Verdict: WEAK
2026-05-22 15:04:27 [INFO] screener: [AI] BBNI.JK — Win Rate: 50.1%  Verdict: BUY
2026-05-22 15:04:28 [INFO] screener: [AI] BBYB.JK — Win Rate: 6.5%  Verdict: WEAK
2026-05-22 15:04:28 [INFO] screener: [AI] BBTN.JK — Win Rate: 38.0%  Verdict: WEAK
2026-05-22 15:04:28 [INFO] screener: [AI] BMRI.JK — Win Rate: 60.2%  Verdict: ULTRA BUY
2026-05-22 15:04:29 [INFO] screener: [AI] BRIS.JK — Win Rate: 69.0%  Verdict: ULTRA BUY
2026-05-22 15:04:29 [INFO] screener: [AI] BNGA.JK — Win Rate: 42.6%  Verdict: WEAK
2026-05-22 15:04:29 [INFO] screener: [AI] BDMN.JK — Win Rate: 21.4%  Verdict: WEAK
2026-05-22 15:04:29 [INFO] screener: [AI] CFIN.JK — Win Rate: 55.9%  Verdict: BUY
2026-05-22 15:04:32 [WARNING] screener: [FUNDAMENTAL] MLPL.JK: PE tidak tersedia — pakai default 15
2026-05-22 15:04:34 [INFO] screener: [AI] MLPL.JK — Win Rate: 7.0%  Verdict: WEAK
2026-05-22 15:04:34 [INFO] screener: [AI] BHIT.JK — Win Rate: 5.9%  Verdict: WEAK
2026-05-22 15:04:35 [INFO] screener: [AI] PNBN.JK — Win Rate: 5.5%  Verdict: WEAK
2026-05-22 15:04:35 [INFO] screener: [AI] ASII.JK — Win Rate: 10.8%  Verdict: WEAK
2026-05-22 15:04:35 [INFO] screener: [AI] BJBR.JK — Win Rate: 63.6%  Verdict: ULTRA BUY
2026-05-22 15:04:36 [INFO] screener: [AI] BMTR.JK — Win Rate: 22.0%  Verdict: WEAK
2026-05-22 15:04:36 [INFO] screener: [AI] SRTG.JK — Win Rate: 26.4%  Verdict: WEAK
2026-05-22 15:04:36 [INFO] screener: [AI] BSIM.JK — Win Rate: 59.4%  Verdict: BUY
2026-05-22 15:04:36 [INFO] screener: [AI] UNTR.JK — Win Rate: 79.2%  Verdict: ULTRA BUY
2026-05-22 15:04:36 [WARNING] screener: [FUNDAMENTAL] MPPA.JK: PE tidak tersedia — pakai default 15
2026-05-22 15:04:37 [INFO] screener: [AI] SMMA.JK — Win Rate: 35.0%  Verdict: WEAK
2026-05-22 15:04:38 [INFO] screener: [AI] LPKR.JK — Win Rate: 12.5%  Verdict: WEAK
2026-05-22 15:04:38 [INFO] screener: [AI] BJTM.JK — Win Rate: 43.2%  Verdict: WEAK
2026-05-22 15:04:39 [WARNING] screener: [FUNDAMENTAL] EXCL.JK: PE tidak tersedia — pakai default 15
2026-05-22 15:04:39 [WARNING] screener: [FUNDAMENTAL] GOTO.JK: PE tidak tersedia — pakai default 15
2026-05-22 15:04:39 [WARNING] screener: [FUNDAMENTAL] BELI.JK: PE tidak tersedia — pakai default 15
2026-05-22 15:04:40 [INFO] screener: [AI] VIVA.JK — Win Rate: 11.4%  Verdict: WEAK
2026-05-22 15:04:40 [INFO] screener: [AI] BNLI.JK — Win Rate: 47.3%  Verdict: WEAK
2026-05-22 15:04:40 [INFO] screener: [AI] MPPA.JK — Win Rate: 3.3%  Verdict: WEAK
2026-05-22 15:04:41 [INFO] screener: [AI] SCMA.JK — Win Rate: 9.5%  Verdict: WEAK
2026-05-22 15:04:41 [WARNING] screener: [FUNDAMENTAL] KREN.JK: PE tidak tersedia — pakai default 15
2026-05-22 15:04:42 [INFO] screener: [AI] TLKM.JK — Win Rate: 22.9%  Verdict: WEAK
2026-05-22 15:04:42 [INFO] screener: [AI] BUKA.JK — Win Rate: 25.5%  Verdict: WEAK
2026-05-22 15:04:42 [WARNING] screener: [FUNDAMENTAL] AXIO.JK: PE tidak tersedia — pakai default 15
2026-05-22 15:04:42 [INFO] screener: [AI] ISAT.JK — Win Rate: 37.8%  Verdict: WEAK
2026-05-22 15:04:42 [INFO] screener: [AI] EXCL.JK — Win Rate: 30.4%  Verdict: WEAK
2026-05-22 15:04:42 [INFO] screener: [AI] WIFI.JK — Win Rate: 38.6%  Verdict: WEAK
2026-05-22 15:04:42 [INFO] screener: [AI] BELI.JK — Win Rate: 43.3%  Verdict: WEAK
2026-05-22 15:04:42 [INFO] screener: [AI] GOTO.JK — Win Rate: 8.2%  Verdict: WEAK
2026-05-22 15:04:42 [INFO] screener: [AI] MLPT.JK — Win Rate: 6.9%  Verdict: WEAK
2026-05-22 15:04:42 [INFO] screener: [AI] EMTK.JK — Win Rate: 70.2%  Verdict: ULTRA BUY
2026-05-22 15:04:43 [INFO] screener: [AI] MTDL.JK — Win Rate: 7.2%  Verdict: WEAK
2026-05-22 15:04:43 [INFO] screener: [AI] KREN.JK — Win Rate: 25.8%  Verdict: WEAK
2026-05-22 15:04:44 [INFO] screener: [AI] GLVA.JK — Win Rate: 75.2%  Verdict: ULTRA BUY
2026-05-22 15:04:44 [INFO] screener: [AI] DMMX.JK — Win Rate: 5.7%  Verdict: WEAK
2026-05-22 15:04:44 [INFO] screener: [AI] AXIO.JK — Win Rate: 8.8%  Verdict: WEAK
2026-05-22 15:04:46 [INFO] screener: [AI] PTBA.JK — Win Rate: 19.4%  Verdict: WEAK
2026-05-22 15:04:48 [WARNING] screener: [FUNDAMENTAL] INDY.JK: PE tidak tersedia — pakai default 15
2026-05-22 15:04:50 [INFO] screener: [AI] TINS.JK — Win Rate: 9.2%  Verdict: WEAK
2026-05-22 15:04:51 [INFO] screener: [AI] DEWA.JK — Win Rate: 8.8%  Verdict: WEAK
2026-05-22 15:04:51 [INFO] screener: [AI] AKRA.JK — Win Rate: 35.6%  Verdict: WEAK
2026-05-22 15:04:52 [INFO] screener: [AI] ANTM.JK — Win Rate: 78.3%  Verdict: ULTRA BUY
2026-05-22 15:04:53 [WARNING] screener: [FUNDAMENTAL] DOID.JK: PE tidak tersedia — pakai default 15
2026-05-22 15:04:53 [WARNING] screener: [FUNDAMENTAL] TOBA.JK: PE tidak tersedia — pakai default 15
2026-05-22 15:04:53 [WARNING] screener: [FUNDAMENTAL] ADHI.JK: PE tidak tersedia — pakai default 15
2026-05-22 15:04:53 [WARNING] screener: [FUNDAMENTAL] PTPP.JK: PE tidak tersedia — pakai default 15
2026-05-22 15:04:54 [WARNING] screener: [FUNDAMENTAL] PPRE.JK: PE tidak tersedia — pakai default 15
2026-05-22 15:04:54 [WARNING] screener: [FUNDAMENTAL] WEGE.JK: PE tidak tersedia — pakai default 15
2026-05-22 15:04:54 [WARNING] screener: [FUNDAMENTAL] ACST.JK: PE tidak tersedia — pakai default 15
2026-05-22 15:04:55 [INFO] screener: [AI] NCKL.JK — Win Rate: 16.0%  Verdict: WEAK
2026-05-22 15:04:55 [INFO] screener: [AI] ADHI.JK — Win Rate: 8.2%  Verdict: WEAK
2026-05-22 15:04:56 [INFO] screener: [AI] RMKE.JK — Win Rate: 9.0%  Verdict: WEAK
2026-05-22 15:04:56 [INFO] screener: [AI] JSMR.JK — Win Rate: 57.6%  Verdict: BUY
2026-05-22 15:04:56 [INFO] screener: [AI] PTPP.JK — Win Rate: 18.1%  Verdict: WEAK
2026-05-22 15:04:57 [INFO] screener: [AI] WEGE.JK — Win Rate: 14.5%  Verdict: WEAK
2026-05-22 15:04:57 [INFO] screener: [AI] PPRE.JK — Win Rate: 6.8%  Verdict: WEAK
2026-05-22 15:04:57 [WARNING] screener: [FUNDAMENTAL] LEAD.JK: PE tidak tersedia — pakai default 15
2026-05-22 15:04:57 [INFO] screener: [AI] ACST.JK — Win Rate: 6.9%  Verdict: WEAK
2026-05-22 15:04:58 [INFO] screener: [AI] TOTL.JK — Win Rate: 62.7%  Verdict: ULTRA BUY
2026-05-22 15:04:59 [INFO] screener: [AI] JKON.JK — Win Rate: 9.5%  Verdict: WEAK
2026-05-22 15:05:00 [INFO] screener: [AI] BIRD.JK — Win Rate: 34.2%  Verdict: WEAK
2026-05-22 15:05:00 [INFO] screener: [AI] INDF.JK — Win Rate: 70.8%  Verdict: ULTRA BUY
2026-05-22 15:05:01 [INFO] screener: [AI] CMNP.JK — Win Rate: 25.9%  Verdict: WEAK
2026-05-22 15:05:01 [INFO] screener: [AI] ICBP.JK — Win Rate: 15.0%  Verdict: WEAK
2026-05-22 15:05:02 [INFO] screener: [AI] GOOD.JK — Win Rate: 74.6%  Verdict: ULTRA BUY
2026-05-22 15:05:02 [INFO] screener: [AI] UNVR.JK — Win Rate: 5.5%  Verdict: WEAK
2026-05-22 15:05:02 [INFO] screener: [AI] MYOR.JK — Win Rate: 10.9%  Verdict: WEAK
2026-05-22 15:05:03 [INFO] screener: [AI] CAMP.JK — Win Rate: 13.6%  Verdict: WEAK
2026-05-22 15:05:04 [INFO] screener: [AI] ROTI.JK — Win Rate: 16.1%  Verdict: WEAK
2026-05-22 15:05:04 [WARNING] screener: [FUNDAMENTAL] KAEF.JK: PE tidak tersedia — pakai default 15
2026-05-22 15:05:04 [INFO] screener: [AI] CLEO.JK — Win Rate: 54.7%  Verdict: BUY
2026-05-22 15:05:04 [INFO] screener: [AI] ADES.JK — Win Rate: 40.3%  Verdict: WEAK
2026-05-22 15:05:05 [INFO] screener: [AI] STTP.JK — Win Rate: 56.9%  Verdict: BUY
2026-05-22 15:05:07 [INFO] screener: [AI] PEHA.JK — Win Rate: 9.3%  Verdict: WEAK
2026-05-22 15:05:07 [INFO] screener: [AI] KAEF.JK — Win Rate: 8.8%  Verdict: WEAK
2026-05-22 15:05:07 [INFO] screener: [AI] SIDO.JK — Win Rate: 42.6%  Verdict: WEAK
2026-05-22 15:05:09 [WARNING] screener: [FUNDAMENTAL] MPPA.JK: PE tidak tersedia — pakai default 15
2026-05-22 15:05:09 [WARNING] screener: [FUNDAMENTAL] HOKI.JK: PE tidak tersedia — pakai default 15
2026-05-22 15:05:09 [INFO] screener: [AI] MPPA.JK — Win Rate: 3.3%  Verdict: WEAK
2026-05-22 15:05:11 [INFO] screener: [AI] MAPA.JK — Win Rate: 23.3%  Verdict: WEAK
2026-05-22 15:05:11 [INFO] screener: [AI] ACES.JK — Win Rate: 27.4%  Verdict: WEAK
2026-05-22 15:05:11 [INFO] screener: [AI] HOKI.JK — Win Rate: 6.5%  Verdict: WEAK
2026-05-22 15:05:12 [INFO] screener: [AI] BSDE.JK — Win Rate: 19.6%  Verdict: WEAK
2026-05-22 15:05:12 [INFO] screener: [AI] ERAA.JK — Win Rate: 7.8%  Verdict: WEAK
2026-05-22 15:05:12 [INFO] screener: [AI] ENZO.JK — Win Rate: 9.3%  Verdict: WEAK
2026-05-22 15:05:12 [INFO] screener: [AI] AMRT.JK — Win Rate: 9.0%  Verdict: WEAK
2026-05-22 15:05:12 [INFO] screener: [AI] CPIN.JK — Win Rate: 10.9%  Verdict: WEAK
2026-05-22 15:05:12 [INFO] screener: [AI] LPPF.JK — Win Rate: 10.4%  Verdict: WEAK
2026-05-22 15:05:12 [INFO] screener: [AI] MAPI.JK — Win Rate: 20.3%  Verdict: WEAK
2026-05-22 15:05:12 [INFO] screener: [AI] RALS.JK — Win Rate: 75.1%  Verdict: ULTRA BUY
2026-05-22 15:05:13 [INFO] screener: [AI] MIDI.JK — Win Rate: 13.3%  Verdict: WEAK
2026-05-22 15:05:13 [INFO] screener: [AI] JPFA.JK — Win Rate: 23.1%  Verdict: WEAK
2026-05-22 15:05:14 [INFO] screener: [AI] CTRA.JK — Win Rate: 46.5%  Verdict: WEAK
2026-05-22 15:05:15 [WARNING] screener: [FUNDAMENTAL] PPRO.JK: PE tidak tersedia — pakai default 15
2026-05-22 15:05:16 [INFO] screener: [AI] PWON.JK — Win Rate: 9.3%  Verdict: WEAK
2026-05-22 15:05:16 [INFO] screener: [AI] ASRI.JK — Win Rate: 49.9%  Verdict: WEAK
2026-05-22 15:05:16 [INFO] screener: [AI] SMRA.JK — Win Rate: 4.2%  Verdict: WEAK
2026-05-22 15:05:17 [INFO] screener: [AI] DUTI.JK — Win Rate: 21.8%  Verdict: WEAK
2026-05-22 15:05:18 [INFO] screener: [AI] GWSA.JK — Win Rate: 16.6%  Verdict: WEAK
2026-05-22 15:05:18 [INFO] screener: [AI] DILD.JK — Win Rate: 10.2%  Verdict: WEAK
2026-05-22 15:05:18 [INFO] screener: [AI] LPCK.JK — Win Rate: 29.8%  Verdict: WEAK
2026-05-22 15:05:18 [INFO] screener: [AI] DMAS.JK — Win Rate: 16.8%  Verdict: WEAK
2026-05-22 15:05:18 [INFO] screener: [AI] PPRO.JK — Win Rate: 5.6%  Verdict: WEAK
2026-05-22 15:05:18 [INFO] screener: [AI] MKPI.JK — Win Rate: 15.0%  Verdict: WEAK
2026-05-22 15:05:18 [INFO] screener: [AI] KIJA.JK — Win Rate: 5.6%  Verdict: WEAK
2026-05-22 15:05:18 [INFO] screener: [AI] BKSL.JK — Win Rate: 5.6%  Verdict: WEAK
2026-05-22 15:05:18 [INFO] screener: [AI] SSIA.JK — Win Rate: 70.5%  Verdict: ULTRA BUY
2026-05-22 15:05:19 [INFO] screener: [AI] KLBF.JK — Win Rate: 34.6%  Verdict: WEAK
2026-05-22 15:05:20 [INFO] screener: [AI] SILO.JK — Win Rate: 28.4%  Verdict: WEAK
2026-05-22 15:05:22 [INFO] screener: [AI] MIKA.JK — Win Rate: 73.1%  Verdict: ULTRA BUY
2026-05-22 15:05:22 [WARNING] screener: [FUNDAMENTAL] BAJA.JK: PE tidak tersedia — pakai default 15
2026-05-22 15:05:23 [INFO] screener: [AI] PRDA.JK — Win Rate: 32.5%  Verdict: WEAK
2026-05-22 15:05:23 [INFO] screener: [AI] HEAL.JK — Win Rate: 55.2%  Verdict: BUY
2026-05-22 15:05:24 [INFO] screener: [AI] IRRA.JK — Win Rate: 8.0%  Verdict: WEAK
2026-05-22 15:05:24 [INFO] screener: [AI] BMHS.JK — Win Rate: 6.6%  Verdict: WEAK
2026-05-22 15:05:24 [INFO] screener: [AI] DGNS.JK — Win Rate: 4.6%  Verdict: WEAK
2026-05-22 15:05:24 [INFO] screener: [AI] SAME.JK — Win Rate: 9.2%  Verdict: WEAK
2026-05-22 15:05:24 [INFO] screener: [AI] INTP.JK — Win Rate: 44.5%  Verdict: WEAK
2026-05-22 15:05:25 [INFO] screener: [AI] SMBR.JK — Win Rate: 25.6%  Verdict: WEAK
2026-05-22 15:05:25 [INFO] screener: [AI] SMGR.JK — Win Rate: 24.2%  Verdict: WEAK
2026-05-22 15:05:25 [INFO] screener: [AI] TSPC.JK — Win Rate: 60.1%  Verdict: ULTRA BUY
2026-05-22 15:05:26 [INFO] screener: [AI] ISSP.JK — Win Rate: 51.7%  Verdict: BUY
2026-05-22 15:05:27 [INFO] screener: [AI] BAJA.JK — Win Rate: 16.8%  Verdict: WEAK
2026-05-22 15:05:29 [INFO] screener: [AI] ALKA.JK — Win Rate: 12.3%  Verdict: WEAK
2026-05-22 15:05:29 [INFO] screener: [AI] BRNA.JK — Win Rate: 5.8%  Verdict: WEAK
2026-05-22 15:05:29 [INFO] screener: [AI] ASSA.JK — Win Rate: 66.1%  Verdict: ULTRA BUY
2026-05-22 15:05:29 [INFO] screener: [AI] TOTO.JK — Win Rate: 61.5%  Verdict: ULTRA BUY
2026-05-22 15:05:31 [INFO] screener: [AI] BIRD.JK — Win Rate: 34.2%  Verdict: WEAK
2026-05-22 15:05:31 [WARNING] screener: [FUNDAMENTAL] GIAA.JK: PE tidak tersedia — pakai default 15
2026-05-22 15:05:31 [WARNING] screener: [FUNDAMENTAL] GIAA.JK: Book Value tidak tersedia — pakai default 1.5
2026-05-22 15:05:33 [INFO] screener: [AI] HAIS.JK — Win Rate: 12.4%  Verdict: WEAK
2026-05-22 15:05:33 [INFO] screener: [AI] PANI.JK — Win Rate: 68.3%  Verdict: ULTRA BUY
2026-05-22 15:05:35 [INFO] screener: [AI] BWPT.JK — Win Rate: 7.1%  Verdict: WEAK
2026-05-22 15:05:35 [INFO] screener: [AI] BPTR.JK — Win Rate: 5.3%  Verdict: WEAK
2026-05-22 15:05:35 [INFO] screener: [AI] TMAS.JK — Win Rate: 4.7%  Verdict: WEAK
2026-05-22 15:05:35 [INFO] screener: [AI] SIMP.JK — Win Rate: 28.3%  Verdict: WEAK
2026-05-22 15:05:35 [INFO] screener: [AI] AALI.JK — Win Rate: 72.9%  Verdict: ULTRA BUY
2026-05-22 15:05:36 [WARNING] screener: [FUNDAMENTAL] PMUI.JK: PE tidak tersedia — pakai default 15
2026-05-22 15:05:36 [INFO] screener: [AI] LSIP.JK — Win Rate: 60.4%  Verdict: ULTRA BUY
2026-05-22 15:05:37 [INFO] screener: [AI] TBLA.JK — Win Rate: 14.6%  Verdict: WEAK
2026-05-22 15:05:38 [INFO] screener: [AI] TAPG.JK — Win Rate: 24.0%  Verdict: WEAK
2026-05-22 15:05:38 [INFO] screener: [AI] NELY.JK — Win Rate: 5.5%  Verdict: WEAK
2026-05-22 15:05:38 [INFO] screener: [AI] DSNG.JK — Win Rate: 59.4%  Verdict: BUY
2026-05-22 15:05:38 [INFO] screener: [AI] SSMS.JK — Win Rate: 16.2%  Verdict: WEAK
2026-05-22 15:05:39 [WARNING] screener: [FUNDAMENTAL] AWAN.JK: PE tidak tersedia — pakai default 15
2026-05-22 15:05:39 [WARNING] screener: [FUNDAMENTAL] STRK.JK: PE tidak tersedia — pakai default 15
2026-05-22 15:05:40 [WARNING] screener: [FUNDAMENTAL] WIDI.JK: PE tidak tersedia — pakai default 15
2026-05-22 15:05:40 [WARNING] screener: [FUNDAMENTAL] AREA.JK: PE tidak tersedia — pakai default 15
2026-05-22 15:05:40 [WARNING] screener: [FUNDAMENTAL] GTRA.JK: PE tidak tersedia — pakai default 15
2026-05-22 15:05:40 [INFO] screener: [AI] ALII.JK — Win Rate: 5.4%  Verdict: WEAK
2026-05-22 15:05:40 [INFO] screener: [AI] PMUI.JK — Win Rate: 5.8%  Verdict: WEAK
2026-05-22 15:05:41 [INFO] screener: [AI] AWAN.JK — Win Rate: 6.5%  Verdict: WEAK
2026-05-22 15:05:41 [INFO] screener: [AI] STRK.JK — Win Rate: 4.3%  Verdict: WEAK
2026-05-22 15:05:41 [INFO] screener: [AI] WIDI.JK — Win Rate: 5.8%  Verdict: WEAK
2026-05-22 15:05:41 [INFO] screener: [AI] AREA.JK — Win Rate: 5.7%  Verdict: WEAK
2026-05-22 15:05:42 [INFO] screener: [AI] GTRA.JK — Win Rate: 12.8%  Verdict: WEAK
