2026-06-03 08:19:22 [INFO] screener: Memindai Arus Uang (Rotasi Sektor)...
2026-06-03 08:20:05 [INFO] screener: Rotasi sektor selesai (11 sektor dipindai)
2026-06-03 08:20:05 [INFO] screener: Mengunduh Cuaca Makro Global & Komoditas...
2026-06-03 08:20:06 [INFO] screener: Macro update — IHSG=+1.11% | USD=-0.03% | Trend=DOWN | Penalty=0.5
2026-06-03 08:20:13 [INFO] screener: [ENSEMBLE] Loaded v5.0 (threshold=0.671)
2026-06-03 08:20:13 [INFO] screener: [ENSEMBLE] Loaded v5.0 (threshold=0.671)
2026-06-03 08:20:13 [INFO] screener: [ENSEMBLE] Loaded v5.0 (threshold=0.671)
2026-06-03 08:20:13 [INFO] screener: [ENSEMBLE] Loaded v5.0 (threshold=0.671)
2026-06-03 08:20:13 [INFO] screener: [ENSEMBLE] Loaded v5.0 (threshold=0.671)
2026-06-03 08:20:13 [INFO] screener: [ENSEMBLE] Loaded v5.0 (threshold=0.671)
2026-06-03 08:20:13 [INFO] screener: [ENSEMBLE] Loaded v5.0 (threshold=0.671)
2026-06-03 08:20:13 [INFO] screener: [ENSEMBLE] Loaded v5.0 (threshold=0.671)
2026-06-03 08:20:13 [INFO] screener: [ENSEMBLE] Loaded v5.0 (threshold=0.671)
2026-06-03 08:20:13 [INFO] screener: [ENSEMBLE] Loaded v5.0 (threshold=0.671)
2026-06-03 08:20:13 [INFO] screener: [ENSEMBLE] Loaded v5.0 (threshold=0.671)
2026-06-03 08:20:13 [INFO] screener: [ENSEMBLE] Loaded v5.0 (threshold=0.671)
2026-06-03 08:20:13 [INFO] screener: [ENSEMBLE] Loaded v5.0 (threshold=0.671)
2026-06-03 08:20:13 [INFO] screener: [ENSEMBLE] Loaded v5.0 (threshold=0.671)
2026-06-03 08:20:16 [INFO] screener: [AI] BBNI.JK — Win Rate: 23.0%  Verdict: WEAK
2026-06-03 08:20:16 [INFO] screener: [AI] ARTO.JK — Win Rate: 8.9%  Verdict: WEAK
2026-06-03 08:20:16 [INFO] screener: [AI] BMRI.JK — Win Rate: 8.9%  Verdict: WEAK
2026-06-03 08:20:16 [INFO] screener: [AI] BBCA.JK — Win Rate: 43.4%  Verdict: WEAK
2026-06-03 08:20:16 [INFO] screener: [AI] CFIN.JK — Win Rate: 9.5%  Verdict: WEAK
2026-06-03 08:20:16 [INFO] screener: [AI] BBTN.JK — Win Rate: 23.2%  Verdict: WEAK
2026-06-03 08:20:16 [INFO] screener: [AI] BBRI.JK — Win Rate: 42.3%  Verdict: WEAK
2026-06-03 08:20:16 [INFO] screener: [AI] BBYB.JK — Win Rate: 39.9%  Verdict: WEAK
2026-06-03 08:20:16 [INFO] screener: [AI] BRIS.JK — Win Rate: 4.9%  Verdict: WEAK
2026-06-03 08:20:16 [INFO] screener: [AI] BVIC.JK — Win Rate: 18.4%  Verdict: WEAK
2026-06-03 08:20:16 [INFO] screener: [AI] BTPS.JK — Win Rate: 7.5%  Verdict: WEAK
2026-06-03 08:20:16 [INFO] screener: [AI] NISP.JK — Win Rate: 17.8%  Verdict: WEAK
2026-06-03 08:20:16 [INFO] screener: [AI] BNGA.JK — Win Rate: 40.3%  Verdict: WEAK
2026-06-03 08:20:16 [INFO] screener: [AI] BDMN.JK — Win Rate: 19.1%  Verdict: WEAK
2026-06-03 08:20:18 [WARNING] screener: [FUNDAMENTAL] MLPL.JK: PE tidak tersedia — pakai default 15
2026-06-03 08:20:19 [INFO] screener: [AI] BJBR.JK — Win Rate: 12.2%  Verdict: WEAK
2026-06-03 08:20:20 [INFO] screener: [AI] BSIM.JK — Win Rate: 15.9%  Verdict: WEAK
2026-06-03 08:20:21 [INFO] screener: [AI] BMTR.JK — Win Rate: 36.4%  Verdict: WEAK
2026-06-03 08:20:21 [WARNING] screener: [FUNDAMENTAL] MPPA.JK: PE tidak tersedia — pakai default 15
2026-06-03 08:20:21 [INFO] screener: [AI] PNBN.JK — Win Rate: 30.7%  Verdict: WEAK
2026-06-03 08:20:22 [INFO] screener: [AI] BJTM.JK — Win Rate: 7.6%  Verdict: WEAK
2026-06-03 08:20:22 [INFO] screener: [AI] SRTG.JK — Win Rate: 26.0%  Verdict: WEAK
2026-06-03 08:20:22 [INFO] screener: [AI] BHIT.JK — Win Rate: 18.1%  Verdict: WEAK
2026-06-03 08:20:22 [INFO] screener: [AI] SMMA.JK — Win Rate: 13.4%  Verdict: WEAK
2026-06-03 08:20:22 [INFO] screener: [AI] MLPL.JK — Win Rate: 33.5%  Verdict: WEAK
2026-06-03 08:20:22 [INFO] screener: [AI] LPKR.JK — Win Rate: 17.6%  Verdict: WEAK
2026-06-03 08:20:22 [INFO] screener: [AI] ASII.JK — Win Rate: 74.1%  Verdict: ULTRA BUY
2026-06-03 08:20:23 [INFO] screener: [AI] UNTR.JK — Win Rate: 76.2%  Verdict: ULTRA BUY
2026-06-03 08:20:25 [WARNING] screener: [FUNDAMENTAL] BELI.JK: PE tidak tersedia — pakai default 15
2026-06-03 08:20:25 [WARNING] screener: [FUNDAMENTAL] GOTO.JK: PE tidak tersedia — pakai default 15
2026-06-03 08:20:25 [WARNING] screener: [FUNDAMENTAL] EXCL.JK: PE tidak tersedia — pakai default 15
2026-06-03 08:20:25 [INFO] screener: [AI] MPPA.JK — Win Rate: 8.9%  Verdict: WEAK
2026-06-03 08:20:26 [INFO] screener: [AI] BNLI.JK — Win Rate: 29.7%  Verdict: WEAK
2026-06-03 08:20:27 [INFO] screener: [AI] SCMA.JK — Win Rate: 31.4%  Verdict: WEAK
2026-06-03 08:20:27 [INFO] screener: [AI] VIVA.JK — Win Rate: 30.5%  Verdict: WEAK
2026-06-03 08:20:28 [WARNING] screener: [FUNDAMENTAL] KREN.JK: PE tidak tersedia — pakai default 15
2026-06-03 08:20:28 [INFO] screener: [AI] ISAT.JK — Win Rate: 24.7%  Verdict: WEAK
2026-06-03 08:20:28 [WARNING] screener: [FUNDAMENTAL] AXIO.JK: PE tidak tersedia — pakai default 15
2026-06-03 08:20:28 [INFO] screener: [AI] TLKM.JK — Win Rate: 41.4%  Verdict: WEAK
2026-06-03 08:20:28 [INFO] screener: [AI] GOTO.JK — Win Rate: 15.2%  Verdict: WEAK
2026-06-03 08:20:28 [INFO] screener: [AI] EXCL.JK — Win Rate: 26.8%  Verdict: WEAK
2026-06-03 08:20:28 [INFO] screener: [AI] WIFI.JK — Win Rate: 21.2%  Verdict: WEAK
2026-06-03 08:20:29 [INFO] screener: [AI] EMTK.JK — Win Rate: 53.8%  Verdict: BUY
2026-06-03 08:20:29 [INFO] screener: [AI] MLPT.JK — Win Rate: 10.0%  Verdict: WEAK
2026-06-03 08:20:29 [INFO] screener: [AI] BUKA.JK — Win Rate: 30.7%  Verdict: WEAK
2026-06-03 08:20:30 [INFO] screener: [AI] BELI.JK — Win Rate: 30.7%  Verdict: WEAK
2026-06-03 08:20:30 [INFO] screener: [AI] DMMX.JK — Win Rate: 14.7%  Verdict: WEAK
2026-06-03 08:20:30 [INFO] screener: [AI] MTDL.JK — Win Rate: 38.0%  Verdict: WEAK
2026-06-03 08:20:31 [INFO] screener: [AI] KREN.JK — Win Rate: 28.4%  Verdict: WEAK
2026-06-03 08:20:31 [INFO] screener: [AI] GLVA.JK — Win Rate: 56.5%  Verdict: BUY
2026-06-03 08:20:32 [INFO] screener: [AI] AXIO.JK — Win Rate: 9.3%  Verdict: WEAK
2026-06-03 08:20:33 [INFO] screener: [AI] PTBA.JK — Win Rate: 26.1%  Verdict: WEAK
2026-06-03 08:20:36 [INFO] screener: [AI] TINS.JK — Win Rate: 19.2%  Verdict: WEAK
2026-06-03 08:20:36 [INFO] screener: [AI] ANTM.JK — Win Rate: 74.8%  Verdict: ULTRA BUY
2026-06-03 08:20:37 [INFO] screener: [AI] AKRA.JK — Win Rate: 50.8%  Verdict: BUY
2026-06-03 08:20:37 [WARNING] screener: [FUNDAMENTAL] TOBA.JK: PE tidak tersedia — pakai default 15
2026-06-03 08:20:37 [WARNING] screener: [FUNDAMENTAL] DOID.JK: PE tidak tersedia — pakai default 15
2026-06-03 08:20:39 [INFO] screener: [AI] DEWA.JK — Win Rate: 43.7%  Verdict: WEAK
2026-06-03 08:20:39 [WARNING] screener: [FUNDAMENTAL] PTPP.JK: PE tidak tersedia — pakai default 15
2026-06-03 08:20:39 [WARNING] screener: [FUNDAMENTAL] ADHI.JK: PE tidak tersedia — pakai default 15
2026-06-03 08:20:39 [WARNING] screener: [FUNDAMENTAL] PPRE.JK: PE tidak tersedia — pakai default 15
2026-06-03 08:20:39 [WARNING] screener: [FUNDAMENTAL] ACST.JK: PE tidak tersedia — pakai default 15
2026-06-03 08:20:39 [WARNING] screener: [FUNDAMENTAL] WEGE.JK: PE tidak tersedia — pakai default 15
2026-06-03 08:20:39 [INFO] screener: [AI] NCKL.JK — Win Rate: 8.0%  Verdict: WEAK
2026-06-03 08:20:40 [INFO] screener: [AI] RMKE.JK — Win Rate: 11.6%  Verdict: WEAK
2026-06-03 08:20:41 [WARNING] screener: [FUNDAMENTAL] LEAD.JK: PE tidak tersedia — pakai default 15
2026-06-03 08:20:41 [INFO] screener: [AI] PTPP.JK — Win Rate: 28.3%  Verdict: WEAK
2026-06-03 08:20:41 [INFO] screener: [AI] ADHI.JK — Win Rate: 25.3%  Verdict: WEAK
2026-06-03 08:20:42 [INFO] screener: [AI] ACST.JK — Win Rate: 33.3%  Verdict: WEAK
2026-06-03 08:20:42 [INFO] screener: [AI] WEGE.JK — Win Rate: 10.8%  Verdict: WEAK
2026-06-03 08:20:42 [INFO] screener: [AI] JSMR.JK — Win Rate: 18.6%  Verdict: WEAK
2026-06-03 08:20:42 [INFO] screener: [AI] JKON.JK — Win Rate: 40.0%  Verdict: WEAK
2026-06-03 08:20:42 [INFO] screener: [AI] PPRE.JK — Win Rate: 8.3%  Verdict: WEAK
2026-06-03 08:20:43 [INFO] screener: [AI] TOTL.JK — Win Rate: 77.6%  Verdict: ULTRA BUY
2026-06-03 08:20:44 [INFO] screener: [AI] CMNP.JK — Win Rate: 41.1%  Verdict: WEAK
2026-06-03 08:20:45 [INFO] screener: [AI] ICBP.JK — Win Rate: 46.1%  Verdict: WEAK
2026-06-03 08:20:45 [INFO] screener: [AI] BIRD.JK — Win Rate: 24.9%  Verdict: WEAK
2026-06-03 08:20:45 [WARNING] screener: [FUNDAMENTAL] KAEF.JK: PE tidak tersedia — pakai default 15
2026-06-03 08:20:45 [INFO] screener: [AI] UNVR.JK — Win Rate: 12.1%  Verdict: WEAK
2026-06-03 08:20:46 [INFO] screener: [AI] ROTI.JK — Win Rate: 20.3%  Verdict: WEAK
2026-06-03 08:20:46 [INFO] screener: [AI] INDF.JK — Win Rate: 49.6%  Verdict: WEAK
2026-06-03 08:20:46 [INFO] screener: [AI] CLEO.JK — Win Rate: 25.2%  Verdict: WEAK
2026-06-03 08:20:47 [INFO] screener: [AI] GOOD.JK — Win Rate: 12.9%  Verdict: WEAK
2026-06-03 08:20:47 [INFO] screener: [AI] STTP.JK — Win Rate: 16.3%  Verdict: WEAK
2026-06-03 08:20:47 [INFO] screener: [AI] MYOR.JK — Win Rate: 12.6%  Verdict: WEAK
2026-06-03 08:20:47 [INFO] screener: [AI] ADES.JK — Win Rate: 29.2%  Verdict: WEAK
2026-06-03 08:20:47 [INFO] screener: [AI] SIDO.JK — Win Rate: 38.7%  Verdict: WEAK
2026-06-03 08:20:48 [INFO] screener: [AI] KAEF.JK — Win Rate: 8.8%  Verdict: WEAK
2026-06-03 08:20:48 [INFO] screener: [AI] PEHA.JK — Win Rate: 24.6%  Verdict: WEAK
2026-06-03 08:20:48 [INFO] screener: [AI] CAMP.JK — Win Rate: 13.5%  Verdict: WEAK
2026-06-03 08:20:48 [WARNING] screener: [FUNDAMENTAL] MPPA.JK: PE tidak tersedia — pakai default 15
2026-06-03 08:20:49 [WARNING] screener: [FUNDAMENTAL] HOKI.JK: PE tidak tersedia — pakai default 15
2026-06-03 08:20:49 [INFO] screener: [AI] MPPA.JK — Win Rate: 8.9%  Verdict: WEAK
2026-06-03 08:20:50 [INFO] screener: [AI] MAPA.JK — Win Rate: 5.7%  Verdict: WEAK
2026-06-03 08:20:51 [INFO] screener: [AI] JPFA.JK — Win Rate: 68.0%  Verdict: ULTRA BUY
2026-06-03 08:20:52 [INFO] screener: [AI] CPIN.JK — Win Rate: 36.3%  Verdict: WEAK
2026-06-03 08:20:53 [INFO] screener: [AI] MIDI.JK — Win Rate: 14.6%  Verdict: WEAK
2026-06-03 08:20:53 [INFO] screener: [AI] RALS.JK — Win Rate: 7.9%  Verdict: WEAK
2026-06-03 08:20:53 [INFO] screener: [AI] HOKI.JK — Win Rate: 19.8%  Verdict: WEAK
2026-06-03 08:20:53 [INFO] screener: [AI] ACES.JK — Win Rate: 20.7%  Verdict: WEAK
2026-06-03 08:20:53 [INFO] screener: [AI] LPPF.JK — Win Rate: 24.6%  Verdict: WEAK
2026-06-03 08:20:53 [INFO] screener: [AI] ENZO.JK — Win Rate: 19.8%  Verdict: WEAK
2026-06-03 08:20:54 [INFO] screener: [AI] MAPI.JK — Win Rate: 12.9%  Verdict: WEAK
2026-06-03 08:20:54 [INFO] screener: [AI] BSDE.JK — Win Rate: 47.8%  Verdict: WEAK
2026-06-03 08:20:54 [INFO] screener: [AI] ERAA.JK — Win Rate: 15.1%  Verdict: WEAK
2026-06-03 08:20:54 [WARNING] screener: [FUNDAMENTAL] PPRO.JK: PE tidak tersedia — pakai default 15
2026-06-03 08:20:55 [INFO] screener: [AI] CTRA.JK — Win Rate: 22.0%  Verdict: WEAK
2026-06-03 08:20:56 [INFO] screener: [AI] SMRA.JK — Win Rate: 45.6%  Verdict: WEAK
2026-06-03 08:20:56 [INFO] screener: [AI] ASRI.JK — Win Rate: 40.8%  Verdict: WEAK
2026-06-03 08:20:56 [INFO] screener: [AI] PWON.JK — Win Rate: 41.6%  Verdict: WEAK
2026-06-03 08:20:56 [INFO] screener: [AI] DILD.JK — Win Rate: 15.7%  Verdict: WEAK
2026-06-03 08:20:57 [INFO] screener: [AI] MKPI.JK — Win Rate: 18.0%  Verdict: WEAK
2026-06-03 08:20:57 [INFO] screener: [AI] GWSA.JK — Win Rate: 39.3%  Verdict: WEAK
2026-06-03 08:20:57 [INFO] screener: [AI] DUTI.JK — Win Rate: 74.5%  Verdict: ULTRA BUY
2026-06-03 08:20:57 [INFO] screener: [AI] PPRO.JK — Win Rate: 7.1%  Verdict: WEAK
2026-06-03 08:20:58 [INFO] screener: [AI] SSIA.JK — Win Rate: 11.1%  Verdict: WEAK
2026-06-03 08:20:58 [INFO] screener: [AI] LPCK.JK — Win Rate: 56.6%  Verdict: BUY
2026-06-03 08:20:59 [INFO] screener: [AI] BKSL.JK — Win Rate: 15.4%  Verdict: WEAK
2026-06-03 08:20:59 [INFO] screener: [AI] DMAS.JK — Win Rate: 26.9%  Verdict: WEAK
2026-06-03 08:21:00 [INFO] screener: [AI] MIKA.JK — Win Rate: 49.7%  Verdict: WEAK
2026-06-03 08:21:01 [INFO] screener: [AI] SILO.JK — Win Rate: 15.9%  Verdict: WEAK
2026-06-03 08:21:01 [INFO] screener: [AI] KLBF.JK — Win Rate: 87.0%  Verdict: ULTRA BUY
2026-06-03 08:21:02 [INFO] screener: [AI] KIJA.JK — Win Rate: 22.8%  Verdict: WEAK
2026-06-03 08:21:02 [INFO] screener: [AI] HEAL.JK — Win Rate: 25.1%  Verdict: WEAK
2026-06-03 08:21:02 [INFO] screener: [AI] PRDA.JK — Win Rate: 34.7%  Verdict: WEAK
2026-06-03 08:21:02 [INFO] screener: [AI] IRRA.JK — Win Rate: 17.6%  Verdict: WEAK
2026-06-03 08:21:03 [INFO] screener: [AI] DGNS.JK — Win Rate: 13.7%  Verdict: WEAK
2026-06-03 08:21:03 [INFO] screener: [AI] SAME.JK — Win Rate: 10.8%  Verdict: WEAK
2026-06-03 08:21:03 [INFO] screener: [AI] TSPC.JK — Win Rate: 6.7%  Verdict: WEAK
2026-06-03 08:21:04 [INFO] screener: [AI] INTP.JK — Win Rate: 6.7%  Verdict: WEAK
2026-06-03 08:21:04 [INFO] screener: [AI] BMHS.JK — Win Rate: 6.9%  Verdict: WEAK
2026-06-03 08:21:04 [INFO] screener: [AI] BRNA.JK — Win Rate: 16.2%  Verdict: WEAK
2026-06-03 08:21:04 [INFO] screener: [AI] SMGR.JK — Win Rate: 78.5%  Verdict: ULTRA BUY
2026-06-03 08:21:05 [WARNING] screener: [FUNDAMENTAL] BAJA.JK: PE tidak tersedia — pakai default 15
2026-06-03 08:21:05 [INFO] screener: [AI] SMBR.JK — Win Rate: 29.9%  Verdict: WEAK
2026-06-03 08:21:06 [INFO] screener: [AI] ISSP.JK — Win Rate: 10.3%  Verdict: WEAK
2026-06-03 08:21:06 [INFO] screener: [AI] TOTO.JK — Win Rate: 14.0%  Verdict: WEAK
2026-06-03 08:21:06 [INFO] screener: [AI] BAJA.JK — Win Rate: 7.4%  Verdict: WEAK
2026-06-03 08:21:09 [INFO] screener: [AI] ASSA.JK — Win Rate: 65.1%  Verdict: ULTRA BUY
2026-06-03 08:21:10 [INFO] screener: [AI] BIRD.JK — Win Rate: 24.9%  Verdict: WEAK
2026-06-03 08:21:12 [WARNING] screener: [FUNDAMENTAL] GIAA.JK: PE tidak tersedia — pakai default 15
2026-06-03 08:21:12 [WARNING] screener: [FUNDAMENTAL] GIAA.JK: Book Value tidak tersedia — pakai default 1.5
2026-06-03 08:21:12 [INFO] screener: [AI] PANI.JK — Win Rate: 56.6%  Verdict: BUY
2026-06-03 08:21:13 [INFO] screener: [AI] TMAS.JK — Win Rate: 13.3%  Verdict: WEAK
2026-06-03 08:21:14 [INFO] screener: [AI] DSNG.JK — Win Rate: 85.0%  Verdict: ULTRA BUY
2026-06-03 08:21:14 [INFO] screener: [AI] TAPG.JK — Win Rate: 32.6%  Verdict: WEAK
2026-06-03 08:21:15 [INFO] screener: [AI] BWPT.JK — Win Rate: 21.6%  Verdict: WEAK
2026-06-03 08:21:15 [INFO] screener: [AI] NELY.JK — Win Rate: 15.0%  Verdict: WEAK
2026-06-03 08:21:15 [WARNING] screener: [FUNDAMENTAL] PMUI.JK: PE tidak tersedia — pakai default 15
2026-06-03 08:21:15 [INFO] screener: [AI] AALI.JK — Win Rate: 39.3%  Verdict: WEAK
2026-06-03 08:21:15 [INFO] screener: [AI] SIMP.JK — Win Rate: 59.2%  Verdict: BUY
2026-06-03 08:21:16 [INFO] screener: [AI] BPTR.JK — Win Rate: 11.0%  Verdict: WEAK
2026-06-03 08:21:17 [INFO] screener: [AI] TBLA.JK — Win Rate: 28.3%  Verdict: WEAK
2026-06-03 08:21:17 [INFO] screener: [AI] HAIS.JK — Win Rate: 16.6%  Verdict: WEAK
2026-06-03 08:21:17 [WARNING] screener: [FUNDAMENTAL] AREA.JK: PE tidak tersedia — pakai default 15
2026-06-03 08:21:17 [WARNING] screener: [FUNDAMENTAL] WIDI.JK: PE tidak tersedia — pakai default 15
2026-06-03 08:21:17 [WARNING] screener: [FUNDAMENTAL] AWAN.JK: PE tidak tersedia — pakai default 15
2026-06-03 08:21:17 [WARNING] screener: [FUNDAMENTAL] STRK.JK: PE tidak tersedia — pakai default 15
2026-06-03 08:21:18 [INFO] screener: [AI] ALII.JK — Win Rate: 6.0%  Verdict: WEAK
2026-06-03 08:21:18 [INFO] screener: [AI] LSIP.JK — Win Rate: 73.4%  Verdict: ULTRA BUY
2026-06-03 08:21:18 [WARNING] screener: [FUNDAMENTAL] GTRA.JK: PE tidak tersedia — pakai default 15
2026-06-03 08:21:19 [INFO] screener: [AI] AREA.JK — Win Rate: 15.3%  Verdict: WEAK
2026-06-03 08:21:19 [INFO] screener: [AI] AWAN.JK — Win Rate: 5.5%  Verdict: WEAK
2026-06-03 08:21:20 [INFO] screener: [AI] PMUI.JK — Win Rate: 7.8%  Verdict: WEAK
2026-06-03 08:21:20 [INFO] screener: [AI] SSMS.JK — Win Rate: 52.6%  Verdict: BUY
2026-06-03 08:21:20 [INFO] screener: [AI] GTRA.JK — Win Rate: 6.9%  Verdict: WEAK
2026-06-03 08:21:21 [INFO] screener: [AI] WIDI.JK — Win Rate: 11.9%  Verdict: WEAK
2026-06-03 08:21:21 [INFO] screener: [AI] STRK.JK — Win Rate: 11.1%  Verdict: WEAK
2026-06-03 08:21:22 [INFO] backtest: [backtest] Tested=44 Skipped=0 WinRate=2.3% Sharpe=-1.45
