2026-06-04 08:51:32 [INFO] screener: Memindai Arus Uang (Rotasi Sektor)...
2026-06-04 08:51:48 [INFO] screener: Rotasi sektor selesai (11 sektor dipindai)
2026-06-04 08:51:48 [INFO] screener: Mengunduh Cuaca Makro Global & Komoditas...
2026-06-04 08:51:48 [INFO] screener: Macro update — IHSG=-4.11% | USD=-0.03% | Trend=DOWN | Penalty=-1.0
2026-06-04 08:51:52 [INFO] screener: [ENSEMBLE] Loaded v5.0 (threshold=0.671)
2026-06-04 08:51:52 [INFO] screener: [ENSEMBLE] Loaded v5.0 (threshold=0.671)
2026-06-04 08:51:52 [INFO] screener: [ENSEMBLE] Loaded v5.0 (threshold=0.671)
2026-06-04 08:51:52 [INFO] screener: [ENSEMBLE] Loaded v5.0 (threshold=0.671)
2026-06-04 08:51:53 [INFO] screener: [ENSEMBLE] Loaded v5.0 (threshold=0.671)
2026-06-04 08:51:55 [INFO] screener: [AI] BBTN.JK — Win Rate: 10.9%  Verdict: WEAK
2026-06-04 08:51:55 [INFO] screener: [AI] BMRI.JK — Win Rate: 46.8%  Verdict: WEAK
2026-06-04 08:51:55 [INFO] screener: [AI] BBYB.JK — Win Rate: 6.9%  Verdict: WEAK
2026-06-04 08:51:55 [INFO] screener: [AI] BBCA.JK — Win Rate: 11.5%  Verdict: WEAK
2026-06-04 08:51:55 [INFO] screener: [AI] BTPS.JK — Win Rate: 6.6%  Verdict: WEAK
2026-06-04 08:51:55 [INFO] screener: [AI] BDMN.JK — Win Rate: 15.5%  Verdict: WEAK
2026-06-04 08:51:55 [INFO] screener: [AI] BBRI.JK — Win Rate: 19.9%  Verdict: WEAK
2026-06-04 08:51:55 [INFO] screener: [AI] BBNI.JK — Win Rate: 6.4%  Verdict: WEAK
2026-06-04 08:51:55 [INFO] screener: [AI] BNGA.JK — Win Rate: 7.6%  Verdict: WEAK
2026-06-04 08:51:55 [INFO] screener: [AI] NISP.JK — Win Rate: 7.7%  Verdict: WEAK
2026-06-04 08:51:55 [INFO] screener: [AI] ARTO.JK — Win Rate: 9.1%  Verdict: WEAK
2026-06-04 08:51:55 [INFO] screener: [AI] BVIC.JK — Win Rate: 8.1%  Verdict: WEAK
2026-06-04 08:51:55 [INFO] screener: [AI] CFIN.JK — Win Rate: 23.6%  Verdict: WEAK
2026-06-04 08:51:56 [INFO] screener: [AI] BRIS.JK — Win Rate: 9.5%  Verdict: WEAK
2026-06-04 08:51:56 [WARNING] screener: [FUNDAMENTAL] MLPL.JK: PE tidak tersedia — pakai default 15
2026-06-04 08:51:58 [INFO] screener: [AI] BMTR.JK — Win Rate: 10.6%  Verdict: WEAK
2026-06-04 08:51:58 [INFO] screener: [AI] SMMA.JK — Win Rate: 13.2%  Verdict: WEAK
2026-06-04 08:51:59 [INFO] screener: [AI] BJBR.JK — Win Rate: 30.5%  Verdict: WEAK
2026-06-04 08:52:00 [INFO] screener: [AI] BSIM.JK — Win Rate: 9.4%  Verdict: WEAK
2026-06-04 08:52:00 [WARNING] screener: [FUNDAMENTAL] MPPA.JK: PE tidak tersedia — pakai default 15
2026-06-04 08:52:00 [INFO] screener: [AI] SRTG.JK — Win Rate: 21.2%  Verdict: WEAK
2026-06-04 08:52:00 [INFO] screener: [AI] ASII.JK — Win Rate: 18.9%  Verdict: WEAK
2026-06-04 08:52:01 [INFO] screener: [AI] MLPL.JK — Win Rate: 3.4%  Verdict: WEAK
2026-06-04 08:52:01 [INFO] screener: [AI] UNTR.JK — Win Rate: 22.9%  Verdict: WEAK
2026-06-04 08:52:01 [INFO] screener: [AI] PNBN.JK — Win Rate: 11.0%  Verdict: WEAK
2026-06-04 08:52:01 [INFO] screener: [AI] BJTM.JK — Win Rate: 17.6%  Verdict: WEAK
2026-06-04 08:52:02 [INFO] screener: [AI] LPKR.JK — Win Rate: 8.8%  Verdict: WEAK
2026-06-04 08:52:02 [WARNING] screener: [FUNDAMENTAL] EXCL.JK: PE tidak tersedia — pakai default 15
2026-06-04 08:52:02 [INFO] screener: [AI] BHIT.JK — Win Rate: 4.4%  Verdict: WEAK
2026-06-04 08:52:02 [WARNING] screener: [FUNDAMENTAL] GOTO.JK: PE tidak tersedia — pakai default 15
2026-06-04 08:52:02 [WARNING] screener: [FUNDAMENTAL] BELI.JK: PE tidak tersedia — pakai default 15
2026-06-04 08:52:03 [INFO] screener: [AI] BNLI.JK — Win Rate: 34.0%  Verdict: WEAK
2026-06-04 08:52:03 [INFO] screener: [AI] MPPA.JK — Win Rate: 5.0%  Verdict: WEAK
2026-06-04 08:52:03 [INFO] screener: [AI] VIVA.JK — Win Rate: 4.7%  Verdict: WEAK
2026-06-04 08:52:03 [INFO] screener: [AI] SCMA.JK — Win Rate: 7.7%  Verdict: WEAK
2026-06-04 08:52:04 [WARNING] screener: [FUNDAMENTAL] AXIO.JK: PE tidak tersedia — pakai default 15
2026-06-04 08:52:05 [INFO] screener: [AI] TLKM.JK — Win Rate: 17.2%  Verdict: WEAK
2026-06-04 08:52:05 [INFO] screener: [AI] EXCL.JK — Win Rate: 24.1%  Verdict: WEAK
2026-06-04 08:52:05 [WARNING] screener: [FUNDAMENTAL] KREN.JK: PE tidak tersedia — pakai default 15
2026-06-04 08:52:05 [INFO] screener: [AI] GOTO.JK — Win Rate: 9.7%  Verdict: WEAK
2026-06-04 08:52:05 [INFO] screener: [AI] BELI.JK — Win Rate: 5.7%  Verdict: WEAK
2026-06-04 08:52:07 [INFO] screener: [AI] EMTK.JK — Win Rate: 26.0%  Verdict: WEAK
2026-06-04 08:52:07 [INFO] screener: [AI] WIFI.JK — Win Rate: 10.2%  Verdict: WEAK
2026-06-04 08:52:07 [INFO] screener: [AI] BUKA.JK — Win Rate: 8.1%  Verdict: WEAK
2026-06-04 08:52:07 [INFO] screener: [AI] ISAT.JK — Win Rate: 27.9%  Verdict: WEAK
2026-06-04 08:52:07 [INFO] screener: [AI] MLPT.JK — Win Rate: 3.4%  Verdict: WEAK
2026-06-04 08:52:08 [INFO] screener: [AI] DMMX.JK — Win Rate: 4.0%  Verdict: WEAK
2026-06-04 08:52:08 [INFO] screener: [AI] AXIO.JK — Win Rate: 33.0%  Verdict: WEAK
2026-06-04 08:52:08 [INFO] screener: [AI] MTDL.JK — Win Rate: 10.0%  Verdict: WEAK
2026-06-04 08:52:08 [INFO] screener: [AI] KREN.JK — Win Rate: 9.3%  Verdict: WEAK
2026-06-04 08:52:08 [INFO] screener: [AI] GLVA.JK — Win Rate: 24.3%  Verdict: WEAK
2026-06-04 08:52:10 [INFO] screener: [AI] PTBA.JK — Win Rate: 19.8%  Verdict: WEAK
2026-06-04 08:52:13 [INFO] screener: [AI] DEWA.JK — Win Rate: 14.3%  Verdict: WEAK
2026-06-04 08:52:13 [INFO] screener: [AI] ANTM.JK — Win Rate: 16.6%  Verdict: WEAK
2026-06-04 08:52:14 [INFO] screener: [AI] AKRA.JK — Win Rate: 14.1%  Verdict: WEAK
2026-06-04 08:52:14 [INFO] screener: [AI] TINS.JK — Win Rate: 12.4%  Verdict: WEAK
2026-06-04 08:52:15 [WARNING] screener: [FUNDAMENTAL] WEGE.JK: PE tidak tersedia — pakai default 15
2026-06-04 08:52:15 [WARNING] screener: [FUNDAMENTAL] DOID.JK: PE tidak tersedia — pakai default 15
2026-06-04 08:52:15 [WARNING] screener: [FUNDAMENTAL] ADHI.JK: PE tidak tersedia — pakai default 15
2026-06-04 08:52:15 [WARNING] screener: [FUNDAMENTAL] PTPP.JK: PE tidak tersedia — pakai default 15
2026-06-04 08:52:15 [WARNING] screener: [FUNDAMENTAL] PPRE.JK: PE tidak tersedia — pakai default 15
2026-06-04 08:52:15 [WARNING] screener: [FUNDAMENTAL] ACST.JK: PE tidak tersedia — pakai default 15
2026-06-04 08:52:16 [WARNING] screener: [FUNDAMENTAL] TOBA.JK: PE tidak tersedia — pakai default 15
2026-06-04 08:52:17 [INFO] screener: [AI] NCKL.JK — Win Rate: 8.5%  Verdict: WEAK
2026-06-04 08:52:17 [INFO] screener: [AI] WEGE.JK — Win Rate: 8.2%  Verdict: WEAK
2026-06-04 08:52:19 [INFO] screener: [AI] JSMR.JK — Win Rate: 22.8%  Verdict: WEAK
2026-06-04 08:52:19 [INFO] screener: [AI] ACST.JK — Win Rate: 11.1%  Verdict: WEAK
2026-06-04 08:52:19 [INFO] screener: [AI] RMKE.JK — Win Rate: 5.9%  Verdict: WEAK
2026-06-04 08:52:19 [INFO] screener: [AI] ADHI.JK — Win Rate: 6.2%  Verdict: WEAK
2026-06-04 08:52:19 [INFO] screener: [AI] PTPP.JK — Win Rate: 10.0%  Verdict: WEAK
2026-06-04 08:52:19 [WARNING] screener: [FUNDAMENTAL] LEAD.JK: PE tidak tersedia — pakai default 15
2026-06-04 08:52:19 [INFO] screener: [AI] PPRE.JK — Win Rate: 3.1%  Verdict: WEAK
2026-06-04 08:52:19 [INFO] screener: [AI] TOTL.JK — Win Rate: 37.5%  Verdict: WEAK
2026-06-04 08:52:20 [INFO] screener: [AI] JKON.JK — Win Rate: 8.1%  Verdict: WEAK
2026-06-04 08:52:21 [INFO] screener: [AI] CMNP.JK — Win Rate: 13.6%  Verdict: WEAK
2026-06-04 08:52:22 [INFO] screener: [AI] ICBP.JK — Win Rate: 33.8%  Verdict: WEAK
2026-06-04 08:52:23 [WARNING] screener: [FUNDAMENTAL] KAEF.JK: PE tidak tersedia — pakai default 15
2026-06-04 08:52:23 [INFO] screener: [AI] UNVR.JK — Win Rate: 4.9%  Verdict: WEAK
2026-06-04 08:52:23 [INFO] screener: [AI] BIRD.JK — Win Rate: 13.1%  Verdict: WEAK
2026-06-04 08:52:23 [INFO] screener: [AI] INDF.JK — Win Rate: 5.6%  Verdict: WEAK
2026-06-04 08:52:24 [INFO] screener: [AI] GOOD.JK — Win Rate: 11.7%  Verdict: WEAK
2026-06-04 08:52:24 [INFO] screener: [AI] MYOR.JK — Win Rate: 14.2%  Verdict: WEAK
2026-06-04 08:52:24 [INFO] screener: [AI] ROTI.JK — Win Rate: 7.9%  Verdict: WEAK
2026-06-04 08:52:24 [INFO] screener: [AI] CAMP.JK — Win Rate: 6.7%  Verdict: WEAK
2026-06-04 08:52:24 [INFO] screener: [AI] CLEO.JK — Win Rate: 6.8%  Verdict: WEAK
2026-06-04 08:52:24 [INFO] screener: [AI] ADES.JK — Win Rate: 23.7%  Verdict: WEAK
2026-06-04 08:52:24 [INFO] screener: [AI] SIDO.JK — Win Rate: 16.3%  Verdict: WEAK
2026-06-04 08:52:25 [INFO] screener: [AI] STTP.JK — Win Rate: 14.8%  Verdict: WEAK
2026-06-04 08:52:25 [INFO] screener: [AI] PEHA.JK — Win Rate: 6.0%  Verdict: WEAK
2026-06-04 08:52:25 [INFO] screener: [AI] KAEF.JK — Win Rate: 4.6%  Verdict: WEAK
2026-06-04 08:52:26 [WARNING] screener: [FUNDAMENTAL] MPPA.JK: PE tidak tersedia — pakai default 15
2026-06-04 08:52:27 [WARNING] screener: [FUNDAMENTAL] HOKI.JK: PE tidak tersedia — pakai default 15
2026-06-04 08:52:27 [INFO] screener: [AI] MPPA.JK — Win Rate: 5.0%  Verdict: WEAK
2026-06-04 08:52:29 [INFO] screener: [AI] ERAA.JK — Win Rate: 11.2%  Verdict: WEAK
2026-06-04 08:52:30 [INFO] screener: [AI] BSDE.JK — Win Rate: 21.6%  Verdict: WEAK
2026-06-04 08:52:30 [INFO] screener: [AI] ACES.JK — Win Rate: 10.1%  Verdict: WEAK
2026-06-04 08:52:31 [INFO] screener: [AI] LPPF.JK — Win Rate: 13.8%  Verdict: WEAK
2026-06-04 08:52:31 [INFO] screener: [AI] MAPA.JK — Win Rate: 12.9%  Verdict: WEAK
2026-06-04 08:52:31 [INFO] screener: [AI] MAPI.JK — Win Rate: 14.4%  Verdict: WEAK
2026-06-04 08:52:31 [INFO] screener: [AI] CPIN.JK — Win Rate: 25.4%  Verdict: WEAK
2026-06-04 08:52:31 [INFO] screener: [AI] MIDI.JK — Win Rate: 16.5%  Verdict: WEAK
2026-06-04 08:52:31 [INFO] screener: [AI] HOKI.JK — Win Rate: 3.9%  Verdict: WEAK
2026-06-04 08:52:31 [INFO] screener: [AI] AMRT.JK — Win Rate: 22.6%  Verdict: WEAK
2026-06-04 08:52:31 [INFO] screener: [AI] JPFA.JK — Win Rate: 8.0%  Verdict: WEAK
2026-06-04 08:52:32 [INFO] screener: [AI] RALS.JK — Win Rate: 8.3%  Verdict: WEAK
2026-06-04 08:52:32 [INFO] screener: [AI] CTRA.JK — Win Rate: 5.5%  Verdict: WEAK
2026-06-04 08:52:32 [INFO] screener: [AI] ENZO.JK — Win Rate: 6.4%  Verdict: WEAK
2026-06-04 08:52:33 [WARNING] screener: [FUNDAMENTAL] PPRO.JK: PE tidak tersedia — pakai default 15
2026-06-04 08:52:34 [INFO] screener: [AI] PWON.JK — Win Rate: 14.1%  Verdict: WEAK
2026-06-04 08:52:34 [INFO] screener: [AI] ASRI.JK — Win Rate: 9.0%  Verdict: WEAK
2026-06-04 08:52:35 [INFO] screener: [AI] SMRA.JK — Win Rate: 6.1%  Verdict: WEAK
2026-06-04 08:52:35 [INFO] screener: [AI] DUTI.JK — Win Rate: 39.8%  Verdict: WEAK
2026-06-04 08:52:36 [INFO] screener: [AI] DMAS.JK — Win Rate: 13.8%  Verdict: WEAK
2026-06-04 08:52:37 [INFO] screener: [AI] DILD.JK — Win Rate: 13.7%  Verdict: WEAK
2026-06-04 08:52:37 [INFO] screener: [AI] PPRO.JK — Win Rate: 5.6%  Verdict: WEAK
2026-06-04 08:52:37 [INFO] screener: [AI] MKPI.JK — Win Rate: 13.5%  Verdict: WEAK
2026-06-04 08:52:37 [INFO] screener: [AI] GWSA.JK — Win Rate: 7.8%  Verdict: WEAK
2026-06-04 08:52:37 [INFO] screener: [AI] BKSL.JK — Win Rate: 6.7%  Verdict: WEAK
2026-06-04 08:52:37 [INFO] screener: [AI] KLBF.JK — Win Rate: 14.5%  Verdict: WEAK
2026-06-04 08:52:37 [INFO] screener: [AI] LPCK.JK — Win Rate: 9.0%  Verdict: WEAK
2026-06-04 08:52:37 [INFO] screener: [AI] SSIA.JK — Win Rate: 10.0%  Verdict: WEAK
2026-06-04 08:52:37 [INFO] screener: [AI] KIJA.JK — Win Rate: 5.9%  Verdict: WEAK
2026-06-04 08:52:39 [INFO] screener: [AI] MIKA.JK — Win Rate: 20.8%  Verdict: WEAK
2026-06-04 08:52:39 [INFO] screener: [AI] SILO.JK — Win Rate: 36.9%  Verdict: WEAK
2026-06-04 08:52:39 [INFO] screener: [AI] HEAL.JK — Win Rate: 11.0%  Verdict: WEAK
2026-06-04 08:52:39 [INFO] screener: [AI] PRDA.JK — Win Rate: 27.3%  Verdict: WEAK
2026-06-04 08:52:40 [INFO] screener: [AI] DGNS.JK — Win Rate: 4.7%  Verdict: WEAK
2026-06-04 08:52:40 [WARNING] screener: [FUNDAMENTAL] BAJA.JK: PE tidak tersedia — pakai default 15
2026-06-04 08:52:41 [INFO] screener: [AI] INTP.JK — Win Rate: 10.6%  Verdict: WEAK
2026-06-04 08:52:41 [INFO] screener: [AI] IRRA.JK — Win Rate: 7.3%  Verdict: WEAK
2026-06-04 08:52:41 [INFO] screener: [AI] TSPC.JK — Win Rate: 9.0%  Verdict: WEAK
2026-06-04 08:52:41 [INFO] screener: [AI] SMBR.JK — Win Rate: 4.3%  Verdict: WEAK
2026-06-04 08:52:41 [INFO] screener: [AI] BMHS.JK — Win Rate: 18.3%  Verdict: WEAK
2026-06-04 08:52:42 [INFO] screener: [AI] SMGR.JK — Win Rate: 23.1%  Verdict: WEAK
2026-06-04 08:52:42 [INFO] screener: [AI] SAME.JK — Win Rate: 11.8%  Verdict: WEAK
2026-06-04 08:52:42 [INFO] screener: [AI] ISSP.JK — Win Rate: 8.6%  Verdict: WEAK
2026-06-04 08:52:43 [INFO] screener: [AI] BAJA.JK — Win Rate: 5.9%  Verdict: WEAK
2026-06-04 08:52:43 [INFO] screener: [AI] BRNA.JK — Win Rate: 8.9%  Verdict: WEAK
2026-06-04 08:52:43 [INFO] screener: [AI] ALKA.JK — Win Rate: 5.1%  Verdict: WEAK
2026-06-04 08:52:44 [INFO] screener: [AI] ASSA.JK — Win Rate: 21.8%  Verdict: WEAK
2026-06-04 08:52:44 [INFO] screener: [AI] TOTO.JK — Win Rate: 12.1%  Verdict: WEAK
2026-06-04 08:52:45 [INFO] screener: [AI] BIRD.JK — Win Rate: 13.1%  Verdict: WEAK
2026-06-04 08:52:46 [WARNING] screener: [FUNDAMENTAL] GIAA.JK: PE tidak tersedia — pakai default 15
2026-06-04 08:52:46 [WARNING] screener: [FUNDAMENTAL] GIAA.JK: Book Value tidak tersedia — pakai default 1.5
2026-06-04 08:52:47 [INFO] screener: [AI] PANI.JK — Win Rate: 11.7%  Verdict: WEAK
2026-06-04 08:52:48 [INFO] screener: [AI] HAIS.JK — Win Rate: 14.0%  Verdict: WEAK
2026-06-04 08:52:48 [INFO] screener: [AI] NELY.JK — Win Rate: 9.8%  Verdict: WEAK
2026-06-04 08:52:49 [INFO] screener: [AI] SIMP.JK — Win Rate: 14.2%  Verdict: WEAK
2026-06-04 08:52:49 [INFO] screener: [AI] BPTR.JK — Win Rate: 4.1%  Verdict: WEAK
2026-06-04 08:52:49 [INFO] screener: [AI] AALI.JK — Win Rate: 14.8%  Verdict: WEAK
2026-06-04 08:52:49 [INFO] screener: [AI] TMAS.JK — Win Rate: 28.6%  Verdict: WEAK
2026-06-04 08:52:49 [INFO] screener: [AI] TAPG.JK — Win Rate: 6.1%  Verdict: WEAK
2026-06-04 08:52:49 [INFO] screener: [AI] LSIP.JK — Win Rate: 15.7%  Verdict: WEAK
2026-06-04 08:52:50 [INFO] screener: [AI] DSNG.JK — Win Rate: 28.5%  Verdict: WEAK
2026-06-04 08:52:50 [INFO] screener: [AI] TBLA.JK — Win Rate: 13.2%  Verdict: WEAK
2026-06-04 08:52:50 [WARNING] screener: [FUNDAMENTAL] AREA.JK: PE tidak tersedia — pakai default 15
2026-06-04 08:52:50 [WARNING] screener: [FUNDAMENTAL] PMUI.JK: PE tidak tersedia — pakai default 15
2026-06-04 08:52:50 [INFO] screener: [AI] BWPT.JK — Win Rate: 10.5%  Verdict: WEAK
2026-06-04 08:52:50 [INFO] screener: [AI] SSMS.JK — Win Rate: 19.4%  Verdict: WEAK
2026-06-04 08:52:50 [WARNING] screener: [FUNDAMENTAL] STRK.JK: PE tidak tersedia — pakai default 15
2026-06-04 08:52:50 [WARNING] screener: [FUNDAMENTAL] GTRA.JK: PE tidak tersedia — pakai default 15
2026-06-04 08:52:51 [WARNING] screener: [FUNDAMENTAL] AWAN.JK: PE tidak tersedia — pakai default 15
2026-06-04 08:52:51 [WARNING] screener: [FUNDAMENTAL] WIDI.JK: PE tidak tersedia — pakai default 15
2026-06-04 08:52:52 [INFO] screener: [AI] ALII.JK — Win Rate: 5.8%  Verdict: WEAK
2026-06-04 08:52:52 [INFO] screener: [AI] STRK.JK — Win Rate: 2.8%  Verdict: WEAK
2026-06-04 08:52:52 [INFO] screener: [AI] PMUI.JK — Win Rate: 8.6%  Verdict: WEAK
2026-06-04 08:52:52 [INFO] screener: [AI] GTRA.JK — Win Rate: 5.9%  Verdict: WEAK
2026-06-04 08:52:52 [INFO] screener: [AI] AREA.JK — Win Rate: 8.0%  Verdict: WEAK
2026-06-04 08:52:52 [INFO] screener: [AI] AWAN.JK — Win Rate: 6.2%  Verdict: WEAK
2026-06-04 08:52:52 [INFO] screener: [AI] WIDI.JK — Win Rate: 6.5%  Verdict: WEAK
2026-06-04 08:52:55 [INFO] backtest: [backtest] Tested=18 Skipped=0 WinRate=0.0% Sharpe=-98143250.28
2026-06-04 14:33:33 [INFO] screener: Memindai Arus Uang (Rotasi Sektor)...
2026-06-04 14:33:51 [INFO] screener: Rotasi sektor selesai (11 sektor dipindai)
2026-06-04 14:33:51 [INFO] screener: Mengunduh Cuaca Makro Global & Komoditas...
2026-06-04 14:33:51 [INFO] screener: Macro update — IHSG=-3.46% | USD=+1.03% | Trend=DOWN | Penalty=-2.0
2026-06-04 14:33:56 [INFO] screener: [ENSEMBLE] Loaded v5.0 (threshold=0.671)
2026-06-04 14:33:56 [INFO] screener: [ENSEMBLE] Loaded v5.0 (threshold=0.671)
2026-06-04 14:33:56 [INFO] screener: [ENSEMBLE] Loaded v5.0 (threshold=0.671)
2026-06-04 14:33:56 [INFO] screener: [ENSEMBLE] Loaded v5.0 (threshold=0.671)
2026-06-04 14:33:56 [INFO] screener: [ENSEMBLE] Loaded v5.0 (threshold=0.671)
2026-06-04 14:33:56 [INFO] screener: [ENSEMBLE] Loaded v5.0 (threshold=0.671)
2026-06-04 14:33:56 [INFO] screener: [ENSEMBLE] Loaded v5.0 (threshold=0.671)
2026-06-04 14:33:56 [INFO] screener: [ENSEMBLE] Loaded v5.0 (threshold=0.671)
2026-06-04 14:33:56 [INFO] screener: [ENSEMBLE] Loaded v5.0 (threshold=0.671)
2026-06-04 14:33:56 [INFO] screener: [ENSEMBLE] Loaded v5.0 (threshold=0.671)
2026-06-04 14:33:56 [INFO] screener: [ENSEMBLE] Loaded v5.0 (threshold=0.671)
2026-06-04 14:33:56 [INFO] screener: [ENSEMBLE] Loaded v5.0 (threshold=0.671)
2026-06-04 14:33:56 [INFO] screener: [ENSEMBLE] Loaded v5.0 (threshold=0.671)
2026-06-04 14:33:56 [INFO] screener: [ENSEMBLE] Loaded v5.0 (threshold=0.671)
2026-06-04 14:34:00 [INFO] screener: [AI] BVIC.JK — Win Rate: 10.3%  Verdict: WEAK
2026-06-04 14:34:00 [INFO] screener: [AI] NISP.JK — Win Rate: 5.5%  Verdict: WEAK
2026-06-04 14:34:00 [INFO] screener: [AI] BTPS.JK — Win Rate: 10.6%  Verdict: WEAK
2026-06-04 14:34:00 [INFO] screener: [AI] ARTO.JK — Win Rate: 4.0%  Verdict: WEAK
2026-06-04 14:34:00 [INFO] screener: [AI] BBYB.JK — Win Rate: 4.5%  Verdict: WEAK
2026-06-04 14:34:00 [INFO] screener: [AI] BRIS.JK — Win Rate: 13.4%  Verdict: WEAK
2026-06-04 14:34:00 [INFO] screener: [AI] BDMN.JK — Win Rate: 29.9%  Verdict: WEAK
2026-06-04 14:34:00 [INFO] screener: [AI] BBCA.JK — Win Rate: 9.2%  Verdict: WEAK
2026-06-04 14:34:00 [INFO] screener: [AI] BBNI.JK — Win Rate: 6.8%  Verdict: WEAK
2026-06-04 14:34:00 [INFO] screener: [AI] BBTN.JK — Win Rate: 3.4%  Verdict: WEAK
2026-06-04 14:34:00 [INFO] screener: [AI] BMRI.JK — Win Rate: 9.5%  Verdict: WEAK
2026-06-04 14:34:00 [INFO] screener: [AI] CFIN.JK — Win Rate: 6.5%  Verdict: WEAK
2026-06-04 14:34:00 [INFO] screener: [AI] BBRI.JK — Win Rate: 6.6%  Verdict: WEAK
2026-06-04 14:34:00 [INFO] screener: [AI] BNGA.JK — Win Rate: 3.8%  Verdict: WEAK
2026-06-04 14:34:01 [WARNING] screener: [FUNDAMENTAL] MLPL.JK: PE tidak tersedia — pakai default 15
2026-06-04 14:34:02 [INFO] screener: [AI] BSIM.JK — Win Rate: 12.7%  Verdict: WEAK
2026-06-04 14:34:02 [INFO] screener: [AI] ASII.JK — Win Rate: 4.5%  Verdict: WEAK
2026-06-04 14:34:03 [WARNING] screener: [FUNDAMENTAL] MPPA.JK: PE tidak tersedia — pakai default 15
2026-06-04 14:34:03 [INFO] screener: [AI] LPKR.JK — Win Rate: 6.5%  Verdict: WEAK
2026-06-04 14:34:03 [INFO] screener: [AI] BMTR.JK — Win Rate: 8.2%  Verdict: WEAK
2026-06-04 14:34:03 [INFO] screener: [AI] UNTR.JK — Win Rate: 12.3%  Verdict: WEAK
2026-06-04 14:34:03 [INFO] screener: [AI] PNBN.JK — Win Rate: 4.2%  Verdict: WEAK
2026-06-04 14:34:03 [INFO] screener: [AI] BJTM.JK — Win Rate: 5.4%  Verdict: WEAK
2026-06-04 14:34:03 [INFO] screener: [AI] MLPL.JK — Win Rate: 4.6%  Verdict: WEAK
2026-06-04 14:34:03 [INFO] screener: [AI] SMMA.JK — Win Rate: 11.2%  Verdict: WEAK
2026-06-04 14:34:03 [INFO] screener: [AI] BHIT.JK — Win Rate: 2.8%  Verdict: WEAK
2026-06-04 14:34:03 [INFO] screener: [AI] BJBR.JK — Win Rate: 7.2%  Verdict: WEAK
2026-06-04 14:34:03 [INFO] screener: [AI] SRTG.JK — Win Rate: 5.7%  Verdict: WEAK
2026-06-04 14:34:04 [WARNING] screener: [FUNDAMENTAL] BELI.JK: PE tidak tersedia — pakai default 15
2026-06-04 14:34:04 [WARNING] screener: [FUNDAMENTAL] GOTO.JK: PE tidak tersedia — pakai default 15
2026-06-04 14:34:04 [INFO] screener: [AI] MPPA.JK — Win Rate: 0.8%  Verdict: WEAK
2026-06-04 14:34:04 [WARNING] screener: [FUNDAMENTAL] EXCL.JK: PE tidak tersedia — pakai default 15
2026-06-04 14:34:04 [WARNING] screener: [FUNDAMENTAL] EXCL.JK: Book Value tidak tersedia — pakai default 1.5
2026-06-04 14:34:05 [INFO] screener: [AI] BNLI.JK — Win Rate: 4.8%  Verdict: WEAK
2026-06-04 14:34:06 [INFO] screener: [AI] SCMA.JK — Win Rate: 2.9%  Verdict: WEAK
2026-06-04 14:34:06 [INFO] screener: [AI] VIVA.JK — Win Rate: 0.6%  Verdict: WEAK
2026-06-04 14:34:06 [INFO] screener: [AI] TLKM.JK — Win Rate: 4.8%  Verdict: WEAK
2026-06-04 14:34:06 [INFO] screener: [AI] BUKA.JK — Win Rate: 5.2%  Verdict: WEAK
2026-06-04 14:34:06 [INFO] screener: [AI] GOTO.JK — Win Rate: 5.1%  Verdict: WEAK
2026-06-04 14:34:06 [INFO] screener: [AI] BELI.JK — Win Rate: 4.1%  Verdict: WEAK
2026-06-04 14:34:06 [INFO] screener: [AI] MLPT.JK — Win Rate: 2.0%  Verdict: WEAK
2026-06-04 14:34:07 [WARNING] screener: [FUNDAMENTAL] KREN.JK: PE tidak tersedia — pakai default 15
2026-06-04 14:34:07 [WARNING] screener: [FUNDAMENTAL] AXIO.JK: PE tidak tersedia — pakai default 15
2026-06-04 14:34:07 [INFO] screener: [AI] WIFI.JK — Win Rate: 7.6%  Verdict: WEAK
2026-06-04 14:34:07 [INFO] screener: [AI] EMTK.JK — Win Rate: 11.0%  Verdict: WEAK
2026-06-04 14:34:07 [INFO] screener: [AI] ISAT.JK — Win Rate: 10.3%  Verdict: WEAK
2026-06-04 14:34:07 [INFO] screener: [AI] MTDL.JK — Win Rate: 4.1%  Verdict: WEAK
2026-06-04 14:34:07 [INFO] screener: [AI] DMMX.JK — Win Rate: 2.5%  Verdict: WEAK
2026-06-04 14:34:08 [INFO] screener: [AI] AXIO.JK — Win Rate: 1.3%  Verdict: WEAK
2026-06-04 14:34:08 [INFO] screener: [AI] GLVA.JK — Win Rate: 3.2%  Verdict: WEAK
2026-06-04 14:34:08 [INFO] screener: [AI] KREN.JK — Win Rate: 1.2%  Verdict: WEAK
2026-06-04 14:34:08 [INFO] screener: [AI] PTBA.JK — Win Rate: 8.0%  Verdict: WEAK
2026-06-04 14:34:13 [INFO] screener: [AI] TINS.JK — Win Rate: 3.4%  Verdict: WEAK
2026-06-04 14:34:13 [INFO] screener: [AI] DEWA.JK — Win Rate: 11.6%  Verdict: WEAK
2026-06-04 14:34:14 [INFO] screener: [AI] ANTM.JK — Win Rate: 8.0%  Verdict: WEAK
2026-06-04 14:34:14 [INFO] screener: [AI] AKRA.JK — Win Rate: 8.9%  Verdict: WEAK
2026-06-04 14:34:15 [WARNING] screener: [FUNDAMENTAL] DOID.JK: PE tidak tersedia — pakai default 15
2026-06-04 14:34:15 [WARNING] screener: [FUNDAMENTAL] TOBA.JK: PE tidak tersedia — pakai default 15
2026-06-04 14:34:15 [WARNING] screener: [FUNDAMENTAL] PTPP.JK: PE tidak tersedia — pakai default 15
2026-06-04 14:34:15 [WARNING] screener: [FUNDAMENTAL] ADHI.JK: PE tidak tersedia — pakai default 15
2026-06-04 14:34:15 [WARNING] screener: [FUNDAMENTAL] WEGE.JK: PE tidak tersedia — pakai default 15
2026-06-04 14:34:16 [WARNING] screener: [FUNDAMENTAL] PPRE.JK: PE tidak tersedia — pakai default 15
2026-06-04 14:34:16 [WARNING] screener: [FUNDAMENTAL] ACST.JK: PE tidak tersedia — pakai default 15
2026-06-04 14:34:17 [INFO] screener: [AI] NCKL.JK — Win Rate: 1.7%  Verdict: WEAK
2026-06-04 14:34:17 [INFO] screener: [AI] ADHI.JK — Win Rate: 4.2%  Verdict: WEAK
2026-06-04 14:34:17 [INFO] screener: [AI] RMKE.JK — Win Rate: 2.4%  Verdict: WEAK
2026-06-04 14:34:18 [INFO] screener: [AI] JSMR.JK — Win Rate: 15.5%  Verdict: WEAK
2026-06-04 14:34:18 [INFO] screener: [AI] PTPP.JK — Win Rate: 6.0%  Verdict: WEAK
2026-06-04 14:34:18 [INFO] screener: [AI] WEGE.JK — Win Rate: 5.6%  Verdict: WEAK
2026-06-04 14:34:18 [INFO] screener: [AI] PPRE.JK — Win Rate: 1.0%  Verdict: WEAK
2026-06-04 14:34:18 [INFO] screener: [AI] TOTL.JK — Win Rate: 38.8%  Verdict: WEAK
2026-06-04 14:34:18 [INFO] screener: [AI] JKON.JK — Win Rate: 2.9%  Verdict: WEAK
2026-06-04 14:34:19 [INFO] screener: [AI] ACST.JK — Win Rate: 7.4%  Verdict: WEAK
2026-06-04 14:34:19 [WARNING] screener: [FUNDAMENTAL] LEAD.JK: PE tidak tersedia — pakai default 15
2026-06-04 14:34:21 [INFO] screener: [AI] BIRD.JK — Win Rate: 3.6%  Verdict: WEAK
2026-06-04 14:34:21 [INFO] screener: [AI] CMNP.JK — Win Rate: 6.1%  Verdict: WEAK
2026-06-04 14:34:21 [INFO] screener: [AI] INDF.JK — Win Rate: 12.3%  Verdict: WEAK
2026-06-04 14:34:22 [INFO] screener: [AI] UNVR.JK — Win Rate: 7.1%  Verdict: WEAK
2026-06-04 14:34:22 [INFO] screener: [AI] CAMP.JK — Win Rate: 2.1%  Verdict: WEAK
2026-06-04 14:34:22 [INFO] screener: [AI] ICBP.JK — Win Rate: 11.8%  Verdict: WEAK
2026-06-04 14:34:22 [INFO] screener: [AI] GOOD.JK — Win Rate: 5.9%  Verdict: WEAK
2026-06-04 14:34:22 [INFO] screener: [AI] ROTI.JK — Win Rate: 4.1%  Verdict: WEAK
2026-06-04 14:34:22 [INFO] screener: [AI] MYOR.JK — Win Rate: 3.0%  Verdict: WEAK
2026-06-04 14:34:22 [WARNING] screener: [FUNDAMENTAL] KAEF.JK: PE tidak tersedia — pakai default 15
2026-06-04 14:34:22 [INFO] screener: [AI] CLEO.JK — Win Rate: 3.3%  Verdict: WEAK
2026-06-04 14:34:23 [INFO] screener: [AI] ADES.JK — Win Rate: 12.2%  Verdict: WEAK
2026-06-04 14:34:24 [INFO] screener: [AI] SIDO.JK — Win Rate: 9.3%  Verdict: WEAK
2026-06-04 14:34:24 [INFO] screener: [AI] KAEF.JK — Win Rate: 0.9%  Verdict: WEAK
2026-06-04 14:34:24 [INFO] screener: [AI] PEHA.JK — Win Rate: 2.0%  Verdict: WEAK
2026-06-04 14:34:24 [INFO] screener: [AI] STTP.JK — Win Rate: 13.1%  Verdict: WEAK
2026-06-04 14:34:25 [WARNING] screener: [FUNDAMENTAL] MPPA.JK: PE tidak tersedia — pakai default 15
2026-06-04 14:34:25 [INFO] screener: [AI] MPPA.JK — Win Rate: 0.8%  Verdict: WEAK
2026-06-04 14:34:25 [WARNING] screener: [FUNDAMENTAL] HOKI.JK: PE tidak tersedia — pakai default 15
2026-06-04 14:34:27 [INFO] screener: [AI] ENZO.JK — Win Rate: 2.1%  Verdict: WEAK
2026-06-04 14:34:28 [INFO] screener: [AI] AMRT.JK — Win Rate: 13.4%  Verdict: WEAK
2026-06-04 14:34:28 [INFO] screener: [AI] MAPA.JK — Win Rate: 2.8%  Verdict: WEAK
2026-06-04 14:34:28 [INFO] screener: [AI] RALS.JK — Win Rate: 5.1%  Verdict: WEAK
2026-06-04 14:34:28 [INFO] screener: [AI] JPFA.JK — Win Rate: 2.5%  Verdict: WEAK
2026-06-04 14:34:28 [INFO] screener: [AI] MAPI.JK — Win Rate: 10.2%  Verdict: WEAK
2026-06-04 14:34:28 [INFO] screener: [AI] ERAA.JK — Win Rate: 5.2%  Verdict: WEAK
2026-06-04 14:34:28 [INFO] screener: [AI] CPIN.JK — Win Rate: 5.4%  Verdict: WEAK
2026-06-04 14:34:28 [INFO] screener: [AI] BSDE.JK — Win Rate: 11.6%  Verdict: WEAK
2026-06-04 14:34:28 [INFO] screener: [AI] MIDI.JK — Win Rate: 3.8%  Verdict: WEAK
2026-06-04 14:34:28 [INFO] screener: [AI] ACES.JK — Win Rate: 3.2%  Verdict: WEAK
2026-06-04 14:34:28 [INFO] screener: [AI] HOKI.JK — Win Rate: 2.5%  Verdict: WEAK
2026-06-04 14:34:28 [INFO] screener: [AI] LPPF.JK — Win Rate: 3.7%  Verdict: WEAK
2026-06-04 14:34:28 [INFO] screener: [AI] CTRA.JK — Win Rate: 5.5%  Verdict: WEAK
2026-06-04 14:34:28 [WARNING] screener: [FUNDAMENTAL] PPRO.JK: PE tidak tersedia — pakai default 15
2026-06-04 14:34:30 [INFO] screener: [AI] PWON.JK — Win Rate: 11.6%  Verdict: WEAK
2026-06-04 14:34:30 [INFO] screener: [AI] DMAS.JK — Win Rate: 5.6%  Verdict: WEAK
2026-06-04 14:34:31 [INFO] screener: [AI] SMRA.JK — Win Rate: 5.6%  Verdict: WEAK
2026-06-04 14:34:31 [INFO] screener: [AI] ASRI.JK — Win Rate: 3.7%  Verdict: WEAK
2026-06-04 14:34:31 [INFO] screener: [AI] DILD.JK — Win Rate: 2.0%  Verdict: WEAK
2026-06-04 14:34:31 [INFO] screener: [AI] BKSL.JK — Win Rate: 6.9%  Verdict: WEAK
2026-06-04 14:34:31 [INFO] screener: [AI] MKPI.JK — Win Rate: 7.3%  Verdict: WEAK
2026-06-04 14:34:31 [INFO] screener: [AI] DUTI.JK — Win Rate: 21.3%  Verdict: WEAK
2026-06-04 14:34:31 [INFO] screener: [AI] PPRO.JK — Win Rate: 2.6%  Verdict: WEAK
2026-06-04 14:34:31 [INFO] screener: [AI] LPCK.JK — Win Rate: 8.3%  Verdict: WEAK
2026-06-04 14:34:31 [INFO] screener: [AI] KIJA.JK — Win Rate: 4.3%  Verdict: WEAK
2026-06-04 14:34:31 [INFO] screener: [AI] KLBF.JK — Win Rate: 15.1%  Verdict: WEAK
2026-06-04 14:34:31 [INFO] screener: [AI] GWSA.JK — Win Rate: 3.5%  Verdict: WEAK
2026-06-04 14:34:31 [INFO] screener: [AI] SSIA.JK — Win Rate: 13.0%  Verdict: WEAK
2026-06-04 14:34:32 [INFO] screener: [AI] MIKA.JK — Win Rate: 8.9%  Verdict: WEAK
2026-06-04 14:34:33 [INFO] screener: [AI] HEAL.JK — Win Rate: 9.7%  Verdict: WEAK
2026-06-04 14:34:33 [WARNING] screener: [FUNDAMENTAL] BAJA.JK: PE tidak tersedia — pakai default 15
2026-06-04 14:34:33 [INFO] screener: [AI] PRDA.JK — Win Rate: 18.9%  Verdict: WEAK
2026-06-04 14:34:34 [INFO] screener: [AI] SILO.JK — Win Rate: 11.2%  Verdict: WEAK
2026-06-04 14:34:34 [INFO] screener: [AI] DGNS.JK — Win Rate: 1.8%  Verdict: WEAK
2026-06-04 14:34:34 [INFO] screener: [AI] SAME.JK — Win Rate: 2.7%  Verdict: WEAK
2026-06-04 14:34:34 [INFO] screener: [AI] INTP.JK — Win Rate: 9.8%  Verdict: WEAK
2026-06-04 14:34:34 [INFO] screener: [AI] SMBR.JK — Win Rate: 5.4%  Verdict: WEAK
2026-06-04 14:34:34 [INFO] screener: [AI] IRRA.JK — Win Rate: 0.6%  Verdict: WEAK
2026-06-04 14:34:34 [INFO] screener: [AI] ISSP.JK — Win Rate: 5.1%  Verdict: WEAK
2026-06-04 14:34:34 [INFO] screener: [AI] TSPC.JK — Win Rate: 5.9%  Verdict: WEAK
2026-06-04 14:34:35 [INFO] screener: [AI] SMGR.JK — Win Rate: 8.5%  Verdict: WEAK
2026-06-04 14:34:35 [INFO] screener: [AI] BAJA.JK — Win Rate: 0.5%  Verdict: WEAK
2026-06-04 14:34:35 [INFO] screener: [AI] BMHS.JK — Win Rate: 3.7%  Verdict: WEAK
2026-06-04 14:34:36 [INFO] screener: [AI] ALKA.JK — Win Rate: 5.4%  Verdict: WEAK
2026-06-04 14:34:36 [INFO] screener: [AI] ASSA.JK — Win Rate: 11.6%  Verdict: WEAK
2026-06-04 14:34:36 [INFO] screener: [AI] TOTO.JK — Win Rate: 8.6%  Verdict: WEAK
2026-06-04 14:34:37 [INFO] screener: [AI] BRNA.JK — Win Rate: 1.8%  Verdict: WEAK
2026-06-04 14:34:37 [INFO] screener: [AI] BIRD.JK — Win Rate: 3.6%  Verdict: WEAK
2026-06-04 14:34:38 [WARNING] screener: [FUNDAMENTAL] GIAA.JK: PE tidak tersedia — pakai default 15
2026-06-04 14:34:38 [WARNING] screener: [FUNDAMENTAL] GIAA.JK: Book Value tidak tersedia — pakai default 1.5
2026-06-04 14:34:39 [INFO] screener: [AI] BPTR.JK — Win Rate: 0.8%  Verdict: WEAK
2026-06-04 14:34:39 [INFO] screener: [AI] BWPT.JK — Win Rate: 7.4%  Verdict: WEAK
2026-06-04 14:34:40 [INFO] screener: [AI] PANI.JK — Win Rate: 5.5%  Verdict: WEAK
2026-06-04 14:34:40 [INFO] screener: [AI] HAIS.JK — Win Rate: 9.5%  Verdict: WEAK
2026-06-04 14:34:40 [INFO] screener: [AI] TBLA.JK — Win Rate: 10.3%  Verdict: WEAK
2026-06-04 14:34:40 [INFO] screener: [AI] TAPG.JK — Win Rate: 2.5%  Verdict: WEAK
2026-06-04 14:34:40 [INFO] screener: [AI] DSNG.JK — Win Rate: 12.0%  Verdict: WEAK
2026-06-04 14:34:41 [INFO] screener: [AI] NELY.JK — Win Rate: 9.4%  Verdict: WEAK
2026-06-04 14:34:41 [INFO] screener: [AI] SIMP.JK — Win Rate: 8.4%  Verdict: WEAK
2026-06-04 14:34:41 [INFO] screener: [AI] AALI.JK — Win Rate: 7.8%  Verdict: WEAK
2026-06-04 14:34:41 [INFO] screener: [AI] LSIP.JK — Win Rate: 8.4%  Verdict: WEAK
2026-06-04 14:34:41 [INFO] screener: [AI] TMAS.JK — Win Rate: 7.3%  Verdict: WEAK
2026-06-04 14:34:41 [INFO] screener: [AI] SSMS.JK — Win Rate: 9.2%  Verdict: WEAK
2026-06-04 14:34:41 [WARNING] screener: [FUNDAMENTAL] PMUI.JK: PE tidak tersedia — pakai default 15
2026-06-04 14:34:41 [WARNING] screener: [FUNDAMENTAL] AREA.JK: PE tidak tersedia — pakai default 15
2026-06-04 14:34:41 [WARNING] screener: [FUNDAMENTAL] STRK.JK: PE tidak tersedia — pakai default 15
2026-06-04 14:34:41 [WARNING] screener: [FUNDAMENTAL] WIDI.JK: PE tidak tersedia — pakai default 15
2026-06-04 14:34:41 [WARNING] screener: [FUNDAMENTAL] GTRA.JK: PE tidak tersedia — pakai default 15
2026-06-04 14:34:41 [WARNING] screener: [FUNDAMENTAL] AWAN.JK: PE tidak tersedia — pakai default 15
2026-06-04 14:34:42 [INFO] screener: [AI] STRK.JK — Win Rate: 1.0%  Verdict: WEAK
2026-06-04 14:34:42 [INFO] screener: [AI] PMUI.JK — Win Rate: 1.6%  Verdict: WEAK
2026-06-04 14:34:42 [INFO] screener: [AI] ALII.JK — Win Rate: 3.0%  Verdict: WEAK
2026-06-04 14:34:42 [INFO] screener: [AI] AREA.JK — Win Rate: 8.1%  Verdict: WEAK
2026-06-04 14:34:42 [INFO] screener: [AI] GTRA.JK — Win Rate: 1.4%  Verdict: WEAK
2026-06-04 14:34:43 [INFO] screener: [AI] WIDI.JK — Win Rate: 5.5%  Verdict: WEAK
2026-06-04 17:57:18 [INFO] screener: Memindai Arus Uang (Rotasi Sektor)...
2026-06-04 17:57:28 [INFO] screener: Rotasi sektor selesai (11 sektor dipindai)
2026-06-04 17:57:28 [INFO] screener: Mengunduh Cuaca Makro Global & Komoditas...
2026-06-04 17:57:29 [INFO] screener: Macro update — IHSG=-1.70% | USD=+0.91% | Trend=DOWN | Penalty=-2.0
2026-06-04 17:57:32 [INFO] screener: [ENSEMBLE] Loaded v5.0 (threshold=0.671)
2026-06-04 17:57:32 [INFO] screener: [ENSEMBLE] Loaded v5.0 (threshold=0.671)
2026-06-04 17:57:32 [INFO] screener: [ENSEMBLE] Loaded v5.0 (threshold=0.671)
2026-06-04 17:57:32 [INFO] screener: [ENSEMBLE] Loaded v5.0 (threshold=0.671)
2026-06-04 17:57:32 [INFO] screener: [ENSEMBLE] Loaded v5.0 (threshold=0.671)
2026-06-04 17:57:32 [INFO] screener: [ENSEMBLE] Loaded v5.0 (threshold=0.671)
2026-06-04 17:57:32 [INFO] screener: [ENSEMBLE] Loaded v5.0 (threshold=0.671)
2026-06-04 17:57:32 [INFO] screener: [ENSEMBLE] Loaded v5.0 (threshold=0.671)
2026-06-04 17:57:32 [INFO] screener: [ENSEMBLE] Loaded v5.0 (threshold=0.671)
2026-06-04 17:57:32 [INFO] screener: [ENSEMBLE] Loaded v5.0 (threshold=0.671)
2026-06-04 17:57:32 [INFO] screener: [ENSEMBLE] Loaded v5.0 (threshold=0.671)
2026-06-04 17:57:32 [INFO] screener: [ENSEMBLE] Loaded v5.0 (threshold=0.671)
2026-06-04 17:57:33 [INFO] screener: [ENSEMBLE] Loaded v5.0 (threshold=0.671)
2026-06-04 17:57:35 [INFO] screener: [AI] NISP.JK — Win Rate: 5.7%  Verdict: WEAK
2026-06-04 17:57:35 [INFO] screener: [AI] BBTN.JK — Win Rate: 3.5%  Verdict: WEAK
2026-06-04 17:57:35 [INFO] screener: [AI] BRIS.JK — Win Rate: 24.1%  Verdict: WEAK
2026-06-04 17:57:35 [INFO] screener: [AI] ARTO.JK — Win Rate: 6.8%  Verdict: WEAK
2026-06-04 17:57:35 [INFO] screener: [AI] BMRI.JK — Win Rate: 9.0%  Verdict: WEAK
2026-06-04 17:57:35 [INFO] screener: [AI] BBYB.JK — Win Rate: 7.4%  Verdict: WEAK
2026-06-04 17:57:35 [INFO] screener: [AI] CFIN.JK — Win Rate: 6.4%  Verdict: WEAK
2026-06-04 17:57:35 [INFO] screener: [AI] BBNI.JK — Win Rate: 7.1%  Verdict: WEAK
2026-06-04 17:57:35 [INFO] screener: [AI] BVIC.JK — Win Rate: 19.7%  Verdict: WEAK
2026-06-04 17:57:35 [INFO] screener: [AI] BTPS.JK — Win Rate: 15.4%  Verdict: WEAK
2026-06-04 17:57:35 [INFO] screener: [AI] BNGA.JK — Win Rate: 4.7%  Verdict: WEAK
2026-06-04 17:57:35 [INFO] screener: [AI] BBCA.JK — Win Rate: 12.1%  Verdict: WEAK
2026-06-04 17:57:35 [INFO] screener: [AI] BBRI.JK — Win Rate: 9.0%  Verdict: WEAK
2026-06-04 17:57:35 [INFO] screener: [AI] BDMN.JK — Win Rate: 40.2%  Verdict: WEAK
2026-06-04 17:57:36 [WARNING] screener: [FUNDAMENTAL] MLPL.JK: PE tidak tersedia — pakai default 15
2026-06-04 17:57:38 [INFO] screener: [AI] BJTM.JK — Win Rate: 7.2%  Verdict: WEAK
2026-06-04 17:57:38 [INFO] screener: [AI] SMMA.JK — Win Rate: 12.9%  Verdict: WEAK
2026-06-04 17:57:38 [INFO] screener: [AI] BMTR.JK — Win Rate: 13.1%  Verdict: WEAK
2026-06-04 17:57:38 [INFO] screener: [AI] BSIM.JK — Win Rate: 17.9%  Verdict: WEAK
2026-06-04 17:57:38 [INFO] screener: [AI] PNBN.JK — Win Rate: 6.2%  Verdict: WEAK
2026-06-04 17:57:38 [INFO] screener: [AI] ASII.JK — Win Rate: 8.2%  Verdict: WEAK
2026-06-04 17:57:38 [INFO] screener: [AI] LPKR.JK — Win Rate: 8.0%  Verdict: WEAK
2026-06-04 17:57:38 [INFO] screener: [AI] BJBR.JK — Win Rate: 5.8%  Verdict: WEAK
2026-06-04 17:57:38 [INFO] screener: [AI] MLPL.JK — Win Rate: 8.3%  Verdict: WEAK
2026-06-04 17:57:38 [INFO] screener: [AI] SRTG.JK — Win Rate: 8.3%  Verdict: WEAK
2026-06-04 17:57:38 [WARNING] screener: [FUNDAMENTAL] MPPA.JK: PE tidak tersedia — pakai default 15
2026-06-04 17:57:38 [INFO] screener: [AI] UNTR.JK — Win Rate: 23.8%  Verdict: WEAK
2026-06-04 17:57:38 [INFO] screener: [AI] BHIT.JK — Win Rate: 3.4%  Verdict: WEAK
2026-06-04 17:57:39 [WARNING] screener: [FUNDAMENTAL] BELI.JK: PE tidak tersedia — pakai default 15
2026-06-04 17:57:39 [WARNING] screener: [FUNDAMENTAL] GOTO.JK: PE tidak tersedia — pakai default 15
2026-06-04 17:57:39 [WARNING] screener: [FUNDAMENTAL] EXCL.JK: PE tidak tersedia — pakai default 15
2026-06-04 17:57:40 [INFO] screener: [AI] MPPA.JK — Win Rate: 1.3%  Verdict: WEAK
2026-06-04 17:57:40 [INFO] screener: [AI] BNLI.JK — Win Rate: 6.5%  Verdict: WEAK
2026-06-04 17:57:40 [INFO] screener: [AI] SCMA.JK — Win Rate: 4.1%  Verdict: WEAK
2026-06-04 17:57:41 [INFO] screener: [AI] TLKM.JK — Win Rate: 6.0%  Verdict: WEAK
2026-06-04 17:57:41 [INFO] screener: [AI] ISAT.JK — Win Rate: 12.7%  Verdict: WEAK
2026-06-04 17:57:41 [INFO] screener: [AI] VIVA.JK — Win Rate: 1.2%  Verdict: WEAK
2026-06-04 17:57:41 [INFO] screener: [AI] EXCL.JK — Win Rate: 7.0%  Verdict: WEAK
2026-06-04 17:57:41 [INFO] screener: [AI] WIFI.JK — Win Rate: 13.1%  Verdict: WEAK
2026-06-04 17:57:41 [INFO] screener: [AI] EMTK.JK — Win Rate: 19.4%  Verdict: WEAK
2026-06-04 17:57:41 [INFO] screener: [AI] GOTO.JK — Win Rate: 5.8%  Verdict: WEAK
2026-06-04 17:57:41 [INFO] screener: [AI] BUKA.JK — Win Rate: 6.7%  Verdict: WEAK
2026-06-04 17:57:41 [INFO] screener: [AI] BELI.JK — Win Rate: 5.5%  Verdict: WEAK
2026-06-04 17:57:41 [INFO] screener: [AI] MLPT.JK — Win Rate: 2.2%  Verdict: WEAK
2026-06-04 17:57:41 [WARNING] screener: [FUNDAMENTAL] KREN.JK: PE tidak tersedia — pakai default 15
2026-06-04 17:57:41 [WARNING] screener: [FUNDAMENTAL] AXIO.JK: PE tidak tersedia — pakai default 15
2026-06-04 17:57:41 [INFO] screener: [AI] MTDL.JK — Win Rate: 5.9%  Verdict: WEAK
2026-06-04 17:57:41 [INFO] screener: [AI] DMMX.JK — Win Rate: 3.8%  Verdict: WEAK
2026-06-04 17:57:42 [INFO] screener: [AI] KREN.JK — Win Rate: 1.5%  Verdict: WEAK
2026-06-04 17:57:42 [INFO] screener: [AI] AXIO.JK — Win Rate: 1.6%  Verdict: WEAK
2026-06-04 17:57:42 [INFO] screener: [AI] GLVA.JK — Win Rate: 3.4%  Verdict: WEAK
2026-06-04 17:57:42 [INFO] screener: [AI] PTBA.JK — Win Rate: 12.2%  Verdict: WEAK
2026-06-04 17:57:45 [INFO] screener: [AI] TINS.JK — Win Rate: 6.5%  Verdict: WEAK
2026-06-04 17:57:45 [WARNING] screener: [FUNDAMENTAL] DOID.JK: PE tidak tersedia — pakai default 15
2026-06-04 17:57:45 [WARNING] screener: [FUNDAMENTAL] TOBA.JK: PE tidak tersedia — pakai default 15
2026-06-04 17:57:45 [WARNING] screener: [FUNDAMENTAL] PTPP.JK: PE tidak tersedia — pakai default 15
2026-06-04 17:57:45 [INFO] screener: [AI] DEWA.JK — Win Rate: 24.1%  Verdict: WEAK
2026-06-04 17:57:45 [WARNING] screener: [FUNDAMENTAL] WEGE.JK: PE tidak tersedia — pakai default 15
2026-06-04 17:57:45 [WARNING] screener: [FUNDAMENTAL] ADHI.JK: PE tidak tersedia — pakai default 15
2026-06-04 17:57:45 [INFO] screener: [AI] AKRA.JK — Win Rate: 20.4%  Verdict: WEAK
2026-06-04 17:57:45 [WARNING] screener: [FUNDAMENTAL] PPRE.JK: PE tidak tersedia — pakai default 15
2026-06-04 17:57:45 [INFO] screener: [AI] ANTM.JK — Win Rate: 15.2%  Verdict: WEAK
2026-06-04 17:57:46 [WARNING] screener: [FUNDAMENTAL] ACST.JK: PE tidak tersedia — pakai default 15
2026-06-04 17:57:46 [INFO] screener: [AI] NCKL.JK — Win Rate: 3.1%  Verdict: WEAK
2026-06-04 17:57:47 [WARNING] screener: [FUNDAMENTAL] LEAD.JK: PE tidak tersedia — pakai default 15
2026-06-04 17:57:47 [INFO] screener: [AI] RMKE.JK — Win Rate: 3.6%  Verdict: WEAK
2026-06-04 17:57:47 [INFO] screener: [AI] ADHI.JK — Win Rate: 5.4%  Verdict: WEAK
2026-06-04 17:57:47 [INFO] screener: [AI] WEGE.JK — Win Rate: 5.9%  Verdict: WEAK
2026-06-04 17:57:47 [INFO] screener: [AI] PTPP.JK — Win Rate: 8.9%  Verdict: WEAK
2026-06-04 17:57:47 [INFO] screener: [AI] JSMR.JK — Win Rate: 24.4%  Verdict: WEAK
2026-06-04 17:57:48 [INFO] screener: [AI] PPRE.JK — Win Rate: 1.2%  Verdict: WEAK
2026-06-04 17:57:48 [INFO] screener: [AI] TOTL.JK — Win Rate: 28.4%  Verdict: WEAK
2026-06-04 17:57:48 [INFO] screener: [AI] ACST.JK — Win Rate: 12.0%  Verdict: WEAK
2026-06-04 17:57:48 [INFO] screener: [AI] JKON.JK — Win Rate: 5.5%  Verdict: WEAK
2026-06-04 17:57:48 [INFO] screener: [AI] CMNP.JK — Win Rate: 5.5%  Verdict: WEAK
2026-06-04 17:57:49 [INFO] screener: [AI] BIRD.JK — Win Rate: 4.1%  Verdict: WEAK
2026-06-04 17:57:49 [WARNING] screener: [FUNDAMENTAL] KAEF.JK: PE tidak tersedia — pakai default 15
2026-06-04 17:57:50 [INFO] screener: [AI] ICBP.JK — Win Rate: 11.9%  Verdict: WEAK
2026-06-04 17:57:50 [INFO] screener: [AI] INDF.JK — Win Rate: 14.1%  Verdict: WEAK
2026-06-04 17:57:50 [INFO] screener: [AI] UNVR.JK — Win Rate: 10.5%  Verdict: WEAK
2026-06-04 17:57:50 [INFO] screener: [AI] MYOR.JK — Win Rate: 2.6%  Verdict: WEAK
2026-06-04 17:57:50 [INFO] screener: [AI] GOOD.JK — Win Rate: 5.0%  Verdict: WEAK
2026-06-04 17:57:50 [INFO] screener: [AI] CLEO.JK — Win Rate: 3.5%  Verdict: WEAK
2026-06-04 17:57:50 [INFO] screener: [AI] CAMP.JK — Win Rate: 2.5%  Verdict: WEAK
2026-06-04 17:57:50 [INFO] screener: [AI] ROTI.JK — Win Rate: 5.4%  Verdict: WEAK
2026-06-04 17:57:50 [INFO] screener: [AI] ADES.JK — Win Rate: 23.3%  Verdict: WEAK
2026-06-04 17:57:50 [INFO] screener: [AI] STTP.JK — Win Rate: 25.4%  Verdict: WEAK
2026-06-04 17:57:50 [INFO] screener: [AI] KAEF.JK — Win Rate: 1.6%  Verdict: WEAK
2026-06-04 17:57:50 [INFO] screener: [AI] SIDO.JK — Win Rate: 17.1%  Verdict: WEAK
2026-06-04 17:57:50 [INFO] screener: [AI] PEHA.JK — Win Rate: 3.8%  Verdict: WEAK
2026-06-04 17:57:51 [WARNING] screener: [FUNDAMENTAL] MPPA.JK: PE tidak tersedia — pakai default 15
2026-06-04 17:57:51 [WARNING] screener: [FUNDAMENTAL] HOKI.JK: PE tidak tersedia — pakai default 15
2026-06-04 17:57:52 [INFO] screener: [AI] MPPA.JK — Win Rate: 1.3%  Verdict: WEAK
2026-06-04 17:57:53 [INFO] screener: [AI] MIDI.JK — Win Rate: 6.2%  Verdict: WEAK
2026-06-04 17:57:53 [INFO] screener: [AI] AMRT.JK — Win Rate: 21.9%  Verdict: WEAK
2026-06-04 17:57:53 [INFO] screener: [AI] ERAA.JK — Win Rate: 10.6%  Verdict: WEAK
2026-06-04 17:57:53 [INFO] screener: [AI] CPIN.JK — Win Rate: 3.6%  Verdict: WEAK
2026-06-04 17:57:53 [INFO] screener: [AI] HOKI.JK — Win Rate: 3.1%  Verdict: WEAK
2026-06-04 17:57:53 [INFO] screener: [AI] MAPI.JK — Win Rate: 17.3%  Verdict: WEAK
2026-06-04 17:57:53 [INFO] screener: [AI] ACES.JK — Win Rate: 4.5%  Verdict: WEAK
2026-06-04 17:57:53 [INFO] screener: [AI] ENZO.JK — Win Rate: 3.9%  Verdict: WEAK
2026-06-04 17:57:53 [INFO] screener: [AI] BSDE.JK — Win Rate: 19.4%  Verdict: WEAK
2026-06-04 17:57:53 [INFO] screener: [AI] RALS.JK — Win Rate: 8.1%  Verdict: WEAK
2026-06-04 17:57:53 [INFO] screener: [AI] MAPA.JK — Win Rate: 3.3%  Verdict: WEAK
2026-06-04 17:57:53 [INFO] screener: [AI] LPPF.JK — Win Rate: 4.2%  Verdict: WEAK
2026-06-04 17:57:53 [INFO] screener: [AI] JPFA.JK — Win Rate: 3.1%  Verdict: WEAK
2026-06-04 17:57:54 [WARNING] screener: [FUNDAMENTAL] PPRO.JK: PE tidak tersedia — pakai default 15
2026-06-04 17:57:54 [INFO] screener: [AI] CTRA.JK — Win Rate: 6.2%  Verdict: WEAK
2026-06-04 17:57:54 [INFO] screener: [AI] SMRA.JK — Win Rate: 9.0%  Verdict: WEAK
2026-06-04 17:57:56 [INFO] screener: [AI] DUTI.JK — Win Rate: 22.8%  Verdict: WEAK
2026-06-04 17:57:56 [INFO] screener: [AI] DMAS.JK — Win Rate: 10.0%  Verdict: WEAK
2026-06-04 17:57:56 [INFO] screener: [AI] GWSA.JK — Win Rate: 5.4%  Verdict: WEAK
2026-06-04 17:57:56 [INFO] screener: [AI] PPRO.JK — Win Rate: 3.2%  Verdict: WEAK
2026-06-04 17:57:56 [INFO] screener: [AI] PWON.JK — Win Rate: 16.1%  Verdict: WEAK
2026-06-04 17:57:56 [INFO] screener: [AI] DILD.JK — Win Rate: 2.3%  Verdict: WEAK
2026-06-04 17:57:56 [INFO] screener: [AI] ASRI.JK — Win Rate: 5.4%  Verdict: WEAK
2026-06-04 17:57:56 [INFO] screener: [AI] MKPI.JK — Win Rate: 9.5%  Verdict: WEAK
2026-06-04 17:57:56 [INFO] screener: [AI] LPCK.JK — Win Rate: 13.8%  Verdict: WEAK
2026-06-04 17:57:56 [INFO] screener: [AI] SSIA.JK — Win Rate: 12.8%  Verdict: WEAK
2026-06-04 17:57:56 [INFO] screener: [AI] BKSL.JK — Win Rate: 9.4%  Verdict: WEAK
2026-06-04 17:57:56 [INFO] screener: [AI] KIJA.JK — Win Rate: 5.9%  Verdict: WEAK
2026-06-04 17:57:56 [INFO] screener: [AI] KLBF.JK — Win Rate: 25.2%  Verdict: WEAK
2026-06-04 17:57:57 [INFO] screener: [AI] MIKA.JK — Win Rate: 23.6%  Verdict: WEAK
2026-06-04 17:57:57 [WARNING] screener: [FUNDAMENTAL] BAJA.JK: PE tidak tersedia — pakai default 15
2026-06-04 17:57:58 [INFO] screener: [AI] HEAL.JK — Win Rate: 15.8%  Verdict: WEAK
2026-06-04 17:57:58 [INFO] screener: [AI] BMHS.JK — Win Rate: 3.6%  Verdict: WEAK
2026-06-04 17:57:59 [INFO] screener: [AI] DGNS.JK — Win Rate: 3.3%  Verdict: WEAK
2026-06-04 17:57:59 [INFO] screener: [AI] SILO.JK — Win Rate: 13.4%  Verdict: WEAK
2026-06-04 17:57:59 [INFO] screener: [AI] PRDA.JK — Win Rate: 33.8%  Verdict: WEAK
2026-06-04 17:57:59 [INFO] screener: [AI] IRRA.JK — Win Rate: 1.4%  Verdict: WEAK
2026-06-04 17:57:59 [INFO] screener: [AI] TSPC.JK — Win Rate: 7.3%  Verdict: WEAK
2026-06-04 17:57:59 [INFO] screener: [AI] SMGR.JK — Win Rate: 18.7%  Verdict: WEAK
2026-06-04 17:57:59 [INFO] screener: [AI] SAME.JK — Win Rate: 4.4%  Verdict: WEAK
2026-06-04 17:57:59 [INFO] screener: [AI] INTP.JK — Win Rate: 11.2%  Verdict: WEAK
2026-06-04 17:57:59 [INFO] screener: [AI] SMBR.JK — Win Rate: 7.0%  Verdict: WEAK
2026-06-04 17:57:59 [INFO] screener: [AI] ISSP.JK — Win Rate: 5.1%  Verdict: WEAK
2026-06-04 17:57:59 [INFO] screener: [AI] BAJA.JK — Win Rate: 0.7%  Verdict: WEAK
2026-06-04 17:58:00 [INFO] screener: [AI] ALKA.JK — Win Rate: 6.5%  Verdict: WEAK
2026-06-04 17:58:00 [INFO] screener: [AI] BRNA.JK — Win Rate: 3.2%  Verdict: WEAK
2026-06-04 17:58:00 [INFO] screener: [AI] TOTO.JK — Win Rate: 10.3%  Verdict: WEAK
2026-06-04 17:58:00 [INFO] screener: [AI] ASSA.JK — Win Rate: 25.9%  Verdict: WEAK
2026-06-04 17:58:01 [INFO] screener: [AI] BIRD.JK — Win Rate: 4.1%  Verdict: WEAK
2026-06-04 17:58:01 [WARNING] screener: [FUNDAMENTAL] GIAA.JK: PE tidak tersedia — pakai default 15
2026-06-04 17:58:01 [WARNING] screener: [FUNDAMENTAL] GIAA.JK: Book Value tidak tersedia — pakai default 1.5
2026-06-04 17:58:03 [INFO] screener: [AI] LSIP.JK — Win Rate: 15.4%  Verdict: WEAK
2026-06-04 17:58:03 [INFO] screener: [AI] SIMP.JK — Win Rate: 21.1%  Verdict: WEAK
2026-06-04 17:58:03 [INFO] screener: [AI] NELY.JK — Win Rate: 14.7%  Verdict: WEAK
2026-06-04 17:58:03 [INFO] screener: [AI] HAIS.JK — Win Rate: 11.4%  Verdict: WEAK
2026-06-04 17:58:03 [INFO] screener: [AI] TAPG.JK — Win Rate: 4.0%  Verdict: WEAK
2026-06-04 17:58:03 [INFO] screener: [AI] BPTR.JK — Win Rate: 1.5%  Verdict: WEAK
2026-06-04 17:58:03 [INFO] screener: [AI] PANI.JK — Win Rate: 7.1%  Verdict: WEAK
2026-06-04 17:58:03 [INFO] screener: [AI] TMAS.JK — Win Rate: 6.0%  Verdict: WEAK
2026-06-04 17:58:03 [INFO] screener: [AI] TBLA.JK — Win Rate: 15.8%  Verdict: WEAK
2026-06-04 17:58:03 [INFO] screener: [AI] BWPT.JK — Win Rate: 11.2%  Verdict: WEAK
2026-06-04 17:58:03 [INFO] screener: [AI] AALI.JK — Win Rate: 15.1%  Verdict: WEAK
2026-06-04 17:58:03 [INFO] screener: [AI] DSNG.JK — Win Rate: 24.9%  Verdict: WEAK
2026-06-04 17:58:03 [WARNING] screener: [FUNDAMENTAL] PMUI.JK: PE tidak tersedia — pakai default 15
2026-06-04 17:58:03 [WARNING] screener: [FUNDAMENTAL] AWAN.JK: PE tidak tersedia — pakai default 15
2026-06-04 17:58:03 [WARNING] screener: [FUNDAMENTAL] AREA.JK: PE tidak tersedia — pakai default 15
2026-06-04 17:58:03 [WARNING] screener: [FUNDAMENTAL] GTRA.JK: PE tidak tersedia — pakai default 15
2026-06-04 17:58:03 [WARNING] screener: [FUNDAMENTAL] STRK.JK: PE tidak tersedia — pakai default 15
2026-06-04 17:58:03 [WARNING] screener: [FUNDAMENTAL] WIDI.JK: PE tidak tersedia — pakai default 15
2026-06-04 17:58:04 [INFO] screener: [AI] SSMS.JK — Win Rate: 20.3%  Verdict: WEAK
2026-06-04 17:58:05 [INFO] screener: [AI] STRK.JK — Win Rate: 1.7%  Verdict: WEAK
2026-06-04 17:58:05 [INFO] screener: [AI] PMUI.JK — Win Rate: 2.5%  Verdict: WEAK
2026-06-04 17:58:05 [INFO] screener: [AI] GTRA.JK — Win Rate: 2.4%  Verdict: WEAK
2026-06-04 17:58:05 [INFO] screener: [AI] WIDI.JK — Win Rate: 8.3%  Verdict: WEAK
2026-06-04 17:58:05 [INFO] screener: [AI] AREA.JK — Win Rate: 14.9%  Verdict: WEAK
2026-06-04 17:58:05 [INFO] screener: [AI] ALII.JK — Win Rate: 5.1%  Verdict: WEAK
2026-06-04 17:58:05 [INFO] backtest: [backtest] Tested=9 Skipped=0 WinRate=0.0% Sharpe=-98143250.28
