2026-05-29 09:30:04 [INFO] screener: Memindai Arus Uang (Rotasi Sektor)...
2026-05-29 09:30:17 [INFO] screener: Memindai Arus Uang (Rotasi Sektor)...
2026-05-29 09:30:20 [INFO] screener: Rotasi sektor selesai (11 sektor dipindai)
2026-05-29 09:30:20 [INFO] screener: Mengunduh Cuaca Makro Global & Komoditas...
2026-05-29 09:30:20 [INFO] screener: Macro update — IHSG=+0.88% | USD=-0.11% | Trend=DOWN | Penalty=-0.5
2026-05-29 09:30:26 [INFO] screener: [ENSEMBLE] Loaded v5.0 (threshold=0.671)
2026-05-29 09:30:26 [INFO] screener: [ENSEMBLE] Loaded v5.0 (threshold=0.671)
2026-05-29 09:30:26 [INFO] screener: [ENSEMBLE] Loaded v5.0 (threshold=0.671)
2026-05-29 09:30:26 [INFO] screener: [ENSEMBLE] Loaded v5.0 (threshold=0.671)
2026-05-29 09:30:26 [INFO] screener: [ENSEMBLE] Loaded v5.0 (threshold=0.671)
2026-05-29 09:30:26 [INFO] screener: [ENSEMBLE] Loaded v5.0 (threshold=0.671)
2026-05-29 09:30:26 [INFO] screener: [ENSEMBLE] Loaded v5.0 (threshold=0.671)
2026-05-29 09:30:26 [INFO] screener: [ENSEMBLE] Loaded v5.0 (threshold=0.671)
2026-05-29 09:30:26 [INFO] screener: [ENSEMBLE] Loaded v5.0 (threshold=0.671)
2026-05-29 09:30:26 [INFO] screener: [ENSEMBLE] Loaded v5.0 (threshold=0.671)
2026-05-29 09:30:26 [INFO] screener: [ENSEMBLE] Loaded v5.0 (threshold=0.671)
2026-05-29 09:30:26 [INFO] screener: [ENSEMBLE] Loaded v5.0 (threshold=0.671)
2026-05-29 09:30:26 [INFO] screener: [ENSEMBLE] Loaded v5.0 (threshold=0.671)
2026-05-29 09:30:26 [INFO] screener: [ENSEMBLE] Loaded v5.0 (threshold=0.671)
2026-05-29 09:30:29 [INFO] screener: [AI] ARTO.JK — Win Rate: 60.0%  Verdict: ULTRA BUY
2026-05-29 09:30:30 [INFO] screener: [AI] BTPS.JK — Win Rate: 20.8%  Verdict: WEAK
2026-05-29 09:30:30 [INFO] screener: [AI] BBNI.JK — Win Rate: 33.9%  Verdict: WEAK
2026-05-29 09:30:30 [INFO] screener: [AI] BBTN.JK — Win Rate: 7.2%  Verdict: WEAK
2026-05-29 09:30:30 [INFO] screener: [AI] CFIN.JK — Win Rate: 11.0%  Verdict: WEAK
2026-05-29 09:30:30 [INFO] screener: [AI] BMRI.JK — Win Rate: 18.5%  Verdict: WEAK
2026-05-29 09:30:30 [INFO] screener: [AI] BBRI.JK — Win Rate: 36.7%  Verdict: WEAK
2026-05-29 09:30:30 [INFO] screener: [AI] BRIS.JK — Win Rate: 5.9%  Verdict: WEAK
2026-05-29 09:30:30 [INFO] screener: [AI] NISP.JK — Win Rate: 41.2%  Verdict: WEAK
2026-05-29 09:30:30 [INFO] screener: [AI] BNGA.JK — Win Rate: 25.0%  Verdict: WEAK
2026-05-29 09:30:30 [INFO] screener: [AI] BDMN.JK — Win Rate: 18.0%  Verdict: WEAK
2026-05-29 09:30:30 [INFO] screener: [AI] BBCA.JK — Win Rate: 26.9%  Verdict: WEAK
2026-05-29 09:30:30 [INFO] screener: [AI] BBYB.JK — Win Rate: 28.9%  Verdict: WEAK
2026-05-29 09:30:30 [INFO] screener: [AI] BVIC.JK — Win Rate: 17.6%  Verdict: WEAK
2026-05-29 09:30:32 [WARNING] screener: [FUNDAMENTAL] MLPL.JK: PE tidak tersedia — pakai default 15
2026-05-29 09:30:33 [INFO] screener: [AI] BJTM.JK — Win Rate: 8.0%  Verdict: WEAK
2026-05-29 09:30:34 [INFO] screener: [AI] SRTG.JK — Win Rate: 14.7%  Verdict: WEAK
2026-05-29 09:30:34 [INFO] screener: [AI] BJBR.JK — Win Rate: 37.9%  Verdict: WEAK
2026-05-29 09:30:35 [INFO] screener: [AI] BHIT.JK — Win Rate: 15.2%  Verdict: WEAK
2026-05-29 09:30:35 [WARNING] screener: [FUNDAMENTAL] MPPA.JK: PE tidak tersedia — pakai default 15
2026-05-29 09:30:35 [INFO] screener: [AI] SMMA.JK — Win Rate: 28.1%  Verdict: WEAK
2026-05-29 09:30:36 [INFO] screener: [AI] BMTR.JK — Win Rate: 22.8%  Verdict: WEAK
2026-05-29 09:30:36 [INFO] screener: [AI] ASII.JK — Win Rate: 20.9%  Verdict: WEAK
2026-05-29 09:30:36 [INFO] screener: [AI] MLPL.JK — Win Rate: 13.2%  Verdict: WEAK
2026-05-29 09:30:36 [INFO] screener: [AI] PNBN.JK — Win Rate: 39.8%  Verdict: WEAK
2026-05-29 09:30:36 [INFO] screener: [AI] UNTR.JK — Win Rate: 31.4%  Verdict: WEAK
2026-05-29 09:30:36 [INFO] screener: [AI] LPKR.JK — Win Rate: 9.7%  Verdict: WEAK
2026-05-29 09:30:37 [INFO] screener: [AI] BSIM.JK — Win Rate: 38.7%  Verdict: WEAK
2026-05-29 09:30:37 [WARNING] screener: [FUNDAMENTAL] BELI.JK: PE tidak tersedia — pakai default 15
2026-05-29 09:30:37 [WARNING] screener: [FUNDAMENTAL] EXCL.JK: PE tidak tersedia — pakai default 15
2026-05-29 09:30:37 [WARNING] screener: [FUNDAMENTAL] GOTO.JK: PE tidak tersedia — pakai default 15
2026-05-29 09:30:38 [INFO] screener: [AI] MPPA.JK — Win Rate: 11.1%  Verdict: WEAK
2026-05-29 09:30:39 [INFO] screener: [AI] SCMA.JK — Win Rate: 36.7%  Verdict: WEAK
2026-05-29 09:30:39 [INFO] screener: [AI] VIVA.JK — Win Rate: 44.0%  Verdict: WEAK
2026-05-29 09:30:39 [INFO] screener: [AI] BNLI.JK — Win Rate: 72.0%  Verdict: ULTRA BUY
2026-05-29 09:30:41 [INFO] screener: [AI] TLKM.JK — Win Rate: 52.2%  Verdict: BUY
2026-05-29 09:30:43 [WARNING] screener: [FUNDAMENTAL] KREN.JK: PE tidak tersedia — pakai default 15
2026-05-29 09:30:43 [INFO] screener: [AI] EXCL.JK — Win Rate: 22.7%  Verdict: WEAK
2026-05-29 09:30:44 [INFO] screener: [AI] BELI.JK — Win Rate: 33.0%  Verdict: WEAK
2026-05-29 09:30:44 [INFO] screener: [AI] BUKA.JK — Win Rate: 33.9%  Verdict: WEAK
2026-05-29 09:30:44 [INFO] screener: [AI] GOTO.JK — Win Rate: 14.5%  Verdict: WEAK
2026-05-29 09:30:44 [INFO] screener: [AI] EMTK.JK — Win Rate: 26.8%  Verdict: WEAK
2026-05-29 09:30:44 [INFO] screener: [AI] WIFI.JK — Win Rate: 18.4%  Verdict: WEAK
2026-05-29 09:30:44 [INFO] screener: [AI] ISAT.JK — Win Rate: 26.8%  Verdict: WEAK
2026-05-29 09:30:44 [INFO] screener: [AI] MLPT.JK — Win Rate: 9.8%  Verdict: WEAK
2026-05-29 09:30:44 [WARNING] screener: [FUNDAMENTAL] AXIO.JK: PE tidak tersedia — pakai default 15
2026-05-29 09:30:45 [INFO] screener: [AI] MTDL.JK — Win Rate: 44.1%  Verdict: WEAK
2026-05-29 09:30:45 [INFO] screener: Rotasi sektor selesai (11 sektor dipindai)
2026-05-29 09:30:45 [INFO] screener: Mengunduh Cuaca Makro Global & Komoditas...
2026-05-29 09:30:45 [INFO] screener: [AI] DMMX.JK — Win Rate: 14.7%  Verdict: WEAK
2026-05-29 09:30:45 [INFO] screener: [AI] KREN.JK — Win Rate: 45.1%  Verdict: WEAK
2026-05-29 09:30:46 [INFO] screener: Macro update — IHSG=+0.95% | USD=-0.11% | Trend=DOWN | Penalty=-0.5
2026-05-29 09:30:46 [INFO] screener: [AI] AXIO.JK — Win Rate: 24.2%  Verdict: WEAK
2026-05-29 09:30:46 [INFO] screener: [AI] GLVA.JK — Win Rate: 10.1%  Verdict: WEAK
2026-05-29 09:30:47 [INFO] screener: [AI] PTBA.JK — Win Rate: 13.0%  Verdict: WEAK
2026-05-29 09:30:52 [INFO] screener: [ENSEMBLE] Loaded v5.0 (threshold=0.671)
2026-05-29 09:30:52 [INFO] screener: [ENSEMBLE] Loaded v5.0 (threshold=0.671)
2026-05-29 09:30:52 [INFO] screener: [ENSEMBLE] Loaded v5.0 (threshold=0.671)
2026-05-29 09:30:52 [INFO] screener: [ENSEMBLE] Loaded v5.0 (threshold=0.671)
2026-05-29 09:30:52 [INFO] screener: [ENSEMBLE] Loaded v5.0 (threshold=0.671)
2026-05-29 09:30:53 [INFO] screener: [ENSEMBLE] Loaded v5.0 (threshold=0.671)
2026-05-29 09:30:53 [INFO] screener: [ENSEMBLE] Loaded v5.0 (threshold=0.671)
2026-05-29 09:30:54 [INFO] screener: [AI] DEWA.JK — Win Rate: 32.5%  Verdict: WEAK
2026-05-29 09:30:54 [INFO] screener: [AI] TINS.JK — Win Rate: 19.0%  Verdict: WEAK
2026-05-29 09:30:54 [INFO] screener: [AI] AKRA.JK — Win Rate: 38.5%  Verdict: WEAK
2026-05-29 09:30:55 [INFO] screener: [AI] ANTM.JK — Win Rate: 33.9%  Verdict: WEAK
2026-05-29 09:30:55 [INFO] screener: [AI] BMRI.JK — Win Rate: 18.5%  Verdict: WEAK
2026-05-29 09:30:55 [INFO] screener: [AI] NISP.JK — Win Rate: 41.2%  Verdict: WEAK
2026-05-29 09:30:55 [INFO] screener: [AI] BRIS.JK — Win Rate: 5.9%  Verdict: WEAK
2026-05-29 09:30:55 [INFO] screener: [AI] BBNI.JK — Win Rate: 33.9%  Verdict: WEAK
2026-05-29 09:30:55 [INFO] screener: [AI] BNGA.JK — Win Rate: 25.0%  Verdict: WEAK
2026-05-29 09:30:55 [INFO] screener: [AI] BDMN.JK — Win Rate: 18.0%  Verdict: WEAK
2026-05-29 09:30:55 [INFO] screener: [AI] BBCA.JK — Win Rate: 26.9%  Verdict: WEAK
2026-05-29 09:30:55 [INFO] screener: [AI] ARTO.JK — Win Rate: 60.0%  Verdict: ULTRA BUY
2026-05-29 09:30:55 [INFO] screener: [AI] BBTN.JK — Win Rate: 7.2%  Verdict: WEAK
2026-05-29 09:30:56 [INFO] screener: [AI] BBYB.JK — Win Rate: 28.9%  Verdict: WEAK
2026-05-29 09:30:56 [WARNING] screener: [FUNDAMENTAL] DOID.JK: PE tidak tersedia — pakai default 15
2026-05-29 09:30:56 [WARNING] screener: [FUNDAMENTAL] TOBA.JK: PE tidak tersedia — pakai default 15
2026-05-29 09:30:56 [WARNING] screener: [FUNDAMENTAL] PTPP.JK: PE tidak tersedia — pakai default 15
2026-05-29 09:30:56 [WARNING] screener: [FUNDAMENTAL] PPRE.JK: PE tidak tersedia — pakai default 15
2026-05-29 09:30:56 [WARNING] screener: [FUNDAMENTAL] ADHI.JK: PE tidak tersedia — pakai default 15
2026-05-29 09:30:56 [WARNING] screener: [FUNDAMENTAL] WEGE.JK: PE tidak tersedia — pakai default 15
2026-05-29 09:30:57 [WARNING] screener: [FUNDAMENTAL] ACST.JK: PE tidak tersedia — pakai default 15
2026-05-29 09:30:57 [INFO] screener: [AI] BVIC.JK — Win Rate: 17.6%  Verdict: WEAK
2026-05-29 09:30:57 [INFO] screener: [AI] BBRI.JK — Win Rate: 36.7%  Verdict: WEAK
2026-05-29 09:30:57 [INFO] screener: [AI] CFIN.JK — Win Rate: 11.0%  Verdict: WEAK
2026-05-29 09:30:57 [INFO] screener: [AI] BTPS.JK — Win Rate: 20.8%  Verdict: WEAK
2026-05-29 09:30:58 [WARNING] screener: [FUNDAMENTAL] MLPL.JK: PE tidak tersedia — pakai default 15
2026-05-29 09:30:59 [INFO] screener: [AI] NCKL.JK — Win Rate: 14.4%  Verdict: WEAK
2026-05-29 09:31:00 [INFO] screener: [AI] ADHI.JK — Win Rate: 27.7%  Verdict: WEAK
2026-05-29 09:31:00 [INFO] screener: [AI] JSMR.JK — Win Rate: 16.0%  Verdict: WEAK
2026-05-29 09:31:01 [INFO] screener: [AI] RMKE.JK — Win Rate: 10.5%  Verdict: WEAK
2026-05-29 09:31:01 [INFO] screener: [AI] PTPP.JK — Win Rate: 23.1%  Verdict: WEAK
2026-05-29 09:31:01 [INFO] screener: [AI] PPRE.JK — Win Rate: 11.4%  Verdict: WEAK
2026-05-29 09:31:01 [INFO] screener: [AI] JKON.JK — Win Rate: 21.8%  Verdict: WEAK
2026-05-29 09:31:01 [INFO] screener: [AI] PNBN.JK — Win Rate: 39.8%  Verdict: WEAK
2026-05-29 09:31:01 [INFO] screener: [AI] BJBR.JK — Win Rate: 37.9%  Verdict: WEAK
2026-05-29 09:31:01 [INFO] screener: [AI] BJTM.JK — Win Rate: 8.0%  Verdict: WEAK
2026-05-29 09:31:01 [INFO] screener: [AI] BSIM.JK — Win Rate: 38.7%  Verdict: WEAK
2026-05-29 09:31:01 [INFO] screener: [AI] ASII.JK — Win Rate: 20.9%  Verdict: WEAK
2026-05-29 09:31:01 [INFO] screener: [AI] SRTG.JK — Win Rate: 14.7%  Verdict: WEAK
2026-05-29 09:31:01 [INFO] screener: [AI] BMTR.JK — Win Rate: 22.8%  Verdict: WEAK
2026-05-29 09:31:01 [INFO] screener: [AI] MLPL.JK — Win Rate: 13.2%  Verdict: WEAK
2026-05-29 09:31:01 [WARNING] screener: [FUNDAMENTAL] LEAD.JK: PE tidak tersedia — pakai default 15
2026-05-29 09:31:01 [INFO] screener: [AI] TOTL.JK — Win Rate: 50.0%  Verdict: WEAK
2026-05-29 09:31:02 [INFO] screener: [AI] WEGE.JK — Win Rate: 11.6%  Verdict: WEAK
2026-05-29 09:31:02 [INFO] screener: [AI] ACST.JK — Win Rate: 33.5%  Verdict: WEAK
2026-05-29 09:31:02 [INFO] screener: [AI] BHIT.JK — Win Rate: 15.2%  Verdict: WEAK
2026-05-29 09:31:02 [INFO] screener: [AI] SMMA.JK — Win Rate: 28.1%  Verdict: WEAK
2026-05-29 09:31:02 [INFO] screener: [AI] LPKR.JK — Win Rate: 9.7%  Verdict: WEAK
2026-05-29 09:31:02 [INFO] screener: [AI] UNTR.JK — Win Rate: 31.4%  Verdict: WEAK
2026-05-29 09:31:02 [WARNING] screener: [FUNDAMENTAL] EXCL.JK: PE tidak tersedia — pakai default 15
2026-05-29 09:31:02 [WARNING] screener: [FUNDAMENTAL] MPPA.JK: PE tidak tersedia — pakai default 15
2026-05-29 09:31:03 [WARNING] screener: [FUNDAMENTAL] GOTO.JK: PE tidak tersedia — pakai default 15
2026-05-29 09:31:03 [WARNING] screener: [FUNDAMENTAL] BELI.JK: PE tidak tersedia — pakai default 15
2026-05-29 09:31:04 [INFO] screener: [AI] VIVA.JK — Win Rate: 44.0%  Verdict: WEAK
2026-05-29 09:31:04 [INFO] screener: [AI] EXCL.JK — Win Rate: 22.7%  Verdict: WEAK
2026-05-29 09:31:05 [INFO] screener: [AI] MPPA.JK — Win Rate: 11.1%  Verdict: WEAK
2026-05-29 09:31:05 [INFO] screener: [AI] CMNP.JK — Win Rate: 38.2%  Verdict: WEAK
2026-05-29 09:31:05 [INFO] screener: [AI] ISAT.JK — Win Rate: 26.8%  Verdict: WEAK
2026-05-29 09:31:06 [INFO] screener: [AI] BUKA.JK — Win Rate: 33.9%  Verdict: WEAK
2026-05-29 09:31:06 [INFO] screener: [AI] BNLI.JK — Win Rate: 72.0%  Verdict: ULTRA BUY
2026-05-29 09:31:06 [INFO] screener: [AI] BIRD.JK — Win Rate: 13.9%  Verdict: WEAK
2026-05-29 09:31:06 [INFO] screener: [AI] ICBP.JK — Win Rate: 15.6%  Verdict: WEAK
2026-05-29 09:31:06 [INFO] screener: [AI] INDF.JK — Win Rate: 6.2%  Verdict: WEAK
2026-05-29 09:31:07 [INFO] screener: [AI] UNVR.JK — Win Rate: 11.3%  Verdict: WEAK
2026-05-29 09:31:07 [INFO] screener: [AI] MYOR.JK — Win Rate: 16.3%  Verdict: WEAK
2026-05-29 09:31:07 [INFO] screener: [AI] ROTI.JK — Win Rate: 55.6%  Verdict: BUY
2026-05-29 09:31:07 [WARNING] screener: [FUNDAMENTAL] KAEF.JK: PE tidak tersedia — pakai default 15
2026-05-29 09:31:08 [WARNING] screener: [FUNDAMENTAL] KREN.JK: PE tidak tersedia — pakai default 15
2026-05-29 09:31:08 [INFO] screener: [AI] BELI.JK — Win Rate: 33.0%  Verdict: WEAK
2026-05-29 09:31:08 [INFO] screener: [AI] GOTO.JK — Win Rate: 14.5%  Verdict: WEAK
2026-05-29 09:31:08 [WARNING] screener: [FUNDAMENTAL] AXIO.JK: PE tidak tersedia — pakai default 15
2026-05-29 09:31:08 [INFO] screener: [AI] SCMA.JK — Win Rate: 36.7%  Verdict: WEAK
2026-05-29 09:31:08 [INFO] screener: [AI] WIFI.JK — Win Rate: 18.4%  Verdict: WEAK
2026-05-29 09:31:08 [INFO] screener: [AI] TLKM.JK — Win Rate: 52.2%  Verdict: BUY
2026-05-29 09:31:09 [INFO] screener: [AI] MLPT.JK — Win Rate: 9.8%  Verdict: WEAK
2026-05-29 09:31:09 [INFO] screener: [AI] GOOD.JK — Win Rate: 44.1%  Verdict: WEAK
2026-05-29 09:31:10 [INFO] screener: [AI] EMTK.JK — Win Rate: 26.8%  Verdict: WEAK
2026-05-29 09:31:10 [INFO] screener: [AI] CAMP.JK — Win Rate: 17.3%  Verdict: WEAK
2026-05-29 09:31:10 [INFO] screener: [AI] ADES.JK — Win Rate: 29.9%  Verdict: WEAK
2026-05-29 09:31:11 [INFO] screener: [AI] CLEO.JK — Win Rate: 19.1%  Verdict: WEAK
2026-05-29 09:31:11 [INFO] screener: [AI] STTP.JK — Win Rate: 28.0%  Verdict: WEAK
2026-05-29 09:31:11 [INFO] screener: [AI] MTDL.JK — Win Rate: 44.1%  Verdict: WEAK
2026-05-29 09:31:11 [INFO] screener: [AI] DMMX.JK — Win Rate: 14.7%  Verdict: WEAK
2026-05-29 09:31:11 [INFO] screener: [AI] KAEF.JK — Win Rate: 12.7%  Verdict: WEAK
2026-05-29 09:31:11 [INFO] screener: [AI] SIDO.JK — Win Rate: 43.1%  Verdict: WEAK
2026-05-29 09:31:11 [INFO] screener: [AI] PEHA.JK — Win Rate: 23.9%  Verdict: WEAK
2026-05-29 09:31:12 [INFO] screener: [AI] KREN.JK — Win Rate: 45.1%  Verdict: WEAK
2026-05-29 09:31:12 [INFO] screener: [AI] AXIO.JK — Win Rate: 24.2%  Verdict: WEAK
2026-05-29 09:31:12 [INFO] screener: [AI] GLVA.JK — Win Rate: 10.1%  Verdict: WEAK
2026-05-29 09:31:13 [INFO] screener: [AI] PTBA.JK — Win Rate: 13.0%  Verdict: WEAK
2026-05-29 09:31:13 [WARNING] screener: [FUNDAMENTAL] MPPA.JK: PE tidak tersedia — pakai default 15
2026-05-29 09:31:14 [WARNING] screener: [FUNDAMENTAL] HOKI.JK: PE tidak tersedia — pakai default 15
2026-05-29 09:31:16 [INFO] screener: [AI] MPPA.JK — Win Rate: 11.1%  Verdict: WEAK
2026-05-29 09:31:17 [INFO] screener: [AI] TINS.JK — Win Rate: 19.0%  Verdict: WEAK
2026-05-29 09:31:18 [INFO] screener: [AI] DEWA.JK — Win Rate: 32.5%  Verdict: WEAK
2026-05-29 09:31:18 [INFO] screener: [AI] ENZO.JK — Win Rate: 13.8%  Verdict: WEAK
2026-05-29 09:31:18 [INFO] screener: [AI] ANTM.JK — Win Rate: 33.9%  Verdict: WEAK
2026-05-29 09:31:19 [INFO] screener: [AI] AKRA.JK — Win Rate: 38.5%  Verdict: WEAK
2026-05-29 09:31:19 [INFO] screener: [AI] BSDE.JK — Win Rate: 51.7%  Verdict: BUY
2026-05-29 09:31:19 [WARNING] screener: [FUNDAMENTAL] DOID.JK: PE tidak tersedia — pakai default 15
2026-05-29 09:31:19 [INFO] screener: [AI] CPIN.JK — Win Rate: 7.0%  Verdict: WEAK
2026-05-29 09:31:19 [WARNING] screener: [FUNDAMENTAL] PTPP.JK: PE tidak tersedia — pakai default 15
2026-05-29 09:31:19 [WARNING] screener: [FUNDAMENTAL] ADHI.JK: PE tidak tersedia — pakai default 15
2026-05-29 09:31:20 [WARNING] screener: [FUNDAMENTAL] TOBA.JK: PE tidak tersedia — pakai default 15
2026-05-29 09:31:20 [WARNING] screener: [FUNDAMENTAL] WEGE.JK: PE tidak tersedia — pakai default 15
2026-05-29 09:31:20 [WARNING] screener: [FUNDAMENTAL] PPRE.JK: PE tidak tersedia — pakai default 15
2026-05-29 09:31:20 [WARNING] screener: [FUNDAMENTAL] ACST.JK: PE tidak tersedia — pakai default 15
2026-05-29 09:31:21 [INFO] screener: [AI] MAPI.JK — Win Rate: 17.0%  Verdict: WEAK
2026-05-29 09:31:21 [INFO] screener: [AI] HOKI.JK — Win Rate: 33.2%  Verdict: WEAK
2026-05-29 09:31:21 [INFO] screener: [AI] MAPA.JK — Win Rate: 15.0%  Verdict: WEAK
2026-05-29 09:31:21 [INFO] screener: [AI] JPFA.JK — Win Rate: 37.5%  Verdict: WEAK
2026-05-29 09:31:21 [INFO] screener: [AI] MIDI.JK — Win Rate: 47.5%  Verdict: WEAK
2026-05-29 09:31:21 [INFO] screener: [AI] LPPF.JK — Win Rate: 21.4%  Verdict: WEAK
2026-05-29 09:31:21 [INFO] screener: [AI] AMRT.JK — Win Rate: 59.8%  Verdict: BUY
2026-05-29 09:31:21 [WARNING] screener: [FUNDAMENTAL] LEAD.JK: PE tidak tersedia — pakai default 15
2026-05-29 09:31:22 [INFO] screener: [AI] NCKL.JK — Win Rate: 14.4%  Verdict: WEAK
2026-05-29 09:31:23 [INFO] screener: [AI] ADHI.JK — Win Rate: 27.7%  Verdict: WEAK
2026-05-29 09:31:23 [INFO] screener: [AI] RMKE.JK — Win Rate: 10.5%  Verdict: WEAK
2026-05-29 09:31:23 [INFO] screener: [AI] PTPP.JK — Win Rate: 23.1%  Verdict: WEAK
2026-05-29 09:31:23 [INFO] screener: [AI] JSMR.JK — Win Rate: 16.0%  Verdict: WEAK
2026-05-29 09:31:23 [INFO] screener: [AI] PPRE.JK — Win Rate: 11.4%  Verdict: WEAK
2026-05-29 09:31:23 [INFO] screener: [AI] ACST.JK — Win Rate: 33.5%  Verdict: WEAK
2026-05-29 09:31:23 [INFO] screener: [AI] WEGE.JK — Win Rate: 11.6%  Verdict: WEAK
2026-05-29 09:31:23 [INFO] screener: [AI] ERAA.JK — Win Rate: 22.5%  Verdict: WEAK
2026-05-29 09:31:23 [INFO] screener: [AI] CMNP.JK — Win Rate: 38.2%  Verdict: WEAK
2026-05-29 09:31:23 [INFO] screener: [AI] ACES.JK — Win Rate: 18.4%  Verdict: WEAK
2026-05-29 09:31:23 [INFO] screener: [AI] RALS.JK — Win Rate: 36.8%  Verdict: WEAK
2026-05-29 09:31:25 [WARNING] screener: [FUNDAMENTAL] PPRO.JK: PE tidak tersedia — pakai default 15
2026-05-29 09:31:26 [INFO] screener: [AI] CTRA.JK — Win Rate: 19.1%  Verdict: WEAK
2026-05-29 09:31:26 [INFO] screener: [AI] SMRA.JK — Win Rate: 9.8%  Verdict: WEAK
2026-05-29 09:31:26 [INFO] screener: [AI] TOTL.JK — Win Rate: 50.0%  Verdict: WEAK
2026-05-29 09:31:26 [INFO] screener: [AI] JKON.JK — Win Rate: 21.8%  Verdict: WEAK
2026-05-29 09:31:26 [INFO] screener: [AI] BIRD.JK — Win Rate: 13.9%  Verdict: WEAK
2026-05-29 09:31:26 [INFO] screener: [AI] INDF.JK — Win Rate: 6.2%  Verdict: WEAK
2026-05-29 09:31:27 [INFO] screener: [AI] GOOD.JK — Win Rate: 44.1%  Verdict: WEAK
2026-05-29 09:31:27 [INFO] screener: [AI] CAMP.JK — Win Rate: 17.3%  Verdict: WEAK
2026-05-29 09:31:27 [WARNING] screener: [FUNDAMENTAL] KAEF.JK: PE tidak tersedia — pakai default 15
2026-05-29 09:31:27 [INFO] screener: [AI] UNVR.JK — Win Rate: 11.3%  Verdict: WEAK
2026-05-29 09:31:27 [INFO] screener: [AI] ICBP.JK — Win Rate: 15.6%  Verdict: WEAK
2026-05-29 09:31:27 [INFO] screener: [AI] MYOR.JK — Win Rate: 16.3%  Verdict: WEAK
2026-05-29 09:31:27 [INFO] screener: [AI] CLEO.JK — Win Rate: 19.1%  Verdict: WEAK
2026-05-29 09:31:27 [INFO] screener: [AI] ROTI.JK — Win Rate: 55.6%  Verdict: BUY
2026-05-29 09:31:29 [INFO] screener: [AI] ASRI.JK — Win Rate: 9.2%  Verdict: WEAK
2026-05-29 09:31:30 [INFO] screener: [AI] DILD.JK — Win Rate: 12.9%  Verdict: WEAK
2026-05-29 09:31:30 [INFO] screener: [AI] BKSL.JK — Win Rate: 8.7%  Verdict: WEAK
2026-05-29 09:31:30 [INFO] screener: [AI] GWSA.JK — Win Rate: 15.6%  Verdict: WEAK
2026-05-29 09:31:30 [INFO] screener: [AI] PPRO.JK — Win Rate: 8.1%  Verdict: WEAK
2026-05-29 09:31:30 [INFO] screener: [AI] DMAS.JK — Win Rate: 49.2%  Verdict: WEAK
2026-05-29 09:31:30 [INFO] screener: [AI] MKPI.JK — Win Rate: 9.0%  Verdict: WEAK
2026-05-29 09:31:30 [INFO] screener: [AI] DUTI.JK — Win Rate: 8.8%  Verdict: WEAK
2026-05-29 09:31:30 [INFO] screener: [AI] KIJA.JK — Win Rate: 50.7%  Verdict: BUY
2026-05-29 09:31:30 [INFO] screener: [AI] ADES.JK — Win Rate: 29.9%  Verdict: WEAK
2026-05-29 09:31:30 [INFO] screener: [AI] STTP.JK — Win Rate: 28.0%  Verdict: WEAK
2026-05-29 09:31:30 [INFO] screener: [AI] KAEF.JK — Win Rate: 12.7%  Verdict: WEAK
2026-05-29 09:31:30 [INFO] screener: [AI] PEHA.JK — Win Rate: 23.9%  Verdict: WEAK
2026-05-29 09:31:30 [INFO] screener: [AI] SIDO.JK — Win Rate: 43.1%  Verdict: WEAK
2026-05-29 09:31:31 [INFO] screener: [AI] SSIA.JK — Win Rate: 7.5%  Verdict: WEAK
2026-05-29 09:31:31 [INFO] screener: [AI] LPCK.JK — Win Rate: 67.4%  Verdict: ULTRA BUY
2026-05-29 09:31:31 [WARNING] screener: [FUNDAMENTAL] HOKI.JK: PE tidak tersedia — pakai default 15
2026-05-29 09:31:32 [WARNING] screener: [FUNDAMENTAL] MPPA.JK: PE tidak tersedia — pakai default 15
2026-05-29 09:31:33 [INFO] screener: [AI] PWON.JK — Win Rate: 7.9%  Verdict: WEAK
2026-05-29 09:31:33 [INFO] screener: [AI] MPPA.JK — Win Rate: 11.1%  Verdict: WEAK
2026-05-29 09:31:34 [INFO] screener: [AI] MIKA.JK — Win Rate: 22.4%  Verdict: WEAK
2026-05-29 09:31:35 [INFO] screener: [AI] MIDI.JK — Win Rate: 47.5%  Verdict: WEAK
2026-05-29 09:31:35 [INFO] screener: [AI] ERAA.JK — Win Rate: 22.5%  Verdict: WEAK
2026-05-29 09:31:35 [INFO] screener: [AI] RALS.JK — Win Rate: 36.8%  Verdict: WEAK
2026-05-29 09:31:35 [INFO] screener: [AI] AMRT.JK — Win Rate: 59.8%  Verdict: BUY
2026-05-29 09:31:35 [INFO] screener: [AI] ACES.JK — Win Rate: 18.4%  Verdict: WEAK
2026-05-29 09:31:35 [INFO] screener: [AI] MAPI.JK — Win Rate: 17.0%  Verdict: WEAK
2026-05-29 09:31:35 [INFO] screener: [AI] KLBF.JK — Win Rate: 75.4%  Verdict: ULTRA BUY
2026-05-29 09:31:36 [INFO] screener: [AI] LPPF.JK — Win Rate: 21.4%  Verdict: WEAK
2026-05-29 09:31:36 [INFO] screener: [AI] HOKI.JK — Win Rate: 33.2%  Verdict: WEAK
2026-05-29 09:31:37 [INFO] screener: [AI] JPFA.JK — Win Rate: 37.5%  Verdict: WEAK
2026-05-29 09:31:37 [INFO] screener: [AI] ENZO.JK — Win Rate: 13.8%  Verdict: WEAK
2026-05-29 09:31:37 [INFO] screener: [AI] MAPA.JK — Win Rate: 15.0%  Verdict: WEAK
2026-05-29 09:31:37 [INFO] screener: [AI] CPIN.JK — Win Rate: 7.0%  Verdict: WEAK
2026-05-29 09:31:38 [INFO] screener: [AI] BSDE.JK — Win Rate: 51.7%  Verdict: BUY
2026-05-29 09:31:38 [WARNING] screener: [FUNDAMENTAL] PPRO.JK: PE tidak tersedia — pakai default 15
2026-05-29 09:31:38 [INFO] screener: [AI] HEAL.JK — Win Rate: 28.3%  Verdict: WEAK
2026-05-29 09:31:40 [WARNING] screener: [FUNDAMENTAL] BAJA.JK: PE tidak tersedia — pakai default 15
2026-05-29 09:31:42 [INFO] screener: [AI] IRRA.JK — Win Rate: 31.7%  Verdict: WEAK
2026-05-29 09:31:42 [INFO] screener: [AI] DGNS.JK — Win Rate: 10.2%  Verdict: WEAK
2026-05-29 09:31:42 [INFO] screener: [AI] SMGR.JK — Win Rate: 66.2%  Verdict: ULTRA BUY
2026-05-29 09:31:42 [INFO] screener: [AI] SILO.JK — Win Rate: 26.0%  Verdict: WEAK
2026-05-29 09:31:42 [INFO] screener: [AI] CTRA.JK — Win Rate: 19.1%  Verdict: WEAK
2026-05-29 09:31:43 [INFO] screener: [AI] BMHS.JK — Win Rate: 8.1%  Verdict: WEAK
2026-05-29 09:31:43 [INFO] screener: [AI] SMRA.JK — Win Rate: 9.8%  Verdict: WEAK
2026-05-29 09:31:43 [INFO] screener: [AI] ASRI.JK — Win Rate: 9.2%  Verdict: WEAK
2026-05-29 09:31:43 [INFO] screener: [AI] DMAS.JK — Win Rate: 49.2%  Verdict: WEAK
2026-05-29 09:31:43 [INFO] screener: [AI] DILD.JK — Win Rate: 12.9%  Verdict: WEAK
2026-05-29 09:31:43 [INFO] screener: [AI] PPRO.JK — Win Rate: 8.1%  Verdict: WEAK
2026-05-29 09:31:43 [INFO] screener: [AI] LPCK.JK — Win Rate: 67.4%  Verdict: ULTRA BUY
2026-05-29 09:31:43 [INFO] screener: [AI] PRDA.JK — Win Rate: 24.1%  Verdict: WEAK
2026-05-29 09:31:43 [INFO] screener: [AI] INTP.JK — Win Rate: 9.2%  Verdict: WEAK
2026-05-29 09:31:43 [INFO] screener: [AI] TSPC.JK — Win Rate: 52.7%  Verdict: BUY
2026-05-29 09:31:44 [INFO] screener: [AI] PWON.JK — Win Rate: 7.9%  Verdict: WEAK
2026-05-29 09:31:44 [INFO] screener: [AI] DUTI.JK — Win Rate: 8.8%  Verdict: WEAK
2026-05-29 09:31:44 [INFO] screener: [AI] SAME.JK — Win Rate: 12.4%  Verdict: WEAK
2026-05-29 09:31:45 [INFO] screener: [AI] SMBR.JK — Win Rate: 25.0%  Verdict: WEAK
2026-05-29 09:31:45 [INFO] screener: [AI] KIJA.JK — Win Rate: 50.7%  Verdict: BUY
2026-05-29 09:31:45 [INFO] screener: [AI] ISSP.JK — Win Rate: 21.9%  Verdict: WEAK
2026-05-29 09:31:46 [INFO] screener: [AI] MKPI.JK — Win Rate: 9.0%  Verdict: WEAK
2026-05-29 09:31:46 [INFO] screener: [AI] BKSL.JK — Win Rate: 8.7%  Verdict: WEAK
2026-05-29 09:31:46 [INFO] screener: [AI] BAJA.JK — Win Rate: 20.5%  Verdict: WEAK
2026-05-29 09:31:47 [INFO] screener: [AI] ALKA.JK — Win Rate: 7.0%  Verdict: WEAK
2026-05-29 09:31:47 [INFO] screener: [AI] SSIA.JK — Win Rate: 7.5%  Verdict: WEAK
2026-05-29 09:31:47 [INFO] screener: [AI] GWSA.JK — Win Rate: 15.6%  Verdict: WEAK
2026-05-29 09:31:48 [INFO] screener: [AI] BRNA.JK — Win Rate: 33.4%  Verdict: WEAK
2026-05-29 09:31:48 [INFO] screener: [AI] ASSA.JK — Win Rate: 73.3%  Verdict: ULTRA BUY
2026-05-29 09:31:49 [INFO] screener: [AI] TOTO.JK — Win Rate: 14.6%  Verdict: WEAK
2026-05-29 09:31:50 [INFO] screener: [AI] SILO.JK — Win Rate: 26.0%  Verdict: WEAK
2026-05-29 09:31:50 [INFO] screener: [AI] KLBF.JK — Win Rate: 75.4%  Verdict: ULTRA BUY
2026-05-29 09:31:51 [INFO] screener: [AI] DGNS.JK — Win Rate: 10.2%  Verdict: WEAK
2026-05-29 09:31:51 [INFO] screener: [AI] MIKA.JK — Win Rate: 22.4%  Verdict: WEAK
2026-05-29 09:31:51 [WARNING] screener: [FUNDAMENTAL] GIAA.JK: PE tidak tersedia — pakai default 15
2026-05-29 09:31:51 [WARNING] screener: [FUNDAMENTAL] GIAA.JK: Book Value tidak tersedia — pakai default 1.5
2026-05-29 09:31:52 [INFO] screener: [AI] BIRD.JK — Win Rate: 13.9%  Verdict: WEAK
2026-05-29 09:31:52 [INFO] screener: [AI] HEAL.JK — Win Rate: 28.3%  Verdict: WEAK
2026-05-29 09:31:53 [WARNING] screener: [FUNDAMENTAL] BAJA.JK: PE tidak tersedia — pakai default 15
2026-05-29 09:31:53 [INFO] screener: [AI] PRDA.JK — Win Rate: 24.1%  Verdict: WEAK
2026-05-29 09:31:54 [INFO] screener: [AI] IRRA.JK — Win Rate: 31.7%  Verdict: WEAK
2026-05-29 09:31:54 [INFO] screener: [AI] BMHS.JK — Win Rate: 8.1%  Verdict: WEAK
2026-05-29 09:31:54 [INFO] screener: [AI] SMGR.JK — Win Rate: 66.2%  Verdict: ULTRA BUY
2026-05-29 09:31:54 [INFO] screener: [AI] TSPC.JK — Win Rate: 52.7%  Verdict: BUY
2026-05-29 09:31:55 [INFO] screener: [AI] SAME.JK — Win Rate: 12.4%  Verdict: WEAK
2026-05-29 09:31:55 [INFO] screener: [AI] SMBR.JK — Win Rate: 25.0%  Verdict: WEAK
2026-05-29 09:31:55 [INFO] screener: [AI] INTP.JK — Win Rate: 9.2%  Verdict: WEAK
2026-05-29 09:31:56 [INFO] screener: [AI] TAPG.JK — Win Rate: 32.5%  Verdict: WEAK
2026-05-29 09:31:57 [INFO] screener: [AI] AALI.JK — Win Rate: 46.7%  Verdict: WEAK
2026-05-29 09:31:57 [INFO] screener: [AI] LSIP.JK — Win Rate: 69.0%  Verdict: ULTRA BUY
2026-05-29 09:31:57 [INFO] screener: [AI] BPTR.JK — Win Rate: 10.0%  Verdict: WEAK
2026-05-29 09:31:58 [INFO] screener: [AI] ISSP.JK — Win Rate: 21.9%  Verdict: WEAK
2026-05-29 09:31:58 [INFO] screener: [AI] BAJA.JK — Win Rate: 20.5%  Verdict: WEAK
2026-05-29 09:31:58 [INFO] screener: [AI] TOTO.JK — Win Rate: 14.6%  Verdict: WEAK
2026-05-29 09:31:58 [INFO] screener: [AI] ALKA.JK — Win Rate: 7.0%  Verdict: WEAK
2026-05-29 09:31:58 [INFO] screener: [AI] ASSA.JK — Win Rate: 73.3%  Verdict: ULTRA BUY
2026-05-29 09:31:59 [INFO] screener: [AI] BWPT.JK — Win Rate: 30.6%  Verdict: WEAK
2026-05-29 09:31:59 [INFO] screener: [AI] SIMP.JK — Win Rate: 70.8%  Verdict: ULTRA BUY
2026-05-29 09:31:59 [INFO] screener: [AI] HAIS.JK — Win Rate: 17.5%  Verdict: WEAK
2026-05-29 09:32:00 [INFO] screener: [AI] TMAS.JK — Win Rate: 26.6%  Verdict: WEAK
2026-05-29 09:32:00 [INFO] screener: [AI] BRNA.JK — Win Rate: 35.3%  Verdict: WEAK
2026-05-29 09:32:00 [INFO] screener: [AI] PANI.JK — Win Rate: 43.8%  Verdict: WEAK
2026-05-29 09:32:00 [INFO] screener: [AI] DSNG.JK — Win Rate: 85.5%  Verdict: ULTRA BUY
2026-05-29 09:32:01 [INFO] screener: [AI] TBLA.JK — Win Rate: 26.8%  Verdict: WEAK
2026-05-29 09:32:01 [WARNING] screener: [FUNDAMENTAL] AREA.JK: PE tidak tersedia — pakai default 15
2026-05-29 09:32:01 [WARNING] screener: [FUNDAMENTAL] PMUI.JK: PE tidak tersedia — pakai default 15
2026-05-29 09:32:01 [WARNING] screener: [FUNDAMENTAL] GIAA.JK: PE tidak tersedia — pakai default 15
2026-05-29 09:32:01 [WARNING] screener: [FUNDAMENTAL] GIAA.JK: Book Value tidak tersedia — pakai default 1.5
2026-05-29 09:32:01 [INFO] screener: [AI] NELY.JK — Win Rate: 8.2%  Verdict: WEAK
2026-05-29 09:32:03 [INFO] screener: [AI] BIRD.JK — Win Rate: 13.9%  Verdict: WEAK
2026-05-29 09:32:03 [INFO] screener: [AI] SSMS.JK — Win Rate: 49.1%  Verdict: WEAK
2026-05-29 09:32:03 [WARNING] screener: [FUNDAMENTAL] STRK.JK: PE tidak tersedia — pakai default 15
2026-05-29 09:32:03 [WARNING] screener: [FUNDAMENTAL] AWAN.JK: PE tidak tersedia — pakai default 15
2026-05-29 09:32:03 [WARNING] screener: [FUNDAMENTAL] WIDI.JK: PE tidak tersedia — pakai default 15
2026-05-29 09:32:03 [WARNING] screener: [FUNDAMENTAL] GTRA.JK: PE tidak tersedia — pakai default 15
2026-05-29 09:32:04 [INFO] screener: [AI] ALII.JK — Win Rate: 11.2%  Verdict: WEAK
2026-05-29 09:32:04 [INFO] screener: [AI] AREA.JK — Win Rate: 18.1%  Verdict: WEAK
2026-05-29 09:32:04 [INFO] screener: [AI] PMUI.JK — Win Rate: 20.3%  Verdict: WEAK
2026-05-29 09:32:05 [INFO] screener: [AI] BWPT.JK — Win Rate: 30.6%  Verdict: WEAK
2026-05-29 09:32:05 [INFO] screener: [AI] DSNG.JK — Win Rate: 85.5%  Verdict: ULTRA BUY
2026-05-29 09:32:05 [INFO] screener: [AI] TBLA.JK — Win Rate: 26.8%  Verdict: WEAK
2026-05-29 09:32:05 [INFO] screener: [AI] PANI.JK — Win Rate: 43.8%  Verdict: WEAK
2026-05-29 09:32:05 [INFO] screener: [AI] AALI.JK — Win Rate: 46.7%  Verdict: WEAK
2026-05-29 09:32:05 [INFO] screener: [AI] STRK.JK — Win Rate: 21.4%  Verdict: WEAK
2026-05-29 09:32:05 [INFO] screener: [AI] AWAN.JK — Win Rate: 5.2%  Verdict: WEAK
2026-05-29 09:32:06 [INFO] screener: [AI] WIDI.JK — Win Rate: 11.3%  Verdict: WEAK
2026-05-29 09:32:06 [INFO] screener: [AI] GTRA.JK — Win Rate: 13.9%  Verdict: WEAK
2026-05-29 09:32:06 [INFO] screener: [AI] NELY.JK — Win Rate: 8.2%  Verdict: WEAK
2026-05-29 09:32:07 [INFO] screener: [AI] BPTR.JK — Win Rate: 10.0%  Verdict: WEAK
2026-05-29 09:32:07 [INFO] screener: [AI] SIMP.JK — Win Rate: 70.8%  Verdict: ULTRA BUY
2026-05-29 09:32:07 [INFO] screener: [AI] TMAS.JK — Win Rate: 26.6%  Verdict: WEAK
2026-05-29 09:32:08 [WARNING] screener: [FUNDAMENTAL] STRK.JK: PE tidak tersedia — pakai default 15
2026-05-29 09:32:08 [INFO] screener: [AI] TAPG.JK — Win Rate: 32.5%  Verdict: WEAK
2026-05-29 09:32:08 [INFO] screener: [AI] HAIS.JK — Win Rate: 17.5%  Verdict: WEAK
2026-05-29 09:32:08 [WARNING] screener: [FUNDAMENTAL] PMUI.JK: PE tidak tersedia — pakai default 15
2026-05-29 09:32:09 [WARNING] screener: [FUNDAMENTAL] AREA.JK: PE tidak tersedia — pakai default 15
2026-05-29 09:32:09 [WARNING] screener: [FUNDAMENTAL] WIDI.JK: PE tidak tersedia — pakai default 15
2026-05-29 09:32:09 [WARNING] screener: [FUNDAMENTAL] AWAN.JK: PE tidak tersedia — pakai default 15
2026-05-29 09:32:09 [WARNING] screener: [FUNDAMENTAL] GTRA.JK: PE tidak tersedia — pakai default 15
2026-05-29 09:32:10 [INFO] screener: [AI] SSMS.JK — Win Rate: 49.1%  Verdict: WEAK
2026-05-29 09:32:10 [INFO] screener: [AI] STRK.JK — Win Rate: 21.4%  Verdict: WEAK
2026-05-29 09:32:10 [INFO] screener: [AI] LSIP.JK — Win Rate: 69.0%  Verdict: ULTRA BUY
2026-05-29 09:32:12 [INFO] screener: [AI] ALII.JK — Win Rate: 11.2%  Verdict: WEAK
2026-05-29 09:32:12 [INFO] screener: [AI] PMUI.JK — Win Rate: 20.3%  Verdict: WEAK
2026-05-29 09:32:12 [INFO] screener: [AI] AWAN.JK — Win Rate: 5.2%  Verdict: WEAK
2026-05-29 09:32:12 [INFO] screener: [AI] WIDI.JK — Win Rate: 11.3%  Verdict: WEAK
2026-05-29 09:32:12 [INFO] screener: [AI] AREA.JK — Win Rate: 18.1%  Verdict: WEAK
2026-05-29 09:32:13 [INFO] screener: [AI] GTRA.JK — Win Rate: 13.9%  Verdict: WEAK
2026-05-29 09:32:14 [INFO] backtest: [backtest] Tested=35 Skipped=0 WinRate=2.9% Sharpe=-0.77
2026-05-29 14:17:33 [INFO] screener: Memindai Arus Uang (Rotasi Sektor)...
2026-05-29 14:17:52 [INFO] screener: Rotasi sektor selesai (11 sektor dipindai)
2026-05-29 14:17:52 [INFO] screener: Mengunduh Cuaca Makro Global & Komoditas...
2026-05-29 14:17:52 [INFO] screener: Macro update — IHSG=+1.40% | USD=+0.42% | Trend=DOWN | Penalty=0.0
2026-05-29 14:18:00 [INFO] screener: [ENSEMBLE] Loaded v5.0 (threshold=0.671)
2026-05-29 14:18:00 [INFO] screener: [ENSEMBLE] Loaded v5.0 (threshold=0.671)
2026-05-29 14:18:00 [INFO] screener: [ENSEMBLE] Loaded v5.0 (threshold=0.671)
2026-05-29 14:18:00 [INFO] screener: [ENSEMBLE] Loaded v5.0 (threshold=0.671)
2026-05-29 14:18:00 [INFO] screener: [ENSEMBLE] Loaded v5.0 (threshold=0.671)
2026-05-29 14:18:00 [INFO] screener: [ENSEMBLE] Loaded v5.0 (threshold=0.671)
2026-05-29 14:18:00 [INFO] screener: [ENSEMBLE] Loaded v5.0 (threshold=0.671)
2026-05-29 14:18:00 [INFO] screener: [ENSEMBLE] Loaded v5.0 (threshold=0.671)
2026-05-29 14:18:00 [INFO] screener: [ENSEMBLE] Loaded v5.0 (threshold=0.671)
2026-05-29 14:18:01 [INFO] screener: [ENSEMBLE] Loaded v5.0 (threshold=0.671)
2026-05-29 14:18:01 [INFO] screener: [ENSEMBLE] Loaded v5.0 (threshold=0.671)
2026-05-29 14:18:01 [INFO] screener: [ENSEMBLE] Loaded v5.0 (threshold=0.671)
2026-05-29 14:18:01 [INFO] screener: [ENSEMBLE] Loaded v5.0 (threshold=0.671)
2026-05-29 14:18:01 [INFO] screener: [ENSEMBLE] Loaded v5.0 (threshold=0.671)
2026-05-29 14:18:06 [INFO] screener: [AI] BBYB.JK — Win Rate: 37.6%  Verdict: WEAK
2026-05-29 14:18:06 [INFO] screener: [AI] BVIC.JK — Win Rate: 12.4%  Verdict: WEAK
2026-05-29 14:18:06 [INFO] screener: [AI] CFIN.JK — Win Rate: 9.7%  Verdict: WEAK
2026-05-29 14:18:06 [INFO] screener: [AI] BDMN.JK — Win Rate: 10.1%  Verdict: WEAK
2026-05-29 14:18:06 [INFO] screener: [AI] BNGA.JK — Win Rate: 28.7%  Verdict: WEAK
2026-05-29 14:18:06 [INFO] screener: [AI] BBRI.JK — Win Rate: 25.5%  Verdict: WEAK
2026-05-29 14:18:06 [INFO] screener: [AI] BTPS.JK — Win Rate: 15.0%  Verdict: WEAK
2026-05-29 14:18:06 [INFO] screener: [AI] BBCA.JK — Win Rate: 22.1%  Verdict: WEAK
2026-05-29 14:18:06 [INFO] screener: [AI] BMRI.JK — Win Rate: 9.5%  Verdict: WEAK
2026-05-29 14:18:06 [INFO] screener: [AI] ARTO.JK — Win Rate: 31.7%  Verdict: WEAK
2026-05-29 14:18:06 [INFO] screener: [AI] BRIS.JK — Win Rate: 6.2%  Verdict: WEAK
2026-05-29 14:18:06 [INFO] screener: [AI] BBTN.JK — Win Rate: 5.8%  Verdict: WEAK
2026-05-29 14:18:06 [INFO] screener: [AI] NISP.JK — Win Rate: 35.3%  Verdict: WEAK
2026-05-29 14:18:06 [INFO] screener: [AI] BBNI.JK — Win Rate: 58.9%  Verdict: BUY
2026-05-29 14:18:09 [WARNING] screener: [FUNDAMENTAL] MLPL.JK: PE tidak tersedia — pakai default 15
2026-05-29 14:18:15 [INFO] screener: [AI] BSIM.JK — Win Rate: 19.6%  Verdict: WEAK
2026-05-29 14:18:15 [INFO] screener: [AI] BJBR.JK — Win Rate: 37.2%  Verdict: WEAK
2026-05-29 14:18:15 [INFO] screener: [AI] MLPL.JK — Win Rate: 9.1%  Verdict: WEAK
2026-05-29 14:18:16 [INFO] screener: [AI] BJTM.JK — Win Rate: 6.3%  Verdict: WEAK
2026-05-29 14:18:16 [INFO] screener: [AI] BHIT.JK — Win Rate: 7.3%  Verdict: WEAK
2026-05-29 14:18:16 [INFO] screener: [AI] BMTR.JK — Win Rate: 24.8%  Verdict: WEAK
2026-05-29 14:18:16 [WARNING] screener: [FUNDAMENTAL] MPPA.JK: PE tidak tersedia — pakai default 15
2026-05-29 14:18:16 [INFO] screener: [AI] SMMA.JK — Win Rate: 23.5%  Verdict: WEAK
2026-05-29 14:18:16 [INFO] screener: [AI] PNBN.JK — Win Rate: 42.3%  Verdict: WEAK
2026-05-29 14:18:16 [INFO] screener: [AI] SRTG.JK — Win Rate: 10.7%  Verdict: WEAK
2026-05-29 14:18:16 [INFO] screener: [AI] ASII.JK — Win Rate: 27.1%  Verdict: WEAK
2026-05-29 14:18:16 [INFO] screener: [AI] LPKR.JK — Win Rate: 5.3%  Verdict: WEAK
2026-05-29 14:18:16 [INFO] screener: [AI] UNTR.JK — Win Rate: 71.4%  Verdict: ULTRA BUY
2026-05-29 14:18:20 [WARNING] screener: [FUNDAMENTAL] GOTO.JK: PE tidak tersedia — pakai default 15
2026-05-29 14:18:20 [WARNING] screener: [FUNDAMENTAL] BELI.JK: PE tidak tersedia — pakai default 15
2026-05-29 14:18:20 [WARNING] screener: [FUNDAMENTAL] EXCL.JK: PE tidak tersedia — pakai default 15
2026-05-29 14:18:22 [INFO] screener: [AI] VIVA.JK — Win Rate: 6.8%  Verdict: WEAK
2026-05-29 14:18:22 [INFO] screener: [AI] MPPA.JK — Win Rate: 6.9%  Verdict: WEAK
2026-05-29 14:18:22 [INFO] screener: [AI] SCMA.JK — Win Rate: 28.7%  Verdict: WEAK
2026-05-29 14:18:22 [INFO] screener: [AI] BNLI.JK — Win Rate: 33.0%  Verdict: WEAK
2026-05-29 14:18:24 [WARNING] screener: [FUNDAMENTAL] KREN.JK: PE tidak tersedia — pakai default 15
2026-05-29 14:18:25 [WARNING] screener: [FUNDAMENTAL] AXIO.JK: PE tidak tersedia — pakai default 15
2026-05-29 14:18:25 [INFO] screener: [AI] BELI.JK — Win Rate: 29.3%  Verdict: WEAK
2026-05-29 14:18:25 [INFO] screener: [AI] TLKM.JK — Win Rate: 10.3%  Verdict: WEAK
2026-05-29 14:18:25 [INFO] screener: [AI] GOTO.JK — Win Rate: 10.7%  Verdict: WEAK
2026-05-29 14:18:25 [INFO] screener: [AI] EXCL.JK — Win Rate: 18.6%  Verdict: WEAK
2026-05-29 14:18:25 [INFO] screener: [AI] EMTK.JK — Win Rate: 23.8%  Verdict: WEAK
2026-05-29 14:18:25 [INFO] screener: [AI] WIFI.JK — Win Rate: 10.1%  Verdict: WEAK
2026-05-29 14:18:25 [INFO] screener: [AI] BUKA.JK — Win Rate: 31.3%  Verdict: WEAK
2026-05-29 14:18:25 [INFO] screener: [AI] MLPT.JK — Win Rate: 8.1%  Verdict: WEAK
2026-05-29 14:18:25 [INFO] screener: [AI] ISAT.JK — Win Rate: 25.4%  Verdict: WEAK
2026-05-29 14:18:26 [INFO] screener: [AI] MTDL.JK — Win Rate: 29.9%  Verdict: WEAK
2026-05-29 14:18:26 [INFO] screener: [AI] DMMX.JK — Win Rate: 7.7%  Verdict: WEAK
2026-05-29 14:18:27 [INFO] screener: [AI] KREN.JK — Win Rate: 25.2%  Verdict: WEAK
2026-05-29 14:18:27 [INFO] screener: [AI] AXIO.JK — Win Rate: 23.9%  Verdict: WEAK
2026-05-29 14:18:27 [INFO] screener: [AI] GLVA.JK — Win Rate: 14.5%  Verdict: WEAK
2026-05-29 14:18:28 [INFO] screener: [AI] PTBA.JK — Win Rate: 12.2%  Verdict: WEAK
2026-05-29 14:18:35 [INFO] screener: [AI] ANTM.JK — Win Rate: 53.5%  Verdict: BUY
2026-05-29 14:18:36 [WARNING] screener: [FUNDAMENTAL] DOID.JK: PE tidak tersedia — pakai default 15
2026-05-29 14:18:36 [INFO] screener: [AI] AKRA.JK — Win Rate: 24.4%  Verdict: WEAK
2026-05-29 14:18:37 [WARNING] screener: [FUNDAMENTAL] TOBA.JK: PE tidak tersedia — pakai default 15
2026-05-29 14:18:37 [INFO] screener: [AI] TINS.JK — Win Rate: 16.3%  Verdict: WEAK
2026-05-29 14:18:38 [WARNING] screener: [FUNDAMENTAL] PTPP.JK: PE tidak tersedia — pakai default 15
2026-05-29 14:18:38 [INFO] screener: [AI] DEWA.JK — Win Rate: 51.8%  Verdict: BUY
2026-05-29 14:18:39 [WARNING] screener: [FUNDAMENTAL] ADHI.JK: PE tidak tersedia — pakai default 15
2026-05-29 14:18:42 [WARNING] screener: [FUNDAMENTAL] WEGE.JK: PE tidak tersedia — pakai default 15
2026-05-29 14:18:42 [WARNING] screener: [FUNDAMENTAL] ACST.JK: PE tidak tersedia — pakai default 15
2026-05-29 14:18:42 [WARNING] screener: [FUNDAMENTAL] PPRE.JK: PE tidak tersedia — pakai default 15
2026-05-29 14:18:44 [INFO] screener: [AI] NCKL.JK — Win Rate: 11.4%  Verdict: WEAK
2026-05-29 14:18:44 [INFO] screener: [AI] RMKE.JK — Win Rate: 9.4%  Verdict: WEAK
2026-05-29 14:18:44 [INFO] screener: [AI] PTPP.JK — Win Rate: 19.0%  Verdict: WEAK
2026-05-29 14:18:45 [INFO] screener: [AI] JSMR.JK — Win Rate: 30.6%  Verdict: WEAK
2026-05-29 14:18:45 [INFO] screener: [AI] ADHI.JK — Win Rate: 23.4%  Verdict: WEAK
2026-05-29 14:18:45 [WARNING] screener: [FUNDAMENTAL] LEAD.JK: PE tidak tersedia — pakai default 15
2026-05-29 14:18:47 [INFO] screener: [AI] WEGE.JK — Win Rate: 8.5%  Verdict: WEAK
2026-05-29 14:18:47 [INFO] screener: [AI] TOTL.JK — Win Rate: 66.6%  Verdict: ULTRA BUY
2026-05-29 14:18:47 [INFO] screener: [AI] ACST.JK — Win Rate: 27.9%  Verdict: WEAK
2026-05-29 14:18:48 [INFO] screener: [AI] PPRE.JK — Win Rate: 8.7%  Verdict: WEAK
2026-05-29 14:18:48 [INFO] screener: [AI] JKON.JK — Win Rate: 16.1%  Verdict: WEAK
2026-05-29 14:18:50 [INFO] screener: [AI] CMNP.JK — Win Rate: 17.3%  Verdict: WEAK
2026-05-29 14:18:52 [WARNING] screener: [FUNDAMENTAL] KAEF.JK: PE tidak tersedia — pakai default 15
2026-05-29 14:18:53 [INFO] screener: [AI] BIRD.JK — Win Rate: 11.1%  Verdict: WEAK
2026-05-29 14:18:53 [INFO] screener: [AI] UNVR.JK — Win Rate: 25.7%  Verdict: WEAK
2026-05-29 14:18:53 [INFO] screener: [AI] INDF.JK — Win Rate: 8.4%  Verdict: WEAK
2026-05-29 14:18:53 [INFO] screener: [AI] ICBP.JK — Win Rate: 14.3%  Verdict: WEAK
2026-05-29 14:18:55 [INFO] screener: [AI] GOOD.JK — Win Rate: 9.7%  Verdict: WEAK
2026-05-29 14:18:55 [INFO] screener: [AI] MYOR.JK — Win Rate: 16.4%  Verdict: WEAK
2026-05-29 14:18:55 [INFO] screener: [AI] ROTI.JK — Win Rate: 41.5%  Verdict: WEAK
2026-05-29 14:18:55 [INFO] screener: [AI] CAMP.JK — Win Rate: 7.8%  Verdict: WEAK
2026-05-29 14:18:56 [INFO] screener: [AI] KAEF.JK — Win Rate: 9.6%  Verdict: WEAK
2026-05-29 14:18:56 [INFO] screener: [AI] CLEO.JK — Win Rate: 27.9%  Verdict: WEAK
2026-05-29 14:18:56 [INFO] screener: [AI] SIDO.JK — Win Rate: 34.9%  Verdict: WEAK
2026-05-29 14:18:56 [INFO] screener: [AI] ADES.JK — Win Rate: 17.0%  Verdict: WEAK
2026-05-29 14:18:56 [INFO] screener: [AI] STTP.JK — Win Rate: 21.6%  Verdict: WEAK
2026-05-29 14:18:56 [INFO] screener: [AI] PEHA.JK — Win Rate: 14.9%  Verdict: WEAK
2026-05-29 14:18:57 [WARNING] screener: [FUNDAMENTAL] MPPA.JK: PE tidak tersedia — pakai default 15
2026-05-29 14:18:58 [WARNING] screener: [FUNDAMENTAL] HOKI.JK: PE tidak tersedia — pakai default 15
2026-05-29 14:18:58 [INFO] screener: [AI] MPPA.JK — Win Rate: 6.9%  Verdict: WEAK
2026-05-29 14:19:01 [INFO] screener: [AI] HOKI.JK — Win Rate: 27.6%  Verdict: WEAK
2026-05-29 14:19:02 [INFO] screener: [AI] BSDE.JK — Win Rate: 49.7%  Verdict: WEAK
2026-05-29 14:19:03 [INFO] screener: [AI] MAPA.JK — Win Rate: 8.8%  Verdict: WEAK
2026-05-29 14:19:03 [INFO] screener: [AI] AMRT.JK — Win Rate: 34.7%  Verdict: WEAK
2026-05-29 14:19:04 [INFO] screener: [AI] ERAA.JK — Win Rate: 22.9%  Verdict: WEAK
2026-05-29 14:19:04 [INFO] screener: [AI] CPIN.JK — Win Rate: 12.7%  Verdict: WEAK
2026-05-29 14:19:04 [INFO] screener: [AI] JPFA.JK — Win Rate: 38.6%  Verdict: WEAK
2026-05-29 14:19:04 [INFO] screener: [AI] ACES.JK — Win Rate: 12.1%  Verdict: WEAK
2026-05-29 14:19:04 [INFO] screener: [AI] ENZO.JK — Win Rate: 8.1%  Verdict: WEAK
2026-05-29 14:19:04 [INFO] screener: [AI] CTRA.JK — Win Rate: 13.5%  Verdict: WEAK
2026-05-29 14:19:04 [INFO] screener: [AI] MAPI.JK — Win Rate: 13.2%  Verdict: WEAK
2026-05-29 14:19:04 [INFO] screener: [AI] LPPF.JK — Win Rate: 14.8%  Verdict: WEAK
2026-05-29 14:19:04 [INFO] screener: [AI] MIDI.JK — Win Rate: 33.4%  Verdict: WEAK
2026-05-29 14:19:04 [INFO] screener: [AI] RALS.JK — Win Rate: 20.6%  Verdict: WEAK
2026-05-29 14:19:05 [WARNING] screener: [FUNDAMENTAL] PPRO.JK: PE tidak tersedia — pakai default 15
2026-05-29 14:19:08 [INFO] screener: [AI] SMRA.JK — Win Rate: 28.2%  Verdict: WEAK
2026-05-29 14:19:08 [INFO] screener: [AI] ASRI.JK — Win Rate: 6.9%  Verdict: WEAK
2026-05-29 14:19:09 [INFO] screener: [AI] DMAS.JK — Win Rate: 42.4%  Verdict: WEAK
2026-05-29 14:19:09 [INFO] screener: [AI] PWON.JK — Win Rate: 30.0%  Verdict: WEAK
2026-05-29 14:19:09 [INFO] screener: [AI] DUTI.JK — Win Rate: 12.2%  Verdict: WEAK
2026-05-29 14:19:11 [INFO] screener: [AI] DILD.JK — Win Rate: 11.7%  Verdict: WEAK
2026-05-29 14:19:11 [INFO] screener: [AI] PPRO.JK — Win Rate: 8.3%  Verdict: WEAK
2026-05-29 14:19:11 [INFO] screener: [AI] GWSA.JK — Win Rate: 31.0%  Verdict: WEAK
2026-05-29 14:19:11 [INFO] screener: [AI] BKSL.JK — Win Rate: 6.6%  Verdict: WEAK
2026-05-29 14:19:11 [INFO] screener: [AI] MKPI.JK — Win Rate: 8.3%  Verdict: WEAK
2026-05-29 14:19:11 [INFO] screener: [AI] LPCK.JK — Win Rate: 36.5%  Verdict: WEAK
2026-05-29 14:19:11 [INFO] screener: [AI] SSIA.JK — Win Rate: 5.5%  Verdict: WEAK
2026-05-29 14:19:11 [INFO] screener: [AI] KLBF.JK — Win Rate: 67.1%  Verdict: ULTRA BUY
2026-05-29 14:19:11 [INFO] screener: [AI] KIJA.JK — Win Rate: 47.0%  Verdict: WEAK
2026-05-29 14:19:16 [INFO] screener: [AI] MIKA.JK — Win Rate: 25.1%  Verdict: WEAK
2026-05-29 14:19:17 [INFO] screener: [AI] SILO.JK — Win Rate: 62.8%  Verdict: ULTRA BUY
2026-05-29 14:19:18 [INFO] screener: [AI] DGNS.JK — Win Rate: 8.0%  Verdict: WEAK
2026-05-29 14:19:18 [INFO] screener: [AI] HEAL.JK — Win Rate: 31.7%  Verdict: WEAK
2026-05-29 14:19:19 [INFO] screener: [AI] PRDA.JK — Win Rate: 23.8%  Verdict: WEAK
2026-05-29 14:19:21 [INFO] screener: [AI] IRRA.JK — Win Rate: 19.9%  Verdict: WEAK
2026-05-29 14:19:21 [WARNING] screener: [FUNDAMENTAL] BAJA.JK: PE tidak tersedia — pakai default 15
2026-05-29 14:19:22 [INFO] screener: [AI] BMHS.JK — Win Rate: 22.4%  Verdict: WEAK
2026-05-29 14:19:22 [INFO] screener: [AI] SAME.JK — Win Rate: 15.9%  Verdict: WEAK
2026-05-29 14:19:22 [INFO] screener: [AI] SMGR.JK — Win Rate: 59.1%  Verdict: BUY
2026-05-29 14:19:22 [INFO] screener: [AI] INTP.JK — Win Rate: 7.5%  Verdict: WEAK
2026-05-29 14:19:23 [INFO] screener: [AI] TSPC.JK — Win Rate: 37.7%  Verdict: WEAK
2026-05-29 14:19:23 [INFO] screener: [AI] SMBR.JK — Win Rate: 32.8%  Verdict: WEAK
2026-05-29 14:19:24 [INFO] screener: [AI] ISSP.JK — Win Rate: 18.4%  Verdict: WEAK
2026-05-29 14:19:25 [INFO] screener: [AI] BAJA.JK — Win Rate: 6.9%  Verdict: WEAK
2026-05-29 14:19:26 [INFO] screener: [AI] ALKA.JK — Win Rate: 5.8%  Verdict: WEAK
2026-05-29 14:19:26 [INFO] screener: [AI] BRNA.JK — Win Rate: 16.0%  Verdict: WEAK
2026-05-29 14:19:26 [INFO] screener: [AI] TOTO.JK — Win Rate: 10.2%  Verdict: WEAK
2026-05-29 14:19:26 [INFO] screener: [AI] ASSA.JK — Win Rate: 56.5%  Verdict: BUY
2026-05-29 14:19:29 [WARNING] screener: [FUNDAMENTAL] GIAA.JK: PE tidak tersedia — pakai default 15
2026-05-29 14:19:29 [WARNING] screener: [FUNDAMENTAL] GIAA.JK: Book Value tidak tersedia — pakai default 1.5
2026-05-29 14:19:30 [INFO] screener: [AI] BIRD.JK — Win Rate: 11.1%  Verdict: WEAK
2026-05-29 14:19:35 [INFO] screener: [AI] DSNG.JK — Win Rate: 78.8%  Verdict: ULTRA BUY
2026-05-29 14:19:36 [INFO] screener: [AI] NELY.JK — Win Rate: 39.0%  Verdict: WEAK
2026-05-29 14:19:36 [INFO] screener: [AI] PANI.JK — Win Rate: 42.9%  Verdict: WEAK
2026-05-29 14:19:37 [INFO] screener: [AI] BWPT.JK — Win Rate: 20.3%  Verdict: WEAK
2026-05-29 14:19:37 [INFO] screener: [AI] TAPG.JK — Win Rate: 26.9%  Verdict: WEAK
2026-05-29 14:19:37 [INFO] screener: [AI] SIMP.JK — Win Rate: 58.1%  Verdict: BUY
2026-05-29 14:19:37 [INFO] screener: [AI] TMAS.JK — Win Rate: 29.6%  Verdict: WEAK
2026-05-29 14:19:38 [INFO] screener: [AI] HAIS.JK — Win Rate: 15.0%  Verdict: WEAK
2026-05-29 14:19:38 [INFO] screener: [AI] BPTR.JK — Win Rate: 6.8%  Verdict: WEAK
2026-05-29 14:19:39 [INFO] screener: [AI] AALI.JK — Win Rate: 38.1%  Verdict: WEAK
2026-05-29 14:19:40 [INFO] screener: [AI] LSIP.JK — Win Rate: 63.4%  Verdict: ULTRA BUY
2026-05-29 14:19:40 [INFO] screener: [AI] TBLA.JK — Win Rate: 20.7%  Verdict: WEAK
2026-05-29 14:19:41 [INFO] screener: [AI] SSMS.JK — Win Rate: 38.5%  Verdict: WEAK
2026-05-29 14:19:42 [WARNING] screener: [FUNDAMENTAL] PMUI.JK: PE tidak tersedia — pakai default 15
2026-05-29 14:19:43 [WARNING] screener: [FUNDAMENTAL] AREA.JK: PE tidak tersedia — pakai default 15
2026-05-29 14:19:43 [WARNING] screener: [FUNDAMENTAL] WIDI.JK: PE tidak tersedia — pakai default 15
2026-05-29 14:19:43 [WARNING] screener: [FUNDAMENTAL] AWAN.JK: PE tidak tersedia — pakai default 15
2026-05-29 14:19:43 [WARNING] screener: [FUNDAMENTAL] STRK.JK: PE tidak tersedia — pakai default 15
2026-05-29 14:19:43 [WARNING] screener: [FUNDAMENTAL] GTRA.JK: PE tidak tersedia — pakai default 15
2026-05-29 14:19:44 [INFO] screener: [AI] PMUI.JK — Win Rate: 13.5%  Verdict: WEAK
2026-05-29 14:19:45 [INFO] screener: [AI] ALII.JK — Win Rate: 5.8%  Verdict: WEAK
2026-05-29 14:19:46 [INFO] screener: [AI] STRK.JK — Win Rate: 9.8%  Verdict: WEAK
2026-05-29 14:19:46 [INFO] screener: [AI] AWAN.JK — Win Rate: 4.8%  Verdict: WEAK
2026-05-29 14:19:46 [INFO] screener: [AI] AREA.JK — Win Rate: 39.0%  Verdict: WEAK
2026-05-29 14:19:46 [INFO] screener: [AI] GTRA.JK — Win Rate: 5.1%  Verdict: WEAK
2026-05-29 14:19:46 [INFO] screener: [AI] WIDI.JK — Win Rate: 10.2%  Verdict: WEAK
2026-05-29 18:31:19 [INFO] screener: Memindai Arus Uang (Rotasi Sektor)...
2026-05-29 18:31:30 [INFO] screener: Rotasi sektor selesai (11 sektor dipindai)
2026-05-29 18:31:30 [INFO] screener: Mengunduh Cuaca Makro Global & Komoditas...
2026-05-29 18:31:30 [INFO] screener: Macro update — IHSG=-0.05% | USD=+0.34% | Trend=DOWN | Penalty=-0.5
2026-05-29 18:31:36 [INFO] screener: [ENSEMBLE] Loaded v5.0 (threshold=0.671)
2026-05-29 18:31:36 [INFO] screener: [ENSEMBLE] Loaded v5.0 (threshold=0.671)
2026-05-29 18:31:36 [INFO] screener: [ENSEMBLE] Loaded v5.0 (threshold=0.671)
2026-05-29 18:31:36 [INFO] screener: [ENSEMBLE] Loaded v5.0 (threshold=0.671)
2026-05-29 18:31:36 [INFO] screener: [ENSEMBLE] Loaded v5.0 (threshold=0.671)
2026-05-29 18:31:36 [INFO] screener: [ENSEMBLE] Loaded v5.0 (threshold=0.671)
2026-05-29 18:31:36 [INFO] screener: [ENSEMBLE] Loaded v5.0 (threshold=0.671)
2026-05-29 18:31:36 [INFO] screener: [ENSEMBLE] Loaded v5.0 (threshold=0.671)
2026-05-29 18:31:36 [INFO] screener: [ENSEMBLE] Loaded v5.0 (threshold=0.671)
2026-05-29 18:31:36 [INFO] screener: [ENSEMBLE] Loaded v5.0 (threshold=0.671)
2026-05-29 18:31:36 [INFO] screener: [ENSEMBLE] Loaded v5.0 (threshold=0.671)
2026-05-29 18:31:36 [INFO] screener: [ENSEMBLE] Loaded v5.0 (threshold=0.671)
2026-05-29 18:31:36 [INFO] screener: [ENSEMBLE] Loaded v5.0 (threshold=0.671)
2026-05-29 18:31:36 [INFO] screener: [ENSEMBLE] Loaded v5.0 (threshold=0.671)
2026-05-29 18:31:39 [INFO] screener: [AI] BTPS.JK — Win Rate: 31.8%  Verdict: WEAK
2026-05-29 18:31:39 [INFO] screener: [AI] CFIN.JK — Win Rate: 72.3%  Verdict: ULTRA BUY
2026-05-29 18:31:40 [INFO] screener: [AI] BMRI.JK — Win Rate: 64.6%  Verdict: ULTRA BUY
2026-05-29 18:31:40 [INFO] screener: [AI] BBTN.JK — Win Rate: 21.8%  Verdict: WEAK
2026-05-29 18:31:41 [INFO] screener: [AI] ARTO.JK — Win Rate: 20.4%  Verdict: WEAK
2026-05-29 18:31:41 [INFO] screener: [AI] BBCA.JK — Win Rate: 26.2%  Verdict: WEAK
2026-05-29 18:31:41 [INFO] screener: [AI] BBRI.JK — Win Rate: 33.5%  Verdict: WEAK
2026-05-29 18:31:41 [INFO] screener: [AI] BNGA.JK — Win Rate: 48.2%  Verdict: WEAK
2026-05-29 18:31:41 [INFO] screener: [AI] BDMN.JK — Win Rate: 24.9%  Verdict: WEAK
2026-05-29 18:31:41 [INFO] screener: [AI] BRIS.JK — Win Rate: 14.4%  Verdict: WEAK
2026-05-29 18:31:41 [INFO] screener: [AI] BVIC.JK — Win Rate: 25.9%  Verdict: WEAK
2026-05-29 18:31:41 [INFO] screener: [AI] BBNI.JK — Win Rate: 35.6%  Verdict: WEAK
2026-05-29 18:31:41 [INFO] screener: [AI] NISP.JK — Win Rate: 44.0%  Verdict: WEAK
2026-05-29 18:31:41 [INFO] screener: [AI] BBYB.JK — Win Rate: 40.6%  Verdict: WEAK
2026-05-29 18:31:42 [WARNING] screener: [FUNDAMENTAL] MLPL.JK: PE tidak tersedia — pakai default 15
2026-05-29 18:31:44 [INFO] screener: [AI] BSIM.JK — Win Rate: 14.2%  Verdict: WEAK
2026-05-29 18:31:44 [INFO] screener: [AI] BJTM.JK — Win Rate: 24.6%  Verdict: WEAK
2026-05-29 18:31:45 [INFO] screener: [AI] SRTG.JK — Win Rate: 19.7%  Verdict: WEAK
2026-05-29 18:31:45 [INFO] screener: [AI] PNBN.JK — Win Rate: 38.8%  Verdict: WEAK
2026-05-29 18:31:45 [INFO] screener: [AI] BJBR.JK — Win Rate: 51.9%  Verdict: BUY
2026-05-29 18:31:46 [INFO] screener: [AI] ASII.JK — Win Rate: 76.4%  Verdict: ULTRA BUY
2026-05-29 18:31:46 [WARNING] screener: [FUNDAMENTAL] MPPA.JK: PE tidak tersedia — pakai default 15
2026-05-29 18:31:47 [INFO] screener: [AI] BMTR.JK — Win Rate: 45.0%  Verdict: WEAK
2026-05-29 18:31:47 [INFO] screener: [AI] BHIT.JK — Win Rate: 10.5%  Verdict: WEAK
2026-05-29 18:31:47 [INFO] screener: [AI] SMMA.JK — Win Rate: 16.9%  Verdict: WEAK
2026-05-29 18:31:47 [INFO] screener: [AI] LPKR.JK — Win Rate: 5.1%  Verdict: WEAK
2026-05-29 18:31:47 [INFO] screener: [AI] MLPL.JK — Win Rate: 14.5%  Verdict: WEAK
2026-05-29 18:31:47 [INFO] screener: [AI] UNTR.JK — Win Rate: 61.4%  Verdict: ULTRA BUY
2026-05-29 18:31:48 [WARNING] screener: [FUNDAMENTAL] GOTO.JK: PE tidak tersedia — pakai default 15
2026-05-29 18:31:49 [WARNING] screener: [FUNDAMENTAL] BELI.JK: PE tidak tersedia — pakai default 15
2026-05-29 18:31:49 [WARNING] screener: [FUNDAMENTAL] EXCL.JK: PE tidak tersedia — pakai default 15
2026-05-29 18:31:49 [INFO] screener: [AI] MPPA.JK — Win Rate: 9.0%  Verdict: WEAK
2026-05-29 18:31:49 [INFO] screener: [AI] BNLI.JK — Win Rate: 42.5%  Verdict: WEAK
2026-05-29 18:31:50 [INFO] screener: [AI] VIVA.JK — Win Rate: 10.5%  Verdict: WEAK
2026-05-29 18:31:50 [INFO] screener: [AI] SCMA.JK — Win Rate: 42.9%  Verdict: WEAK
2026-05-29 18:31:50 [WARNING] screener: [FUNDAMENTAL] KREN.JK: PE tidak tersedia — pakai default 15
2026-05-29 18:31:50 [INFO] screener: [AI] TLKM.JK — Win Rate: 13.3%  Verdict: WEAK
2026-05-29 18:31:50 [INFO] screener: [AI] ISAT.JK — Win Rate: 27.3%  Verdict: WEAK
2026-05-29 18:31:51 [INFO] screener: [AI] GOTO.JK — Win Rate: 15.5%  Verdict: WEAK
2026-05-29 18:31:51 [WARNING] screener: [FUNDAMENTAL] AXIO.JK: PE tidak tersedia — pakai default 15
2026-05-29 18:31:51 [INFO] screener: [AI] EXCL.JK — Win Rate: 36.2%  Verdict: WEAK
2026-05-29 18:31:51 [INFO] screener: [AI] WIFI.JK — Win Rate: 22.4%  Verdict: WEAK
2026-05-29 18:31:51 [INFO] screener: [AI] BUKA.JK — Win Rate: 30.3%  Verdict: WEAK
2026-05-29 18:31:51 [INFO] screener: [AI] BELI.JK — Win Rate: 29.0%  Verdict: WEAK
2026-05-29 18:31:51 [INFO] screener: [AI] EMTK.JK — Win Rate: 90.1%  Verdict: ULTRA BUY
2026-05-29 18:31:52 [INFO] screener: [AI] MLPT.JK — Win Rate: 10.3%  Verdict: WEAK
2026-05-29 18:31:52 [INFO] screener: [AI] MTDL.JK — Win Rate: 41.3%  Verdict: WEAK
2026-05-29 18:31:53 [INFO] screener: [AI] DMMX.JK — Win Rate: 9.5%  Verdict: WEAK
2026-05-29 18:31:53 [INFO] screener: [AI] KREN.JK — Win Rate: 40.1%  Verdict: WEAK
2026-05-29 18:31:53 [INFO] screener: [AI] AXIO.JK — Win Rate: 27.9%  Verdict: WEAK
2026-05-29 18:31:53 [INFO] screener: [AI] GLVA.JK — Win Rate: 76.3%  Verdict: ULTRA BUY
2026-05-29 18:31:54 [INFO] screener: [AI] PTBA.JK — Win Rate: 27.6%  Verdict: WEAK
2026-05-29 18:31:58 [INFO] screener: [AI] ANTM.JK — Win Rate: 55.3%  Verdict: BUY
2026-05-29 18:31:58 [INFO] screener: [AI] DEWA.JK — Win Rate: 65.2%  Verdict: ULTRA BUY
2026-05-29 18:31:59 [WARNING] screener: [FUNDAMENTAL] DOID.JK: PE tidak tersedia — pakai default 15
2026-05-29 18:31:59 [WARNING] screener: [FUNDAMENTAL] TOBA.JK: PE tidak tersedia — pakai default 15
2026-05-29 18:32:00 [INFO] screener: [AI] AKRA.JK — Win Rate: 56.3%  Verdict: BUY
2026-05-29 18:32:00 [INFO] screener: [AI] TINS.JK — Win Rate: 22.9%  Verdict: WEAK
2026-05-29 18:32:01 [WARNING] screener: [FUNDAMENTAL] PTPP.JK: PE tidak tersedia — pakai default 15
2026-05-29 18:32:01 [WARNING] screener: [FUNDAMENTAL] ADHI.JK: PE tidak tersedia — pakai default 15
2026-05-29 18:32:02 [WARNING] screener: [FUNDAMENTAL] WEGE.JK: PE tidak tersedia — pakai default 15
2026-05-29 18:32:02 [WARNING] screener: [FUNDAMENTAL] PPRE.JK: PE tidak tersedia — pakai default 15
2026-05-29 18:32:02 [WARNING] screener: [FUNDAMENTAL] ACST.JK: PE tidak tersedia — pakai default 15
2026-05-29 18:32:03 [INFO] screener: [AI] NCKL.JK — Win Rate: 12.7%  Verdict: WEAK
2026-05-29 18:32:03 [INFO] screener: [AI] RMKE.JK — Win Rate: 14.5%  Verdict: WEAK
2026-05-29 18:32:03 [INFO] screener: [AI] PTPP.JK — Win Rate: 22.5%  Verdict: WEAK
2026-05-29 18:32:03 [INFO] screener: [AI] JSMR.JK — Win Rate: 18.0%  Verdict: WEAK
2026-05-29 18:32:03 [INFO] screener: [AI] ADHI.JK — Win Rate: 23.7%  Verdict: WEAK
2026-05-29 18:32:04 [WARNING] screener: [FUNDAMENTAL] LEAD.JK: PE tidak tersedia — pakai default 15
2026-05-29 18:32:04 [INFO] screener: [AI] PPRE.JK — Win Rate: 11.7%  Verdict: WEAK
2026-05-29 18:32:05 [INFO] screener: [AI] WEGE.JK — Win Rate: 12.2%  Verdict: WEAK
2026-05-29 18:32:05 [INFO] screener: [AI] TOTL.JK — Win Rate: 75.9%  Verdict: ULTRA BUY
2026-05-29 18:32:05 [INFO] screener: [AI] ACST.JK — Win Rate: 42.2%  Verdict: WEAK
2026-05-29 18:32:06 [INFO] screener: [AI] JKON.JK — Win Rate: 39.8%  Verdict: WEAK
2026-05-29 18:32:07 [INFO] screener: [AI] CMNP.JK — Win Rate: 41.6%  Verdict: WEAK
2026-05-29 18:32:08 [WARNING] screener: [FUNDAMENTAL] KAEF.JK: PE tidak tersedia — pakai default 15
2026-05-29 18:32:08 [INFO] screener: [AI] BIRD.JK — Win Rate: 17.4%  Verdict: WEAK
2026-05-29 18:32:08 [INFO] screener: [AI] INDF.JK — Win Rate: 16.3%  Verdict: WEAK
2026-05-29 18:32:08 [INFO] screener: [AI] ICBP.JK — Win Rate: 19.8%  Verdict: WEAK
2026-05-29 18:32:08 [INFO] screener: [AI] UNVR.JK — Win Rate: 22.4%  Verdict: WEAK
2026-05-29 18:32:09 [INFO] screener: [AI] MYOR.JK — Win Rate: 15.3%  Verdict: WEAK
2026-05-29 18:32:09 [INFO] screener: [AI] GOOD.JK — Win Rate: 47.2%  Verdict: WEAK
2026-05-29 18:32:09 [INFO] screener: [AI] CAMP.JK — Win Rate: 24.0%  Verdict: WEAK
2026-05-29 18:32:09 [INFO] screener: [AI] ROTI.JK — Win Rate: 59.2%  Verdict: BUY
2026-05-29 18:32:11 [INFO] screener: [AI] CLEO.JK — Win Rate: 25.4%  Verdict: WEAK
2026-05-29 18:32:11 [INFO] screener: [AI] ADES.JK — Win Rate: 30.3%  Verdict: WEAK
2026-05-29 18:32:11 [INFO] screener: [AI] STTP.JK — Win Rate: 39.3%  Verdict: WEAK
2026-05-29 18:32:11 [INFO] screener: [AI] SIDO.JK — Win Rate: 45.8%  Verdict: WEAK
2026-05-29 18:32:11 [INFO] screener: [AI] KAEF.JK — Win Rate: 14.6%  Verdict: WEAK
2026-05-29 18:32:12 [INFO] screener: [AI] PEHA.JK — Win Rate: 22.0%  Verdict: WEAK
2026-05-29 18:32:12 [WARNING] screener: [FUNDAMENTAL] MPPA.JK: PE tidak tersedia — pakai default 15
2026-05-29 18:32:13 [WARNING] screener: [FUNDAMENTAL] HOKI.JK: PE tidak tersedia — pakai default 15
2026-05-29 18:32:13 [INFO] screener: [AI] MPPA.JK — Win Rate: 9.0%  Verdict: WEAK
2026-05-29 18:32:16 [INFO] screener: [AI] CPIN.JK — Win Rate: 14.3%  Verdict: WEAK
2026-05-29 18:32:16 [INFO] screener: [AI] MAPA.JK — Win Rate: 8.5%  Verdict: WEAK
2026-05-29 18:32:16 [INFO] screener: [AI] HOKI.JK — Win Rate: 35.3%  Verdict: WEAK
2026-05-29 18:32:16 [INFO] screener: [AI] BSDE.JK — Win Rate: 48.0%  Verdict: WEAK
2026-05-29 18:32:16 [INFO] screener: [AI] ENZO.JK — Win Rate: 11.6%  Verdict: WEAK
2026-05-29 18:32:16 [INFO] screener: [AI] ERAA.JK — Win Rate: 33.6%  Verdict: WEAK
2026-05-29 18:32:16 [INFO] screener: [AI] MAPI.JK — Win Rate: 23.1%  Verdict: WEAK
2026-05-29 18:32:16 [INFO] screener: [AI] AMRT.JK — Win Rate: 65.3%  Verdict: ULTRA BUY
2026-05-29 18:32:16 [INFO] screener: [AI] MIDI.JK — Win Rate: 53.7%  Verdict: BUY
2026-05-29 18:32:17 [INFO] screener: [AI] CTRA.JK — Win Rate: 28.7%  Verdict: WEAK
2026-05-29 18:32:17 [INFO] screener: [AI] RALS.JK — Win Rate: 14.5%  Verdict: WEAK
2026-05-29 18:32:19 [INFO] screener: [AI] ACES.JK — Win Rate: 27.6%  Verdict: WEAK
2026-05-29 18:32:19 [INFO] screener: [AI] LPPF.JK — Win Rate: 26.2%  Verdict: WEAK
2026-05-29 18:32:19 [INFO] screener: [AI] JPFA.JK — Win Rate: 25.5%  Verdict: WEAK
2026-05-29 18:32:19 [WARNING] screener: [FUNDAMENTAL] PPRO.JK: PE tidak tersedia — pakai default 15
2026-05-29 18:32:21 [INFO] screener: [AI] DILD.JK — Win Rate: 14.2%  Verdict: WEAK
2026-05-29 18:32:22 [INFO] screener: [AI] SMRA.JK — Win Rate: 17.5%  Verdict: WEAK
2026-05-29 18:32:22 [INFO] screener: [AI] ASRI.JK — Win Rate: 16.4%  Verdict: WEAK
2026-05-29 18:32:22 [INFO] screener: [AI] PWON.JK — Win Rate: 46.7%  Verdict: WEAK
2026-05-29 18:32:22 [INFO] screener: [AI] DUTI.JK — Win Rate: 27.0%  Verdict: WEAK
2026-05-29 18:32:23 [INFO] screener: [AI] PPRO.JK — Win Rate: 9.0%  Verdict: WEAK
2026-05-29 18:32:23 [INFO] screener: [AI] DMAS.JK — Win Rate: 54.2%  Verdict: BUY
2026-05-29 18:32:24 [INFO] screener: [AI] MKPI.JK — Win Rate: 12.8%  Verdict: WEAK
2026-05-29 18:32:24 [INFO] screener: [AI] BKSL.JK — Win Rate: 9.8%  Verdict: WEAK
2026-05-29 18:32:24 [INFO] screener: [AI] LPCK.JK — Win Rate: 70.3%  Verdict: ULTRA BUY
2026-05-29 18:32:24 [INFO] screener: [AI] GWSA.JK — Win Rate: 36.9%  Verdict: WEAK
2026-05-29 18:32:26 [INFO] screener: [AI] KIJA.JK — Win Rate: 24.0%  Verdict: WEAK
2026-05-29 18:32:26 [INFO] screener: [AI] KLBF.JK — Win Rate: 69.1%  Verdict: ULTRA BUY
2026-05-29 18:32:27 [INFO] screener: [AI] SSIA.JK — Win Rate: 11.0%  Verdict: WEAK
2026-05-29 18:32:28 [INFO] screener: [AI] MIKA.JK — Win Rate: 44.7%  Verdict: WEAK
2026-05-29 18:32:29 [INFO] screener: [AI] SILO.JK — Win Rate: 38.1%  Verdict: WEAK
2026-05-29 18:32:29 [INFO] screener: [AI] HEAL.JK — Win Rate: 78.5%  Verdict: ULTRA BUY
2026-05-29 18:32:30 [WARNING] screener: [FUNDAMENTAL] BAJA.JK: PE tidak tersedia — pakai default 15
2026-05-29 18:32:31 [INFO] screener: [AI] BMHS.JK — Win Rate: 16.4%  Verdict: WEAK
2026-05-29 18:32:31 [INFO] screener: [AI] PRDA.JK — Win Rate: 29.4%  Verdict: WEAK
2026-05-29 18:32:31 [INFO] screener: [AI] DGNS.JK — Win Rate: 11.4%  Verdict: WEAK
2026-05-29 18:32:32 [INFO] screener: [AI] IRRA.JK — Win Rate: 14.9%  Verdict: WEAK
2026-05-29 18:32:32 [INFO] screener: [AI] INTP.JK — Win Rate: 27.9%  Verdict: WEAK
2026-05-29 18:32:32 [INFO] screener: [AI] SAME.JK — Win Rate: 8.5%  Verdict: WEAK
2026-05-29 18:32:32 [INFO] screener: [AI] TSPC.JK — Win Rate: 21.9%  Verdict: WEAK
2026-05-29 18:32:32 [INFO] screener: [AI] SMBR.JK — Win Rate: 41.7%  Verdict: WEAK
2026-05-29 18:32:32 [INFO] screener: [AI] SMGR.JK — Win Rate: 62.9%  Verdict: ULTRA BUY
2026-05-29 18:32:33 [INFO] screener: [AI] ISSP.JK — Win Rate: 27.9%  Verdict: WEAK
2026-05-29 18:32:34 [INFO] screener: [AI] BAJA.JK — Win Rate: 12.1%  Verdict: WEAK
2026-05-29 18:32:34 [INFO] screener: [AI] ALKA.JK — Win Rate: 7.2%  Verdict: WEAK
2026-05-29 18:32:34 [INFO] screener: [AI] BRNA.JK — Win Rate: 27.8%  Verdict: WEAK
2026-05-29 18:32:34 [INFO] screener: [AI] TOTO.JK — Win Rate: 15.9%  Verdict: WEAK
2026-05-29 18:32:34 [INFO] screener: [AI] ASSA.JK — Win Rate: 60.7%  Verdict: ULTRA BUY
2026-05-29 18:32:36 [INFO] screener: [AI] BIRD.JK — Win Rate: 17.4%  Verdict: WEAK
2026-05-29 18:32:36 [WARNING] screener: [FUNDAMENTAL] GIAA.JK: PE tidak tersedia — pakai default 15
2026-05-29 18:32:36 [WARNING] screener: [FUNDAMENTAL] GIAA.JK: Book Value tidak tersedia — pakai default 1.5
2026-05-29 18:32:39 [INFO] screener: [AI] TMAS.JK — Win Rate: 42.6%  Verdict: WEAK
2026-05-29 18:32:39 [INFO] screener: [AI] TAPG.JK — Win Rate: 30.0%  Verdict: WEAK
2026-05-29 18:32:39 [INFO] screener: [AI] HAIS.JK — Win Rate: 24.2%  Verdict: WEAK
2026-05-29 18:32:39 [INFO] screener: [AI] PANI.JK — Win Rate: 38.9%  Verdict: WEAK
2026-05-29 18:32:39 [INFO] screener: [AI] SIMP.JK — Win Rate: 68.2%  Verdict: ULTRA BUY
2026-05-29 18:32:40 [INFO] screener: [AI] AALI.JK — Win Rate: 73.5%  Verdict: ULTRA BUY
2026-05-29 18:32:42 [INFO] screener: [AI] TBLA.JK — Win Rate: 36.1%  Verdict: WEAK
2026-05-29 18:32:42 [INFO] screener: [AI] DSNG.JK — Win Rate: 80.1%  Verdict: ULTRA BUY
2026-05-29 18:32:43 [INFO] screener: [AI] BPTR.JK — Win Rate: 10.6%  Verdict: WEAK
2026-05-29 18:32:43 [INFO] screener: [AI] LSIP.JK — Win Rate: 70.5%  Verdict: ULTRA BUY
2026-05-29 18:32:45 [INFO] screener: [AI] SSMS.JK — Win Rate: 48.6%  Verdict: WEAK
2026-05-29 18:32:45 [INFO] screener: [AI] NELY.JK — Win Rate: 22.2%  Verdict: WEAK
2026-05-29 18:32:46 [INFO] screener: [AI] BWPT.JK — Win Rate: 26.3%  Verdict: WEAK
2026-05-29 18:32:46 [WARNING] screener: [FUNDAMENTAL] PMUI.JK: PE tidak tersedia — pakai default 15
2026-05-29 18:32:46 [WARNING] screener: [FUNDAMENTAL] AREA.JK: PE tidak tersedia — pakai default 15
2026-05-29 18:32:46 [WARNING] screener: [FUNDAMENTAL] STRK.JK: PE tidak tersedia — pakai default 15
2026-05-29 18:32:46 [WARNING] screener: [FUNDAMENTAL] AWAN.JK: PE tidak tersedia — pakai default 15
2026-05-29 18:32:46 [WARNING] screener: [FUNDAMENTAL] WIDI.JK: PE tidak tersedia — pakai default 15
2026-05-29 18:32:46 [WARNING] screener: [FUNDAMENTAL] GTRA.JK: PE tidak tersedia — pakai default 15
2026-05-29 18:32:48 [INFO] screener: [AI] ALII.JK — Win Rate: 9.5%  Verdict: WEAK
2026-05-29 18:32:48 [INFO] screener: [AI] STRK.JK — Win Rate: 22.9%  Verdict: WEAK
2026-05-29 18:32:48 [INFO] screener: [AI] PMUI.JK — Win Rate: 18.4%  Verdict: WEAK
2026-05-29 18:32:48 [INFO] screener: [AI] AREA.JK — Win Rate: 13.8%  Verdict: WEAK
2026-05-29 18:32:48 [INFO] screener: [AI] WIDI.JK — Win Rate: 16.3%  Verdict: WEAK
2026-05-29 18:32:48 [INFO] screener: [AI] AWAN.JK — Win Rate: 8.4%  Verdict: WEAK
2026-05-29 18:32:48 [INFO] screener: [AI] GTRA.JK — Win Rate: 7.8%  Verdict: WEAK
2026-05-29 18:32:48 [INFO] backtest: [backtest] Tested=39 Skipped=0 WinRate=0.0% Sharpe=-98143250.28
