2026-05-18 08:14:25 [INFO] screener: Memindai Arus Uang (Rotasi Sektor)...
2026-05-18 08:14:46 [INFO] screener: Rotasi sektor selesai (11 sektor dipindai)
2026-05-18 08:14:46 [INFO] screener: Mengunduh Cuaca Makro Global & Komoditas...
2026-05-18 08:14:46 [INFO] screener: Macro update — IHSG=-1.98% | USD=-0.23% | Trend=DOWN | Penalty=-1.5
2026-05-18 08:14:51 [INFO] screener: [ENSEMBLE] Loaded v5.0 (threshold=0.731)
2026-05-18 08:14:51 [INFO] screener: [ENSEMBLE] Loaded v5.0 (threshold=0.731)
2026-05-18 08:14:51 [INFO] screener: [ENSEMBLE] Loaded v5.0 (threshold=0.731)
2026-05-18 08:14:51 [INFO] screener: [ENSEMBLE] Loaded v5.0 (threshold=0.731)
2026-05-18 08:14:51 [INFO] screener: [ENSEMBLE] Loaded v5.0 (threshold=0.731)
2026-05-18 08:14:51 [INFO] screener: [ENSEMBLE] Loaded v5.0 (threshold=0.731)
2026-05-18 08:14:51 [INFO] screener: [ENSEMBLE] Loaded v5.0 (threshold=0.731)
2026-05-18 08:14:51 [INFO] screener: [ENSEMBLE] Loaded v5.0 (threshold=0.731)
2026-05-18 08:14:51 [INFO] screener: [ENSEMBLE] Loaded v5.0 (threshold=0.731)
2026-05-18 08:14:51 [INFO] screener: [ENSEMBLE] Loaded v5.0 (threshold=0.731)
2026-05-18 08:14:51 [INFO] screener: [ENSEMBLE] Loaded v5.0 (threshold=0.731)
2026-05-18 08:14:51 [INFO] screener: [ENSEMBLE] Loaded v5.0 (threshold=0.731)
2026-05-18 08:14:51 [INFO] screener: [ENSEMBLE] Loaded v5.0 (threshold=0.731)
2026-05-18 08:14:51 [INFO] screener: [ENSEMBLE] Loaded v5.0 (threshold=0.731)
2026-05-18 08:14:54 [INFO] screener: [AI] BTPS.JK — Win Rate: 20.9%  Verdict: WEAK
2026-05-18 08:14:54 [INFO] screener: [AI] BBTN.JK — Win Rate: 22.6%  Verdict: WEAK
2026-05-18 08:14:54 [INFO] screener: [AI] ARTO.JK — Win Rate: 16.2%  Verdict: WEAK
2026-05-18 08:14:54 [INFO] screener: [AI] BMRI.JK — Win Rate: 9.8%  Verdict: WEAK
2026-05-18 08:14:54 [INFO] screener: [AI] CFIN.JK — Win Rate: 38.1%  Verdict: WEAK
2026-05-18 08:14:54 [INFO] screener: [AI] BBYB.JK — Win Rate: 24.9%  Verdict: WEAK
2026-05-18 08:14:54 [INFO] screener: [AI] NISP.JK — Win Rate: 29.6%  Verdict: WEAK
2026-05-18 08:14:54 [INFO] screener: [AI] BDMN.JK — Win Rate: 12.8%  Verdict: WEAK
2026-05-18 08:14:54 [INFO] screener: [AI] BNGA.JK — Win Rate: 74.1%  Verdict: ULTRA BUY
2026-05-18 08:14:54 [INFO] screener: [AI] BRIS.JK — Win Rate: 42.2%  Verdict: WEAK
2026-05-18 08:14:54 [INFO] screener: [AI] BVIC.JK — Win Rate: 15.5%  Verdict: WEAK
2026-05-18 08:14:54 [INFO] screener: [AI] BBCA.JK — Win Rate: 10.7%  Verdict: WEAK
2026-05-18 08:14:54 [INFO] screener: [AI] BBRI.JK — Win Rate: 17.4%  Verdict: WEAK
2026-05-18 08:14:54 [INFO] screener: [AI] BBNI.JK — Win Rate: 6.0%  Verdict: WEAK
2026-05-18 08:14:55 [WARNING] screener: [FUNDAMENTAL] MLPL.JK: PE tidak tersedia — pakai default 15
2026-05-18 08:14:58 [INFO] screener: [AI] BJTM.JK — Win Rate: 21.5%  Verdict: WEAK
2026-05-18 08:14:58 [INFO] screener: [AI] SRTG.JK — Win Rate: 27.3%  Verdict: WEAK
2026-05-18 08:14:58 [INFO] screener: [AI] BMTR.JK — Win Rate: 15.6%  Verdict: WEAK
2026-05-18 08:14:58 [INFO] screener: [AI] PNBN.JK — Win Rate: 24.9%  Verdict: WEAK
2026-05-18 08:14:58 [WARNING] screener: [FUNDAMENTAL] MPPA.JK: PE tidak tersedia — pakai default 15
2026-05-18 08:14:58 [INFO] screener: [AI] BJBR.JK — Win Rate: 38.4%  Verdict: WEAK
2026-05-18 08:14:58 [INFO] screener: [AI] ASII.JK — Win Rate: 22.4%  Verdict: WEAK
2026-05-18 08:14:58 [INFO] screener: [AI] UNTR.JK — Win Rate: 62.2%  Verdict: ULTRA BUY
2026-05-18 08:14:59 [INFO] screener: [AI] BSIM.JK — Win Rate: 6.2%  Verdict: WEAK
2026-05-18 08:15:00 [INFO] screener: [AI] BHIT.JK — Win Rate: 6.9%  Verdict: WEAK
2026-05-18 08:15:00 [INFO] screener: [AI] SMMA.JK — Win Rate: 56.7%  Verdict: BUY
2026-05-18 08:15:01 [INFO] screener: [AI] LPKR.JK — Win Rate: 18.7%  Verdict: WEAK
2026-05-18 08:15:01 [WARNING] screener: [FUNDAMENTAL] EXCL.JK: PE tidak tersedia — pakai default 15
2026-05-18 08:15:02 [INFO] screener: [AI] MLPL.JK — Win Rate: 13.7%  Verdict: WEAK
2026-05-18 08:15:02 [WARNING] screener: [FUNDAMENTAL] GOTO.JK: PE tidak tersedia — pakai default 15
2026-05-18 08:15:02 [WARNING] screener: [FUNDAMENTAL] BELI.JK: PE tidak tersedia — pakai default 15
2026-05-18 08:15:04 [INFO] screener: [AI] MPPA.JK — Win Rate: 4.9%  Verdict: WEAK
2026-05-18 08:15:04 [INFO] screener: [AI] BNLI.JK — Win Rate: 4.3%  Verdict: WEAK
2026-05-18 08:15:04 [INFO] screener: [AI] SCMA.JK — Win Rate: 20.8%  Verdict: WEAK
2026-05-18 08:15:04 [INFO] screener: [AI] VIVA.JK — Win Rate: 11.3%  Verdict: WEAK
2026-05-18 08:15:04 [INFO] screener: [AI] TLKM.JK — Win Rate: 22.8%  Verdict: WEAK
2026-05-18 08:15:04 [INFO] screener: [AI] EXCL.JK — Win Rate: 9.3%  Verdict: WEAK
2026-05-18 08:15:04 [INFO] screener: [AI] ISAT.JK — Win Rate: 62.9%  Verdict: ULTRA BUY
2026-05-18 08:15:05 [WARNING] screener: [FUNDAMENTAL] KREN.JK: PE tidak tersedia — pakai default 15
2026-05-18 08:15:06 [WARNING] screener: [FUNDAMENTAL] AXIO.JK: PE tidak tersedia — pakai default 15
2026-05-18 08:15:06 [INFO] screener: [AI] GOTO.JK — Win Rate: 8.6%  Verdict: WEAK
2026-05-18 08:15:06 [INFO] screener: [AI] BELI.JK — Win Rate: 18.0%  Verdict: WEAK
2026-05-18 08:15:06 [INFO] screener: [AI] BUKA.JK — Win Rate: 9.9%  Verdict: WEAK
2026-05-18 08:15:06 [INFO] screener: [AI] WIFI.JK — Win Rate: 17.2%  Verdict: WEAK
2026-05-18 08:15:06 [INFO] screener: [AI] EMTK.JK — Win Rate: 14.8%  Verdict: WEAK
2026-05-18 08:15:07 [INFO] screener: [AI] MTDL.JK — Win Rate: 35.3%  Verdict: WEAK
2026-05-18 08:15:07 [INFO] screener: [AI] KREN.JK — Win Rate: 8.3%  Verdict: WEAK
2026-05-18 08:15:07 [INFO] screener: [AI] DMMX.JK — Win Rate: 50.0%  Verdict: WEAK
2026-05-18 08:15:08 [INFO] screener: [AI] AXIO.JK — Win Rate: 70.1%  Verdict: ULTRA BUY
2026-05-18 08:15:09 [INFO] screener: [AI] PTBA.JK — Win Rate: 78.6%  Verdict: ULTRA BUY
2026-05-18 08:15:10 [INFO] screener: [AI] GLVA.JK — Win Rate: 9.6%  Verdict: WEAK
2026-05-18 08:15:11 [WARNING] screener: [FUNDAMENTAL] INDY.JK: PE tidak tersedia — pakai default 15
2026-05-18 08:15:13 [INFO] screener: [AI] ANTM.JK — Win Rate: 44.9%  Verdict: WEAK
2026-05-18 08:15:13 [INFO] screener: [AI] AKRA.JK — Win Rate: 10.7%  Verdict: WEAK
2026-05-18 08:15:13 [INFO] screener: [AI] DEWA.JK — Win Rate: 35.6%  Verdict: WEAK
2026-05-18 08:15:13 [INFO] screener: [AI] TINS.JK — Win Rate: 5.7%  Verdict: WEAK
2026-05-18 08:15:13 [WARNING] screener: [FUNDAMENTAL] DOID.JK: PE tidak tersedia — pakai default 15
2026-05-18 08:15:14 [WARNING] screener: [FUNDAMENTAL] TOBA.JK: PE tidak tersedia — pakai default 15
2026-05-18 08:15:14 [WARNING] screener: [FUNDAMENTAL] WEGE.JK: PE tidak tersedia — pakai default 15
2026-05-18 08:15:14 [WARNING] screener: [FUNDAMENTAL] ADHI.JK: PE tidak tersedia — pakai default 15
2026-05-18 08:15:14 [WARNING] screener: [FUNDAMENTAL] PPRE.JK: PE tidak tersedia — pakai default 15
2026-05-18 08:15:14 [WARNING] screener: [FUNDAMENTAL] PTPP.JK: PE tidak tersedia — pakai default 15
2026-05-18 08:15:14 [WARNING] screener: [FUNDAMENTAL] ACST.JK: PE tidak tersedia — pakai default 15
2026-05-18 08:15:15 [INFO] screener: [AI] NCKL.JK — Win Rate: 19.8%  Verdict: WEAK
2026-05-18 08:15:16 [INFO] screener: [AI] RMKE.JK — Win Rate: 5.0%  Verdict: WEAK
2026-05-18 08:15:16 [WARNING] screener: [FUNDAMENTAL] LEAD.JK: PE tidak tersedia — pakai default 15
2026-05-18 08:15:16 [INFO] screener: [AI] WEGE.JK — Win Rate: 12.0%  Verdict: WEAK
2026-05-18 08:15:16 [INFO] screener: [AI] ADHI.JK — Win Rate: 22.5%  Verdict: WEAK
2026-05-18 08:15:16 [INFO] screener: [AI] JSMR.JK — Win Rate: 52.3%  Verdict: BUY
2026-05-18 08:15:17 [INFO] screener: [AI] PPRE.JK — Win Rate: 10.2%  Verdict: WEAK
2026-05-18 08:15:17 [INFO] screener: [AI] ACST.JK — Win Rate: 13.7%  Verdict: WEAK
2026-05-18 08:15:18 [INFO] screener: [AI] TOTL.JK — Win Rate: 30.9%  Verdict: WEAK
2026-05-18 08:15:18 [INFO] screener: [AI] PTPP.JK — Win Rate: 13.8%  Verdict: WEAK
2026-05-18 08:15:18 [INFO] screener: [AI] JKON.JK — Win Rate: 8.7%  Verdict: WEAK
2026-05-18 08:15:19 [INFO] screener: [AI] CMNP.JK — Win Rate: 21.9%  Verdict: WEAK
2026-05-18 08:15:19 [INFO] screener: [AI] BIRD.JK — Win Rate: 50.6%  Verdict: BUY
2026-05-18 08:15:20 [WARNING] screener: [FUNDAMENTAL] KAEF.JK: PE tidak tersedia — pakai default 15
2026-05-18 08:15:21 [INFO] screener: [AI] MYOR.JK — Win Rate: 38.6%  Verdict: WEAK
2026-05-18 08:15:21 [INFO] screener: [AI] ICBP.JK — Win Rate: 26.8%  Verdict: WEAK
2026-05-18 08:15:22 [INFO] screener: [AI] UNVR.JK — Win Rate: 7.2%  Verdict: WEAK
2026-05-18 08:15:22 [INFO] screener: [AI] INDF.JK — Win Rate: 70.7%  Verdict: ULTRA BUY
2026-05-18 08:15:23 [INFO] screener: [AI] GOOD.JK — Win Rate: 72.5%  Verdict: ULTRA BUY
2026-05-18 08:15:24 [INFO] screener: [AI] ROTI.JK — Win Rate: 15.7%  Verdict: WEAK
2026-05-18 08:15:24 [INFO] screener: [AI] CAMP.JK — Win Rate: 9.6%  Verdict: WEAK
2026-05-18 08:15:25 [INFO] screener: [AI] ADES.JK — Win Rate: 56.5%  Verdict: BUY
2026-05-18 08:15:25 [INFO] screener: [AI] CLEO.JK — Win Rate: 28.0%  Verdict: WEAK
2026-05-18 08:15:26 [INFO] screener: [AI] STTP.JK — Win Rate: 12.7%  Verdict: WEAK
2026-05-18 08:15:26 [INFO] screener: [AI] SIDO.JK — Win Rate: 12.8%  Verdict: WEAK
2026-05-18 08:15:26 [INFO] screener: [AI] KAEF.JK — Win Rate: 7.6%  Verdict: WEAK
2026-05-18 08:15:26 [INFO] screener: [AI] PEHA.JK — Win Rate: 6.3%  Verdict: WEAK
2026-05-18 08:15:27 [WARNING] screener: [FUNDAMENTAL] MPPA.JK: PE tidak tersedia — pakai default 15
2026-05-18 08:15:27 [WARNING] screener: [FUNDAMENTAL] HOKI.JK: PE tidak tersedia — pakai default 15
2026-05-18 08:15:28 [INFO] screener: [AI] ERAA.JK — Win Rate: 21.8%  Verdict: WEAK
2026-05-18 08:15:29 [INFO] screener: [AI] MPPA.JK — Win Rate: 4.9%  Verdict: WEAK
2026-05-18 08:15:30 [INFO] screener: [AI] ACES.JK — Win Rate: 35.6%  Verdict: WEAK
2026-05-18 08:15:30 [INFO] screener: [AI] AMRT.JK — Win Rate: 10.3%  Verdict: WEAK
2026-05-18 08:15:30 [INFO] screener: [AI] BSDE.JK — Win Rate: 9.2%  Verdict: WEAK
2026-05-18 08:15:30 [INFO] screener: [AI] JPFA.JK — Win Rate: 36.6%  Verdict: WEAK
2026-05-18 08:15:30 [INFO] screener: [AI] RALS.JK — Win Rate: 23.4%  Verdict: WEAK
2026-05-18 08:15:30 [INFO] screener: [AI] LPPF.JK — Win Rate: 29.0%  Verdict: WEAK
2026-05-18 08:15:30 [INFO] screener: [AI] CPIN.JK — Win Rate: 8.7%  Verdict: WEAK
2026-05-18 08:15:30 [INFO] screener: [AI] MAPA.JK — Win Rate: 14.0%  Verdict: WEAK
2026-05-18 08:15:31 [INFO] screener: [AI] MIDI.JK — Win Rate: 37.2%  Verdict: WEAK
2026-05-18 08:15:31 [INFO] screener: [AI] ENZO.JK — Win Rate: 7.0%  Verdict: WEAK
2026-05-18 08:15:31 [INFO] screener: [AI] HOKI.JK — Win Rate: 18.1%  Verdict: WEAK
2026-05-18 08:15:31 [INFO] screener: [AI] MAPI.JK — Win Rate: 52.7%  Verdict: BUY
2026-05-18 08:15:32 [WARNING] screener: [FUNDAMENTAL] PPRO.JK: PE tidak tersedia — pakai default 15
2026-05-18 08:15:33 [INFO] screener: [AI] CTRA.JK — Win Rate: 23.8%  Verdict: WEAK
2026-05-18 08:15:35 [INFO] screener: [AI] SMRA.JK — Win Rate: 8.5%  Verdict: WEAK
2026-05-18 08:15:35 [INFO] screener: [AI] PWON.JK — Win Rate: 13.7%  Verdict: WEAK
2026-05-18 08:15:35 [INFO] screener: [AI] DUTI.JK — Win Rate: 8.7%  Verdict: WEAK
2026-05-18 08:15:35 [INFO] screener: [AI] ASRI.JK — Win Rate: 11.1%  Verdict: WEAK
2026-05-18 08:15:35 [INFO] screener: [AI] DMAS.JK — Win Rate: 54.7%  Verdict: BUY
2026-05-18 08:15:35 [INFO] screener: [AI] DILD.JK — Win Rate: 46.6%  Verdict: WEAK
2026-05-18 08:15:36 [INFO] screener: [AI] PPRO.JK — Win Rate: 8.7%  Verdict: WEAK
2026-05-18 08:15:37 [INFO] screener: [AI] LPCK.JK — Win Rate: 16.0%  Verdict: WEAK
2026-05-18 08:15:37 [INFO] screener: [AI] KIJA.JK — Win Rate: 23.2%  Verdict: WEAK
2026-05-18 08:15:37 [INFO] screener: [AI] GWSA.JK — Win Rate: 7.7%  Verdict: WEAK
2026-05-18 08:15:37 [INFO] screener: [AI] MKPI.JK — Win Rate: 10.5%  Verdict: WEAK
2026-05-18 08:15:38 [INFO] screener: [AI] BKSL.JK — Win Rate: 15.6%  Verdict: WEAK
2026-05-18 08:15:38 [INFO] screener: [AI] KLBF.JK — Win Rate: 18.2%  Verdict: WEAK
2026-05-18 08:15:38 [INFO] screener: [AI] SSIA.JK — Win Rate: 9.0%  Verdict: WEAK
2026-05-18 08:15:39 [INFO] screener: [AI] MIKA.JK — Win Rate: 60.8%  Verdict: ULTRA BUY
2026-05-18 08:15:40 [INFO] screener: [AI] SILO.JK — Win Rate: 69.7%  Verdict: ULTRA BUY
2026-05-18 08:15:42 [INFO] screener: [AI] PRDA.JK — Win Rate: 44.4%  Verdict: WEAK
2026-05-18 08:15:43 [WARNING] screener: [FUNDAMENTAL] BAJA.JK: PE tidak tersedia — pakai default 15
2026-05-18 08:15:43 [INFO] screener: [AI] HEAL.JK — Win Rate: 41.2%  Verdict: WEAK
2026-05-18 08:15:43 [INFO] screener: [AI] DGNS.JK — Win Rate: 4.6%  Verdict: WEAK
2026-05-18 08:15:43 [INFO] screener: [AI] IRRA.JK — Win Rate: 8.6%  Verdict: WEAK
2026-05-18 08:15:43 [INFO] screener: [AI] TSPC.JK — Win Rate: 62.5%  Verdict: ULTRA BUY
2026-05-18 08:15:44 [INFO] screener: [AI] BMHS.JK — Win Rate: 29.7%  Verdict: WEAK
2026-05-18 08:15:45 [INFO] screener: [AI] SMBR.JK — Win Rate: 10.3%  Verdict: WEAK
2026-05-18 08:15:45 [INFO] screener: [AI] SAME.JK — Win Rate: 72.2%  Verdict: ULTRA BUY
2026-05-18 08:15:45 [INFO] screener: [AI] INTP.JK — Win Rate: 20.6%  Verdict: WEAK
2026-05-18 08:15:46 [INFO] screener: [AI] SMGR.JK — Win Rate: 23.5%  Verdict: WEAK
2026-05-18 08:15:46 [INFO] screener: [AI] ISSP.JK — Win Rate: 35.1%  Verdict: WEAK
2026-05-18 08:15:46 [INFO] screener: [AI] BAJA.JK — Win Rate: 41.8%  Verdict: WEAK
2026-05-18 08:15:47 [INFO] screener: [AI] ALKA.JK — Win Rate: 8.4%  Verdict: WEAK
2026-05-18 08:15:47 [INFO] screener: [AI] ASSA.JK — Win Rate: 39.7%  Verdict: WEAK
2026-05-18 08:15:47 [INFO] screener: [AI] TOTO.JK — Win Rate: 10.0%  Verdict: WEAK
2026-05-18 08:15:47 [INFO] screener: [AI] BRNA.JK — Win Rate: 11.3%  Verdict: WEAK
2026-05-18 08:15:48 [WARNING] screener: [FUNDAMENTAL] GIAA.JK: PE tidak tersedia — pakai default 15
2026-05-18 08:15:48 [WARNING] screener: [FUNDAMENTAL] GIAA.JK: Book Value tidak tersedia — pakai default 1.5
2026-05-18 08:15:48 [INFO] screener: [AI] BIRD.JK — Win Rate: 50.6%  Verdict: BUY
2026-05-18 08:15:51 [INFO] screener: [AI] LSIP.JK — Win Rate: 52.4%  Verdict: BUY
2026-05-18 08:15:51 [INFO] screener: [AI] TAPG.JK — Win Rate: 29.5%  Verdict: WEAK
2026-05-18 08:15:52 [INFO] screener: [AI] AALI.JK — Win Rate: 40.4%  Verdict: WEAK
2026-05-18 08:15:52 [INFO] screener: [AI] PANI.JK — Win Rate: 23.1%  Verdict: WEAK
2026-05-18 08:15:52 [INFO] screener: [AI] BWPT.JK — Win Rate: 4.4%  Verdict: WEAK
2026-05-18 08:15:52 [INFO] screener: [AI] SIMP.JK — Win Rate: 27.5%  Verdict: WEAK
2026-05-18 08:15:52 [INFO] screener: [AI] HAIS.JK — Win Rate: 7.2%  Verdict: WEAK
2026-05-18 08:15:52 [INFO] screener: [AI] NELY.JK — Win Rate: 11.4%  Verdict: WEAK
2026-05-18 08:15:52 [INFO] screener: [AI] BPTR.JK — Win Rate: 14.5%  Verdict: WEAK
2026-05-18 08:15:52 [INFO] screener: [AI] DSNG.JK — Win Rate: 76.2%  Verdict: ULTRA BUY
2026-05-18 08:15:52 [INFO] screener: [AI] TMAS.JK — Win Rate: 34.1%  Verdict: WEAK
2026-05-18 08:15:53 [WARNING] screener: [FUNDAMENTAL] PMUI.JK: PE tidak tersedia — pakai default 15
2026-05-18 08:15:54 [INFO] screener: [AI] SSMS.JK — Win Rate: 23.9%  Verdict: WEAK
2026-05-18 08:15:54 [WARNING] screener: [FUNDAMENTAL] AREA.JK: PE tidak tersedia — pakai default 15
2026-05-18 08:15:54 [WARNING] screener: [FUNDAMENTAL] AWAN.JK: PE tidak tersedia — pakai default 15
2026-05-18 08:15:54 [WARNING] screener: [FUNDAMENTAL] STRK.JK: PE tidak tersedia — pakai default 15
2026-05-18 08:15:54 [WARNING] screener: [FUNDAMENTAL] GTRA.JK: PE tidak tersedia — pakai default 15
2026-05-18 08:15:54 [INFO] screener: [AI] TBLA.JK — Win Rate: 37.1%  Verdict: WEAK
2026-05-18 08:15:54 [WARNING] screener: [FUNDAMENTAL] WIDI.JK: PE tidak tersedia — pakai default 15
2026-05-18 08:15:55 [INFO] screener: [AI] PMUI.JK — Win Rate: 22.4%  Verdict: WEAK
2026-05-18 08:15:55 [INFO] screener: [AI] AREA.JK — Win Rate: 34.3%  Verdict: WEAK
2026-05-18 08:15:55 [INFO] screener: [AI] STRK.JK — Win Rate: 9.8%  Verdict: WEAK
2026-05-18 08:15:55 [INFO] screener: [AI] GTRA.JK — Win Rate: 5.5%  Verdict: WEAK
2026-05-18 08:15:56 [INFO] screener: [AI] AWAN.JK — Win Rate: 15.0%  Verdict: WEAK
2026-05-18 08:15:56 [INFO] screener: [AI] ALII.JK — Win Rate: 12.2%  Verdict: WEAK
2026-05-18 08:15:56 [INFO] screener: [AI] WIDI.JK — Win Rate: 10.1%  Verdict: WEAK
2026-05-18 16:25:25 [INFO] screener: Memindai Arus Uang (Rotasi Sektor)...
2026-05-18 16:25:35 [INFO] screener: Rotasi sektor selesai (11 sektor dipindai)
2026-05-18 16:25:35 [INFO] screener: Mengunduh Cuaca Makro Global & Komoditas...
2026-05-18 16:25:35 [INFO] screener: Macro update — IHSG=-1.85% | USD=+0.67% | Trend=DOWN | Penalty=-2.0
2026-05-18 16:25:41 [INFO] screener: [ENSEMBLE] Loaded v5.0 (threshold=0.731)
2026-05-18 16:25:41 [INFO] screener: [ENSEMBLE] Loaded v5.0 (threshold=0.731)
2026-05-18 16:25:41 [INFO] screener: [ENSEMBLE] Loaded v5.0 (threshold=0.731)
2026-05-18 16:25:41 [INFO] screener: [ENSEMBLE] Loaded v5.0 (threshold=0.731)
2026-05-18 16:25:41 [INFO] screener: [ENSEMBLE] Loaded v5.0 (threshold=0.731)
2026-05-18 16:25:41 [INFO] screener: [ENSEMBLE] Loaded v5.0 (threshold=0.731)
2026-05-18 16:25:41 [INFO] screener: [ENSEMBLE] Loaded v5.0 (threshold=0.731)
2026-05-18 16:25:41 [INFO] screener: [ENSEMBLE] Loaded v5.0 (threshold=0.731)
2026-05-18 16:25:41 [INFO] screener: [ENSEMBLE] Loaded v5.0 (threshold=0.731)
2026-05-18 16:25:41 [INFO] screener: [ENSEMBLE] Loaded v5.0 (threshold=0.731)
2026-05-18 16:25:41 [INFO] screener: [ENSEMBLE] Loaded v5.0 (threshold=0.731)
2026-05-18 16:25:41 [INFO] screener: [ENSEMBLE] Loaded v5.0 (threshold=0.731)
2026-05-18 16:25:41 [INFO] screener: [ENSEMBLE] Loaded v5.0 (threshold=0.731)
2026-05-18 16:25:41 [INFO] screener: [ENSEMBLE] Loaded v5.0 (threshold=0.731)
2026-05-18 16:25:44 [INFO] screener: [AI] NISP.JK — Win Rate: 7.0%  Verdict: WEAK
2026-05-18 16:25:44 [INFO] screener: [AI] BRIS.JK — Win Rate: 5.7%  Verdict: WEAK
2026-05-18 16:25:44 [INFO] screener: [AI] BTPS.JK — Win Rate: 7.9%  Verdict: WEAK
2026-05-18 16:25:44 [INFO] screener: [AI] BBNI.JK — Win Rate: 3.7%  Verdict: WEAK
2026-05-18 16:25:44 [INFO] screener: [AI] BNGA.JK — Win Rate: 8.1%  Verdict: WEAK
2026-05-18 16:25:44 [INFO] screener: [AI] BBCA.JK — Win Rate: 2.8%  Verdict: WEAK
2026-05-18 16:25:44 [INFO] screener: [AI] BMRI.JK — Win Rate: 5.7%  Verdict: WEAK
2026-05-18 16:25:44 [INFO] screener: [AI] BVIC.JK — Win Rate: 1.1%  Verdict: WEAK
2026-05-18 16:25:44 [INFO] screener: [AI] BBYB.JK — Win Rate: 1.9%  Verdict: WEAK
2026-05-18 16:25:44 [INFO] screener: [AI] ARTO.JK — Win Rate: 3.1%  Verdict: WEAK
2026-05-18 16:25:44 [INFO] screener: [AI] CFIN.JK — Win Rate: 6.2%  Verdict: WEAK
2026-05-18 16:25:44 [INFO] screener: [AI] BBRI.JK — Win Rate: 1.4%  Verdict: WEAK
2026-05-18 16:25:44 [INFO] screener: [AI] BDMN.JK — Win Rate: 10.9%  Verdict: WEAK
2026-05-18 16:25:44 [INFO] screener: [AI] BBTN.JK — Win Rate: 1.4%  Verdict: WEAK
2026-05-18 16:25:45 [WARNING] screener: [FUNDAMENTAL] MLPL.JK: PE tidak tersedia — pakai default 15
2026-05-18 16:25:47 [INFO] screener: [AI] BSIM.JK — Win Rate: 1.7%  Verdict: WEAK
2026-05-18 16:25:48 [INFO] screener: [AI] PNBN.JK — Win Rate: 3.2%  Verdict: WEAK
2026-05-18 16:25:48 [INFO] screener: [AI] BJTM.JK — Win Rate: 14.5%  Verdict: WEAK
2026-05-18 16:25:48 [INFO] screener: [AI] SMMA.JK — Win Rate: 15.8%  Verdict: WEAK
2026-05-18 16:25:48 [INFO] screener: [AI] ASII.JK — Win Rate: 4.5%  Verdict: WEAK
2026-05-18 16:25:48 [INFO] screener: [AI] BJBR.JK — Win Rate: 5.6%  Verdict: WEAK
2026-05-18 16:25:48 [INFO] screener: [AI] BHIT.JK — Win Rate: 1.6%  Verdict: WEAK
2026-05-18 16:25:48 [INFO] screener: [AI] LPKR.JK — Win Rate: 1.6%  Verdict: WEAK
2026-05-18 16:25:48 [INFO] screener: [AI] BMTR.JK — Win Rate: 1.4%  Verdict: WEAK
2026-05-18 16:25:48 [INFO] screener: [AI] MLPL.JK — Win Rate: 2.9%  Verdict: WEAK
2026-05-18 16:25:48 [INFO] screener: [AI] UNTR.JK — Win Rate: 8.0%  Verdict: WEAK
2026-05-18 16:25:48 [WARNING] screener: [FUNDAMENTAL] MPPA.JK: PE tidak tersedia — pakai default 15
2026-05-18 16:25:49 [INFO] screener: [AI] SRTG.JK — Win Rate: 1.3%  Verdict: WEAK
2026-05-18 16:25:49 [WARNING] screener: [FUNDAMENTAL] GOTO.JK: PE tidak tersedia — pakai default 15
2026-05-18 16:25:49 [WARNING] screener: [FUNDAMENTAL] BELI.JK: PE tidak tersedia — pakai default 15
2026-05-18 16:25:49 [WARNING] screener: [FUNDAMENTAL] EXCL.JK: PE tidak tersedia — pakai default 15
2026-05-18 16:25:50 [INFO] screener: [AI] VIVA.JK — Win Rate: 2.1%  Verdict: WEAK
2026-05-18 16:25:50 [INFO] screener: [AI] MPPA.JK — Win Rate: 13.8%  Verdict: WEAK
2026-05-18 16:25:50 [INFO] screener: [AI] BNLI.JK — Win Rate: 1.9%  Verdict: WEAK
2026-05-18 16:25:50 [INFO] screener: [AI] SCMA.JK — Win Rate: 1.3%  Verdict: WEAK
2026-05-18 16:25:51 [WARNING] screener: [FUNDAMENTAL] KREN.JK: PE tidak tersedia — pakai default 15
2026-05-18 16:25:51 [INFO] screener: [AI] TLKM.JK — Win Rate: 22.7%  Verdict: WEAK
2026-05-18 16:25:51 [WARNING] screener: [FUNDAMENTAL] AXIO.JK: PE tidak tersedia — pakai default 15
2026-05-18 16:25:51 [INFO] screener: [AI] BELI.JK — Win Rate: 1.1%  Verdict: WEAK
2026-05-18 16:25:52 [INFO] screener: [AI] GOTO.JK — Win Rate: 0.8%  Verdict: WEAK
2026-05-18 16:25:52 [INFO] screener: [AI] EMTK.JK — Win Rate: 3.7%  Verdict: WEAK
2026-05-18 16:25:52 [INFO] screener: [AI] ISAT.JK — Win Rate: 10.4%  Verdict: WEAK
2026-05-18 16:25:52 [INFO] screener: [AI] EXCL.JK — Win Rate: 2.6%  Verdict: WEAK
2026-05-18 16:25:52 [INFO] screener: [AI] MLPT.JK — Win Rate: 1.7%  Verdict: WEAK
2026-05-18 16:25:52 [INFO] screener: [AI] WIFI.JK — Win Rate: 0.9%  Verdict: WEAK
2026-05-18 16:25:52 [INFO] screener: [AI] BUKA.JK — Win Rate: 1.1%  Verdict: WEAK
2026-05-18 16:25:52 [INFO] screener: [AI] MTDL.JK — Win Rate: 1.4%  Verdict: WEAK
2026-05-18 16:25:53 [INFO] screener: [AI] DMMX.JK — Win Rate: 1.0%  Verdict: WEAK
2026-05-18 16:25:53 [INFO] screener: [AI] AXIO.JK — Win Rate: 5.3%  Verdict: WEAK
2026-05-18 16:25:53 [INFO] screener: [AI] KREN.JK — Win Rate: 2.0%  Verdict: WEAK
2026-05-18 16:25:53 [INFO] screener: [AI] GLVA.JK — Win Rate: 4.0%  Verdict: WEAK
2026-05-18 16:25:54 [INFO] screener: [AI] PTBA.JK — Win Rate: 11.7%  Verdict: WEAK
2026-05-18 16:25:55 [WARNING] screener: [FUNDAMENTAL] INDY.JK: PE tidak tersedia — pakai default 15
2026-05-18 16:25:57 [INFO] screener: [AI] TINS.JK — Win Rate: 2.6%  Verdict: WEAK
2026-05-18 16:25:57 [INFO] screener: [AI] ANTM.JK — Win Rate: 3.6%  Verdict: WEAK
2026-05-18 16:25:57 [WARNING] screener: [FUNDAMENTAL] DOID.JK: PE tidak tersedia — pakai default 15
2026-05-18 16:25:57 [WARNING] screener: [FUNDAMENTAL] TOBA.JK: PE tidak tersedia — pakai default 15
2026-05-18 16:25:57 [WARNING] screener: [FUNDAMENTAL] PTPP.JK: PE tidak tersedia — pakai default 15
2026-05-18 16:25:58 [WARNING] screener: [FUNDAMENTAL] ADHI.JK: PE tidak tersedia — pakai default 15
2026-05-18 16:25:58 [INFO] screener: [AI] AKRA.JK — Win Rate: 3.8%  Verdict: WEAK
2026-05-18 16:25:58 [WARNING] screener: [FUNDAMENTAL] PPRE.JK: PE tidak tersedia — pakai default 15
2026-05-18 16:25:58 [WARNING] screener: [FUNDAMENTAL] WEGE.JK: PE tidak tersedia — pakai default 15
2026-05-18 16:25:58 [INFO] screener: [AI] DEWA.JK — Win Rate: 2.3%  Verdict: WEAK
2026-05-18 16:25:58 [WARNING] screener: [FUNDAMENTAL] ACST.JK: PE tidak tersedia — pakai default 15
2026-05-18 16:25:59 [INFO] screener: [AI] NCKL.JK — Win Rate: 1.8%  Verdict: WEAK
2026-05-18 16:25:59 [INFO] screener: [AI] ADHI.JK — Win Rate: 2.9%  Verdict: WEAK
2026-05-18 16:26:00 [INFO] screener: [AI] JSMR.JK — Win Rate: 4.2%  Verdict: WEAK
2026-05-18 16:26:00 [WARNING] screener: [FUNDAMENTAL] LEAD.JK: PE tidak tersedia — pakai default 15
2026-05-18 16:26:00 [INFO] screener: [AI] PTPP.JK — Win Rate: 4.8%  Verdict: WEAK
2026-05-18 16:26:00 [INFO] screener: [AI] RMKE.JK — Win Rate: 6.9%  Verdict: WEAK
2026-05-18 16:26:00 [INFO] screener: [AI] PPRE.JK — Win Rate: 0.7%  Verdict: WEAK
2026-05-18 16:26:00 [INFO] screener: [AI] WEGE.JK — Win Rate: 1.0%  Verdict: WEAK
2026-05-18 16:26:01 [INFO] screener: [AI] ACST.JK — Win Rate: 2.0%  Verdict: WEAK
2026-05-18 16:26:01 [INFO] screener: [AI] TOTL.JK — Win Rate: 9.1%  Verdict: WEAK
2026-05-18 16:26:01 [INFO] screener: [AI] JKON.JK — Win Rate: 3.6%  Verdict: WEAK
2026-05-18 16:26:02 [INFO] screener: [AI] CMNP.JK — Win Rate: 3.0%  Verdict: WEAK
2026-05-18 16:26:03 [INFO] screener: [AI] BIRD.JK — Win Rate: 2.2%  Verdict: WEAK
2026-05-18 16:26:03 [WARNING] screener: [FUNDAMENTAL] KAEF.JK: PE tidak tersedia — pakai default 15
2026-05-18 16:26:03 [INFO] screener: [AI] INDF.JK — Win Rate: 20.9%  Verdict: WEAK
2026-05-18 16:26:03 [INFO] screener: [AI] ICBP.JK — Win Rate: 5.2%  Verdict: WEAK
2026-05-18 16:26:03 [INFO] screener: [AI] UNVR.JK — Win Rate: 3.7%  Verdict: WEAK
2026-05-18 16:26:03 [INFO] screener: [AI] MYOR.JK — Win Rate: 8.8%  Verdict: WEAK
2026-05-18 16:26:03 [INFO] screener: [AI] ROTI.JK — Win Rate: 2.3%  Verdict: WEAK
2026-05-18 16:26:03 [INFO] screener: [AI] GOOD.JK — Win Rate: 19.3%  Verdict: WEAK
2026-05-18 16:26:03 [INFO] screener: [AI] CAMP.JK — Win Rate: 1.1%  Verdict: WEAK
2026-05-18 16:26:04 [INFO] screener: [AI] CLEO.JK — Win Rate: 6.2%  Verdict: WEAK
2026-05-18 16:26:04 [INFO] screener: [AI] ADES.JK — Win Rate: 13.9%  Verdict: WEAK
2026-05-18 16:26:04 [INFO] screener: [AI] STTP.JK — Win Rate: 3.1%  Verdict: WEAK
2026-05-18 16:26:04 [INFO] screener: [AI] PEHA.JK — Win Rate: 3.8%  Verdict: WEAK
2026-05-18 16:26:04 [INFO] screener: [AI] KAEF.JK — Win Rate: 5.2%  Verdict: WEAK
2026-05-18 16:26:05 [INFO] screener: [AI] SIDO.JK — Win Rate: 2.4%  Verdict: WEAK
2026-05-18 16:26:05 [WARNING] screener: [FUNDAMENTAL] MPPA.JK: PE tidak tersedia — pakai default 15
2026-05-18 16:26:05 [WARNING] screener: [FUNDAMENTAL] HOKI.JK: PE tidak tersedia — pakai default 15
2026-05-18 16:26:06 [INFO] screener: [AI] MPPA.JK — Win Rate: 13.8%  Verdict: WEAK
2026-05-18 16:26:06 [INFO] screener: [AI] MAPA.JK — Win Rate: 2.6%  Verdict: WEAK
2026-05-18 16:26:08 [INFO] screener: [AI] CPIN.JK — Win Rate: 3.3%  Verdict: WEAK
2026-05-18 16:26:08 [INFO] screener: [AI] ACES.JK — Win Rate: 2.8%  Verdict: WEAK
2026-05-18 16:26:08 [INFO] screener: [AI] RALS.JK — Win Rate: 10.3%  Verdict: WEAK
2026-05-18 16:26:08 [INFO] screener: [AI] HOKI.JK — Win Rate: 0.8%  Verdict: WEAK
2026-05-18 16:26:08 [INFO] screener: [AI] ERAA.JK — Win Rate: 1.3%  Verdict: WEAK
2026-05-18 16:26:08 [INFO] screener: [AI] MIDI.JK — Win Rate: 6.1%  Verdict: WEAK
2026-05-18 16:26:08 [INFO] screener: [AI] JPFA.JK — Win Rate: 4.0%  Verdict: WEAK
2026-05-18 16:26:08 [INFO] screener: [AI] MAPI.JK — Win Rate: 6.7%  Verdict: WEAK
2026-05-18 16:26:08 [INFO] screener: [AI] AMRT.JK — Win Rate: 2.3%  Verdict: WEAK
2026-05-18 16:26:08 [INFO] screener: [AI] LPPF.JK — Win Rate: 7.0%  Verdict: WEAK
2026-05-18 16:26:08 [INFO] screener: [AI] ENZO.JK — Win Rate: 3.5%  Verdict: WEAK
2026-05-18 16:26:08 [INFO] screener: [AI] BSDE.JK — Win Rate: 1.9%  Verdict: WEAK
2026-05-18 16:26:08 [INFO] screener: [AI] CTRA.JK — Win Rate: 1.4%  Verdict: WEAK
2026-05-18 16:26:09 [INFO] screener: [AI] SMRA.JK — Win Rate: 3.7%  Verdict: WEAK
2026-05-18 16:26:09 [WARNING] screener: [FUNDAMENTAL] PPRO.JK: PE tidak tersedia — pakai default 15
2026-05-18 16:26:10 [INFO] screener: [AI] ASRI.JK — Win Rate: 1.9%  Verdict: WEAK
2026-05-18 16:26:11 [INFO] screener: [AI] GWSA.JK — Win Rate: 1.1%  Verdict: WEAK
2026-05-18 16:26:11 [INFO] screener: [AI] LPCK.JK — Win Rate: 1.2%  Verdict: WEAK
2026-05-18 16:26:11 [INFO] screener: [AI] DILD.JK — Win Rate: 0.8%  Verdict: WEAK
2026-05-18 16:26:11 [INFO] screener: [AI] DMAS.JK — Win Rate: 13.1%  Verdict: WEAK
2026-05-18 16:26:11 [INFO] screener: [AI] PPRO.JK — Win Rate: 1.0%  Verdict: WEAK
2026-05-18 16:26:11 [INFO] screener: [AI] PWON.JK — Win Rate: 1.0%  Verdict: WEAK
2026-05-18 16:26:11 [INFO] screener: [AI] MKPI.JK — Win Rate: 4.8%  Verdict: WEAK
2026-05-18 16:26:11 [INFO] screener: [AI] KIJA.JK — Win Rate: 1.3%  Verdict: WEAK
2026-05-18 16:26:11 [INFO] screener: [AI] SSIA.JK — Win Rate: 3.1%  Verdict: WEAK
2026-05-18 16:26:11 [INFO] screener: [AI] BKSL.JK — Win Rate: 1.4%  Verdict: WEAK
2026-05-18 16:26:11 [INFO] screener: [AI] MIKA.JK — Win Rate: 4.4%  Verdict: WEAK
2026-05-18 16:26:13 [INFO] screener: [AI] DUTI.JK — Win Rate: 4.4%  Verdict: WEAK
2026-05-18 16:26:14 [INFO] screener: [AI] DGNS.JK — Win Rate: 1.6%  Verdict: WEAK
2026-05-18 16:26:14 [INFO] screener: [AI] BMHS.JK — Win Rate: 10.0%  Verdict: WEAK
2026-05-18 16:26:14 [INFO] screener: [AI] KLBF.JK — Win Rate: 3.1%  Verdict: WEAK
2026-05-18 16:26:14 [INFO] screener: [AI] SMBR.JK — Win Rate: 1.8%  Verdict: WEAK
2026-05-18 16:26:14 [INFO] screener: [AI] PRDA.JK — Win Rate: 10.8%  Verdict: WEAK
2026-05-18 16:26:14 [INFO] screener: [AI] SAME.JK — Win Rate: 1.8%  Verdict: WEAK
2026-05-18 16:26:14 [INFO] screener: [AI] IRRA.JK — Win Rate: 4.2%  Verdict: WEAK
2026-05-18 16:26:14 [WARNING] screener: [FUNDAMENTAL] BAJA.JK: PE tidak tersedia — pakai default 15
2026-05-18 16:26:14 [INFO] screener: [AI] SMGR.JK — Win Rate: 2.1%  Verdict: WEAK
2026-05-18 16:26:15 [INFO] screener: [AI] INTP.JK — Win Rate: 8.1%  Verdict: WEAK
2026-05-18 16:26:15 [INFO] screener: [AI] SILO.JK — Win Rate: 2.2%  Verdict: WEAK
2026-05-18 16:26:15 [INFO] screener: [AI] HEAL.JK — Win Rate: 2.8%  Verdict: WEAK
2026-05-18 16:26:15 [INFO] screener: [AI] TSPC.JK — Win Rate: 6.1%  Verdict: WEAK
2026-05-18 16:26:16 [INFO] screener: [AI] ISSP.JK — Win Rate: 1.9%  Verdict: WEAK
2026-05-18 16:26:16 [INFO] screener: [AI] BAJA.JK — Win Rate: 1.4%  Verdict: WEAK
2026-05-18 16:26:16 [INFO] screener: [AI] ALKA.JK — Win Rate: 1.7%  Verdict: WEAK
2026-05-18 16:26:16 [INFO] screener: [AI] ASSA.JK — Win Rate: 12.9%  Verdict: WEAK
2026-05-18 16:26:16 [INFO] screener: [AI] TOTO.JK — Win Rate: 1.2%  Verdict: WEAK
2026-05-18 16:26:17 [INFO] screener: [AI] BRNA.JK — Win Rate: 1.3%  Verdict: WEAK
2026-05-18 16:26:18 [INFO] screener: [AI] BIRD.JK — Win Rate: 2.2%  Verdict: WEAK
2026-05-18 16:26:18 [WARNING] screener: [FUNDAMENTAL] GIAA.JK: PE tidak tersedia — pakai default 15
2026-05-18 16:26:18 [WARNING] screener: [FUNDAMENTAL] GIAA.JK: Book Value tidak tersedia — pakai default 1.5
2026-05-18 16:26:20 [INFO] screener: [AI] NELY.JK — Win Rate: 6.2%  Verdict: WEAK
2026-05-18 16:26:20 [INFO] screener: [AI] AALI.JK — Win Rate: 2.9%  Verdict: WEAK
2026-05-18 16:26:20 [INFO] screener: [AI] SIMP.JK — Win Rate: 1.4%  Verdict: WEAK
2026-05-18 16:26:20 [INFO] screener: [AI] BWPT.JK — Win Rate: 1.2%  Verdict: WEAK
2026-05-18 16:26:20 [INFO] screener: [AI] TAPG.JK — Win Rate: 4.5%  Verdict: WEAK
2026-05-18 16:26:20 [INFO] screener: [AI] HAIS.JK — Win Rate: 2.0%  Verdict: WEAK
2026-05-18 16:26:20 [INFO] screener: [AI] TMAS.JK — Win Rate: 5.2%  Verdict: WEAK
2026-05-18 16:26:20 [INFO] screener: [AI] BPTR.JK — Win Rate: 8.3%  Verdict: WEAK
2026-05-18 16:26:20 [INFO] screener: [AI] PANI.JK — Win Rate: 5.5%  Verdict: WEAK
2026-05-18 16:26:20 [INFO] screener: [AI] LSIP.JK — Win Rate: 3.5%  Verdict: WEAK
2026-05-18 16:26:20 [INFO] screener: [AI] SSMS.JK — Win Rate: 0.7%  Verdict: WEAK
2026-05-18 16:26:20 [INFO] screener: [AI] DSNG.JK — Win Rate: 0.8%  Verdict: WEAK
2026-05-18 16:26:21 [INFO] screener: [AI] TBLA.JK — Win Rate: 2.1%  Verdict: WEAK
2026-05-18 16:26:21 [WARNING] screener: [FUNDAMENTAL] AWAN.JK: PE tidak tersedia — pakai default 15
2026-05-18 16:26:21 [WARNING] screener: [FUNDAMENTAL] WIDI.JK: PE tidak tersedia — pakai default 15
2026-05-18 16:26:21 [WARNING] screener: [FUNDAMENTAL] GTRA.JK: PE tidak tersedia — pakai default 15
2026-05-18 16:26:21 [WARNING] screener: [FUNDAMENTAL] PMUI.JK: PE tidak tersedia — pakai default 15
2026-05-18 16:26:21 [WARNING] screener: [FUNDAMENTAL] STRK.JK: PE tidak tersedia — pakai default 15
2026-05-18 16:26:21 [WARNING] screener: [FUNDAMENTAL] AREA.JK: PE tidak tersedia — pakai default 15
2026-05-18 16:26:22 [INFO] screener: [AI] WIDI.JK — Win Rate: 1.7%  Verdict: WEAK
2026-05-18 16:26:22 [INFO] screener: [AI] PMUI.JK — Win Rate: 0.9%  Verdict: WEAK
2026-05-18 16:26:22 [INFO] screener: [AI] AREA.JK — Win Rate: 2.1%  Verdict: WEAK
2026-05-18 16:26:22 [INFO] screener: [AI] STRK.JK — Win Rate: 1.4%  Verdict: WEAK
2026-05-18 16:26:22 [INFO] screener: [AI] ALII.JK — Win Rate: 4.5%  Verdict: WEAK
2026-05-18 16:26:22 [INFO] screener: [AI] GTRA.JK — Win Rate: 1.5%  Verdict: WEAK
2026-05-18 16:26:23 [INFO] screener: [AI] AWAN.JK — Win Rate: 0.8%  Verdict: WEAK
2026-05-18 16:26:57 [INFO] screener: Memindai Arus Uang (Rotasi Sektor)...
2026-05-18 16:27:09 [INFO] screener: Rotasi sektor selesai (11 sektor dipindai)
2026-05-18 16:27:09 [INFO] screener: Mengunduh Cuaca Makro Global & Komoditas...
2026-05-18 16:27:09 [INFO] screener: Macro update — IHSG=-1.85% | USD=+0.67% | Trend=DOWN | Penalty=-2.0
2026-05-18 16:27:14 [INFO] screener: [ENSEMBLE] Loaded v5.0 (threshold=0.731)
2026-05-18 16:27:14 [INFO] screener: [ENSEMBLE] Loaded v5.0 (threshold=0.731)
2026-05-18 16:27:14 [INFO] screener: [ENSEMBLE] Loaded v5.0 (threshold=0.731)
2026-05-18 16:27:14 [INFO] screener: [ENSEMBLE] Loaded v5.0 (threshold=0.731)
2026-05-18 16:27:14 [INFO] screener: [ENSEMBLE] Loaded v5.0 (threshold=0.731)
2026-05-18 16:27:14 [INFO] screener: [ENSEMBLE] Loaded v5.0 (threshold=0.731)
2026-05-18 16:27:14 [INFO] screener: [ENSEMBLE] Loaded v5.0 (threshold=0.731)
2026-05-18 16:27:14 [INFO] screener: [ENSEMBLE] Loaded v5.0 (threshold=0.731)
2026-05-18 16:27:14 [INFO] screener: [ENSEMBLE] Loaded v5.0 (threshold=0.731)
2026-05-18 16:27:14 [INFO] screener: [ENSEMBLE] Loaded v5.0 (threshold=0.731)
2026-05-18 16:27:14 [INFO] screener: [ENSEMBLE] Loaded v5.0 (threshold=0.731)
2026-05-18 16:27:14 [INFO] screener: [ENSEMBLE] Loaded v5.0 (threshold=0.731)
2026-05-18 16:27:14 [INFO] screener: [ENSEMBLE] Loaded v5.0 (threshold=0.731)
2026-05-18 16:27:14 [INFO] screener: [ENSEMBLE] Loaded v5.0 (threshold=0.731)
2026-05-18 16:27:17 [INFO] screener: [AI] BTPS.JK — Win Rate: 7.9%  Verdict: WEAK
2026-05-18 16:27:17 [INFO] screener: [AI] ARTO.JK — Win Rate: 3.1%  Verdict: WEAK
2026-05-18 16:27:17 [INFO] screener: [AI] BBTN.JK — Win Rate: 1.4%  Verdict: WEAK
2026-05-18 16:27:17 [INFO] screener: [AI] BDMN.JK — Win Rate: 10.9%  Verdict: WEAK
2026-05-18 16:27:17 [INFO] screener: [AI] BRIS.JK — Win Rate: 5.7%  Verdict: WEAK
2026-05-18 16:27:17 [INFO] screener: [AI] BBYB.JK — Win Rate: 1.9%  Verdict: WEAK
2026-05-18 16:27:17 [INFO] screener: [AI] CFIN.JK — Win Rate: 6.2%  Verdict: WEAK
2026-05-18 16:27:17 [INFO] screener: [AI] BBNI.JK — Win Rate: 3.7%  Verdict: WEAK
2026-05-18 16:27:17 [INFO] screener: [AI] BBRI.JK — Win Rate: 1.4%  Verdict: WEAK
2026-05-18 16:27:17 [INFO] screener: [AI] BVIC.JK — Win Rate: 1.1%  Verdict: WEAK
2026-05-18 16:27:17 [INFO] screener: [AI] BBCA.JK — Win Rate: 2.8%  Verdict: WEAK
2026-05-18 16:27:17 [INFO] screener: [AI] NISP.JK — Win Rate: 7.0%  Verdict: WEAK
2026-05-18 16:27:17 [INFO] screener: [AI] BNGA.JK — Win Rate: 8.1%  Verdict: WEAK
2026-05-18 16:27:17 [INFO] screener: [AI] BMRI.JK — Win Rate: 5.7%  Verdict: WEAK
2026-05-18 16:27:18 [WARNING] screener: [FUNDAMENTAL] MLPL.JK: PE tidak tersedia — pakai default 15
2026-05-18 16:27:20 [INFO] screener: [AI] PNBN.JK — Win Rate: 3.2%  Verdict: WEAK
2026-05-18 16:27:20 [INFO] screener: [AI] BJBR.JK — Win Rate: 5.6%  Verdict: WEAK
2026-05-18 16:27:20 [WARNING] screener: [FUNDAMENTAL] MPPA.JK: PE tidak tersedia — pakai default 15
2026-05-18 16:27:20 [INFO] screener: [AI] ASII.JK — Win Rate: 4.5%  Verdict: WEAK
2026-05-18 16:27:20 [INFO] screener: [AI] BJTM.JK — Win Rate: 14.5%  Verdict: WEAK
2026-05-18 16:27:20 [INFO] screener: [AI] SMMA.JK — Win Rate: 15.8%  Verdict: WEAK
2026-05-18 16:27:20 [INFO] screener: [AI] UNTR.JK — Win Rate: 8.0%  Verdict: WEAK
2026-05-18 16:27:20 [INFO] screener: [AI] BMTR.JK — Win Rate: 1.4%  Verdict: WEAK
2026-05-18 16:27:20 [INFO] screener: [AI] LPKR.JK — Win Rate: 1.6%  Verdict: WEAK
2026-05-18 16:27:20 [INFO] screener: [AI] MLPL.JK — Win Rate: 2.9%  Verdict: WEAK
2026-05-18 16:27:20 [INFO] screener: [AI] BHIT.JK — Win Rate: 1.6%  Verdict: WEAK
2026-05-18 16:27:20 [INFO] screener: [AI] SRTG.JK — Win Rate: 1.3%  Verdict: WEAK
2026-05-18 16:27:20 [INFO] screener: [AI] BSIM.JK — Win Rate: 1.7%  Verdict: WEAK
2026-05-18 16:27:20 [WARNING] screener: [FUNDAMENTAL] EXCL.JK: PE tidak tersedia — pakai default 15
2026-05-18 16:27:20 [WARNING] screener: [FUNDAMENTAL] GOTO.JK: PE tidak tersedia — pakai default 15
2026-05-18 16:27:21 [WARNING] screener: [FUNDAMENTAL] BELI.JK: PE tidak tersedia — pakai default 15
2026-05-18 16:27:21 [INFO] screener: [AI] MPPA.JK — Win Rate: 13.8%  Verdict: WEAK
2026-05-18 16:27:21 [INFO] screener: [AI] EXCL.JK — Win Rate: 2.6%  Verdict: WEAK
2026-05-18 16:27:22 [INFO] screener: [AI] VIVA.JK — Win Rate: 2.1%  Verdict: WEAK
2026-05-18 16:27:22 [INFO] screener: [AI] TLKM.JK — Win Rate: 22.7%  Verdict: WEAK
2026-05-18 16:27:22 [INFO] screener: [AI] BNLI.JK — Win Rate: 1.9%  Verdict: WEAK
2026-05-18 16:27:22 [WARNING] screener: [FUNDAMENTAL] KREN.JK: PE tidak tersedia — pakai default 15
2026-05-18 16:27:22 [INFO] screener: [AI] SCMA.JK — Win Rate: 1.3%  Verdict: WEAK
2026-05-18 16:27:23 [WARNING] screener: [FUNDAMENTAL] AXIO.JK: PE tidak tersedia — pakai default 15
2026-05-18 16:27:23 [INFO] screener: [AI] BELI.JK — Win Rate: 1.1%  Verdict: WEAK
2026-05-18 16:27:23 [INFO] screener: [AI] BUKA.JK — Win Rate: 1.1%  Verdict: WEAK
2026-05-18 16:27:23 [INFO] screener: [AI] ISAT.JK — Win Rate: 10.4%  Verdict: WEAK
2026-05-18 16:27:23 [INFO] screener: [AI] MLPT.JK — Win Rate: 1.7%  Verdict: WEAK
2026-05-18 16:27:23 [INFO] screener: [AI] WIFI.JK — Win Rate: 0.9%  Verdict: WEAK
2026-05-18 16:27:23 [INFO] screener: [AI] EMTK.JK — Win Rate: 3.7%  Verdict: WEAK
2026-05-18 16:27:23 [INFO] screener: [AI] GOTO.JK — Win Rate: 0.8%  Verdict: WEAK
2026-05-18 16:27:23 [INFO] screener: [AI] MTDL.JK — Win Rate: 1.4%  Verdict: WEAK
2026-05-18 16:27:23 [INFO] screener: [AI] DMMX.JK — Win Rate: 1.0%  Verdict: WEAK
2026-05-18 16:27:23 [INFO] screener: [AI] KREN.JK — Win Rate: 2.0%  Verdict: WEAK
2026-05-18 16:27:24 [INFO] screener: [AI] AXIO.JK — Win Rate: 5.3%  Verdict: WEAK
2026-05-18 16:27:24 [INFO] screener: [AI] GLVA.JK — Win Rate: 4.0%  Verdict: WEAK
2026-05-18 16:27:24 [INFO] screener: [AI] PTBA.JK — Win Rate: 11.7%  Verdict: WEAK
2026-05-18 16:27:24 [WARNING] screener: [FUNDAMENTAL] INDY.JK: PE tidak tersedia — pakai default 15
2026-05-18 16:27:25 [INFO] screener: [AI] TINS.JK — Win Rate: 2.6%  Verdict: WEAK
2026-05-18 16:27:26 [INFO] screener: [AI] DEWA.JK — Win Rate: 2.3%  Verdict: WEAK
2026-05-18 16:27:26 [WARNING] screener: [FUNDAMENTAL] DOID.JK: PE tidak tersedia — pakai default 15
2026-05-18 16:27:26 [INFO] screener: [AI] AKRA.JK — Win Rate: 3.8%  Verdict: WEAK
2026-05-18 16:27:26 [WARNING] screener: [FUNDAMENTAL] ADHI.JK: PE tidak tersedia — pakai default 15
2026-05-18 16:27:26 [INFO] screener: [AI] NCKL.JK — Win Rate: 1.8%  Verdict: WEAK
2026-05-18 16:27:27 [WARNING] screener: [FUNDAMENTAL] PTPP.JK: PE tidak tersedia — pakai default 15
2026-05-18 16:27:27 [INFO] screener: [AI] ANTM.JK — Win Rate: 3.6%  Verdict: WEAK
2026-05-18 16:27:27 [WARNING] screener: [FUNDAMENTAL] TOBA.JK: PE tidak tersedia — pakai default 15
2026-05-18 16:27:27 [WARNING] screener: [FUNDAMENTAL] WEGE.JK: PE tidak tersedia — pakai default 15
2026-05-18 16:27:27 [WARNING] screener: [FUNDAMENTAL] PPRE.JK: PE tidak tersedia — pakai default 15
2026-05-18 16:27:27 [WARNING] screener: [FUNDAMENTAL] ACST.JK: PE tidak tersedia — pakai default 15
2026-05-18 16:27:27 [INFO] screener: [AI] ADHI.JK — Win Rate: 2.9%  Verdict: WEAK
2026-05-18 16:27:28 [WARNING] screener: [FUNDAMENTAL] LEAD.JK: PE tidak tersedia — pakai default 15
2026-05-18 16:27:28 [INFO] screener: [AI] JSMR.JK — Win Rate: 4.2%  Verdict: WEAK
2026-05-18 16:27:29 [INFO] screener: [AI] RMKE.JK — Win Rate: 6.9%  Verdict: WEAK
2026-05-18 16:27:29 [INFO] screener: [AI] PTPP.JK — Win Rate: 4.8%  Verdict: WEAK
2026-05-18 16:27:29 [INFO] screener: [AI] WEGE.JK — Win Rate: 1.0%  Verdict: WEAK
2026-05-18 16:27:29 [INFO] screener: [AI] TOTL.JK — Win Rate: 9.1%  Verdict: WEAK
2026-05-18 16:27:29 [INFO] screener: [AI] PPRE.JK — Win Rate: 0.7%  Verdict: WEAK
2026-05-18 16:27:29 [INFO] screener: [AI] ACST.JK — Win Rate: 2.0%  Verdict: WEAK
2026-05-18 16:27:29 [INFO] screener: [AI] CMNP.JK — Win Rate: 3.0%  Verdict: WEAK
2026-05-18 16:27:29 [INFO] screener: [AI] JKON.JK — Win Rate: 3.6%  Verdict: WEAK
2026-05-18 16:27:30 [INFO] screener: [AI] BIRD.JK — Win Rate: 2.2%  Verdict: WEAK
2026-05-18 16:27:30 [WARNING] screener: [FUNDAMENTAL] KAEF.JK: PE tidak tersedia — pakai default 15
2026-05-18 16:27:30 [INFO] screener: [AI] INDF.JK — Win Rate: 20.9%  Verdict: WEAK
2026-05-18 16:27:31 [INFO] screener: [AI] GOOD.JK — Win Rate: 19.3%  Verdict: WEAK
2026-05-18 16:27:31 [INFO] screener: [AI] UNVR.JK — Win Rate: 3.7%  Verdict: WEAK
2026-05-18 16:27:31 [INFO] screener: [AI] CAMP.JK — Win Rate: 1.1%  Verdict: WEAK
2026-05-18 16:27:31 [INFO] screener: [AI] ICBP.JK — Win Rate: 5.2%  Verdict: WEAK
2026-05-18 16:27:31 [INFO] screener: [AI] ROTI.JK — Win Rate: 2.3%  Verdict: WEAK
2026-05-18 16:27:31 [INFO] screener: [AI] MYOR.JK — Win Rate: 8.8%  Verdict: WEAK
2026-05-18 16:27:31 [INFO] screener: [AI] STTP.JK — Win Rate: 3.1%  Verdict: WEAK
2026-05-18 16:27:31 [INFO] screener: [AI] ADES.JK — Win Rate: 13.9%  Verdict: WEAK
2026-05-18 16:27:31 [INFO] screener: [AI] CLEO.JK — Win Rate: 6.2%  Verdict: WEAK
2026-05-18 16:27:31 [INFO] screener: [AI] KAEF.JK — Win Rate: 5.2%  Verdict: WEAK
2026-05-18 16:27:31 [INFO] screener: [AI] PEHA.JK — Win Rate: 3.8%  Verdict: WEAK
2026-05-18 16:27:31 [INFO] screener: [AI] SIDO.JK — Win Rate: 2.4%  Verdict: WEAK
2026-05-18 16:27:32 [WARNING] screener: [FUNDAMENTAL] MPPA.JK: PE tidak tersedia — pakai default 15
2026-05-18 16:27:32 [WARNING] screener: [FUNDAMENTAL] HOKI.JK: PE tidak tersedia — pakai default 15
2026-05-18 16:27:32 [INFO] screener: [AI] ACES.JK — Win Rate: 2.8%  Verdict: WEAK
2026-05-18 16:27:33 [INFO] screener: [AI] MPPA.JK — Win Rate: 13.8%  Verdict: WEAK
2026-05-18 16:27:34 [INFO] screener: [AI] MIDI.JK — Win Rate: 6.1%  Verdict: WEAK
2026-05-18 16:27:34 [INFO] screener: [AI] MAPI.JK — Win Rate: 6.7%  Verdict: WEAK
2026-05-18 16:27:34 [INFO] screener: [AI] MAPA.JK — Win Rate: 2.6%  Verdict: WEAK
2026-05-18 16:27:34 [INFO] screener: [AI] RALS.JK — Win Rate: 10.3%  Verdict: WEAK
2026-05-18 16:27:34 [INFO] screener: [AI] LPPF.JK — Win Rate: 7.0%  Verdict: WEAK
2026-05-18 16:27:34 [INFO] screener: [AI] CTRA.JK — Win Rate: 1.4%  Verdict: WEAK
2026-05-18 16:27:34 [INFO] screener: [AI] JPFA.JK — Win Rate: 4.0%  Verdict: WEAK
2026-05-18 16:27:34 [INFO] screener: [AI] ERAA.JK — Win Rate: 1.3%  Verdict: WEAK
2026-05-18 16:27:34 [INFO] screener: [AI] AMRT.JK — Win Rate: 2.3%  Verdict: WEAK
2026-05-18 16:27:34 [INFO] screener: [AI] CPIN.JK — Win Rate: 3.3%  Verdict: WEAK
2026-05-18 16:27:34 [INFO] screener: [AI] HOKI.JK — Win Rate: 0.8%  Verdict: WEAK
2026-05-18 16:27:34 [INFO] screener: [AI] BSDE.JK — Win Rate: 1.9%  Verdict: WEAK
2026-05-18 16:27:35 [INFO] screener: [AI] ENZO.JK — Win Rate: 3.5%  Verdict: WEAK
2026-05-18 16:27:35 [INFO] screener: [AI] SMRA.JK — Win Rate: 3.7%  Verdict: WEAK
2026-05-18 16:27:35 [WARNING] screener: [FUNDAMENTAL] PPRO.JK: PE tidak tersedia — pakai default 15
2026-05-18 16:27:36 [INFO] screener: [AI] PWON.JK — Win Rate: 1.0%  Verdict: WEAK
2026-05-18 16:27:36 [INFO] screener: [AI] ASRI.JK — Win Rate: 1.9%  Verdict: WEAK
2026-05-18 16:27:36 [INFO] screener: [AI] DMAS.JK — Win Rate: 13.1%  Verdict: WEAK
2026-05-18 16:27:36 [INFO] screener: [AI] DUTI.JK — Win Rate: 4.4%  Verdict: WEAK
2026-05-18 16:27:37 [INFO] screener: [AI] PPRO.JK — Win Rate: 1.0%  Verdict: WEAK
2026-05-18 16:27:37 [INFO] screener: [AI] BKSL.JK — Win Rate: 1.4%  Verdict: WEAK
2026-05-18 16:27:37 [INFO] screener: [AI] MIKA.JK — Win Rate: 4.4%  Verdict: WEAK
2026-05-18 16:27:37 [INFO] screener: [AI] DILD.JK — Win Rate: 0.8%  Verdict: WEAK
2026-05-18 16:27:37 [INFO] screener: [AI] MKPI.JK — Win Rate: 4.8%  Verdict: WEAK
2026-05-18 16:27:37 [INFO] screener: [AI] GWSA.JK — Win Rate: 1.1%  Verdict: WEAK
2026-05-18 16:27:37 [INFO] screener: [AI] KIJA.JK — Win Rate: 1.3%  Verdict: WEAK
2026-05-18 16:27:37 [INFO] screener: [AI] KLBF.JK — Win Rate: 3.1%  Verdict: WEAK
2026-05-18 16:27:37 [INFO] screener: [AI] LPCK.JK — Win Rate: 1.2%  Verdict: WEAK
2026-05-18 16:27:37 [INFO] screener: [AI] SSIA.JK — Win Rate: 3.1%  Verdict: WEAK
2026-05-18 16:27:37 [INFO] screener: [AI] SILO.JK — Win Rate: 2.2%  Verdict: WEAK
2026-05-18 16:27:38 [WARNING] screener: [FUNDAMENTAL] BAJA.JK: PE tidak tersedia — pakai default 15
2026-05-18 16:27:38 [INFO] screener: [AI] HEAL.JK — Win Rate: 2.8%  Verdict: WEAK
2026-05-18 16:27:38 [INFO] screener: [AI] DGNS.JK — Win Rate: 1.6%  Verdict: WEAK
2026-05-18 16:27:39 [INFO] screener: [AI] PRDA.JK — Win Rate: 10.8%  Verdict: WEAK
2026-05-18 16:27:39 [INFO] screener: [AI] BMHS.JK — Win Rate: 10.0%  Verdict: WEAK
2026-05-18 16:27:40 [INFO] screener: [AI] TSPC.JK — Win Rate: 6.1%  Verdict: WEAK
2026-05-18 16:27:40 [INFO] screener: [AI] SMGR.JK — Win Rate: 2.1%  Verdict: WEAK
2026-05-18 16:27:40 [INFO] screener: [AI] INTP.JK — Win Rate: 8.1%  Verdict: WEAK
2026-05-18 16:27:40 [INFO] screener: [AI] IRRA.JK — Win Rate: 4.2%  Verdict: WEAK
2026-05-18 16:27:40 [INFO] screener: [AI] SMBR.JK — Win Rate: 1.8%  Verdict: WEAK
2026-05-18 16:27:40 [INFO] screener: [AI] SAME.JK — Win Rate: 1.8%  Verdict: WEAK
2026-05-18 16:27:40 [INFO] screener: [AI] BAJA.JK — Win Rate: 1.4%  Verdict: WEAK
2026-05-18 16:27:40 [INFO] screener: [AI] ISSP.JK — Win Rate: 1.9%  Verdict: WEAK
2026-05-18 16:27:40 [INFO] screener: [AI] ALKA.JK — Win Rate: 1.7%  Verdict: WEAK
2026-05-18 16:27:40 [INFO] screener: [AI] BRNA.JK — Win Rate: 1.3%  Verdict: WEAK
2026-05-18 16:27:40 [INFO] screener: [AI] TOTO.JK — Win Rate: 1.2%  Verdict: WEAK
2026-05-18 16:27:41 [INFO] screener: [AI] ASSA.JK — Win Rate: 12.9%  Verdict: WEAK
2026-05-18 16:27:41 [INFO] screener: [AI] BIRD.JK — Win Rate: 2.2%  Verdict: WEAK
2026-05-18 16:27:42 [WARNING] screener: [FUNDAMENTAL] GIAA.JK: PE tidak tersedia — pakai default 15
2026-05-18 16:27:42 [WARNING] screener: [FUNDAMENTAL] GIAA.JK: Book Value tidak tersedia — pakai default 1.5
2026-05-18 16:27:43 [INFO] screener: [AI] HAIS.JK — Win Rate: 2.0%  Verdict: WEAK
2026-05-18 16:27:44 [INFO] screener: [AI] TBLA.JK — Win Rate: 2.1%  Verdict: WEAK
2026-05-18 16:27:44 [INFO] screener: [AI] NELY.JK — Win Rate: 6.2%  Verdict: WEAK
2026-05-18 16:27:44 [INFO] screener: [AI] SIMP.JK — Win Rate: 1.4%  Verdict: WEAK
2026-05-18 16:27:44 [INFO] screener: [AI] TMAS.JK — Win Rate: 5.2%  Verdict: WEAK
2026-05-18 16:27:44 [INFO] screener: [AI] AALI.JK — Win Rate: 2.9%  Verdict: WEAK
2026-05-18 16:27:44 [INFO] screener: [AI] DSNG.JK — Win Rate: 0.8%  Verdict: WEAK
2026-05-18 16:27:44 [INFO] screener: [AI] BPTR.JK — Win Rate: 8.3%  Verdict: WEAK
2026-05-18 16:27:44 [INFO] screener: [AI] BWPT.JK — Win Rate: 1.2%  Verdict: WEAK
2026-05-18 16:27:44 [INFO] screener: [AI] PANI.JK — Win Rate: 5.5%  Verdict: WEAK
2026-05-18 16:27:44 [WARNING] screener: [FUNDAMENTAL] STRK.JK: PE tidak tersedia — pakai default 15
2026-05-18 16:27:44 [INFO] screener: [AI] TAPG.JK — Win Rate: 4.5%  Verdict: WEAK
2026-05-18 16:27:44 [WARNING] screener: [FUNDAMENTAL] PMUI.JK: PE tidak tersedia — pakai default 15
2026-05-18 16:27:44 [WARNING] screener: [FUNDAMENTAL] AWAN.JK: PE tidak tersedia — pakai default 15
2026-05-18 16:27:44 [WARNING] screener: [FUNDAMENTAL] AREA.JK: PE tidak tersedia — pakai default 15
2026-05-18 16:27:45 [WARNING] screener: [FUNDAMENTAL] WIDI.JK: PE tidak tersedia — pakai default 15
2026-05-18 16:27:45 [INFO] screener: [AI] LSIP.JK — Win Rate: 3.5%  Verdict: WEAK
2026-05-18 16:27:45 [WARNING] screener: [FUNDAMENTAL] GTRA.JK: PE tidak tersedia — pakai default 15
2026-05-18 16:27:45 [INFO] screener: [AI] STRK.JK — Win Rate: 1.4%  Verdict: WEAK
2026-05-18 16:27:45 [INFO] screener: [AI] SSMS.JK — Win Rate: 0.7%  Verdict: WEAK
2026-05-18 16:27:46 [INFO] screener: [AI] ALII.JK — Win Rate: 4.5%  Verdict: WEAK
2026-05-18 16:27:46 [INFO] screener: [AI] AWAN.JK — Win Rate: 0.8%  Verdict: WEAK
2026-05-18 16:27:46 [INFO] screener: [AI] PMUI.JK — Win Rate: 0.9%  Verdict: WEAK
2026-05-18 16:27:46 [INFO] screener: [AI] AREA.JK — Win Rate: 2.1%  Verdict: WEAK
2026-05-18 16:27:46 [INFO] screener: [AI] GTRA.JK — Win Rate: 1.5%  Verdict: WEAK
2026-05-18 16:27:46 [INFO] screener: [AI] WIDI.JK — Win Rate: 1.7%  Verdict: WEAK
2026-05-18 16:36:51 [INFO] screener: Memindai Arus Uang (Rotasi Sektor)...
2026-05-18 16:37:02 [INFO] screener: Rotasi sektor selesai (11 sektor dipindai)
2026-05-18 16:37:02 [INFO] screener: Mengunduh Cuaca Makro Global & Komoditas...
2026-05-18 16:37:02 [INFO] screener: Macro update — IHSG=-1.85% | USD=+0.67% | Trend=DOWN | Penalty=-2.0
2026-05-18 16:37:06 [INFO] screener: [ENSEMBLE] Loaded v5.0 (threshold=0.731)
2026-05-18 16:37:06 [INFO] screener: [ENSEMBLE] Loaded v5.0 (threshold=0.731)
2026-05-18 16:37:06 [INFO] screener: [ENSEMBLE] Loaded v5.0 (threshold=0.731)
2026-05-18 16:37:06 [INFO] screener: [ENSEMBLE] Loaded v5.0 (threshold=0.731)
2026-05-18 16:37:06 [INFO] screener: [ENSEMBLE] Loaded v5.0 (threshold=0.731)
2026-05-18 16:37:06 [INFO] screener: [ENSEMBLE] Loaded v5.0 (threshold=0.731)
2026-05-18 16:37:06 [INFO] screener: [ENSEMBLE] Loaded v5.0 (threshold=0.731)
2026-05-18 16:37:06 [INFO] screener: [ENSEMBLE] Loaded v5.0 (threshold=0.731)
2026-05-18 16:37:06 [INFO] screener: [ENSEMBLE] Loaded v5.0 (threshold=0.731)
2026-05-18 16:37:06 [INFO] screener: [ENSEMBLE] Loaded v5.0 (threshold=0.731)
2026-05-18 16:37:06 [INFO] screener: [ENSEMBLE] Loaded v5.0 (threshold=0.731)
2026-05-18 16:37:06 [INFO] screener: [ENSEMBLE] Loaded v5.0 (threshold=0.731)
2026-05-18 16:37:06 [INFO] screener: [ENSEMBLE] Loaded v5.0 (threshold=0.731)
2026-05-18 16:37:06 [INFO] screener: [ENSEMBLE] Loaded v5.0 (threshold=0.731)
2026-05-18 16:37:09 [INFO] screener: [AI] BRIS.JK — Win Rate: 5.7%  Verdict: WEAK
2026-05-18 16:37:09 [INFO] screener: [AI] NISP.JK — Win Rate: 7.0%  Verdict: WEAK
2026-05-18 16:37:09 [INFO] screener: [AI] BBRI.JK — Win Rate: 1.4%  Verdict: WEAK
2026-05-18 16:37:09 [INFO] screener: [AI] BNGA.JK — Win Rate: 8.1%  Verdict: WEAK
2026-05-18 16:37:09 [INFO] screener: [AI] BVIC.JK — Win Rate: 1.1%  Verdict: WEAK
2026-05-18 16:37:09 [INFO] screener: [AI] CFIN.JK — Win Rate: 6.2%  Verdict: WEAK
2026-05-18 16:37:09 [INFO] screener: [AI] BMRI.JK — Win Rate: 5.7%  Verdict: WEAK
2026-05-18 16:37:09 [INFO] screener: [AI] BBYB.JK — Win Rate: 1.9%  Verdict: WEAK
2026-05-18 16:37:09 [INFO] screener: [AI] BTPS.JK — Win Rate: 7.9%  Verdict: WEAK
2026-05-18 16:37:09 [INFO] screener: [AI] BDMN.JK — Win Rate: 10.8%  Verdict: WEAK
2026-05-18 16:37:09 [INFO] screener: [AI] BBNI.JK — Win Rate: 3.7%  Verdict: WEAK
2026-05-18 16:37:09 [INFO] screener: [AI] BBCA.JK — Win Rate: 2.8%  Verdict: WEAK
2026-05-18 16:37:09 [INFO] screener: [AI] ARTO.JK — Win Rate: 3.1%  Verdict: WEAK
2026-05-18 16:37:09 [INFO] screener: [AI] BBTN.JK — Win Rate: 1.4%  Verdict: WEAK
2026-05-18 16:37:10 [WARNING] screener: [FUNDAMENTAL] MLPL.JK: PE tidak tersedia — pakai default 15
2026-05-18 16:37:11 [INFO] screener: [AI] BSIM.JK — Win Rate: 1.7%  Verdict: WEAK
2026-05-18 16:37:12 [WARNING] screener: [FUNDAMENTAL] MPPA.JK: PE tidak tersedia — pakai default 15
2026-05-18 16:37:12 [INFO] screener: [AI] PNBN.JK — Win Rate: 3.2%  Verdict: WEAK
2026-05-18 16:37:12 [INFO] screener: [AI] BJTM.JK — Win Rate: 14.5%  Verdict: WEAK
2026-05-18 16:37:12 [INFO] screener: [AI] SRTG.JK — Win Rate: 1.3%  Verdict: WEAK
2026-05-18 16:37:12 [INFO] screener: [AI] ASII.JK — Win Rate: 4.5%  Verdict: WEAK
2026-05-18 16:37:12 [INFO] screener: [AI] SMMA.JK — Win Rate: 15.8%  Verdict: WEAK
2026-05-18 16:37:12 [INFO] screener: [AI] MLPL.JK — Win Rate: 2.9%  Verdict: WEAK
2026-05-18 16:37:12 [INFO] screener: [AI] BMTR.JK — Win Rate: 1.4%  Verdict: WEAK
2026-05-18 16:37:12 [INFO] screener: [AI] LPKR.JK — Win Rate: 1.6%  Verdict: WEAK
2026-05-18 16:37:12 [INFO] screener: [AI] BHIT.JK — Win Rate: 1.6%  Verdict: WEAK
2026-05-18 16:37:12 [INFO] screener: [AI] BJBR.JK — Win Rate: 5.6%  Verdict: WEAK
2026-05-18 16:37:12 [INFO] screener: [AI] UNTR.JK — Win Rate: 8.0%  Verdict: WEAK
2026-05-18 16:37:12 [WARNING] screener: [FUNDAMENTAL] EXCL.JK: PE tidak tersedia — pakai default 15
2026-05-18 16:37:12 [WARNING] screener: [FUNDAMENTAL] GOTO.JK: PE tidak tersedia — pakai default 15
2026-05-18 16:37:13 [INFO] screener: [AI] VIVA.JK — Win Rate: 2.1%  Verdict: WEAK
2026-05-18 16:37:13 [INFO] screener: [AI] EXCL.JK — Win Rate: 2.6%  Verdict: WEAK
2026-05-18 16:37:13 [WARNING] screener: [FUNDAMENTAL] BELI.JK: PE tidak tersedia — pakai default 15
2026-05-18 16:37:13 [INFO] screener: [AI] BUKA.JK — Win Rate: 1.1%  Verdict: WEAK
2026-05-18 16:37:14 [INFO] screener: [AI] MPPA.JK — Win Rate: 13.8%  Verdict: WEAK
2026-05-18 16:37:14 [INFO] screener: [AI] SCMA.JK — Win Rate: 1.3%  Verdict: WEAK
2026-05-18 16:37:14 [WARNING] screener: [FUNDAMENTAL] KREN.JK: PE tidak tersedia — pakai default 15
2026-05-18 16:37:14 [INFO] screener: [AI] GOTO.JK — Win Rate: 0.8%  Verdict: WEAK
2026-05-18 16:37:14 [WARNING] screener: [FUNDAMENTAL] AXIO.JK: PE tidak tersedia — pakai default 15
2026-05-18 16:37:14 [INFO] screener: [AI] EMTK.JK — Win Rate: 3.7%  Verdict: WEAK
2026-05-18 16:37:14 [INFO] screener: [AI] WIFI.JK — Win Rate: 0.9%  Verdict: WEAK
2026-05-18 16:37:14 [INFO] screener: [AI] ISAT.JK — Win Rate: 10.4%  Verdict: WEAK
2026-05-18 16:37:15 [INFO] screener: [AI] MLPT.JK — Win Rate: 1.7%  Verdict: WEAK
2026-05-18 16:37:15 [INFO] screener: [AI] BELI.JK — Win Rate: 1.1%  Verdict: WEAK
2026-05-18 16:37:15 [INFO] screener: [AI] TLKM.JK — Win Rate: 22.7%  Verdict: WEAK
2026-05-18 16:37:15 [INFO] screener: [AI] MTDL.JK — Win Rate: 1.4%  Verdict: WEAK
2026-05-18 16:37:15 [INFO] screener: [AI] BNLI.JK — Win Rate: 1.9%  Verdict: WEAK
2026-05-18 16:37:15 [INFO] screener: [AI] DMMX.JK — Win Rate: 1.0%  Verdict: WEAK
2026-05-18 16:37:15 [INFO] screener: [AI] KREN.JK — Win Rate: 2.0%  Verdict: WEAK
2026-05-18 16:37:15 [INFO] screener: [AI] AXIO.JK — Win Rate: 5.3%  Verdict: WEAK
2026-05-18 16:37:15 [INFO] screener: [AI] GLVA.JK — Win Rate: 4.0%  Verdict: WEAK
2026-05-18 16:37:16 [INFO] screener: [AI] PTBA.JK — Win Rate: 11.7%  Verdict: WEAK
2026-05-18 16:37:16 [WARNING] screener: [FUNDAMENTAL] INDY.JK: PE tidak tersedia — pakai default 15
2026-05-18 16:37:18 [INFO] screener: [AI] TINS.JK — Win Rate: 2.6%  Verdict: WEAK
2026-05-18 16:37:18 [INFO] screener: [AI] DEWA.JK — Win Rate: 2.3%  Verdict: WEAK
2026-05-18 16:37:18 [WARNING] screener: [FUNDAMENTAL] DOID.JK: PE tidak tersedia — pakai default 15
2026-05-18 16:37:18 [WARNING] screener: [FUNDAMENTAL] ADHI.JK: PE tidak tersedia — pakai default 15
2026-05-18 16:37:18 [WARNING] screener: [FUNDAMENTAL] TOBA.JK: PE tidak tersedia — pakai default 15
2026-05-18 16:37:18 [INFO] screener: [AI] AKRA.JK — Win Rate: 3.8%  Verdict: WEAK
2026-05-18 16:37:18 [INFO] screener: [AI] ANTM.JK — Win Rate: 3.6%  Verdict: WEAK
2026-05-18 16:37:19 [INFO] screener: [AI] NCKL.JK — Win Rate: 1.8%  Verdict: WEAK
2026-05-18 16:37:19 [WARNING] screener: [FUNDAMENTAL] WEGE.JK: PE tidak tersedia — pakai default 15
2026-05-18 16:37:19 [WARNING] screener: [FUNDAMENTAL] PTPP.JK: PE tidak tersedia — pakai default 15
2026-05-18 16:37:19 [WARNING] screener: [FUNDAMENTAL] PPRE.JK: PE tidak tersedia — pakai default 15
2026-05-18 16:37:19 [WARNING] screener: [FUNDAMENTAL] ACST.JK: PE tidak tersedia — pakai default 15
2026-05-18 16:37:20 [INFO] screener: [AI] ADHI.JK — Win Rate: 2.9%  Verdict: WEAK
2026-05-18 16:37:20 [WARNING] screener: [FUNDAMENTAL] LEAD.JK: PE tidak tersedia — pakai default 15
2026-05-18 16:37:20 [INFO] screener: [AI] RMKE.JK — Win Rate: 6.9%  Verdict: WEAK
2026-05-18 16:37:21 [INFO] screener: [AI] PTPP.JK — Win Rate: 4.8%  Verdict: WEAK
2026-05-18 16:37:21 [INFO] screener: [AI] JSMR.JK — Win Rate: 4.2%  Verdict: WEAK
2026-05-18 16:37:21 [INFO] screener: [AI] WEGE.JK — Win Rate: 1.0%  Verdict: WEAK
2026-05-18 16:37:21 [INFO] screener: [AI] ACST.JK — Win Rate: 2.0%  Verdict: WEAK
2026-05-18 16:37:21 [INFO] screener: [AI] JKON.JK — Win Rate: 3.6%  Verdict: WEAK
2026-05-18 16:37:21 [INFO] screener: [AI] TOTL.JK — Win Rate: 9.1%  Verdict: WEAK
2026-05-18 16:37:21 [INFO] screener: [AI] PPRE.JK — Win Rate: 0.7%  Verdict: WEAK
2026-05-18 16:37:21 [INFO] screener: [AI] CMNP.JK — Win Rate: 3.0%  Verdict: WEAK
2026-05-18 16:37:21 [INFO] screener: [AI] BIRD.JK — Win Rate: 2.2%  Verdict: WEAK
2026-05-18 16:37:22 [INFO] screener: [AI] INDF.JK — Win Rate: 20.9%  Verdict: WEAK
2026-05-18 16:37:22 [WARNING] screener: [FUNDAMENTAL] KAEF.JK: PE tidak tersedia — pakai default 15
2026-05-18 16:37:22 [INFO] screener: [AI] GOOD.JK — Win Rate: 19.3%  Verdict: WEAK
2026-05-18 16:37:23 [INFO] screener: [AI] UNVR.JK — Win Rate: 3.7%  Verdict: WEAK
2026-05-18 16:37:23 [INFO] screener: [AI] CAMP.JK — Win Rate: 1.1%  Verdict: WEAK
2026-05-18 16:37:23 [INFO] screener: [AI] ICBP.JK — Win Rate: 5.2%  Verdict: WEAK
2026-05-18 16:37:23 [INFO] screener: [AI] MYOR.JK — Win Rate: 8.8%  Verdict: WEAK
2026-05-18 16:37:23 [INFO] screener: [AI] CLEO.JK — Win Rate: 6.2%  Verdict: WEAK
2026-05-18 16:37:23 [INFO] screener: [AI] ADES.JK — Win Rate: 13.9%  Verdict: WEAK
2026-05-18 16:37:23 [INFO] screener: [AI] STTP.JK — Win Rate: 3.1%  Verdict: WEAK
2026-05-18 16:37:23 [INFO] screener: [AI] PEHA.JK — Win Rate: 3.8%  Verdict: WEAK
2026-05-18 16:37:23 [INFO] screener: [AI] KAEF.JK — Win Rate: 5.2%  Verdict: WEAK
2026-05-18 16:37:23 [INFO] screener: [AI] SIDO.JK — Win Rate: 2.4%  Verdict: WEAK
2026-05-18 16:37:24 [INFO] screener: [AI] ROTI.JK — Win Rate: 2.3%  Verdict: WEAK
2026-05-18 16:37:24 [WARNING] screener: [FUNDAMENTAL] HOKI.JK: PE tidak tersedia — pakai default 15
2026-05-18 16:37:24 [WARNING] screener: [FUNDAMENTAL] MPPA.JK: PE tidak tersedia — pakai default 15
2026-05-18 16:37:25 [INFO] screener: [AI] ACES.JK — Win Rate: 2.8%  Verdict: WEAK
2026-05-18 16:37:25 [INFO] screener: [AI] MPPA.JK — Win Rate: 13.8%  Verdict: WEAK
2026-05-18 16:37:26 [INFO] screener: [AI] MIDI.JK — Win Rate: 6.1%  Verdict: WEAK
2026-05-18 16:37:26 [INFO] screener: [AI] CPIN.JK — Win Rate: 3.3%  Verdict: WEAK
2026-05-18 16:37:26 [INFO] screener: [AI] MAPA.JK — Win Rate: 2.6%  Verdict: WEAK
2026-05-18 16:37:26 [INFO] screener: [AI] BSDE.JK — Win Rate: 1.9%  Verdict: WEAK
2026-05-18 16:37:26 [INFO] screener: [AI] RALS.JK — Win Rate: 10.3%  Verdict: WEAK
2026-05-18 16:37:26 [INFO] screener: [AI] MAPI.JK — Win Rate: 6.7%  Verdict: WEAK
2026-05-18 16:37:26 [INFO] screener: [AI] CTRA.JK — Win Rate: 1.4%  Verdict: WEAK
2026-05-18 16:37:26 [INFO] screener: [AI] AMRT.JK — Win Rate: 2.3%  Verdict: WEAK
2026-05-18 16:37:26 [INFO] screener: [AI] LPPF.JK — Win Rate: 7.0%  Verdict: WEAK
2026-05-18 16:37:26 [INFO] screener: [AI] JPFA.JK — Win Rate: 4.0%  Verdict: WEAK
2026-05-18 16:37:26 [INFO] screener: [AI] HOKI.JK — Win Rate: 0.8%  Verdict: WEAK
2026-05-18 16:37:26 [INFO] screener: [AI] ERAA.JK — Win Rate: 1.3%  Verdict: WEAK
2026-05-18 16:37:26 [INFO] screener: [AI] ENZO.JK — Win Rate: 3.5%  Verdict: WEAK
2026-05-18 16:37:27 [INFO] screener: [AI] SMRA.JK — Win Rate: 3.7%  Verdict: WEAK
2026-05-18 16:37:27 [WARNING] screener: [FUNDAMENTAL] PPRO.JK: PE tidak tersedia — pakai default 15
2026-05-18 16:37:29 [INFO] screener: [AI] DMAS.JK — Win Rate: 13.1%  Verdict: WEAK
2026-05-18 16:37:29 [INFO] screener: [AI] PWON.JK — Win Rate: 1.0%  Verdict: WEAK
2026-05-18 16:37:29 [INFO] screener: [AI] DILD.JK — Win Rate: 0.8%  Verdict: WEAK
2026-05-18 16:37:29 [INFO] screener: [AI] PPRO.JK — Win Rate: 1.0%  Verdict: WEAK
2026-05-18 16:37:29 [INFO] screener: [AI] LPCK.JK — Win Rate: 1.2%  Verdict: WEAK
2026-05-18 16:37:29 [INFO] screener: [AI] MIKA.JK — Win Rate: 4.4%  Verdict: WEAK
2026-05-18 16:37:29 [INFO] screener: [AI] GWSA.JK — Win Rate: 1.1%  Verdict: WEAK
2026-05-18 16:37:29 [INFO] screener: [AI] BKSL.JK — Win Rate: 1.4%  Verdict: WEAK
2026-05-18 16:37:29 [INFO] screener: [AI] SSIA.JK — Win Rate: 3.1%  Verdict: WEAK
2026-05-18 16:37:29 [INFO] screener: [AI] ASRI.JK — Win Rate: 1.9%  Verdict: WEAK
2026-05-18 16:37:29 [INFO] screener: [AI] KLBF.JK — Win Rate: 3.1%  Verdict: WEAK
2026-05-18 16:37:29 [INFO] screener: [AI] KIJA.JK — Win Rate: 1.3%  Verdict: WEAK
2026-05-18 16:37:29 [INFO] screener: [AI] DUTI.JK — Win Rate: 4.4%  Verdict: WEAK
2026-05-18 16:37:29 [INFO] screener: [AI] MKPI.JK — Win Rate: 4.8%  Verdict: WEAK
2026-05-18 16:37:30 [WARNING] screener: [FUNDAMENTAL] BAJA.JK: PE tidak tersedia — pakai default 15
2026-05-18 16:37:30 [INFO] screener: [AI] SILO.JK — Win Rate: 2.2%  Verdict: WEAK
2026-05-18 16:37:30 [INFO] screener: [AI] HEAL.JK — Win Rate: 2.8%  Verdict: WEAK
2026-05-18 16:37:32 [INFO] screener: [AI] DGNS.JK — Win Rate: 1.6%  Verdict: WEAK
2026-05-18 16:37:32 [INFO] screener: [AI] PRDA.JK — Win Rate: 10.8%  Verdict: WEAK
2026-05-18 16:37:32 [INFO] screener: [AI] BMHS.JK — Win Rate: 10.0%  Verdict: WEAK
2026-05-18 16:37:32 [INFO] screener: [AI] IRRA.JK — Win Rate: 4.2%  Verdict: WEAK
2026-05-18 16:37:32 [INFO] screener: [AI] SAME.JK — Win Rate: 1.8%  Verdict: WEAK
2026-05-18 16:37:32 [INFO] screener: [AI] TSPC.JK — Win Rate: 6.1%  Verdict: WEAK
2026-05-18 16:37:32 [INFO] screener: [AI] SMBR.JK — Win Rate: 1.8%  Verdict: WEAK
2026-05-18 16:37:32 [INFO] screener: [AI] BAJA.JK — Win Rate: 1.4%  Verdict: WEAK
2026-05-18 16:37:32 [INFO] screener: [AI] INTP.JK — Win Rate: 8.1%  Verdict: WEAK
2026-05-18 16:37:32 [INFO] screener: [AI] SMGR.JK — Win Rate: 2.1%  Verdict: WEAK
2026-05-18 16:37:32 [INFO] screener: [AI] ISSP.JK — Win Rate: 1.9%  Verdict: WEAK
2026-05-18 16:37:32 [INFO] screener: [AI] ALKA.JK — Win Rate: 1.7%  Verdict: WEAK
2026-05-18 16:37:33 [INFO] screener: [AI] BRNA.JK — Win Rate: 1.3%  Verdict: WEAK
2026-05-18 16:37:33 [INFO] screener: [AI] ASSA.JK — Win Rate: 12.9%  Verdict: WEAK
2026-05-18 16:37:34 [INFO] screener: [AI] TOTO.JK — Win Rate: 1.2%  Verdict: WEAK
2026-05-18 16:37:34 [INFO] screener: [AI] BIRD.JK — Win Rate: 2.2%  Verdict: WEAK
2026-05-18 16:37:35 [WARNING] screener: [FUNDAMENTAL] GIAA.JK: PE tidak tersedia — pakai default 15
2026-05-18 16:37:35 [WARNING] screener: [FUNDAMENTAL] GIAA.JK: Book Value tidak tersedia — pakai default 1.5
2026-05-18 16:37:37 [INFO] screener: [AI] PANI.JK — Win Rate: 5.5%  Verdict: WEAK
2026-05-18 16:37:37 [INFO] screener: [AI] HAIS.JK — Win Rate: 2.0%  Verdict: WEAK
2026-05-18 16:37:37 [INFO] screener: [AI] TBLA.JK — Win Rate: 2.1%  Verdict: WEAK
2026-05-18 16:37:37 [INFO] screener: [AI] SIMP.JK — Win Rate: 1.4%  Verdict: WEAK
2026-05-18 16:37:37 [INFO] screener: [AI] NELY.JK — Win Rate: 6.2%  Verdict: WEAK
2026-05-18 16:37:37 [INFO] screener: [AI] BPTR.JK — Win Rate: 8.3%  Verdict: WEAK
2026-05-18 16:37:37 [INFO] screener: [AI] TAPG.JK — Win Rate: 4.5%  Verdict: WEAK
2026-05-18 16:37:37 [INFO] screener: [AI] LSIP.JK — Win Rate: 3.5%  Verdict: WEAK
2026-05-18 16:37:37 [INFO] screener: [AI] TMAS.JK — Win Rate: 5.2%  Verdict: WEAK
2026-05-18 16:37:37 [INFO] screener: [AI] BWPT.JK — Win Rate: 1.2%  Verdict: WEAK
2026-05-18 16:37:37 [INFO] screener: [AI] AALI.JK — Win Rate: 2.9%  Verdict: WEAK
2026-05-18 16:37:37 [INFO] screener: [AI] DSNG.JK — Win Rate: 0.8%  Verdict: WEAK
2026-05-18 16:37:37 [INFO] screener: [AI] SSMS.JK — Win Rate: 0.7%  Verdict: WEAK
2026-05-18 16:37:37 [WARNING] screener: [FUNDAMENTAL] STRK.JK: PE tidak tersedia — pakai default 15
2026-05-18 16:37:37 [WARNING] screener: [FUNDAMENTAL] AREA.JK: PE tidak tersedia — pakai default 15
2026-05-18 16:37:37 [WARNING] screener: [FUNDAMENTAL] AWAN.JK: PE tidak tersedia — pakai default 15
2026-05-18 16:37:37 [WARNING] screener: [FUNDAMENTAL] GTRA.JK: PE tidak tersedia — pakai default 15
2026-05-18 16:37:37 [WARNING] screener: [FUNDAMENTAL] PMUI.JK: PE tidak tersedia — pakai default 15
2026-05-18 16:37:37 [WARNING] screener: [FUNDAMENTAL] WIDI.JK: PE tidak tersedia — pakai default 15
2026-05-18 16:37:37 [INFO] screener: [AI] STRK.JK — Win Rate: 1.4%  Verdict: WEAK
2026-05-18 16:37:38 [INFO] screener: [AI] AWAN.JK — Win Rate: 0.8%  Verdict: WEAK
2026-05-18 16:37:38 [INFO] screener: [AI] ALII.JK — Win Rate: 4.5%  Verdict: WEAK
2026-05-18 16:37:38 [INFO] screener: [AI] AREA.JK — Win Rate: 2.1%  Verdict: WEAK
2026-05-18 16:37:38 [INFO] screener: [AI] WIDI.JK — Win Rate: 1.7%  Verdict: WEAK
2026-05-18 16:37:38 [INFO] screener: [AI] PMUI.JK — Win Rate: 0.9%  Verdict: WEAK
2026-05-18 16:37:38 [INFO] screener: [AI] GTRA.JK — Win Rate: 1.5%  Verdict: WEAK
2026-05-18 16:40:06 [INFO] screener: Memindai Arus Uang (Rotasi Sektor)...
2026-05-18 16:40:17 [INFO] screener: Rotasi sektor selesai (11 sektor dipindai)
2026-05-18 16:40:17 [INFO] screener: Mengunduh Cuaca Makro Global & Komoditas...
2026-05-18 16:40:17 [INFO] screener: Macro update — IHSG=-1.85% | USD=+0.67% | Trend=DOWN | Penalty=-2.0
2026-05-18 16:40:22 [INFO] screener: [ENSEMBLE] Loaded v5.0 (threshold=0.731)
2026-05-18 16:40:22 [INFO] screener: [ENSEMBLE] Loaded v5.0 (threshold=0.731)
2026-05-18 16:40:22 [INFO] screener: [ENSEMBLE] Loaded v5.0 (threshold=0.731)
2026-05-18 16:40:22 [INFO] screener: [ENSEMBLE] Loaded v5.0 (threshold=0.731)
2026-05-18 16:40:22 [INFO] screener: [ENSEMBLE] Loaded v5.0 (threshold=0.731)
2026-05-18 16:40:22 [INFO] screener: [ENSEMBLE] Loaded v5.0 (threshold=0.731)
2026-05-18 16:40:22 [INFO] screener: [ENSEMBLE] Loaded v5.0 (threshold=0.731)
2026-05-18 16:40:22 [INFO] screener: [ENSEMBLE] Loaded v5.0 (threshold=0.731)
2026-05-18 16:40:22 [INFO] screener: [ENSEMBLE] Loaded v5.0 (threshold=0.731)
2026-05-18 16:40:22 [INFO] screener: [ENSEMBLE] Loaded v5.0 (threshold=0.731)
2026-05-18 16:40:22 [INFO] screener: [ENSEMBLE] Loaded v5.0 (threshold=0.731)
2026-05-18 16:40:22 [INFO] screener: [ENSEMBLE] Loaded v5.0 (threshold=0.731)
2026-05-18 16:40:22 [INFO] screener: [ENSEMBLE] Loaded v5.0 (threshold=0.731)
2026-05-18 16:40:22 [INFO] screener: [ENSEMBLE] Loaded v5.0 (threshold=0.731)
2026-05-18 16:40:25 [INFO] screener: [AI] BBYB.JK — Win Rate: 1.9%  Verdict: WEAK
2026-05-18 16:40:25 [INFO] screener: [AI] CFIN.JK — Win Rate: 6.2%  Verdict: WEAK
2026-05-18 16:40:25 [INFO] screener: [AI] BBNI.JK — Win Rate: 3.7%  Verdict: WEAK
2026-05-18 16:40:25 [INFO] screener: [AI] BBCA.JK — Win Rate: 2.8%  Verdict: WEAK
2026-05-18 16:40:25 [INFO] screener: [AI] BTPS.JK — Win Rate: 7.9%  Verdict: WEAK
2026-05-18 16:40:25 [INFO] screener: [AI] BMRI.JK — Win Rate: 5.7%  Verdict: WEAK
2026-05-18 16:40:25 [INFO] screener: [AI] BVIC.JK — Win Rate: 1.1%  Verdict: WEAK
2026-05-18 16:40:25 [INFO] screener: [AI] BRIS.JK — Win Rate: 5.7%  Verdict: WEAK
2026-05-18 16:40:25 [INFO] screener: [AI] ARTO.JK — Win Rate: 3.1%  Verdict: WEAK
2026-05-18 16:40:25 [INFO] screener: [AI] BBRI.JK — Win Rate: 1.4%  Verdict: WEAK
2026-05-18 16:40:25 [INFO] screener: [AI] BNGA.JK — Win Rate: 8.1%  Verdict: WEAK
2026-05-18 16:40:25 [INFO] screener: [AI] BDMN.JK — Win Rate: 10.9%  Verdict: WEAK
2026-05-18 16:40:25 [INFO] screener: [AI] NISP.JK — Win Rate: 7.0%  Verdict: WEAK
2026-05-18 16:40:25 [INFO] screener: [AI] BBTN.JK — Win Rate: 1.4%  Verdict: WEAK
2026-05-18 16:40:26 [WARNING] screener: [FUNDAMENTAL] MLPL.JK: PE tidak tersedia — pakai default 15
2026-05-18 16:40:27 [INFO] screener: [AI] PNBN.JK — Win Rate: 3.2%  Verdict: WEAK
2026-05-18 16:40:28 [WARNING] screener: [FUNDAMENTAL] MPPA.JK: PE tidak tersedia — pakai default 15
2026-05-18 16:40:28 [INFO] screener: [AI] BJBR.JK — Win Rate: 5.6%  Verdict: WEAK
2026-05-18 16:40:28 [INFO] screener: [AI] ASII.JK — Win Rate: 4.5%  Verdict: WEAK
2026-05-18 16:40:28 [INFO] screener: [AI] SRTG.JK — Win Rate: 1.3%  Verdict: WEAK
2026-05-18 16:40:28 [INFO] screener: [AI] BJTM.JK — Win Rate: 14.5%  Verdict: WEAK
2026-05-18 16:40:28 [INFO] screener: [AI] BHIT.JK — Win Rate: 1.6%  Verdict: WEAK
2026-05-18 16:40:28 [INFO] screener: [AI] BMTR.JK — Win Rate: 1.4%  Verdict: WEAK
2026-05-18 16:40:28 [INFO] screener: [AI] SMMA.JK — Win Rate: 15.8%  Verdict: WEAK
2026-05-18 16:40:28 [INFO] screener: [AI] UNTR.JK — Win Rate: 8.0%  Verdict: WEAK
2026-05-18 16:40:28 [INFO] screener: [AI] MLPL.JK — Win Rate: 2.9%  Verdict: WEAK
2026-05-18 16:40:28 [INFO] screener: [AI] BSIM.JK — Win Rate: 1.7%  Verdict: WEAK
2026-05-18 16:40:28 [INFO] screener: [AI] LPKR.JK — Win Rate: 1.6%  Verdict: WEAK
2026-05-18 16:40:28 [WARNING] screener: [FUNDAMENTAL] EXCL.JK: PE tidak tersedia — pakai default 15
2026-05-18 16:40:28 [WARNING] screener: [FUNDAMENTAL] GOTO.JK: PE tidak tersedia — pakai default 15
2026-05-18 16:40:29 [WARNING] screener: [FUNDAMENTAL] BELI.JK: PE tidak tersedia — pakai default 15
2026-05-18 16:40:29 [INFO] screener: [AI] VIVA.JK — Win Rate: 2.1%  Verdict: WEAK
2026-05-18 16:40:29 [INFO] screener: [AI] MPPA.JK — Win Rate: 13.8%  Verdict: WEAK
2026-05-18 16:40:29 [INFO] screener: [AI] BNLI.JK — Win Rate: 1.9%  Verdict: WEAK
2026-05-18 16:40:30 [INFO] screener: [AI] SCMA.JK — Win Rate: 1.3%  Verdict: WEAK
2026-05-18 16:40:30 [INFO] screener: [AI] EXCL.JK — Win Rate: 2.6%  Verdict: WEAK
2026-05-18 16:40:30 [INFO] screener: [AI] TLKM.JK — Win Rate: 22.7%  Verdict: WEAK
2026-05-18 16:40:30 [WARNING] screener: [FUNDAMENTAL] KREN.JK: PE tidak tersedia — pakai default 15
2026-05-18 16:40:30 [WARNING] screener: [FUNDAMENTAL] AXIO.JK: PE tidak tersedia — pakai default 15
2026-05-18 16:40:31 [INFO] screener: [AI] BELI.JK — Win Rate: 1.1%  Verdict: WEAK
2026-05-18 16:40:31 [INFO] screener: [AI] ISAT.JK — Win Rate: 10.4%  Verdict: WEAK
2026-05-18 16:40:31 [INFO] screener: [AI] BUKA.JK — Win Rate: 1.1%  Verdict: WEAK
2026-05-18 16:40:31 [INFO] screener: [AI] GOTO.JK — Win Rate: 0.8%  Verdict: WEAK
2026-05-18 16:40:31 [INFO] screener: [AI] EMTK.JK — Win Rate: 3.7%  Verdict: WEAK
2026-05-18 16:40:31 [INFO] screener: [AI] MLPT.JK — Win Rate: 1.7%  Verdict: WEAK
2026-05-18 16:40:31 [INFO] screener: [AI] WIFI.JK — Win Rate: 0.9%  Verdict: WEAK
2026-05-18 16:40:31 [INFO] screener: [AI] MTDL.JK — Win Rate: 1.4%  Verdict: WEAK
2026-05-18 16:40:31 [INFO] screener: [AI] DMMX.JK — Win Rate: 1.0%  Verdict: WEAK
2026-05-18 16:40:31 [INFO] screener: [AI] KREN.JK — Win Rate: 2.0%  Verdict: WEAK
2026-05-18 16:40:32 [INFO] screener: [AI] AXIO.JK — Win Rate: 5.3%  Verdict: WEAK
2026-05-18 16:40:32 [INFO] screener: [AI] GLVA.JK — Win Rate: 4.0%  Verdict: WEAK
2026-05-18 16:40:32 [INFO] screener: [AI] PTBA.JK — Win Rate: 11.7%  Verdict: WEAK
2026-05-18 16:40:32 [WARNING] screener: [FUNDAMENTAL] INDY.JK: PE tidak tersedia — pakai default 15
2026-05-18 16:40:34 [INFO] screener: [AI] TINS.JK — Win Rate: 2.6%  Verdict: WEAK
2026-05-18 16:40:34 [INFO] screener: [AI] DEWA.JK — Win Rate: 2.3%  Verdict: WEAK
2026-05-18 16:40:34 [INFO] screener: [AI] ANTM.JK — Win Rate: 3.6%  Verdict: WEAK
2026-05-18 16:40:34 [WARNING] screener: [FUNDAMENTAL] ADHI.JK: PE tidak tersedia — pakai default 15
2026-05-18 16:40:34 [INFO] screener: [AI] AKRA.JK — Win Rate: 3.8%  Verdict: WEAK
2026-05-18 16:40:34 [WARNING] screener: [FUNDAMENTAL] DOID.JK: PE tidak tersedia — pakai default 15
2026-05-18 16:40:35 [INFO] screener: [AI] NCKL.JK — Win Rate: 1.8%  Verdict: WEAK
2026-05-18 16:40:35 [WARNING] screener: [FUNDAMENTAL] PTPP.JK: PE tidak tersedia — pakai default 15
2026-05-18 16:40:35 [WARNING] screener: [FUNDAMENTAL] WEGE.JK: PE tidak tersedia — pakai default 15
2026-05-18 16:40:35 [WARNING] screener: [FUNDAMENTAL] TOBA.JK: PE tidak tersedia — pakai default 15
2026-05-18 16:40:35 [WARNING] screener: [FUNDAMENTAL] ACST.JK: PE tidak tersedia — pakai default 15
2026-05-18 16:40:35 [WARNING] screener: [FUNDAMENTAL] PPRE.JK: PE tidak tersedia — pakai default 15
2026-05-18 16:40:35 [INFO] screener: [AI] ADHI.JK — Win Rate: 2.9%  Verdict: WEAK
2026-05-18 16:40:36 [WARNING] screener: [FUNDAMENTAL] LEAD.JK: PE tidak tersedia — pakai default 15
2026-05-18 16:40:37 [INFO] screener: [AI] JSMR.JK — Win Rate: 4.2%  Verdict: WEAK
2026-05-18 16:40:37 [INFO] screener: [AI] WEGE.JK — Win Rate: 1.0%  Verdict: WEAK
2026-05-18 16:40:37 [INFO] screener: [AI] ACST.JK — Win Rate: 2.0%  Verdict: WEAK
2026-05-18 16:40:37 [INFO] screener: [AI] PTPP.JK — Win Rate: 4.8%  Verdict: WEAK
2026-05-18 16:40:37 [INFO] screener: [AI] RMKE.JK — Win Rate: 6.9%  Verdict: WEAK
2026-05-18 16:40:37 [INFO] screener: [AI] PPRE.JK — Win Rate: 0.7%  Verdict: WEAK
2026-05-18 16:40:37 [INFO] screener: [AI] CMNP.JK — Win Rate: 3.0%  Verdict: WEAK
2026-05-18 16:40:37 [INFO] screener: [AI] TOTL.JK — Win Rate: 9.1%  Verdict: WEAK
2026-05-18 16:40:37 [INFO] screener: [AI] JKON.JK — Win Rate: 3.6%  Verdict: WEAK
2026-05-18 16:40:37 [INFO] screener: [AI] BIRD.JK — Win Rate: 2.2%  Verdict: WEAK
2026-05-18 16:40:38 [WARNING] screener: [FUNDAMENTAL] KAEF.JK: PE tidak tersedia — pakai default 15
2026-05-18 16:40:38 [INFO] screener: [AI] GOOD.JK — Win Rate: 19.3%  Verdict: WEAK
2026-05-18 16:40:38 [INFO] screener: [AI] CAMP.JK — Win Rate: 1.1%  Verdict: WEAK
2026-05-18 16:40:39 [INFO] screener: [AI] INDF.JK — Win Rate: 20.9%  Verdict: WEAK
2026-05-18 16:40:39 [INFO] screener: [AI] UNVR.JK — Win Rate: 3.7%  Verdict: WEAK
2026-05-18 16:40:39 [INFO] screener: [AI] ICBP.JK — Win Rate: 5.2%  Verdict: WEAK
2026-05-18 16:40:39 [INFO] screener: [AI] ADES.JK — Win Rate: 13.9%  Verdict: WEAK
2026-05-18 16:40:39 [INFO] screener: [AI] CLEO.JK — Win Rate: 6.2%  Verdict: WEAK
2026-05-18 16:40:39 [INFO] screener: [AI] MYOR.JK — Win Rate: 8.8%  Verdict: WEAK
2026-05-18 16:40:39 [INFO] screener: [AI] ROTI.JK — Win Rate: 2.3%  Verdict: WEAK
2026-05-18 16:40:39 [INFO] screener: [AI] STTP.JK — Win Rate: 3.1%  Verdict: WEAK
2026-05-18 16:40:39 [INFO] screener: [AI] KAEF.JK — Win Rate: 5.2%  Verdict: WEAK
2026-05-18 16:40:39 [INFO] screener: [AI] SIDO.JK — Win Rate: 2.4%  Verdict: WEAK
2026-05-18 16:40:39 [INFO] screener: [AI] PEHA.JK — Win Rate: 3.8%  Verdict: WEAK
2026-05-18 16:40:40 [WARNING] screener: [FUNDAMENTAL] MPPA.JK: PE tidak tersedia — pakai default 15
2026-05-18 16:40:40 [WARNING] screener: [FUNDAMENTAL] HOKI.JK: PE tidak tersedia — pakai default 15
2026-05-18 16:40:40 [INFO] screener: [AI] ACES.JK — Win Rate: 2.8%  Verdict: WEAK
2026-05-18 16:40:41 [INFO] screener: [AI] MPPA.JK — Win Rate: 13.8%  Verdict: WEAK
2026-05-18 16:40:41 [INFO] screener: [AI] MAPI.JK — Win Rate: 6.7%  Verdict: WEAK
2026-05-18 16:40:42 [INFO] screener: [AI] MIDI.JK — Win Rate: 6.1%  Verdict: WEAK
2026-05-18 16:40:42 [INFO] screener: [AI] MAPA.JK — Win Rate: 2.6%  Verdict: WEAK
2026-05-18 16:40:42 [INFO] screener: [AI] ERAA.JK — Win Rate: 1.3%  Verdict: WEAK
2026-05-18 16:40:42 [INFO] screener: [AI] CTRA.JK — Win Rate: 1.4%  Verdict: WEAK
2026-05-18 16:40:42 [INFO] screener: [AI] RALS.JK — Win Rate: 10.3%  Verdict: WEAK
2026-05-18 16:40:42 [INFO] screener: [AI] CPIN.JK — Win Rate: 3.3%  Verdict: WEAK
2026-05-18 16:40:42 [INFO] screener: [AI] LPPF.JK — Win Rate: 7.0%  Verdict: WEAK
2026-05-18 16:40:42 [INFO] screener: [AI] JPFA.JK — Win Rate: 4.0%  Verdict: WEAK
2026-05-18 16:40:42 [INFO] screener: [AI] BSDE.JK — Win Rate: 1.9%  Verdict: WEAK
2026-05-18 16:40:42 [INFO] screener: [AI] SMRA.JK — Win Rate: 3.7%  Verdict: WEAK
2026-05-18 16:40:42 [WARNING] screener: [FUNDAMENTAL] PPRO.JK: PE tidak tersedia — pakai default 15
2026-05-18 16:40:43 [INFO] screener: [AI] HOKI.JK — Win Rate: 0.8%  Verdict: WEAK
2026-05-18 16:40:44 [INFO] screener: [AI] AMRT.JK — Win Rate: 2.3%  Verdict: WEAK
2026-05-18 16:40:44 [INFO] screener: [AI] DMAS.JK — Win Rate: 13.1%  Verdict: WEAK
2026-05-18 16:40:44 [INFO] screener: [AI] PWON.JK — Win Rate: 1.0%  Verdict: WEAK
2026-05-18 16:40:44 [INFO] screener: [AI] DUTI.JK — Win Rate: 4.4%  Verdict: WEAK
2026-05-18 16:40:45 [INFO] screener: [AI] DILD.JK — Win Rate: 0.8%  Verdict: WEAK
2026-05-18 16:40:45 [INFO] screener: [AI] PPRO.JK — Win Rate: 1.0%  Verdict: WEAK
2026-05-18 16:40:45 [INFO] screener: [AI] GWSA.JK — Win Rate: 1.1%  Verdict: WEAK
2026-05-18 16:40:45 [INFO] screener: [AI] ENZO.JK — Win Rate: 3.5%  Verdict: WEAK
2026-05-18 16:40:45 [INFO] screener: [AI] BKSL.JK — Win Rate: 1.4%  Verdict: WEAK
2026-05-18 16:40:45 [INFO] screener: [AI] LPCK.JK — Win Rate: 1.2%  Verdict: WEAK
2026-05-18 16:40:45 [INFO] screener: [AI] ASRI.JK — Win Rate: 1.9%  Verdict: WEAK
2026-05-18 16:40:45 [INFO] screener: [AI] KIJA.JK — Win Rate: 1.3%  Verdict: WEAK
2026-05-18 16:40:45 [INFO] screener: [AI] MKPI.JK — Win Rate: 4.8%  Verdict: WEAK
2026-05-18 16:40:45 [INFO] screener: [AI] SSIA.JK — Win Rate: 3.1%  Verdict: WEAK
2026-05-18 16:40:46 [INFO] screener: [AI] MIKA.JK — Win Rate: 4.4%  Verdict: WEAK
2026-05-18 16:40:46 [INFO] screener: [AI] SILO.JK — Win Rate: 2.2%  Verdict: WEAK
2026-05-18 16:40:46 [INFO] screener: [AI] KLBF.JK — Win Rate: 3.1%  Verdict: WEAK
2026-05-18 16:40:46 [WARNING] screener: [FUNDAMENTAL] BAJA.JK: PE tidak tersedia — pakai default 15
2026-05-18 16:40:47 [INFO] screener: [AI] HEAL.JK — Win Rate: 2.8%  Verdict: WEAK
2026-05-18 16:40:47 [INFO] screener: [AI] PRDA.JK — Win Rate: 10.8%  Verdict: WEAK
2026-05-18 16:40:47 [INFO] screener: [AI] DGNS.JK — Win Rate: 1.6%  Verdict: WEAK
2026-05-18 16:40:47 [INFO] screener: [AI] IRRA.JK — Win Rate: 4.2%  Verdict: WEAK
2026-05-18 16:40:47 [INFO] screener: [AI] SMBR.JK — Win Rate: 1.8%  Verdict: WEAK
2026-05-18 16:40:47 [INFO] screener: [AI] TSPC.JK — Win Rate: 6.1%  Verdict: WEAK
2026-05-18 16:40:47 [INFO] screener: [AI] SMGR.JK — Win Rate: 2.1%  Verdict: WEAK
2026-05-18 16:40:47 [INFO] screener: [AI] BMHS.JK — Win Rate: 10.0%  Verdict: WEAK
2026-05-18 16:40:47 [INFO] screener: [AI] SAME.JK — Win Rate: 1.8%  Verdict: WEAK
2026-05-18 16:40:47 [INFO] screener: [AI] INTP.JK — Win Rate: 8.1%  Verdict: WEAK
2026-05-18 16:40:47 [INFO] screener: [AI] ISSP.JK — Win Rate: 1.9%  Verdict: WEAK
2026-05-18 16:40:47 [INFO] screener: [AI] BAJA.JK — Win Rate: 1.4%  Verdict: WEAK
2026-05-18 16:40:48 [INFO] screener: [AI] ALKA.JK — Win Rate: 1.7%  Verdict: WEAK
2026-05-18 16:40:48 [INFO] screener: [AI] BRNA.JK — Win Rate: 1.3%  Verdict: WEAK
2026-05-18 16:40:48 [INFO] screener: [AI] TOTO.JK — Win Rate: 1.2%  Verdict: WEAK
2026-05-18 16:40:48 [INFO] screener: [AI] ASSA.JK — Win Rate: 12.9%  Verdict: WEAK
2026-05-18 16:40:49 [WARNING] screener: [FUNDAMENTAL] GIAA.JK: PE tidak tersedia — pakai default 15
2026-05-18 16:40:49 [WARNING] screener: [FUNDAMENTAL] GIAA.JK: Book Value tidak tersedia — pakai default 1.5
2026-05-18 16:40:49 [INFO] screener: [AI] BIRD.JK — Win Rate: 2.2%  Verdict: WEAK
2026-05-18 16:40:50 [INFO] screener: [AI] PANI.JK — Win Rate: 5.5%  Verdict: WEAK
2026-05-18 16:40:51 [INFO] screener: [AI] TMAS.JK — Win Rate: 5.2%  Verdict: WEAK
2026-05-18 16:40:51 [INFO] screener: [AI] BPTR.JK — Win Rate: 8.3%  Verdict: WEAK
2026-05-18 16:40:51 [INFO] screener: [AI] TBLA.JK — Win Rate: 2.1%  Verdict: WEAK
2026-05-18 16:40:51 [INFO] screener: [AI] SIMP.JK — Win Rate: 1.4%  Verdict: WEAK
2026-05-18 16:40:51 [INFO] screener: [AI] DSNG.JK — Win Rate: 0.8%  Verdict: WEAK
2026-05-18 16:40:51 [INFO] screener: [AI] TAPG.JK — Win Rate: 4.5%  Verdict: WEAK
2026-05-18 16:40:51 [INFO] screener: [AI] LSIP.JK — Win Rate: 3.5%  Verdict: WEAK
2026-05-18 16:40:51 [INFO] screener: [AI] HAIS.JK — Win Rate: 2.0%  Verdict: WEAK
2026-05-18 16:40:51 [INFO] screener: [AI] NELY.JK — Win Rate: 6.2%  Verdict: WEAK
2026-05-18 16:40:51 [INFO] screener: [AI] AALI.JK — Win Rate: 2.9%  Verdict: WEAK
2026-05-18 16:40:51 [INFO] screener: [AI] BWPT.JK — Win Rate: 1.2%  Verdict: WEAK
2026-05-18 16:40:52 [WARNING] screener: [FUNDAMENTAL] STRK.JK: PE tidak tersedia — pakai default 15
2026-05-18 16:40:52 [WARNING] screener: [FUNDAMENTAL] AREA.JK: PE tidak tersedia — pakai default 15
2026-05-18 16:40:52 [WARNING] screener: [FUNDAMENTAL] PMUI.JK: PE tidak tersedia — pakai default 15
2026-05-18 16:40:52 [INFO] screener: [AI] SSMS.JK — Win Rate: 0.7%  Verdict: WEAK
2026-05-18 16:40:52 [WARNING] screener: [FUNDAMENTAL] GTRA.JK: PE tidak tersedia — pakai default 15
2026-05-18 16:40:52 [WARNING] screener: [FUNDAMENTAL] AWAN.JK: PE tidak tersedia — pakai default 15
2026-05-18 16:40:52 [INFO] screener: [AI] ALII.JK — Win Rate: 4.5%  Verdict: WEAK
2026-05-18 16:40:52 [WARNING] screener: [FUNDAMENTAL] WIDI.JK: PE tidak tersedia — pakai default 15
2026-05-18 16:40:52 [INFO] screener: [AI] STRK.JK — Win Rate: 1.4%  Verdict: WEAK
2026-05-18 16:40:53 [INFO] screener: [AI] AWAN.JK — Win Rate: 0.8%  Verdict: WEAK
2026-05-18 16:40:53 [INFO] screener: [AI] PMUI.JK — Win Rate: 0.9%  Verdict: WEAK
2026-05-18 16:40:53 [INFO] screener: [AI] AREA.JK — Win Rate: 2.1%  Verdict: WEAK
2026-05-18 16:40:53 [INFO] screener: [AI] GTRA.JK — Win Rate: 1.5%  Verdict: WEAK
2026-05-18 16:40:53 [INFO] screener: [AI] WIDI.JK — Win Rate: 1.7%  Verdict: WEAK
