2026-06-19 13:44:30 [INFO] telegram_bot: Synced 170 rows from screener_ihsg_20260616.csv to SQLite
2026-06-19 13:46:18 [INFO] scoring: Memindai Arus Uang (Rotasi Sektor)...
2026-06-19 13:46:30 [INFO] scoring: Rotasi sektor selesai (11 sektor dipindai)
2026-06-19 13:46:30 [INFO] scraper: Mengunduh Cuaca Makro Global & Komoditas...
2026-06-19 13:46:31 [INFO] scraper: Macro update -- IHSG=-0.73% | USD=-0.40% | Trend=DOWN | Penalty=0.0
2026-06-19 13:46:34 [INFO] scoring: [ENSEMBLE] Loaded v5.0 (threshold=0.678)
2026-06-19 13:46:36 [INFO] screener: [AI] BBCA.JK — Win Rate: 5.6%  Verdict: WEAK
2026-06-19 14:18:46 [INFO] scoring: Memindai Arus Uang (Rotasi Sektor)...
2026-06-19 14:18:59 [INFO] scoring: Rotasi sektor selesai (11 sektor dipindai)
2026-06-19 14:18:59 [INFO] scraper: Mengunduh Cuaca Makro Global & Komoditas...
2026-06-19 14:18:59 [INFO] scraper: Macro update -- IHSG=-0.59% | USD=-0.40% | Trend=DOWN | Penalty=0.0
2026-06-19 14:19:01 [INFO] scoring: [ENSEMBLE] Loaded v5.0 (threshold=0.678)
2026-06-19 14:19:03 [INFO] screener: [AI] BBCA.JK — Win Rate: 5.6%  Verdict: WEAK
2026-06-19 14:22:57 [INFO] scoring: Memindai Arus Uang (Rotasi Sektor)...
2026-06-19 14:23:10 [INFO] scoring: Rotasi sektor selesai (11 sektor dipindai)
2026-06-19 14:23:10 [INFO] scraper: Mengunduh Cuaca Makro Global & Komoditas...
2026-06-19 14:23:10 [INFO] scraper: Macro update -- IHSG=-0.61% | USD=-0.54% | Trend=DOWN | Penalty=0.0
2026-06-19 14:23:12 [INFO] scoring: [ENSEMBLE] Loaded v5.0 (threshold=0.678)
2026-06-19 14:23:14 [INFO] screener: [AI] BBCA.JK — Win Rate: 5.6%  Verdict: WEAK
2026-06-19 14:24:28 [INFO] scoring: Memindai Arus Uang (Rotasi Sektor)...
2026-06-19 14:24:39 [INFO] scoring: Rotasi sektor selesai (11 sektor dipindai)
2026-06-19 14:24:39 [INFO] scraper: Mengunduh Cuaca Makro Global & Komoditas...
2026-06-19 14:24:39 [INFO] scraper: Macro update -- IHSG=-0.61% | USD=-0.54% | Trend=DOWN | Penalty=0.0
2026-06-19 14:24:45 [INFO] scoring: [ENSEMBLE] Loaded v5.0 (threshold=0.678)
2026-06-19 14:24:45 [INFO] scoring: [ENSEMBLE] Loaded v5.0 (threshold=0.678)
2026-06-19 14:24:45 [INFO] scoring: [ENSEMBLE] Loaded v5.0 (threshold=0.678)
2026-06-19 14:24:45 [INFO] scoring: [ENSEMBLE] Loaded v5.0 (threshold=0.678)
2026-06-19 14:24:45 [INFO] scoring: [ENSEMBLE] Loaded v5.0 (threshold=0.678)
2026-06-19 14:24:45 [INFO] scoring: [ENSEMBLE] Loaded v5.0 (threshold=0.678)
2026-06-19 14:24:45 [INFO] scoring: [ENSEMBLE] Loaded v5.0 (threshold=0.678)
2026-06-19 14:24:45 [INFO] scoring: [ENSEMBLE] Loaded v5.0 (threshold=0.678)
2026-06-19 14:24:45 [INFO] scoring: [ENSEMBLE] Loaded v5.0 (threshold=0.678)
2026-06-19 14:24:45 [INFO] scoring: [ENSEMBLE] Loaded v5.0 (threshold=0.678)
2026-06-19 14:24:45 [INFO] scoring: [ENSEMBLE] Loaded v5.0 (threshold=0.678)
2026-06-19 14:24:45 [INFO] scoring: [ENSEMBLE] Loaded v5.0 (threshold=0.678)
2026-06-19 14:24:45 [INFO] scoring: [ENSEMBLE] Loaded v5.0 (threshold=0.678)
2026-06-19 14:24:45 [INFO] scoring: [ENSEMBLE] Loaded v5.0 (threshold=0.678)
2026-06-19 14:24:50 [INFO] screener: [AI] BNGA.JK — Win Rate: 27.3%  Verdict: WEAK
2026-06-19 14:24:50 [INFO] screener: [AI] ARTO.JK — Win Rate: 21.6%  Verdict: WEAK
2026-06-19 14:24:50 [INFO] screener: [AI] BBNI.JK — Win Rate: 14.0%  Verdict: WEAK
2026-06-19 14:24:50 [INFO] screener: [AI] BBYB.JK — Win Rate: 17.1%  Verdict: WEAK
2026-06-19 14:24:50 [INFO] screener: [AI] BTPS.JK — Win Rate: 7.6%  Verdict: WEAK
2026-06-19 14:24:50 [INFO] screener: [AI] CFIN.JK — Win Rate: 18.1%  Verdict: WEAK
2026-06-19 14:24:50 [INFO] screener: [AI] BRIS.JK — Win Rate: 12.2%  Verdict: WEAK
2026-06-19 14:24:50 [INFO] screener: [AI] BBTN.JK — Win Rate: 14.9%  Verdict: WEAK
2026-06-19 14:24:50 [INFO] screener: [AI] BVIC.JK — Win Rate: 15.2%  Verdict: WEAK
2026-06-19 14:24:50 [INFO] screener: [AI] BBCA.JK — Win Rate: 5.6%  Verdict: WEAK
2026-06-19 14:24:50 [INFO] screener: [AI] BMRI.JK — Win Rate: 9.2%  Verdict: WEAK
2026-06-19 14:24:50 [INFO] screener: [AI] NISP.JK — Win Rate: 8.4%  Verdict: WEAK
2026-06-19 14:24:50 [INFO] screener: [AI] BBRI.JK — Win Rate: 19.7%  Verdict: WEAK
2026-06-19 14:24:50 [INFO] screener: [AI] BDMN.JK — Win Rate: 53.5%  Verdict: BUY
2026-06-19 14:24:51 [WARNING] screener: [FUNDAMENTAL] MLPL.JK: PE tidak tersedia — set flag missing
2026-06-19 14:24:54 [INFO] screener: [AI] BSIM.JK — Win Rate: 20.7%  Verdict: WEAK
2026-06-19 14:24:54 [INFO] screener: [AI] BMTR.JK — Win Rate: 42.3%  Verdict: WEAK
2026-06-19 14:24:54 [INFO] screener: [AI] BHIT.JK — Win Rate: 5.7%  Verdict: WEAK
2026-06-19 14:24:54 [INFO] screener: [AI] ASII.JK — Win Rate: 24.0%  Verdict: WEAK
2026-06-19 14:24:54 [INFO] screener: [AI] SMMA.JK — Win Rate: 59.9%  Verdict: BUY
2026-06-19 14:24:54 [INFO] screener: [AI] SRTG.JK — Win Rate: 37.0%  Verdict: WEAK
2026-06-19 14:24:54 [INFO] screener: [AI] MLPL.JK — Win Rate: 19.2%  Verdict: WEAK
2026-06-19 14:24:54 [INFO] screener: [AI] BJTM.JK — Win Rate: 14.1%  Verdict: WEAK
2026-06-19 14:24:54 [INFO] screener: [AI] BJBR.JK — Win Rate: 18.7%  Verdict: WEAK
2026-06-19 14:24:54 [INFO] screener: [AI] PNBN.JK — Win Rate: 24.6%  Verdict: WEAK
2026-06-19 14:24:54 [INFO] screener: [AI] LPKR.JK — Win Rate: 30.6%  Verdict: WEAK
2026-06-19 14:24:54 [INFO] screener: [AI] UNTR.JK — Win Rate: 21.4%  Verdict: WEAK
2026-06-19 14:24:55 [WARNING] screener: [FUNDAMENTAL] MPPA.JK: PE tidak tersedia — set flag missing
2026-06-19 14:24:55 [WARNING] scraper: [SANITIZER] GOTO.JK dilewati -- harga flat 10 hari (suspend/error data)
2026-06-19 14:24:56 [WARNING] screener: [FUNDAMENTAL] BELI.JK: PE tidak tersedia — set flag missing
2026-06-19 14:24:56 [WARNING] screener: [FUNDAMENTAL] EXCL.JK: PE tidak tersedia — set flag missing
2026-06-19 14:24:59 [INFO] screener: [AI] BNLI.JK — Win Rate: 36.3%  Verdict: WEAK
2026-06-19 14:24:59 [INFO] screener: [AI] MPPA.JK — Win Rate: 4.1%  Verdict: WEAK
2026-06-19 14:24:59 [INFO] screener: [AI] VIVA.JK — Win Rate: 28.7%  Verdict: WEAK
2026-06-19 14:24:59 [INFO] screener: [AI] BUKA.JK — Win Rate: 35.6%  Verdict: WEAK
2026-06-19 14:24:59 [INFO] screener: [AI] WIFI.JK — Win Rate: 16.6%  Verdict: WEAK
2026-06-19 14:24:59 [INFO] screener: [AI] SCMA.JK — Win Rate: 32.9%  Verdict: WEAK
2026-06-19 14:24:59 [INFO] screener: [AI] EXCL.JK — Win Rate: 53.6%  Verdict: BUY
2026-06-19 14:24:59 [INFO] screener: [AI] TLKM.JK — Win Rate: 75.2%  Verdict: ULTRA BUY
2026-06-19 14:24:59 [INFO] screener: [AI] ISAT.JK — Win Rate: 79.9%  Verdict: ULTRA BUY
2026-06-19 14:24:59 [INFO] screener: [AI] BELI.JK — Win Rate: 41.9%  Verdict: WEAK
2026-06-19 14:24:59 [INFO] screener: [AI] EMTK.JK — Win Rate: 18.6%  Verdict: WEAK
2026-06-19 14:25:00 [INFO] screener: [AI] MTDL.JK — Win Rate: 35.3%  Verdict: WEAK
2026-06-19 14:25:00 [WARNING] screener: [FUNDAMENTAL] KREN.JK: PE tidak tersedia — set flag missing
2026-06-19 14:25:00 [WARNING] screener: [FUNDAMENTAL] AXIO.JK: PE tidak tersedia — set flag missing
2026-06-19 14:25:01 [INFO] screener: [AI] DMMX.JK — Win Rate: 16.8%  Verdict: WEAK
2026-06-19 14:25:02 [INFO] screener: [AI] GLVA.JK — Win Rate: 39.1%  Verdict: WEAK
2026-06-19 14:25:02 [INFO] screener: [AI] AXIO.JK — Win Rate: 18.9%  Verdict: WEAK
2026-06-19 14:25:02 [INFO] screener: [AI] PTBA.JK — Win Rate: 66.0%  Verdict: ULTRA BUY
2026-06-19 14:25:08 [INFO] screener: [AI] DEWA.JK — Win Rate: 8.6%  Verdict: WEAK
2026-06-19 14:25:08 [WARNING] scraper: [SANITIZER] WIKA.JK dilewati -- volume=0 10 hari (suspend/gocap)
2026-06-19 14:25:08 [WARNING] screener: [FUNDAMENTAL] DOID.JK: PE tidak tersedia — set flag missing
2026-06-19 14:25:08 [INFO] screener: [AI] AKRA.JK — Win Rate: 34.1%  Verdict: WEAK
2026-06-19 14:25:08 [WARNING] scraper: [SANITIZER] WSKT.JK dilewati -- volume=0 10 hari (suspend/gocap)
2026-06-19 14:25:09 [INFO] screener: [AI] ANTM.JK — Win Rate: 22.8%  Verdict: WEAK
2026-06-19 14:25:09 [INFO] screener: [AI] TINS.JK — Win Rate: 3.8%  Verdict: WEAK
2026-06-19 14:25:09 [WARNING] screener: [FUNDAMENTAL] PTPP.JK: PE tidak tersedia — set flag missing
2026-06-19 14:25:09 [WARNING] screener: [FUNDAMENTAL] TOBA.JK: PE tidak tersedia — set flag missing
2026-06-19 14:25:09 [WARNING] screener: [FUNDAMENTAL] ADHI.JK: PE tidak tersedia — set flag missing
2026-06-19 14:25:10 [WARNING] screener: [FUNDAMENTAL] WEGE.JK: PE tidak tersedia — set flag missing
2026-06-19 14:25:10 [WARNING] screener: [FUNDAMENTAL] PPRE.JK: PE tidak tersedia — set flag missing
2026-06-19 14:25:11 [WARNING] screener: [FUNDAMENTAL] ACST.JK: PE tidak tersedia — set flag missing
2026-06-19 14:25:11 [INFO] screener: [AI] NCKL.JK — Win Rate: 15.8%  Verdict: WEAK
2026-06-19 14:25:11 [WARNING] scraper: [SANITIZER] META.JK dilewati -- volume=0 10 hari (suspend/gocap)
2026-06-19 14:25:12 [INFO] screener: [AI] RMKE.JK — Win Rate: 33.8%  Verdict: WEAK
2026-06-19 14:25:12 [INFO] screener: [AI] ADHI.JK — Win Rate: 39.4%  Verdict: WEAK
2026-06-19 14:25:13 [INFO] screener: [AI] JSMR.JK — Win Rate: 86.2%  Verdict: ULTRA BUY
2026-06-19 14:25:13 [INFO] screener: [AI] PTPP.JK — Win Rate: 36.9%  Verdict: WEAK
2026-06-19 14:25:13 [WARNING] screener: [FUNDAMENTAL] LEAD.JK: PE tidak tersedia — set flag missing
2026-06-19 14:25:14 [INFO] screener: [AI] PPRE.JK — Win Rate: 6.0%  Verdict: WEAK
2026-06-19 14:25:14 [INFO] screener: [AI] WEGE.JK — Win Rate: 51.1%  Verdict: BUY
2026-06-19 14:25:14 [INFO] screener: [AI] TOTL.JK — Win Rate: 24.9%  Verdict: WEAK
2026-06-19 14:25:14 [INFO] screener: [AI] ACST.JK — Win Rate: 37.8%  Verdict: WEAK
2026-06-19 14:25:14 [INFO] screener: [AI] JKON.JK — Win Rate: 16.9%  Verdict: WEAK
2026-06-19 14:25:15 [INFO] screener: [AI] CMNP.JK — Win Rate: 24.9%  Verdict: WEAK
2026-06-19 14:25:17 [WARNING] screener: [FUNDAMENTAL] KAEF.JK: PE tidak tersedia — set flag missing
2026-06-19 14:25:18 [INFO] screener: [AI] BIRD.JK — Win Rate: 22.2%  Verdict: WEAK
2026-06-19 14:25:18 [INFO] screener: [AI] ICBP.JK — Win Rate: 11.2%  Verdict: WEAK
2026-06-19 14:25:18 [INFO] screener: [AI] INDF.JK — Win Rate: 16.6%  Verdict: WEAK
2026-06-19 14:25:18 [INFO] screener: [AI] UNVR.JK — Win Rate: 6.7%  Verdict: WEAK
2026-06-19 14:25:19 [INFO] screener: [AI] GOOD.JK — Win Rate: 33.5%  Verdict: WEAK
2026-06-19 14:25:19 [INFO] screener: [AI] MYOR.JK — Win Rate: 6.1%  Verdict: WEAK
2026-06-19 14:25:19 [INFO] screener: [AI] ROTI.JK — Win Rate: 8.1%  Verdict: WEAK
2026-06-19 14:25:19 [INFO] screener: [AI] CAMP.JK — Win Rate: 13.2%  Verdict: WEAK
2026-06-19 14:25:19 [INFO] screener: [AI] CLEO.JK — Win Rate: 12.2%  Verdict: WEAK
2026-06-19 14:25:19 [INFO] screener: [AI] ADES.JK — Win Rate: 91.8%  Verdict: ULTRA BUY
2026-06-19 14:25:19 [INFO] screener: [AI] KAEF.JK — Win Rate: 15.3%  Verdict: WEAK
2026-06-19 14:25:20 [INFO] screener: [AI] PEHA.JK — Win Rate: 13.6%  Verdict: WEAK
2026-06-19 14:25:20 [INFO] screener: [AI] STTP.JK — Win Rate: 64.3%  Verdict: ULTRA BUY
2026-06-19 14:25:20 [INFO] screener: [AI] SIDO.JK — Win Rate: 47.7%  Verdict: WEAK
2026-06-19 14:25:21 [WARNING] screener: [FUNDAMENTAL] HOKI.JK: PE tidak tersedia — set flag missing
2026-06-19 14:25:22 [WARNING] screener: [FUNDAMENTAL] MPPA.JK: PE tidak tersedia — set flag missing
2026-06-19 14:25:25 [INFO] screener: [AI] ENZO.JK — Win Rate: 9.1%  Verdict: WEAK
2026-06-19 14:25:25 [INFO] screener: [AI] BSDE.JK — Win Rate: 40.8%  Verdict: WEAK
2026-06-19 14:25:25 [INFO] screener: [AI] MAPA.JK — Win Rate: 14.4%  Verdict: WEAK
2026-06-19 14:25:25 [INFO] screener: [AI] ERAA.JK — Win Rate: 15.5%  Verdict: WEAK
2026-06-19 14:25:25 [INFO] screener: [AI] JPFA.JK — Win Rate: 72.7%  Verdict: ULTRA BUY
2026-06-19 14:25:25 [INFO] screener: [AI] HOKI.JK — Win Rate: 25.3%  Verdict: WEAK
2026-06-19 14:25:25 [INFO] screener: [AI] ACES.JK — Win Rate: 9.7%  Verdict: WEAK
2026-06-19 14:25:25 [INFO] screener: [AI] AMRT.JK — Win Rate: 7.8%  Verdict: WEAK
2026-06-19 14:25:25 [INFO] screener: [AI] MPPA.JK — Win Rate: 4.1%  Verdict: WEAK
2026-06-19 14:25:25 [INFO] screener: [AI] CPIN.JK — Win Rate: 37.9%  Verdict: WEAK
2026-06-19 14:25:25 [INFO] screener: [AI] MAPI.JK — Win Rate: 38.3%  Verdict: WEAK
2026-06-19 14:25:25 [INFO] screener: [AI] MIDI.JK — Win Rate: 27.6%  Verdict: WEAK
2026-06-19 14:25:25 [INFO] screener: [AI] LPPF.JK — Win Rate: 18.4%  Verdict: WEAK
2026-06-19 14:25:25 [INFO] screener: [AI] RALS.JK — Win Rate: 15.2%  Verdict: WEAK
2026-06-19 14:25:26 [WARNING] screener: [FUNDAMENTAL] PPRO.JK: PE tidak tersedia — set flag missing
2026-06-19 14:25:30 [INFO] screener: [AI] BKSL.JK — Win Rate: 10.2%  Verdict: WEAK
2026-06-19 14:25:30 [INFO] screener: [AI] DILD.JK — Win Rate: 12.9%  Verdict: WEAK
2026-06-19 14:25:30 [INFO] screener: [AI] PPRO.JK — Win Rate: 14.4%  Verdict: WEAK
2026-06-19 14:25:30 [INFO] screener: [AI] ASRI.JK — Win Rate: 23.4%  Verdict: WEAK
2026-06-19 14:25:30 [INFO] screener: [AI] DMAS.JK — Win Rate: 31.2%  Verdict: WEAK
2026-06-19 14:25:30 [INFO] screener: [AI] GWSA.JK — Win Rate: 24.6%  Verdict: WEAK
2026-06-19 14:25:30 [INFO] screener: [AI] SMRA.JK — Win Rate: 11.1%  Verdict: WEAK
2026-06-19 14:25:30 [INFO] screener: [AI] DUTI.JK — Win Rate: 12.9%  Verdict: WEAK
2026-06-19 14:25:30 [INFO] screener: [AI] MKPI.JK — Win Rate: 79.2%  Verdict: ULTRA BUY
2026-06-19 14:25:30 [INFO] screener: [AI] PWON.JK — Win Rate: 38.1%  Verdict: WEAK
2026-06-19 14:25:30 [INFO] screener: [AI] CTRA.JK — Win Rate: 43.0%  Verdict: WEAK
2026-06-19 14:25:30 [INFO] screener: [AI] LPCK.JK — Win Rate: 21.6%  Verdict: WEAK
2026-06-19 14:25:30 [INFO] screener: [AI] SSIA.JK — Win Rate: 18.6%  Verdict: WEAK
2026-06-19 14:25:30 [INFO] screener: [AI] KIJA.JK — Win Rate: 23.4%  Verdict: WEAK
2026-06-19 14:25:31 [WARNING] scraper: [SANITIZER] SMCB.JK dilewati -- volume=0 10 hari (suspend/gocap)
2026-06-19 14:25:35 [INFO] screener: [AI] IRRA.JK — Win Rate: 26.5%  Verdict: WEAK
2026-06-19 14:25:35 [INFO] screener: [AI] SAME.JK — Win Rate: 36.4%  Verdict: WEAK
2026-06-19 14:25:35 [INFO] screener: [AI] KLBF.JK — Win Rate: 21.2%  Verdict: WEAK
2026-06-19 14:25:35 [INFO] screener: [AI] HEAL.JK — Win Rate: 27.1%  Verdict: WEAK
2026-06-19 14:25:35 [INFO] screener: [AI] BMHS.JK — Win Rate: 11.8%  Verdict: WEAK
2026-06-19 14:25:35 [INFO] screener: [AI] SILO.JK — Win Rate: 59.2%  Verdict: BUY
2026-06-19 14:25:35 [INFO] screener: [AI] PRDA.JK — Win Rate: 13.0%  Verdict: WEAK
2026-06-19 14:25:35 [INFO] screener: [AI] DGNS.JK — Win Rate: 4.9%  Verdict: WEAK
2026-06-19 14:25:35 [INFO] screener: [AI] TSPC.JK — Win Rate: 10.2%  Verdict: WEAK
2026-06-19 14:25:35 [INFO] screener: [AI] INTP.JK — Win Rate: 63.8%  Verdict: ULTRA BUY
2026-06-19 14:25:35 [INFO] screener: [AI] SMGR.JK — Win Rate: 47.1%  Verdict: WEAK
2026-06-19 14:25:35 [INFO] screener: [AI] SMBR.JK — Win Rate: 23.0%  Verdict: WEAK
2026-06-19 14:25:36 [INFO] screener: [AI] MIKA.JK — Win Rate: 10.0%  Verdict: WEAK
2026-06-19 14:25:36 [WARNING] screener: [FUNDAMENTAL] BAJA.JK: PE tidak tersedia — set flag missing
2026-06-19 14:25:38 [INFO] screener: [AI] TOTO.JK — Win Rate: 35.7%  Verdict: WEAK
2026-06-19 14:25:38 [INFO] screener: [AI] ASSA.JK — Win Rate: 49.0%  Verdict: WEAK
2026-06-19 14:25:38 [INFO] screener: [AI] BRNA.JK — Win Rate: 15.8%  Verdict: WEAK
2026-06-19 14:25:38 [INFO] screener: [AI] ISSP.JK — Win Rate: 45.9%  Verdict: WEAK
2026-06-19 14:25:38 [INFO] screener: [AI] BAJA.JK — Win Rate: 5.9%  Verdict: WEAK
2026-06-19 14:25:39 [INFO] screener: [AI] ALKA.JK — Win Rate: 7.2%  Verdict: WEAK
2026-06-19 14:25:41 [WARNING] screener: [FUNDAMENTAL] GIAA.JK: PE tidak tersedia — set flag missing
2026-06-19 14:25:41 [WARNING] screener: [FUNDAMENTAL] GIAA.JK: Book Value tidak tersedia — set flag missing
2026-06-19 14:25:41 [INFO] screener: [AI] BIRD.JK — Win Rate: 22.0%  Verdict: WEAK
2026-06-19 14:25:44 [INFO] screener: [AI] BWPT.JK — Win Rate: 13.1%  Verdict: WEAK
2026-06-19 14:25:44 [INFO] screener: [AI] LSIP.JK — Win Rate: 13.1%  Verdict: WEAK
2026-06-19 14:25:44 [INFO] screener: [AI] TAPG.JK — Win Rate: 12.7%  Verdict: WEAK
2026-06-19 14:25:44 [INFO] screener: [AI] PANI.JK — Win Rate: 26.3%  Verdict: WEAK
2026-06-19 14:25:44 [INFO] screener: [AI] AALI.JK — Win Rate: 53.8%  Verdict: BUY
2026-06-19 14:25:44 [INFO] screener: [AI] DSNG.JK — Win Rate: 33.9%  Verdict: WEAK
2026-06-19 14:25:44 [INFO] screener: [AI] BPTR.JK — Win Rate: 20.1%  Verdict: WEAK
2026-06-19 14:25:44 [INFO] screener: [AI] GIAA.JK — Win Rate: 15.5%  Verdict: WEAK
2026-06-19 14:25:44 [INFO] screener: [AI] NELY.JK — Win Rate: 12.7%  Verdict: WEAK
2026-06-19 14:25:44 [INFO] screener: [AI] TMAS.JK — Win Rate: 32.4%  Verdict: WEAK
2026-06-19 14:25:45 [INFO] screener: [AI] HAIS.JK — Win Rate: 23.3%  Verdict: WEAK
2026-06-19 14:25:45 [WARNING] screener: [FUNDAMENTAL] ANJT.JK: PE tidak tersedia — set flag missing
2026-06-19 14:25:45 [WARNING] scraper: [SANITIZER] MENN.JK dilewati -- volume=0 10 hari (suspend/gocap)
2026-06-19 14:25:45 [WARNING] screener: [FUNDAMENTAL] AREA.JK: PE tidak tersedia — set flag missing
2026-06-19 14:25:46 [INFO] screener: [AI] SIMP.JK — Win Rate: 34.2%  Verdict: WEAK
2026-06-19 14:25:46 [WARNING] screener: [FUNDAMENTAL] WIDI.JK: PE tidak tersedia — set flag missing
2026-06-19 14:25:46 [WARNING] screener: [FUNDAMENTAL] AWAN.JK: PE tidak tersedia — set flag missing
2026-06-19 14:25:46 [WARNING] screener: [FUNDAMENTAL] PMUI.JK: PE tidak tersedia — set flag missing
2026-06-19 14:25:46 [WARNING] screener: [FUNDAMENTAL] GTRA.JK: PE tidak tersedia — set flag missing
2026-06-19 14:25:46 [INFO] screener: [AI] TBLA.JK — Win Rate: 15.0%  Verdict: WEAK
2026-06-19 14:25:47 [WARNING] screener: [FUNDAMENTAL] STRK.JK: PE tidak tersedia — set flag missing
2026-06-19 14:25:48 [INFO] screener: [AI] ANJT.JK — Win Rate: 32.4%  Verdict: WEAK
2026-06-19 14:25:49 [INFO] screener: [AI] SSMS.JK — Win Rate: 23.2%  Verdict: WEAK
2026-06-19 14:25:49 [INFO] screener: [AI] AREA.JK — Win Rate: 45.5%  Verdict: WEAK
2026-06-19 14:25:49 [INFO] screener: [AI] AWAN.JK — Win Rate: 31.3%  Verdict: WEAK
2026-06-19 14:25:49 [INFO] screener: [AI] WIDI.JK — Win Rate: 21.8%  Verdict: WEAK
2026-06-19 14:25:49 [INFO] screener: [AI] ALII.JK — Win Rate: 24.4%  Verdict: WEAK
2026-06-19 14:25:49 [INFO] screener: [AI] STRK.JK — Win Rate: 9.8%  Verdict: WEAK
2026-06-19 14:25:49 [INFO] screener: [AI] GTRA.JK — Win Rate: 11.5%  Verdict: WEAK
2026-06-19 14:25:49 [INFO] screener: [AI] PMUI.JK — Win Rate: 7.5%  Verdict: WEAK
2026-06-19 14:25:51 [INFO] backtest: [backtest] Tested=115 Skipped=0 WinRate=0.9% Sharpe=-2.32
2026-06-19 14:25:51 [INFO] backtest: [backtest] Tested=115 Skipped=0 WinRate=0.9% Sharpe=-1.37
2026-06-19 14:25:51 [INFO] backtest: [backtest] Tested=115 Skipped=0 WinRate=0.9% Sharpe=-0.80
2026-06-19 14:25:51 [INFO] backtest: [backtest] Tested=115 Skipped=0 WinRate=0.9% Sharpe=-0.42
2026-06-19 14:25:51 [INFO] backtest: [backtest] Tested=115 Skipped=0 WinRate=0.9% Sharpe=-2.32
2026-06-19 14:25:51 [INFO] backtest: [backtest] Tested=115 Skipped=0 WinRate=0.9% Sharpe=-1.37
2026-06-19 14:25:51 [INFO] backtest: [backtest] Tested=115 Skipped=0 WinRate=0.9% Sharpe=-0.80
2026-06-19 14:25:51 [INFO] backtest: [backtest] Tested=115 Skipped=0 WinRate=0.9% Sharpe=-0.42
2026-06-19 14:25:51 [INFO] backtest: [backtest] Tested=115 Skipped=0 WinRate=0.9% Sharpe=-2.32
2026-06-19 14:25:51 [INFO] backtest: [backtest] Tested=115 Skipped=0 WinRate=0.9% Sharpe=-1.37
2026-06-19 14:25:51 [INFO] backtest: [backtest] Tested=115 Skipped=0 WinRate=0.9% Sharpe=-0.80
2026-06-19 14:25:51 [INFO] backtest: [backtest] Tested=115 Skipped=0 WinRate=0.9% Sharpe=-0.42
2026-06-19 14:25:51 [INFO] backtest: [backtest] Tested=115 Skipped=0 WinRate=0.9% Sharpe=-2.32
2026-06-19 14:25:51 [INFO] backtest: [backtest] Tested=115 Skipped=0 WinRate=0.9% Sharpe=-1.37
2026-06-19 14:25:51 [INFO] backtest: [backtest] Tested=115 Skipped=0 WinRate=0.9% Sharpe=-0.80
2026-06-19 14:25:51 [INFO] backtest: [backtest] Tested=115 Skipped=0 WinRate=0.9% Sharpe=-0.42
2026-06-19 14:25:51 [INFO] backtest: [backtest] Tested=21 Skipped=0 WinRate=0.0% Sharpe=-98143250.28
2026-06-19 14:25:51 [INFO] backtest: [backtest] Tested=53 Skipped=0 WinRate=0.0% Sharpe=-98143250.28
2026-06-19 14:25:51 [INFO] backtest: [backtest] Tested=53 Skipped=0 WinRate=0.0% Sharpe=-98143250.28
2026-06-19 14:25:51 [INFO] backtest: [backtest] Tested=53 Skipped=0 WinRate=0.0% Sharpe=-98143250.28
2026-06-19 14:25:51 [INFO] backtest: [backtest] Tested=53 Skipped=0 WinRate=0.0% Sharpe=-98143250.28
2026-06-19 14:25:51 [INFO] backtest: [backtest] Tested=53 Skipped=0 WinRate=0.0% Sharpe=-98143250.28
2026-06-19 14:25:51 [INFO] backtest: [backtest] Tested=53 Skipped=0 WinRate=0.0% Sharpe=-98143250.28
2026-06-19 14:25:51 [INFO] backtest: [backtest] Tested=53 Skipped=0 WinRate=0.0% Sharpe=-98143250.28
2026-06-19 14:25:51 [INFO] backtest: [backtest] Tested=53 Skipped=0 WinRate=0.0% Sharpe=-98143250.28
2026-06-19 14:25:51 [INFO] backtest: [backtest] Tested=53 Skipped=0 WinRate=0.0% Sharpe=-98143250.28
2026-06-19 14:25:51 [INFO] backtest: [backtest] Tested=53 Skipped=0 WinRate=0.0% Sharpe=-98143250.28
2026-06-19 14:25:51 [INFO] backtest: [backtest] Tested=53 Skipped=0 WinRate=0.0% Sharpe=-98143250.28
2026-06-19 14:25:51 [INFO] backtest: [backtest] Tested=53 Skipped=0 WinRate=0.0% Sharpe=-98143250.28
2026-06-19 14:25:51 [INFO] backtest: [backtest] Tested=53 Skipped=0 WinRate=0.0% Sharpe=-98143250.28
2026-06-19 14:25:51 [INFO] backtest: [backtest] Tested=53 Skipped=0 WinRate=0.0% Sharpe=-98143250.28
2026-06-19 14:25:51 [INFO] backtest: [backtest] Tested=53 Skipped=0 WinRate=0.0% Sharpe=-98143250.28
2026-06-19 14:25:51 [INFO] backtest: [backtest] Tested=53 Skipped=0 WinRate=0.0% Sharpe=-98143250.28
2026-06-19 14:25:52 [INFO] backtest: [backtest] Tested=21 Skipped=0 WinRate=0.0% Sharpe=-98143250.28
2026-06-19 14:25:52 [INFO] backtest: [backtest] Tested=21 Skipped=0 WinRate=0.0% Sharpe=-98143250.28
2026-06-19 14:25:52 [INFO] backtest: [backtest] Tested=21 Skipped=0 WinRate=0.0% Sharpe=-98143250.28
2026-06-19 14:25:52 [INFO] backtest: [backtest] Tested=21 Skipped=0 WinRate=0.0% Sharpe=-98143250.28
2026-06-19 14:25:52 [INFO] backtest: [backtest] Tested=21 Skipped=0 WinRate=0.0% Sharpe=-98143250.28
2026-06-19 14:25:52 [INFO] backtest: [backtest] Tested=21 Skipped=0 WinRate=0.0% Sharpe=-98143250.28
2026-06-19 14:25:52 [INFO] backtest: [backtest] Tested=21 Skipped=0 WinRate=0.0% Sharpe=-98143250.28
2026-06-19 14:25:52 [INFO] backtest: [backtest] Tested=21 Skipped=0 WinRate=0.0% Sharpe=-98143250.28
2026-06-19 14:25:52 [INFO] backtest: [backtest] Tested=21 Skipped=0 WinRate=0.0% Sharpe=-98143250.28
2026-06-19 14:25:52 [INFO] backtest: [backtest] Tested=21 Skipped=0 WinRate=0.0% Sharpe=-98143250.28
2026-06-19 14:25:52 [INFO] backtest: [backtest] Tested=21 Skipped=0 WinRate=0.0% Sharpe=-98143250.28
2026-06-19 14:25:52 [INFO] backtest: [backtest] Tested=21 Skipped=0 WinRate=0.0% Sharpe=-98143250.28
2026-06-19 14:25:52 [INFO] backtest: [backtest] Tested=21 Skipped=0 WinRate=0.0% Sharpe=-98143250.28
2026-06-19 14:25:52 [INFO] backtest: [backtest] Tested=21 Skipped=0 WinRate=0.0% Sharpe=-98143250.28
2026-06-19 14:25:52 [INFO] backtest: [backtest] Tested=21 Skipped=0 WinRate=0.0% Sharpe=-98143250.28
2026-06-19 14:25:52 [INFO] backtest: [backtest] Tested=21 Skipped=0 WinRate=0.0% Sharpe=-98143250.28
2026-06-19 14:25:52 [INFO] backtest: [backtest] Tested=107 Skipped=0 WinRate=3.7% Sharpe=0.72
2026-06-19 14:25:52 [INFO] backtest: [backtest] Tested=107 Skipped=0 WinRate=3.7% Sharpe=1.52
2026-06-19 14:25:52 [INFO] backtest: [backtest] Tested=107 Skipped=0 WinRate=3.7% Sharpe=1.92
2026-06-19 14:25:52 [INFO] backtest: [backtest] Tested=107 Skipped=0 WinRate=3.7% Sharpe=2.15
2026-06-19 14:25:52 [INFO] backtest: [backtest] Tested=107 Skipped=0 WinRate=3.7% Sharpe=2.31
2026-06-19 14:25:52 [INFO] backtest: [backtest] Tested=107 Skipped=0 WinRate=3.7% Sharpe=1.52
2026-06-19 14:25:52 [INFO] backtest: [backtest] Tested=107 Skipped=0 WinRate=3.7% Sharpe=1.92
2026-06-19 14:25:52 [INFO] backtest: [backtest] Tested=107 Skipped=0 WinRate=3.7% Sharpe=2.15
2026-06-19 14:25:52 [INFO] backtest: [backtest] Tested=107 Skipped=0 WinRate=3.7% Sharpe=2.31
2026-06-19 14:25:52 [INFO] backtest: [backtest] Tested=107 Skipped=0 WinRate=3.7% Sharpe=1.52
2026-06-19 14:25:52 [INFO] backtest: [backtest] Tested=107 Skipped=0 WinRate=3.7% Sharpe=1.92
2026-06-19 14:25:52 [INFO] backtest: [backtest] Tested=107 Skipped=0 WinRate=3.7% Sharpe=2.15
2026-06-19 14:25:52 [INFO] backtest: [backtest] Tested=107 Skipped=0 WinRate=3.7% Sharpe=2.31
2026-06-19 14:25:52 [INFO] backtest: [backtest] Tested=107 Skipped=0 WinRate=3.7% Sharpe=1.52
2026-06-19 14:25:52 [INFO] backtest: [backtest] Tested=107 Skipped=0 WinRate=3.7% Sharpe=1.92
2026-06-19 14:25:52 [INFO] backtest: [backtest] Tested=107 Skipped=0 WinRate=3.7% Sharpe=2.15
2026-06-19 14:25:52 [INFO] backtest: [backtest] Tested=107 Skipped=0 WinRate=3.7% Sharpe=2.31
2026-06-19 14:25:52 [INFO] backtest: [backtest] Tested=222 Skipped=0 WinRate=5.4% Sharpe=2.92
2026-06-19 14:25:52 [INFO] backtest: [backtest] Tested=329 Skipped=0 WinRate=4.9% Sharpe=1.94
2026-06-19 14:25:52 [INFO] backtest: [backtest] Tested=329 Skipped=0 WinRate=4.9% Sharpe=2.33
2026-06-19 14:25:52 [INFO] backtest: [backtest] Tested=329 Skipped=0 WinRate=4.9% Sharpe=2.57
2026-06-19 14:25:52 [INFO] backtest: [backtest] Tested=329 Skipped=0 WinRate=4.9% Sharpe=2.73
2026-06-19 14:25:52 [INFO] backtest: [backtest] Tested=329 Skipped=0 WinRate=4.9% Sharpe=1.94
2026-06-19 14:25:52 [INFO] backtest: [backtest] Tested=329 Skipped=0 WinRate=4.9% Sharpe=2.33
2026-06-19 14:25:52 [INFO] backtest: [backtest] Tested=329 Skipped=0 WinRate=4.9% Sharpe=2.57
2026-06-19 14:25:52 [INFO] backtest: [backtest] Tested=329 Skipped=0 WinRate=4.9% Sharpe=2.73
2026-06-19 14:25:53 [INFO] backtest: [backtest] Tested=329 Skipped=0 WinRate=4.9% Sharpe=1.94
2026-06-19 14:25:53 [INFO] backtest: [backtest] Tested=329 Skipped=0 WinRate=4.9% Sharpe=2.33
2026-06-19 14:25:53 [INFO] backtest: [backtest] Tested=329 Skipped=0 WinRate=4.9% Sharpe=2.57
2026-06-19 14:25:53 [INFO] backtest: [backtest] Tested=329 Skipped=0 WinRate=4.9% Sharpe=2.73
2026-06-19 14:25:53 [INFO] backtest: [backtest] Tested=329 Skipped=0 WinRate=4.9% Sharpe=1.94
2026-06-19 14:25:53 [INFO] backtest: [backtest] Tested=329 Skipped=0 WinRate=4.9% Sharpe=2.33
2026-06-19 14:25:53 [INFO] backtest: [backtest] Tested=329 Skipped=0 WinRate=4.9% Sharpe=2.57
2026-06-19 14:25:53 [INFO] backtest: [backtest] Tested=329 Skipped=0 WinRate=4.9% Sharpe=2.73
2026-06-19 14:25:53 [INFO] backtest: [backtest] Tested=286 Skipped=0 WinRate=7.0% Sharpe=3.53
2026-06-19 23:45:35 [INFO] scoring: Memindai Arus Uang (Rotasi Sektor)...
2026-06-19 23:45:52 [INFO] scoring: Rotasi sektor selesai (11 sektor dipindai)
2026-06-19 23:45:52 [INFO] scraper: Mengunduh Cuaca Makro Global & Komoditas...
2026-06-19 23:45:52 [INFO] scraper: Macro update -- IHSG=+0.08% | USD=-0.39% | Trend=DOWN | Penalty=0.0
2026-06-19 23:45:56 [INFO] scoring: [ENSEMBLE] Loaded v5.0 (threshold=0.678)
2026-06-19 23:45:56 [INFO] scoring: [ENSEMBLE] Loaded v5.0 (threshold=0.678)
2026-06-19 23:45:56 [INFO] scoring: [ENSEMBLE] Loaded v5.0 (threshold=0.678)
2026-06-19 23:45:56 [INFO] scoring: [ENSEMBLE] Loaded v5.0 (threshold=0.678)
2026-06-19 23:45:56 [INFO] scoring: [ENSEMBLE] Loaded v5.0 (threshold=0.678)
2026-06-19 23:45:56 [INFO] scoring: [ENSEMBLE] Loaded v5.0 (threshold=0.678)
2026-06-19 23:45:56 [INFO] scoring: [ENSEMBLE] Loaded v5.0 (threshold=0.678)
2026-06-19 23:45:56 [INFO] scoring: [ENSEMBLE] Loaded v5.0 (threshold=0.678)
2026-06-19 23:45:57 [INFO] scoring: [ENSEMBLE] Loaded v5.0 (threshold=0.678)
2026-06-19 23:45:57 [INFO] scoring: [ENSEMBLE] Loaded v5.0 (threshold=0.678)
2026-06-19 23:45:57 [INFO] scoring: [ENSEMBLE] Loaded v5.0 (threshold=0.678)
2026-06-19 23:45:59 [INFO] screener: [AI] BVIC.JK — Win Rate: 15.2%  Verdict: WEAK
2026-06-19 23:45:59 [INFO] screener: [AI] BRIS.JK — Win Rate: 8.0%  Verdict: WEAK
2026-06-19 23:45:59 [INFO] screener: [AI] BBRI.JK — Win Rate: 21.8%  Verdict: WEAK
2026-06-19 23:45:59 [INFO] screener: [AI] BBNI.JK — Win Rate: 12.5%  Verdict: WEAK
2026-06-19 23:45:59 [INFO] screener: [AI] BBYB.JK — Win Rate: 18.8%  Verdict: WEAK
2026-06-19 23:45:59 [INFO] screener: [AI] NISP.JK — Win Rate: 8.2%  Verdict: WEAK
2026-06-19 23:45:59 [INFO] screener: [AI] BTPS.JK — Win Rate: 22.1%  Verdict: WEAK
2026-06-19 23:45:59 [INFO] screener: [AI] CFIN.JK — Win Rate: 13.4%  Verdict: WEAK
2026-06-19 23:45:59 [INFO] screener: [AI] BMRI.JK — Win Rate: 8.7%  Verdict: WEAK
2026-06-19 23:45:59 [INFO] screener: [AI] BBTN.JK — Win Rate: 15.3%  Verdict: WEAK
2026-06-19 23:45:59 [INFO] screener: [AI] BNGA.JK — Win Rate: 16.8%  Verdict: WEAK
2026-06-19 23:45:59 [INFO] screener: [AI] BBCA.JK — Win Rate: 7.7%  Verdict: WEAK
2026-06-19 23:45:59 [INFO] screener: [AI] BDMN.JK — Win Rate: 52.1%  Verdict: BUY
2026-06-19 23:45:59 [INFO] screener: [AI] ARTO.JK — Win Rate: 34.1%  Verdict: WEAK
2026-06-19 23:46:00 [WARNING] screener: [FUNDAMENTAL] MLPL.JK: PE tidak tersedia — set flag missing
2026-06-19 23:46:01 [INFO] screener: [AI] PNBN.JK — Win Rate: 26.2%  Verdict: WEAK
2026-06-19 23:46:01 [INFO] screener: [AI] ASII.JK — Win Rate: 10.6%  Verdict: WEAK
2026-06-19 23:46:01 [INFO] screener: [AI] UNTR.JK — Win Rate: 18.8%  Verdict: WEAK
2026-06-19 23:46:01 [INFO] screener: [AI] BJTM.JK — Win Rate: 20.6%  Verdict: WEAK
2026-06-19 23:46:01 [INFO] screener: [AI] SMMA.JK — Win Rate: 59.9%  Verdict: BUY
2026-06-19 23:46:01 [INFO] screener: [AI] BSIM.JK — Win Rate: 31.0%  Verdict: WEAK
2026-06-19 23:46:02 [INFO] screener: [AI] BJBR.JK — Win Rate: 18.7%  Verdict: WEAK
2026-06-19 23:46:02 [INFO] screener: [AI] SRTG.JK — Win Rate: 35.7%  Verdict: WEAK
2026-06-19 23:46:02 [WARNING] scraper: [SANITIZER] GOTO.JK dilewati -- harga flat 10 hari (suspend/error data)
2026-06-19 23:46:02 [INFO] screener: [AI] BMTR.JK — Win Rate: 43.8%  Verdict: WEAK
2026-06-19 23:46:02 [INFO] screener: [AI] BHIT.JK — Win Rate: 7.8%  Verdict: WEAK
2026-06-19 23:46:02 [INFO] screener: [AI] LPKR.JK — Win Rate: 31.0%  Verdict: WEAK
2026-06-19 23:46:02 [WARNING] screener: [FUNDAMENTAL] MPPA.JK: PE tidak tersedia — set flag missing
2026-06-19 23:46:03 [WARNING] screener: [FUNDAMENTAL] EXCL.JK: PE tidak tersedia — set flag missing
2026-06-19 23:46:03 [WARNING] screener: [FUNDAMENTAL] BELI.JK: PE tidak tersedia — set flag missing
2026-06-19 23:46:03 [INFO] screener: [AI] MLPL.JK — Win Rate: 19.2%  Verdict: WEAK
2026-06-19 23:46:04 [INFO] screener: [AI] SCMA.JK — Win Rate: 20.5%  Verdict: WEAK
2026-06-19 23:46:04 [INFO] screener: [AI] EXCL.JK — Win Rate: 39.1%  Verdict: WEAK
2026-06-19 23:46:04 [INFO] screener: [AI] VIVA.JK — Win Rate: 28.7%  Verdict: WEAK
2026-06-19 23:46:04 [INFO] screener: [AI] BNLI.JK — Win Rate: 48.5%  Verdict: WEAK
2026-06-19 23:46:04 [INFO] screener: [AI] MPPA.JK — Win Rate: 4.1%  Verdict: WEAK
2026-06-19 23:46:05 [INFO] screener: [AI] ISAT.JK — Win Rate: 71.2%  Verdict: ULTRA BUY
2026-06-19 23:46:05 [INFO] screener: [AI] WIFI.JK — Win Rate: 17.2%  Verdict: WEAK
2026-06-19 23:46:05 [WARNING] screener: [FUNDAMENTAL] AXIO.JK: PE tidak tersedia — set flag missing
2026-06-19 23:46:05 [WARNING] screener: [FUNDAMENTAL] KREN.JK: PE tidak tersedia — set flag missing
2026-06-19 23:46:05 [INFO] screener: [AI] BUKA.JK — Win Rate: 31.2%  Verdict: WEAK
2026-06-19 23:46:05 [INFO] screener: [AI] EMTK.JK — Win Rate: 33.2%  Verdict: WEAK
2026-06-19 23:46:05 [INFO] screener: [AI] TLKM.JK — Win Rate: 77.9%  Verdict: ULTRA BUY
2026-06-19 23:46:05 [INFO] screener: [AI] MTDL.JK — Win Rate: 39.7%  Verdict: WEAK
2026-06-19 23:46:06 [INFO] screener: [AI] BELI.JK — Win Rate: 34.3%  Verdict: WEAK
2026-06-19 23:46:06 [INFO] screener: [AI] DMMX.JK — Win Rate: 18.1%  Verdict: WEAK
2026-06-19 23:46:06 [INFO] screener: [AI] GLVA.JK — Win Rate: 25.6%  Verdict: WEAK
2026-06-19 23:46:07 [INFO] screener: [AI] AXIO.JK — Win Rate: 36.4%  Verdict: WEAK
2026-06-19 23:46:07 [INFO] screener: [AI] PTBA.JK — Win Rate: 77.3%  Verdict: ULTRA BUY
2026-06-19 23:46:10 [INFO] screener: [AI] DEWA.JK — Win Rate: 8.6%  Verdict: WEAK
2026-06-19 23:46:11 [WARNING] screener: [FUNDAMENTAL] DOID.JK: PE tidak tersedia — set flag missing
2026-06-19 23:46:11 [WARNING] screener: [FUNDAMENTAL] TOBA.JK: PE tidak tersedia — set flag missing
2026-06-19 23:46:11 [INFO] screener: [AI] ANTM.JK — Win Rate: 24.5%  Verdict: WEAK
2026-06-19 23:46:11 [INFO] screener: [AI] AKRA.JK — Win Rate: 57.8%  Verdict: BUY
2026-06-19 23:46:11 [INFO] screener: [AI] TINS.JK — Win Rate: 4.4%  Verdict: WEAK
2026-06-19 23:46:11 [WARNING] scraper: [SANITIZER] WIKA.JK dilewati -- volume=0 10 hari (suspend/gocap)
2026-06-19 23:46:11 [WARNING] scraper: [SANITIZER] WSKT.JK dilewati -- volume=0 10 hari (suspend/gocap)
2026-06-19 23:46:12 [WARNING] screener: [FUNDAMENTAL] PTPP.JK: PE tidak tersedia — set flag missing
2026-06-19 23:46:12 [WARNING] screener: [FUNDAMENTAL] PPRE.JK: PE tidak tersedia — set flag missing
2026-06-19 23:46:12 [WARNING] screener: [FUNDAMENTAL] WEGE.JK: PE tidak tersedia — set flag missing
2026-06-19 23:46:12 [WARNING] screener: [FUNDAMENTAL] ACST.JK: PE tidak tersedia — set flag missing
2026-06-19 23:46:12 [WARNING] scraper: [SANITIZER] META.JK dilewati -- volume=0 10 hari (suspend/gocap)
2026-06-19 23:46:12 [INFO] screener: [AI] NCKL.JK — Win Rate: 33.8%  Verdict: WEAK
2026-06-19 23:46:13 [INFO] screener: [AI] RMKE.JK — Win Rate: 33.6%  Verdict: WEAK
2026-06-19 23:46:13 [INFO] screener: [AI] JSMR.JK — Win Rate: 88.9%  Verdict: ULTRA BUY
2026-06-19 23:46:13 [WARNING] screener: [FUNDAMENTAL] LEAD.JK: PE tidak tersedia — set flag missing
2026-06-19 23:46:13 [INFO] screener: [AI] PPRE.JK — Win Rate: 4.7%  Verdict: WEAK
2026-06-19 23:46:13 [INFO] screener: [AI] ACST.JK — Win Rate: 32.1%  Verdict: WEAK
2026-06-19 23:46:14 [INFO] screener: [AI] WEGE.JK — Win Rate: 51.1%  Verdict: BUY
2026-06-19 23:46:14 [INFO] screener: [AI] PTPP.JK — Win Rate: 33.3%  Verdict: WEAK
2026-06-19 23:46:14 [INFO] screener: [AI] BIRD.JK — Win Rate: 22.2%  Verdict: WEAK
2026-06-19 23:46:15 [INFO] screener: [AI] JKON.JK — Win Rate: 16.9%  Verdict: WEAK
2026-06-19 23:46:15 [INFO] screener: [AI] CMNP.JK — Win Rate: 39.8%  Verdict: WEAK
2026-06-19 23:46:15 [WARNING] screener: [FUNDAMENTAL] ADHI.JK: PE tidak tersedia — set flag missing
2026-06-19 23:46:16 [INFO] screener: [AI] MYOR.JK — Win Rate: 39.4%  Verdict: WEAK
2026-06-19 23:46:16 [INFO] screener: [AI] ICBP.JK — Win Rate: 14.7%  Verdict: WEAK
2026-06-19 23:46:16 [INFO] screener: [AI] INDF.JK — Win Rate: 25.5%  Verdict: WEAK
2026-06-19 23:46:16 [INFO] screener: [AI] TOTL.JK — Win Rate: 24.7%  Verdict: WEAK
2026-06-19 23:46:16 [INFO] screener: [AI] ADHI.JK — Win Rate: 21.3%  Verdict: WEAK
2026-06-19 23:46:16 [WARNING] screener: [FUNDAMENTAL] KAEF.JK: PE tidak tersedia — set flag missing
2026-06-19 23:46:17 [INFO] screener: [AI] CAMP.JK — Win Rate: 13.6%  Verdict: WEAK
2026-06-19 23:46:17 [INFO] screener: [AI] STTP.JK — Win Rate: 64.3%  Verdict: ULTRA BUY
2026-06-19 23:46:17 [INFO] screener: [AI] UNVR.JK — Win Rate: 8.5%  Verdict: WEAK
2026-06-19 23:46:17 [INFO] screener: [AI] ADES.JK — Win Rate: 91.1%  Verdict: ULTRA BUY
2026-06-19 23:46:17 [INFO] screener: [AI] GOOD.JK — Win Rate: 22.0%  Verdict: WEAK
2026-06-19 23:46:17 [INFO] screener: [AI] CLEO.JK — Win Rate: 12.2%  Verdict: WEAK
2026-06-19 23:46:18 [INFO] screener: [AI] ROTI.JK — Win Rate: 8.1%  Verdict: WEAK
2026-06-19 23:46:18 [INFO] screener: [AI] KAEF.JK — Win Rate: 16.3%  Verdict: WEAK
2026-06-19 23:46:18 [INFO] screener: [AI] SIDO.JK — Win Rate: 39.1%  Verdict: WEAK
2026-06-19 23:46:19 [INFO] screener: [AI] PEHA.JK — Win Rate: 12.0%  Verdict: WEAK
2026-06-19 23:46:20 [WARNING] screener: [FUNDAMENTAL] HOKI.JK: PE tidak tersedia — set flag missing
2026-06-19 23:46:20 [WARNING] screener: [FUNDAMENTAL] MPPA.JK: PE tidak tersedia — set flag missing
2026-06-19 23:46:21 [INFO] screener: [AI] HOKI.JK — Win Rate: 16.1%  Verdict: WEAK
2026-06-19 23:46:21 [INFO] screener: [AI] BSDE.JK — Win Rate: 40.8%  Verdict: WEAK
2026-06-19 23:46:21 [INFO] screener: [AI] AMRT.JK — Win Rate: 9.7%  Verdict: WEAK
2026-06-19 23:46:21 [INFO] screener: [AI] MAPI.JK — Win Rate: 38.3%  Verdict: WEAK
2026-06-19 23:46:21 [INFO] screener: [AI] MIDI.JK — Win Rate: 30.2%  Verdict: WEAK
2026-06-19 23:46:21 [INFO] screener: [AI] CPIN.JK — Win Rate: 48.2%  Verdict: WEAK
2026-06-19 23:46:21 [INFO] screener: [AI] RALS.JK — Win Rate: 15.2%  Verdict: WEAK
2026-06-19 23:46:21 [INFO] screener: [AI] ENZO.JK — Win Rate: 9.1%  Verdict: WEAK
2026-06-19 23:46:22 [INFO] screener: [AI] ERAA.JK — Win Rate: 11.0%  Verdict: WEAK
2026-06-19 23:46:22 [INFO] screener: [AI] ACES.JK — Win Rate: 7.2%  Verdict: WEAK
2026-06-19 23:46:22 [INFO] screener: [AI] MAPA.JK — Win Rate: 10.9%  Verdict: WEAK
2026-06-19 23:46:22 [WARNING] screener: [FUNDAMENTAL] PPRO.JK: PE tidak tersedia — set flag missing
2026-06-19 23:46:23 [INFO] screener: [AI] JPFA.JK — Win Rate: 72.5%  Verdict: ULTRA BUY
2026-06-19 23:46:24 [INFO] screener: [AI] CTRA.JK — Win Rate: 15.8%  Verdict: WEAK
2026-06-19 23:46:24 [INFO] screener: [AI] MPPA.JK — Win Rate: 4.1%  Verdict: WEAK
2026-06-19 23:46:24 [INFO] screener: [AI] ASRI.JK — Win Rate: 23.4%  Verdict: WEAK
2026-06-19 23:46:24 [INFO] screener: [AI] DUTI.JK — Win Rate: 12.9%  Verdict: WEAK
2026-06-19 23:46:24 [INFO] screener: [AI] DILD.JK — Win Rate: 14.8%  Verdict: WEAK
2026-06-19 23:46:24 [INFO] screener: [AI] PWON.JK — Win Rate: 41.1%  Verdict: WEAK
2026-06-19 23:46:25 [INFO] screener: [AI] PPRO.JK — Win Rate: 14.4%  Verdict: WEAK
2026-06-19 23:46:25 [INFO] screener: [AI] BKSL.JK — Win Rate: 10.2%  Verdict: WEAK
2026-06-19 23:46:25 [INFO] screener: [AI] GWSA.JK — Win Rate: 23.6%  Verdict: WEAK
2026-06-19 23:46:25 [INFO] screener: [AI] MKPI.JK — Win Rate: 79.2%  Verdict: ULTRA BUY
2026-06-19 23:46:26 [INFO] screener: [AI] SMRA.JK — Win Rate: 13.4%  Verdict: WEAK
2026-06-19 23:46:26 [INFO] screener: [AI] DMAS.JK — Win Rate: 30.9%  Verdict: WEAK
2026-06-19 23:46:26 [INFO] screener: [AI] LPPF.JK — Win Rate: 14.7%  Verdict: WEAK
2026-06-19 23:46:26 [INFO] screener: [AI] LPCK.JK — Win Rate: 21.5%  Verdict: WEAK
2026-06-19 23:46:26 [INFO] screener: [AI] SILO.JK — Win Rate: 40.7%  Verdict: WEAK
2026-06-19 23:46:27 [INFO] screener: [AI] HEAL.JK — Win Rate: 24.6%  Verdict: WEAK
2026-06-19 23:46:27 [INFO] screener: [AI] DGNS.JK — Win Rate: 4.1%  Verdict: WEAK
2026-06-19 23:46:27 [WARNING] scraper: [SANITIZER] SMCB.JK dilewati -- volume=0 10 hari (suspend/gocap)
2026-06-19 23:46:27 [INFO] screener: [AI] MIKA.JK — Win Rate: 26.9%  Verdict: WEAK
2026-06-19 23:46:28 [INFO] screener: [AI] PRDA.JK — Win Rate: 11.7%  Verdict: WEAK
2026-06-19 23:46:28 [WARNING] screener: [FUNDAMENTAL] BAJA.JK: PE tidak tersedia — set flag missing
2026-06-19 23:46:28 [INFO] screener: [AI] KIJA.JK — Win Rate: 23.4%  Verdict: WEAK
2026-06-19 23:46:28 [INFO] screener: [AI] IRRA.JK — Win Rate: 9.4%  Verdict: WEAK
2026-06-19 23:46:28 [INFO] screener: [AI] KLBF.JK — Win Rate: 21.1%  Verdict: WEAK
2026-06-19 23:46:28 [INFO] screener: [AI] SSIA.JK — Win Rate: 8.0%  Verdict: WEAK
2026-06-19 23:46:29 [INFO] screener: [AI] INTP.JK — Win Rate: 75.8%  Verdict: ULTRA BUY
2026-06-19 23:46:29 [INFO] screener: [AI] TSPC.JK — Win Rate: 17.4%  Verdict: WEAK
2026-06-19 23:46:29 [INFO] screener: [AI] SMGR.JK — Win Rate: 43.1%  Verdict: WEAK
2026-06-19 23:46:29 [INFO] screener: [AI] BAJA.JK — Win Rate: 4.2%  Verdict: WEAK
2026-06-19 23:46:29 [INFO] screener: [AI] SAME.JK — Win Rate: 27.8%  Verdict: WEAK
2026-06-19 23:46:29 [INFO] screener: [AI] ISSP.JK — Win Rate: 36.1%  Verdict: WEAK
2026-06-19 23:46:30 [INFO] screener: [AI] ALKA.JK — Win Rate: 7.2%  Verdict: WEAK
2026-06-19 23:46:30 [INFO] screener: [AI] BMHS.JK — Win Rate: 17.0%  Verdict: WEAK
2026-06-19 23:46:30 [INFO] screener: [AI] ASSA.JK — Win Rate: 41.1%  Verdict: WEAK
2026-06-19 23:46:30 [INFO] screener: [AI] TOTO.JK — Win Rate: 28.2%  Verdict: WEAK
2026-06-19 23:46:30 [INFO] screener: [AI] BRNA.JK — Win Rate: 19.2%  Verdict: WEAK
2026-06-19 23:46:31 [INFO] screener: [AI] SMBR.JK — Win Rate: 19.8%  Verdict: WEAK
2026-06-19 23:46:32 [WARNING] screener: [FUNDAMENTAL] GIAA.JK: PE tidak tersedia — set flag missing
2026-06-19 23:46:32 [WARNING] screener: [FUNDAMENTAL] GIAA.JK: Book Value tidak tersedia — set flag missing
2026-06-19 23:46:32 [INFO] screener: [AI] BIRD.JK — Win Rate: 22.2%  Verdict: WEAK
2026-06-19 23:46:52 [INFO] scoring: Memindai Arus Uang (Rotasi Sektor)...
2026-06-19 23:47:08 [INFO] scoring: Rotasi sektor selesai (11 sektor dipindai)
2026-06-19 23:47:08 [INFO] scraper: Mengunduh Cuaca Makro Global & Komoditas...
2026-06-19 23:47:10 [INFO] scraper: Macro update -- IHSG=+0.08% | USD=-0.39% | Trend=DOWN | Penalty=0.0
2026-06-19 23:47:13 [INFO] scoring: [ENSEMBLE] Loaded v5.0 (threshold=0.678)
2026-06-19 23:47:13 [INFO] scoring: [ENSEMBLE] Loaded v5.0 (threshold=0.678)
2026-06-19 23:47:13 [INFO] scoring: [ENSEMBLE] Loaded v5.0 (threshold=0.678)
2026-06-19 23:47:13 [INFO] scoring: [ENSEMBLE] Loaded v5.0 (threshold=0.678)
2026-06-19 23:47:13 [INFO] scoring: [ENSEMBLE] Loaded v5.0 (threshold=0.678)
2026-06-19 23:47:14 [INFO] scoring: [ENSEMBLE] Loaded v5.0 (threshold=0.678)
2026-06-19 23:47:14 [INFO] scoring: [ENSEMBLE] Loaded v5.0 (threshold=0.678)
2026-06-19 23:47:14 [INFO] scoring: [ENSEMBLE] Loaded v5.0 (threshold=0.678)
2026-06-19 23:47:14 [INFO] scoring: [ENSEMBLE] Loaded v5.0 (threshold=0.678)
2026-06-19 23:47:14 [INFO] scoring: [ENSEMBLE] Loaded v5.0 (threshold=0.678)
2026-06-19 23:47:16 [INFO] screener: [AI] CFIN.JK — Win Rate: 13.4%  Verdict: WEAK
2026-06-19 23:47:16 [INFO] screener: [AI] BBNI.JK — Win Rate: 12.5%  Verdict: WEAK
2026-06-19 23:47:16 [INFO] screener: [AI] BRIS.JK — Win Rate: 8.0%  Verdict: WEAK
2026-06-19 23:47:16 [INFO] screener: [AI] BBRI.JK — Win Rate: 21.8%  Verdict: WEAK
2026-06-19 23:47:16 [INFO] screener: [AI] ARTO.JK — Win Rate: 34.1%  Verdict: WEAK
2026-06-19 23:47:16 [INFO] screener: [AI] NISP.JK — Win Rate: 8.2%  Verdict: WEAK
2026-06-19 23:47:16 [INFO] screener: [AI] BBYB.JK — Win Rate: 18.8%  Verdict: WEAK
2026-06-19 23:47:16 [INFO] screener: [AI] BVIC.JK — Win Rate: 15.2%  Verdict: WEAK
2026-06-19 23:47:16 [INFO] screener: [AI] BMRI.JK — Win Rate: 8.7%  Verdict: WEAK
2026-06-19 23:47:16 [INFO] screener: [AI] BBTN.JK — Win Rate: 15.3%  Verdict: WEAK
2026-06-19 23:47:16 [INFO] screener: [AI] BNGA.JK — Win Rate: 16.8%  Verdict: WEAK
2026-06-19 23:47:16 [INFO] screener: [AI] BBCA.JK — Win Rate: 7.7%  Verdict: WEAK
2026-06-19 23:47:16 [INFO] screener: [AI] BDMN.JK — Win Rate: 52.1%  Verdict: BUY
2026-06-19 23:47:17 [INFO] screener: [AI] BTPS.JK — Win Rate: 22.1%  Verdict: WEAK
2026-06-19 23:47:18 [WARNING] screener: [FUNDAMENTAL] MLPL.JK: PE tidak tersedia — set flag missing
2026-06-19 23:47:19 [INFO] screener: [AI] PNBN.JK — Win Rate: 26.2%  Verdict: WEAK
2026-06-19 23:47:20 [INFO] screener: [AI] SRTG.JK — Win Rate: 35.7%  Verdict: WEAK
2026-06-19 23:47:20 [INFO] screener: [AI] BJTM.JK — Win Rate: 20.6%  Verdict: WEAK
2026-06-19 23:47:20 [INFO] screener: [AI] BMTR.JK — Win Rate: 43.8%  Verdict: WEAK
2026-06-19 23:47:20 [INFO] screener: [AI] UNTR.JK — Win Rate: 18.8%  Verdict: WEAK
2026-06-19 23:47:20 [INFO] screener: [AI] BSIM.JK — Win Rate: 31.0%  Verdict: WEAK
2026-06-19 23:47:20 [WARNING] screener: [FUNDAMENTAL] MPPA.JK: PE tidak tersedia — set flag missing
2026-06-19 23:47:20 [INFO] screener: [AI] MLPL.JK — Win Rate: 19.2%  Verdict: WEAK
2026-06-19 23:47:20 [INFO] screener: [AI] ASII.JK — Win Rate: 10.6%  Verdict: WEAK
2026-06-19 23:47:21 [INFO] screener: [AI] BHIT.JK — Win Rate: 7.8%  Verdict: WEAK
2026-06-19 23:47:21 [INFO] screener: [AI] SMMA.JK — Win Rate: 59.9%  Verdict: BUY
2026-06-19 23:47:21 [INFO] screener: [AI] BJBR.JK — Win Rate: 18.7%  Verdict: WEAK
2026-06-19 23:47:21 [WARNING] scraper: [SANITIZER] GOTO.JK dilewati -- harga flat 10 hari (suspend/error data)
2026-06-19 23:47:21 [WARNING] screener: [FUNDAMENTAL] EXCL.JK: PE tidak tersedia — set flag missing
2026-06-19 23:47:22 [WARNING] screener: [FUNDAMENTAL] BELI.JK: PE tidak tersedia — set flag missing
2026-06-19 23:47:22 [INFO] screener: [AI] MPPA.JK — Win Rate: 4.1%  Verdict: WEAK
2026-06-19 23:47:22 [INFO] screener: [AI] VIVA.JK — Win Rate: 28.7%  Verdict: WEAK
2026-06-19 23:47:23 [INFO] screener: [AI] LPKR.JK — Win Rate: 31.0%  Verdict: WEAK
2026-06-19 23:47:23 [INFO] screener: [AI] EXCL.JK — Win Rate: 39.1%  Verdict: WEAK
2026-06-19 23:47:23 [INFO] screener: [AI] SCMA.JK — Win Rate: 20.5%  Verdict: WEAK
2026-06-19 23:47:23 [INFO] screener: [AI] BUKA.JK — Win Rate: 31.2%  Verdict: WEAK
2026-06-19 23:47:24 [INFO] screener: [AI] BNLI.JK — Win Rate: 48.5%  Verdict: WEAK
2026-06-19 23:47:24 [WARNING] screener: [FUNDAMENTAL] KREN.JK: PE tidak tersedia — set flag missing
2026-06-19 23:47:24 [INFO] screener: [AI] EMTK.JK — Win Rate: 33.2%  Verdict: WEAK
2026-06-19 23:47:24 [INFO] screener: [AI] BELI.JK — Win Rate: 34.3%  Verdict: WEAK
2026-06-19 23:47:24 [INFO] screener: [AI] WIFI.JK — Win Rate: 17.2%  Verdict: WEAK
2026-06-19 23:47:24 [INFO] screener: [AI] TLKM.JK — Win Rate: 77.9%  Verdict: ULTRA BUY
2026-06-19 23:47:24 [WARNING] screener: [FUNDAMENTAL] AXIO.JK: PE tidak tersedia — set flag missing
2026-06-19 23:47:25 [INFO] screener: [AI] GLVA.JK — Win Rate: 25.6%  Verdict: WEAK
2026-06-19 23:47:26 [INFO] screener: [AI] DMMX.JK — Win Rate: 18.1%  Verdict: WEAK
2026-06-19 23:47:26 [INFO] screener: [AI] ISAT.JK — Win Rate: 71.2%  Verdict: ULTRA BUY
2026-06-19 23:47:26 [INFO] screener: [AI] AXIO.JK — Win Rate: 36.4%  Verdict: WEAK
2026-06-19 23:47:26 [INFO] screener: [AI] MTDL.JK — Win Rate: 39.7%  Verdict: WEAK
2026-06-19 23:47:27 [INFO] screener: [AI] PTBA.JK — Win Rate: 77.3%  Verdict: ULTRA BUY
2026-06-19 23:47:29 [INFO] screener: [AI] TINS.JK — Win Rate: 4.4%  Verdict: WEAK
2026-06-19 23:47:29 [INFO] screener: [AI] DEWA.JK — Win Rate: 8.6%  Verdict: WEAK
2026-06-19 23:47:29 [INFO] screener: [AI] ANTM.JK — Win Rate: 24.5%  Verdict: WEAK
2026-06-19 23:47:30 [WARNING] screener: [FUNDAMENTAL] DOID.JK: PE tidak tersedia — set flag missing
2026-06-19 23:47:30 [WARNING] scraper: [SANITIZER] WIKA.JK dilewati -- volume=0 10 hari (suspend/gocap)
2026-06-19 23:47:30 [WARNING] scraper: [SANITIZER] WSKT.JK dilewati -- volume=0 10 hari (suspend/gocap)
2026-06-19 23:47:30 [WARNING] screener: [FUNDAMENTAL] TOBA.JK: PE tidak tersedia — set flag missing
2026-06-19 23:47:30 [WARNING] screener: [FUNDAMENTAL] ADHI.JK: PE tidak tersedia — set flag missing
2026-06-19 23:47:30 [WARNING] screener: [FUNDAMENTAL] PTPP.JK: PE tidak tersedia — set flag missing
2026-06-19 23:47:31 [INFO] screener: [AI] AKRA.JK — Win Rate: 57.8%  Verdict: BUY
2026-06-19 23:47:31 [WARNING] screener: [FUNDAMENTAL] WEGE.JK: PE tidak tersedia — set flag missing
2026-06-19 23:47:31 [WARNING] screener: [FUNDAMENTAL] PPRE.JK: PE tidak tersedia — set flag missing
2026-06-19 23:47:31 [WARNING] scraper: [SANITIZER] META.JK dilewati -- volume=0 10 hari (suspend/gocap)
2026-06-19 23:47:31 [INFO] screener: [AI] NCKL.JK — Win Rate: 33.8%  Verdict: WEAK
2026-06-19 23:47:32 [INFO] screener: [AI] ADHI.JK — Win Rate: 21.3%  Verdict: WEAK
2026-06-19 23:47:32 [WARNING] screener: [FUNDAMENTAL] LEAD.JK: PE tidak tersedia — set flag missing
2026-06-19 23:47:32 [INFO] screener: [AI] RMKE.JK — Win Rate: 33.6%  Verdict: WEAK
2026-06-19 23:47:32 [WARNING] screener: [FUNDAMENTAL] ACST.JK: PE tidak tersedia — set flag missing
2026-06-19 23:47:32 [INFO] screener: [AI] PTPP.JK — Win Rate: 33.3%  Verdict: WEAK
2026-06-19 23:47:33 [INFO] screener: [AI] PPRE.JK — Win Rate: 4.7%  Verdict: WEAK
2026-06-19 23:47:33 [INFO] screener: [AI] TOTL.JK — Win Rate: 24.7%  Verdict: WEAK
2026-06-19 23:47:33 [INFO] screener: [AI] WEGE.JK — Win Rate: 51.1%  Verdict: BUY
2026-06-19 23:47:34 [INFO] screener: [AI] JSMR.JK — Win Rate: 88.9%  Verdict: ULTRA BUY
2026-06-19 23:47:34 [INFO] screener: [AI] ACST.JK — Win Rate: 32.1%  Verdict: WEAK
2026-06-19 23:47:34 [INFO] screener: [AI] BIRD.JK — Win Rate: 22.2%  Verdict: WEAK
2026-06-19 23:47:34 [INFO] screener: [AI] CMNP.JK — Win Rate: 39.8%  Verdict: WEAK
2026-06-19 23:47:35 [INFO] screener: [AI] JKON.JK — Win Rate: 16.9%  Verdict: WEAK
2026-06-19 23:47:35 [INFO] screener: [AI] INDF.JK — Win Rate: 25.5%  Verdict: WEAK
2026-06-19 23:47:35 [WARNING] screener: [FUNDAMENTAL] KAEF.JK: PE tidak tersedia — set flag missing
2026-06-19 23:47:36 [INFO] screener: [AI] UNVR.JK — Win Rate: 8.5%  Verdict: WEAK
2026-06-19 23:47:36 [INFO] screener: [AI] GOOD.JK — Win Rate: 22.0%  Verdict: WEAK
2026-06-19 23:47:36 [INFO] screener: [AI] ICBP.JK — Win Rate: 14.7%  Verdict: WEAK
2026-06-19 23:47:36 [INFO] screener: [AI] CAMP.JK — Win Rate: 13.6%  Verdict: WEAK
2026-06-19 23:47:36 [INFO] screener: [AI] ROTI.JK — Win Rate: 8.1%  Verdict: WEAK
2026-06-19 23:47:36 [INFO] screener: [AI] MYOR.JK — Win Rate: 39.4%  Verdict: WEAK
2026-06-19 23:47:37 [INFO] screener: [AI] CLEO.JK — Win Rate: 12.2%  Verdict: WEAK
2026-06-19 23:47:37 [INFO] screener: [AI] STTP.JK — Win Rate: 64.3%  Verdict: ULTRA BUY
2026-06-19 23:47:37 [INFO] screener: [AI] SIDO.JK — Win Rate: 39.1%  Verdict: WEAK
2026-06-19 23:47:38 [INFO] screener: [AI] KAEF.JK — Win Rate: 16.3%  Verdict: WEAK
2026-06-19 23:47:38 [INFO] screener: [AI] PEHA.JK — Win Rate: 12.0%  Verdict: WEAK
2026-06-19 23:47:40 [INFO] screener: [AI] ADES.JK — Win Rate: 91.1%  Verdict: ULTRA BUY
2026-06-19 23:47:41 [WARNING] screener: [FUNDAMENTAL] HOKI.JK: PE tidak tersedia — set flag missing
2026-06-19 23:47:41 [INFO] screener: [AI] ACES.JK — Win Rate: 7.2%  Verdict: WEAK
2026-06-19 23:47:42 [WARNING] screener: [FUNDAMENTAL] MPPA.JK: PE tidak tersedia — set flag missing
2026-06-19 23:47:42 [INFO] screener: [AI] CPIN.JK — Win Rate: 48.2%  Verdict: WEAK
2026-06-19 23:47:43 [INFO] screener: [AI] RALS.JK — Win Rate: 15.2%  Verdict: WEAK
2026-06-19 23:47:43 [INFO] screener: [AI] HOKI.JK — Win Rate: 16.1%  Verdict: WEAK
2026-06-19 23:47:43 [INFO] screener: [AI] MIDI.JK — Win Rate: 30.2%  Verdict: WEAK
2026-06-19 23:47:43 [INFO] screener: [AI] JPFA.JK — Win Rate: 72.5%  Verdict: ULTRA BUY
2026-06-19 23:47:43 [INFO] screener: [AI] AMRT.JK — Win Rate: 9.7%  Verdict: WEAK
2026-06-19 23:47:43 [INFO] screener: [AI] MAPA.JK — Win Rate: 10.9%  Verdict: WEAK
2026-06-19 23:47:43 [INFO] screener: [AI] LPPF.JK — Win Rate: 14.7%  Verdict: WEAK
2026-06-19 23:47:43 [INFO] screener: [AI] CTRA.JK — Win Rate: 15.8%  Verdict: WEAK
2026-06-19 23:47:44 [INFO] screener: [AI] ERAA.JK — Win Rate: 11.0%  Verdict: WEAK
2026-06-19 23:47:44 [WARNING] screener: [FUNDAMENTAL] PPRO.JK: PE tidak tersedia — set flag missing
2026-06-19 23:47:44 [INFO] screener: [AI] BSDE.JK — Win Rate: 40.8%  Verdict: WEAK
2026-06-19 23:47:44 [INFO] screener: [AI] MPPA.JK — Win Rate: 4.1%  Verdict: WEAK
2026-06-19 23:47:45 [INFO] screener: [AI] MAPI.JK — Win Rate: 38.3%  Verdict: WEAK
2026-06-19 23:47:45 [INFO] screener: [AI] ENZO.JK — Win Rate: 9.1%  Verdict: WEAK
2026-06-19 23:47:45 [INFO] screener: [AI] ASRI.JK — Win Rate: 23.4%  Verdict: WEAK
2026-06-19 23:47:46 [INFO] screener: [AI] SMRA.JK — Win Rate: 13.4%  Verdict: WEAK
2026-06-19 23:47:46 [INFO] screener: [AI] DILD.JK — Win Rate: 14.8%  Verdict: WEAK
2026-06-19 23:47:46 [INFO] screener: [AI] PPRO.JK — Win Rate: 14.4%  Verdict: WEAK
2026-06-19 23:47:46 [INFO] screener: [AI] DMAS.JK — Win Rate: 30.9%  Verdict: WEAK
2026-06-19 23:47:46 [INFO] screener: [AI] GWSA.JK — Win Rate: 23.6%  Verdict: WEAK
2026-06-19 23:47:46 [INFO] screener: [AI] DUTI.JK — Win Rate: 12.9%  Verdict: WEAK
2026-06-19 23:47:46 [INFO] screener: [AI] PWON.JK — Win Rate: 41.1%  Verdict: WEAK
2026-06-19 23:47:47 [INFO] screener: [AI] LPCK.JK — Win Rate: 21.5%  Verdict: WEAK
2026-06-19 23:47:47 [INFO] screener: [AI] BKSL.JK — Win Rate: 10.2%  Verdict: WEAK
2026-06-19 23:47:47 [INFO] screener: [AI] MKPI.JK — Win Rate: 79.2%  Verdict: ULTRA BUY
2026-06-19 23:47:48 [INFO] screener: [AI] KIJA.JK — Win Rate: 23.4%  Verdict: WEAK
2026-06-19 23:47:49 [INFO] screener: [AI] MIKA.JK — Win Rate: 26.9%  Verdict: WEAK
2026-06-19 23:47:49 [WARNING] scraper: [SANITIZER] SMCB.JK dilewati -- volume=0 10 hari (suspend/gocap)
2026-06-19 23:47:49 [INFO] screener: [AI] BMHS.JK — Win Rate: 17.0%  Verdict: WEAK
2026-06-19 23:47:49 [INFO] screener: [AI] SILO.JK — Win Rate: 40.7%  Verdict: WEAK
2026-06-19 23:47:49 [INFO] screener: [AI] SSIA.JK — Win Rate: 8.0%  Verdict: WEAK
2026-06-19 23:47:49 [INFO] screener: [AI] PRDA.JK — Win Rate: 11.7%  Verdict: WEAK
2026-06-19 23:47:49 [INFO] screener: [AI] KLBF.JK — Win Rate: 21.1%  Verdict: WEAK
2026-06-19 23:47:49 [INFO] screener: [AI] IRRA.JK — Win Rate: 9.4%  Verdict: WEAK
2026-06-19 23:47:49 [INFO] screener: [AI] HEAL.JK — Win Rate: 24.6%  Verdict: WEAK
2026-06-19 23:47:49 [INFO] screener: [AI] DGNS.JK — Win Rate: 4.1%  Verdict: WEAK
2026-06-19 23:47:50 [INFO] screener: [AI] SAME.JK — Win Rate: 27.8%  Verdict: WEAK
2026-06-19 23:47:50 [INFO] screener: [AI] SMGR.JK — Win Rate: 43.1%  Verdict: WEAK
2026-06-19 23:47:51 [INFO] screener: [AI] TSPC.JK — Win Rate: 17.4%  Verdict: WEAK
2026-06-19 23:47:51 [WARNING] screener: [FUNDAMENTAL] BAJA.JK: PE tidak tersedia — set flag missing
2026-06-19 23:47:51 [INFO] screener: [AI] INTP.JK — Win Rate: 75.8%  Verdict: ULTRA BUY
2026-06-19 23:47:51 [INFO] screener: [AI] SMBR.JK — Win Rate: 19.8%  Verdict: WEAK
2026-06-19 23:47:52 [INFO] screener: [AI] BRNA.JK — Win Rate: 19.2%  Verdict: WEAK
2026-06-19 23:47:52 [INFO] screener: [AI] TOTO.JK — Win Rate: 28.2%  Verdict: WEAK
2026-06-19 23:47:52 [INFO] screener: [AI] ASSA.JK — Win Rate: 41.1%  Verdict: WEAK
2026-06-19 23:47:52 [INFO] screener: [AI] ALKA.JK — Win Rate: 7.2%  Verdict: WEAK
2026-06-19 23:47:52 [INFO] screener: [AI] BAJA.JK — Win Rate: 4.2%  Verdict: WEAK
2026-06-19 23:47:52 [INFO] screener: [AI] ISSP.JK — Win Rate: 36.1%  Verdict: WEAK
2026-06-19 23:47:54 [WARNING] screener: [FUNDAMENTAL] GIAA.JK: PE tidak tersedia — set flag missing
2026-06-19 23:47:54 [WARNING] screener: [FUNDAMENTAL] GIAA.JK: Book Value tidak tersedia — set flag missing
2026-06-19 23:47:55 [INFO] screener: [AI] LSIP.JK — Win Rate: 17.1%  Verdict: WEAK
2026-06-19 23:47:55 [INFO] screener: [AI] SIMP.JK — Win Rate: 23.1%  Verdict: WEAK
2026-06-19 23:47:56 [INFO] screener: [AI] DSNG.JK — Win Rate: 25.0%  Verdict: WEAK
2026-06-19 23:47:56 [INFO] screener: [AI] HAIS.JK — Win Rate: 16.4%  Verdict: WEAK
2026-06-19 23:47:56 [INFO] screener: [AI] PANI.JK — Win Rate: 19.1%  Verdict: WEAK
2026-06-19 23:47:56 [INFO] screener: [AI] NELY.JK — Win Rate: 12.3%  Verdict: WEAK
2026-06-19 23:47:56 [INFO] screener: [AI] TAPG.JK — Win Rate: 15.0%  Verdict: WEAK
2026-06-19 23:47:56 [INFO] screener: [AI] BWPT.JK — Win Rate: 10.4%  Verdict: WEAK
2026-06-19 23:47:56 [INFO] screener: [AI] BIRD.JK — Win Rate: 22.2%  Verdict: WEAK
2026-06-19 23:47:56 [INFO] screener: [AI] GIAA.JK — Win Rate: 10.1%  Verdict: WEAK
2026-06-19 23:47:57 [WARNING] screener: [FUNDAMENTAL] ANJT.JK: PE tidak tersedia — set flag missing
2026-06-19 23:47:57 [INFO] screener: [AI] BPTR.JK — Win Rate: 15.6%  Verdict: WEAK
2026-06-19 23:47:57 [INFO] screener: [AI] AALI.JK — Win Rate: 34.5%  Verdict: WEAK
2026-06-19 23:47:57 [WARNING] screener: [FUNDAMENTAL] AREA.JK: PE tidak tersedia — set flag missing
2026-06-19 23:47:57 [WARNING] scraper: [SANITIZER] MENN.JK dilewati -- volume=0 10 hari (suspend/gocap)
2026-06-19 23:47:57 [WARNING] screener: [FUNDAMENTAL] STRK.JK: PE tidak tersedia — set flag missing
2026-06-19 23:47:57 [WARNING] screener: [FUNDAMENTAL] PMUI.JK: PE tidak tersedia — set flag missing
2026-06-19 23:47:57 [WARNING] screener: [FUNDAMENTAL] WIDI.JK: PE tidak tersedia — set flag missing
2026-06-19 23:47:57 [INFO] screener: [AI] TBLA.JK — Win Rate: 9.3%  Verdict: WEAK
2026-06-19 23:47:57 [WARNING] screener: [FUNDAMENTAL] GTRA.JK: PE tidak tersedia — set flag missing
2026-06-19 23:47:57 [WARNING] screener: [FUNDAMENTAL] AWAN.JK: PE tidak tersedia — set flag missing
2026-06-19 23:47:58 [INFO] screener: [AI] SSMS.JK — Win Rate: 14.6%  Verdict: WEAK
2026-06-19 23:47:59 [INFO] screener: [AI] ANJT.JK — Win Rate: 27.5%  Verdict: WEAK
2026-06-19 23:47:59 [INFO] screener: [AI] ALII.JK — Win Rate: 25.0%  Verdict: WEAK
2026-06-19 23:47:59 [INFO] screener: [AI] AREA.JK — Win Rate: 20.4%  Verdict: WEAK
2026-06-19 23:47:59 [INFO] screener: [AI] STRK.JK — Win Rate: 10.1%  Verdict: WEAK
2026-06-19 23:47:59 [INFO] screener: [AI] WIDI.JK — Win Rate: 13.2%  Verdict: WEAK
2026-06-19 23:47:59 [INFO] screener: [AI] TMAS.JK — Win Rate: 25.1%  Verdict: WEAK
2026-06-19 23:47:59 [INFO] screener: [AI] PMUI.JK — Win Rate: 6.5%  Verdict: WEAK
2026-06-19 23:47:59 [INFO] screener: [AI] AWAN.JK — Win Rate: 44.4%  Verdict: WEAK
2026-06-19 23:48:00 [INFO] screener: [AI] GTRA.JK — Win Rate: 7.8%  Verdict: WEAK
2026-06-19 23:48:01 [INFO] backtest: [backtest] Tested=115 Skipped=0 WinRate=0.9% Sharpe=-2.32
2026-06-19 23:48:01 [INFO] backtest: [backtest] Tested=115 Skipped=0 WinRate=0.9% Sharpe=-1.37
2026-06-19 23:48:01 [INFO] backtest: [backtest] Tested=115 Skipped=0 WinRate=0.9% Sharpe=-0.80
2026-06-19 23:48:01 [INFO] backtest: [backtest] Tested=115 Skipped=0 WinRate=0.9% Sharpe=-0.42
2026-06-19 23:48:01 [INFO] backtest: [backtest] Tested=115 Skipped=0 WinRate=0.9% Sharpe=-2.32
2026-06-19 23:48:01 [INFO] backtest: [backtest] Tested=115 Skipped=0 WinRate=0.9% Sharpe=-1.37
2026-06-19 23:48:01 [INFO] backtest: [backtest] Tested=115 Skipped=0 WinRate=0.9% Sharpe=-0.80
2026-06-19 23:48:01 [INFO] backtest: [backtest] Tested=115 Skipped=0 WinRate=0.9% Sharpe=-0.42
2026-06-19 23:48:01 [INFO] backtest: [backtest] Tested=115 Skipped=0 WinRate=0.9% Sharpe=-2.32
2026-06-19 23:48:01 [INFO] backtest: [backtest] Tested=115 Skipped=0 WinRate=0.9% Sharpe=-1.37
2026-06-19 23:48:01 [INFO] backtest: [backtest] Tested=115 Skipped=0 WinRate=0.9% Sharpe=-0.80
2026-06-19 23:48:01 [INFO] backtest: [backtest] Tested=115 Skipped=0 WinRate=0.9% Sharpe=-0.42
2026-06-19 23:48:01 [INFO] backtest: [backtest] Tested=115 Skipped=0 WinRate=0.9% Sharpe=-2.32
2026-06-19 23:48:01 [INFO] backtest: [backtest] Tested=115 Skipped=0 WinRate=0.9% Sharpe=-1.37
2026-06-19 23:48:01 [INFO] backtest: [backtest] Tested=115 Skipped=0 WinRate=0.9% Sharpe=-0.80
2026-06-19 23:48:01 [INFO] backtest: [backtest] Tested=115 Skipped=0 WinRate=0.9% Sharpe=-0.42
2026-06-19 23:48:01 [INFO] backtest: [backtest] Tested=21 Skipped=0 WinRate=0.0% Sharpe=-98143250.28
2026-06-19 23:48:01 [INFO] backtest: [backtest] Tested=53 Skipped=0 WinRate=0.0% Sharpe=-98143250.28
2026-06-19 23:48:01 [INFO] backtest: [backtest] Tested=53 Skipped=0 WinRate=0.0% Sharpe=-98143250.28
2026-06-19 23:48:01 [INFO] backtest: [backtest] Tested=53 Skipped=0 WinRate=0.0% Sharpe=-98143250.28
2026-06-19 23:48:01 [INFO] backtest: [backtest] Tested=53 Skipped=0 WinRate=0.0% Sharpe=-98143250.28
2026-06-19 23:48:01 [INFO] backtest: [backtest] Tested=53 Skipped=0 WinRate=0.0% Sharpe=-98143250.28
2026-06-19 23:48:01 [INFO] backtest: [backtest] Tested=53 Skipped=0 WinRate=0.0% Sharpe=-98143250.28
2026-06-19 23:48:01 [INFO] backtest: [backtest] Tested=53 Skipped=0 WinRate=0.0% Sharpe=-98143250.28
2026-06-19 23:48:01 [INFO] backtest: [backtest] Tested=53 Skipped=0 WinRate=0.0% Sharpe=-98143250.28
2026-06-19 23:48:01 [INFO] backtest: [backtest] Tested=53 Skipped=0 WinRate=0.0% Sharpe=-98143250.28
2026-06-19 23:48:01 [INFO] backtest: [backtest] Tested=53 Skipped=0 WinRate=0.0% Sharpe=-98143250.28
2026-06-19 23:48:01 [INFO] backtest: [backtest] Tested=53 Skipped=0 WinRate=0.0% Sharpe=-98143250.28
2026-06-19 23:48:01 [INFO] backtest: [backtest] Tested=53 Skipped=0 WinRate=0.0% Sharpe=-98143250.28
2026-06-19 23:48:01 [INFO] backtest: [backtest] Tested=53 Skipped=0 WinRate=0.0% Sharpe=-98143250.28
2026-06-19 23:48:01 [INFO] backtest: [backtest] Tested=53 Skipped=0 WinRate=0.0% Sharpe=-98143250.28
2026-06-19 23:48:01 [INFO] backtest: [backtest] Tested=53 Skipped=0 WinRate=0.0% Sharpe=-98143250.28
2026-06-19 23:48:01 [INFO] backtest: [backtest] Tested=53 Skipped=0 WinRate=0.0% Sharpe=-98143250.28
2026-06-19 23:48:01 [INFO] backtest: [backtest] Tested=21 Skipped=0 WinRate=0.0% Sharpe=-98143250.28
2026-06-19 23:48:01 [INFO] backtest: [backtest] Tested=21 Skipped=0 WinRate=0.0% Sharpe=-98143250.28
2026-06-19 23:48:01 [INFO] backtest: [backtest] Tested=21 Skipped=0 WinRate=0.0% Sharpe=-98143250.28
2026-06-19 23:48:01 [INFO] backtest: [backtest] Tested=21 Skipped=0 WinRate=0.0% Sharpe=-98143250.28
2026-06-19 23:48:01 [INFO] backtest: [backtest] Tested=21 Skipped=0 WinRate=0.0% Sharpe=-98143250.28
2026-06-19 23:48:01 [INFO] backtest: [backtest] Tested=21 Skipped=0 WinRate=0.0% Sharpe=-98143250.28
2026-06-19 23:48:01 [INFO] backtest: [backtest] Tested=21 Skipped=0 WinRate=0.0% Sharpe=-98143250.28
2026-06-19 23:48:01 [INFO] backtest: [backtest] Tested=21 Skipped=0 WinRate=0.0% Sharpe=-98143250.28
2026-06-19 23:48:01 [INFO] backtest: [backtest] Tested=21 Skipped=0 WinRate=0.0% Sharpe=-98143250.28
2026-06-19 23:48:01 [INFO] backtest: [backtest] Tested=21 Skipped=0 WinRate=0.0% Sharpe=-98143250.28
2026-06-19 23:48:01 [INFO] backtest: [backtest] Tested=21 Skipped=0 WinRate=0.0% Sharpe=-98143250.28
2026-06-19 23:48:01 [INFO] backtest: [backtest] Tested=21 Skipped=0 WinRate=0.0% Sharpe=-98143250.28
2026-06-19 23:48:01 [INFO] backtest: [backtest] Tested=21 Skipped=0 WinRate=0.0% Sharpe=-98143250.28
2026-06-19 23:48:01 [INFO] backtest: [backtest] Tested=21 Skipped=0 WinRate=0.0% Sharpe=-98143250.28
2026-06-19 23:48:01 [INFO] backtest: [backtest] Tested=21 Skipped=0 WinRate=0.0% Sharpe=-98143250.28
2026-06-19 23:48:01 [INFO] backtest: [backtest] Tested=21 Skipped=0 WinRate=0.0% Sharpe=-98143250.28
2026-06-19 23:48:01 [INFO] backtest: [backtest] Tested=107 Skipped=0 WinRate=3.7% Sharpe=0.72
2026-06-19 23:48:01 [INFO] backtest: [backtest] Tested=107 Skipped=0 WinRate=3.7% Sharpe=1.52
2026-06-19 23:48:01 [INFO] backtest: [backtest] Tested=107 Skipped=0 WinRate=3.7% Sharpe=1.92
2026-06-19 23:48:01 [INFO] backtest: [backtest] Tested=107 Skipped=0 WinRate=3.7% Sharpe=2.15
2026-06-19 23:48:01 [INFO] backtest: [backtest] Tested=107 Skipped=0 WinRate=3.7% Sharpe=2.31
2026-06-19 23:48:01 [INFO] backtest: [backtest] Tested=107 Skipped=0 WinRate=3.7% Sharpe=1.52
2026-06-19 23:48:01 [INFO] backtest: [backtest] Tested=107 Skipped=0 WinRate=3.7% Sharpe=1.92
2026-06-19 23:48:01 [INFO] backtest: [backtest] Tested=107 Skipped=0 WinRate=3.7% Sharpe=2.15
2026-06-19 23:48:01 [INFO] backtest: [backtest] Tested=107 Skipped=0 WinRate=3.7% Sharpe=2.31
2026-06-19 23:48:01 [INFO] backtest: [backtest] Tested=107 Skipped=0 WinRate=3.7% Sharpe=1.52
2026-06-19 23:48:01 [INFO] backtest: [backtest] Tested=107 Skipped=0 WinRate=3.7% Sharpe=1.92
2026-06-19 23:48:01 [INFO] backtest: [backtest] Tested=107 Skipped=0 WinRate=3.7% Sharpe=2.15
2026-06-19 23:48:01 [INFO] backtest: [backtest] Tested=107 Skipped=0 WinRate=3.7% Sharpe=2.31
2026-06-19 23:48:01 [INFO] backtest: [backtest] Tested=107 Skipped=0 WinRate=3.7% Sharpe=1.52
2026-06-19 23:48:01 [INFO] backtest: [backtest] Tested=107 Skipped=0 WinRate=3.7% Sharpe=1.92
2026-06-19 23:48:01 [INFO] backtest: [backtest] Tested=107 Skipped=0 WinRate=3.7% Sharpe=2.15
2026-06-19 23:48:01 [INFO] backtest: [backtest] Tested=107 Skipped=0 WinRate=3.7% Sharpe=2.31
2026-06-19 23:48:01 [INFO] backtest: [backtest] Tested=222 Skipped=0 WinRate=5.4% Sharpe=2.92
2026-06-19 23:48:01 [INFO] backtest: [backtest] Tested=329 Skipped=0 WinRate=4.9% Sharpe=1.94
2026-06-19 23:48:01 [INFO] backtest: [backtest] Tested=329 Skipped=0 WinRate=4.9% Sharpe=2.33
2026-06-19 23:48:01 [INFO] backtest: [backtest] Tested=329 Skipped=0 WinRate=4.9% Sharpe=2.57
2026-06-19 23:48:01 [INFO] backtest: [backtest] Tested=329 Skipped=0 WinRate=4.9% Sharpe=2.73
2026-06-19 23:48:01 [INFO] backtest: [backtest] Tested=329 Skipped=0 WinRate=4.9% Sharpe=1.94
2026-06-19 23:48:01 [INFO] backtest: [backtest] Tested=329 Skipped=0 WinRate=4.9% Sharpe=2.33
2026-06-19 23:48:01 [INFO] backtest: [backtest] Tested=329 Skipped=0 WinRate=4.9% Sharpe=2.57
2026-06-19 23:48:01 [INFO] backtest: [backtest] Tested=329 Skipped=0 WinRate=4.9% Sharpe=2.73
2026-06-19 23:48:01 [INFO] backtest: [backtest] Tested=329 Skipped=0 WinRate=4.9% Sharpe=1.94
2026-06-19 23:48:01 [INFO] backtest: [backtest] Tested=329 Skipped=0 WinRate=4.9% Sharpe=2.33
2026-06-19 23:48:01 [INFO] backtest: [backtest] Tested=329 Skipped=0 WinRate=4.9% Sharpe=2.57
2026-06-19 23:48:01 [INFO] backtest: [backtest] Tested=329 Skipped=0 WinRate=4.9% Sharpe=2.73
2026-06-19 23:48:01 [INFO] backtest: [backtest] Tested=329 Skipped=0 WinRate=4.9% Sharpe=1.94
2026-06-19 23:48:01 [INFO] backtest: [backtest] Tested=329 Skipped=0 WinRate=4.9% Sharpe=2.33
2026-06-19 23:48:02 [INFO] backtest: [backtest] Tested=329 Skipped=0 WinRate=4.9% Sharpe=2.57
2026-06-19 23:48:02 [INFO] backtest: [backtest] Tested=329 Skipped=0 WinRate=4.9% Sharpe=2.73
2026-06-19 23:48:02 [INFO] backtest: [backtest] Tested=308 Skipped=0 WinRate=7.8% Sharpe=3.81
