2026-05-15 17:34:53 [INFO] screener: Memindai Arus Uang (Rotasi Sektor)...
2026-05-15 17:35:03 [INFO] screener: Rotasi sektor selesai (11 sektor dipindai)
2026-05-15 17:35:03 [INFO] screener: Mengunduh Cuaca Makro Global & Komoditas...
2026-05-15 17:35:04 [INFO] screener: Macro update — IHSG=-1.98% | USD=-0.23% | Trend=DOWN | Penalty=-1.0
2026-05-15 17:35:07 [INFO] screener: [ENSEMBLE] Loaded v5.0 (threshold=0.731)
2026-05-15 17:35:07 [INFO] screener: [ENSEMBLE] Loaded v5.0 (threshold=0.731)
2026-05-15 17:35:07 [INFO] screener: [ENSEMBLE] Loaded v5.0 (threshold=0.731)
2026-05-15 17:35:07 [INFO] screener: [ENSEMBLE] Loaded v5.0 (threshold=0.731)
2026-05-15 17:35:07 [INFO] screener: [ENSEMBLE] Loaded v5.0 (threshold=0.731)
2026-05-15 17:35:07 [INFO] screener: [ENSEMBLE] Loaded v5.0 (threshold=0.731)
2026-05-15 17:35:07 [INFO] screener: [ENSEMBLE] Loaded v5.0 (threshold=0.731)
2026-05-15 17:35:09 [INFO] screener: [AI] BTPS.JK — Win Rate: 20.8%  Verdict: WEAK
2026-05-15 17:35:10 [INFO] screener: [AI] BBYB.JK — Win Rate: 24.0%  Verdict: WEAK
2026-05-15 17:35:10 [INFO] screener: [AI] BVIC.JK — Win Rate: 15.0%  Verdict: WEAK
2026-05-15 17:35:10 [INFO] screener: [AI] BBNI.JK — Win Rate: 5.9%  Verdict: WEAK
2026-05-15 17:35:10 [INFO] screener: [AI] NISP.JK — Win Rate: 29.5%  Verdict: WEAK
2026-05-15 17:35:10 [INFO] screener: [AI] BRIS.JK — Win Rate: 43.0%  Verdict: WEAK
2026-05-15 17:35:10 [INFO] screener: [AI] BMRI.JK — Win Rate: 9.8%  Verdict: WEAK
2026-05-15 17:35:10 [INFO] screener: [AI] BBTN.JK — Win Rate: 23.0%  Verdict: WEAK
2026-05-15 17:35:10 [INFO] screener: [AI] BDMN.JK — Win Rate: 12.5%  Verdict: WEAK
2026-05-15 17:35:10 [INFO] screener: [AI] BNGA.JK — Win Rate: 73.9%  Verdict: ULTRA BUY
2026-05-15 17:35:10 [INFO] screener: [AI] BBCA.JK — Win Rate: 10.6%  Verdict: WEAK
2026-05-15 17:35:10 [INFO] screener: [AI] BBRI.JK — Win Rate: 17.4%  Verdict: WEAK
2026-05-15 17:35:10 [INFO] screener: [AI] CFIN.JK — Win Rate: 38.1%  Verdict: WEAK
2026-05-15 17:35:10 [INFO] screener: [AI] ARTO.JK — Win Rate: 16.2%  Verdict: WEAK
2026-05-15 17:35:11 [WARNING] screener: [FUNDAMENTAL] MLPL.JK: PE tidak tersedia — pakai default 15
2026-05-15 17:35:11 [INFO] screener: [AI] BJTM.JK — Win Rate: 21.4%  Verdict: WEAK
2026-05-15 17:35:12 [INFO] screener: [AI] BJBR.JK — Win Rate: 36.7%  Verdict: WEAK
2026-05-15 17:35:12 [WARNING] screener: [FUNDAMENTAL] MPPA.JK: PE tidak tersedia — pakai default 15
2026-05-15 17:35:13 [INFO] screener: [AI] PNBN.JK — Win Rate: 24.9%  Verdict: WEAK
2026-05-15 17:35:13 [INFO] screener: [AI] BSIM.JK — Win Rate: 6.5%  Verdict: WEAK
2026-05-15 17:35:13 [INFO] screener: [AI] BMTR.JK — Win Rate: 15.8%  Verdict: WEAK
2026-05-15 17:35:13 [INFO] screener: [AI] BHIT.JK — Win Rate: 7.3%  Verdict: WEAK
2026-05-15 17:35:13 [INFO] screener: [AI] MLPL.JK — Win Rate: 13.6%  Verdict: WEAK
2026-05-15 17:35:13 [INFO] screener: [AI] ASII.JK — Win Rate: 21.4%  Verdict: WEAK
2026-05-15 17:35:13 [INFO] screener: [AI] SRTG.JK — Win Rate: 31.1%  Verdict: WEAK
2026-05-15 17:35:13 [INFO] screener: [AI] SMMA.JK — Win Rate: 59.9%  Verdict: BUY
2026-05-15 17:35:14 [INFO] screener: [AI] UNTR.JK — Win Rate: 60.5%  Verdict: ULTRA BUY
2026-05-15 17:35:15 [INFO] screener: [AI] LPKR.JK — Win Rate: 18.1%  Verdict: WEAK
2026-05-15 17:35:15 [WARNING] screener: [FUNDAMENTAL] EXCL.JK: PE tidak tersedia — pakai default 15
2026-05-15 17:35:15 [WARNING] screener: [FUNDAMENTAL] BELI.JK: PE tidak tersedia — pakai default 15
2026-05-15 17:35:16 [WARNING] screener: [FUNDAMENTAL] GOTO.JK: PE tidak tersedia — pakai default 15
2026-05-15 17:35:16 [INFO] screener: [AI] MPPA.JK — Win Rate: 5.3%  Verdict: WEAK
2026-05-15 17:35:16 [INFO] screener: [AI] BNLI.JK — Win Rate: 4.4%  Verdict: WEAK
2026-05-15 17:35:16 [INFO] screener: [AI] SCMA.JK — Win Rate: 20.8%  Verdict: WEAK
2026-05-15 17:35:16 [INFO] screener: [AI] VIVA.JK — Win Rate: 10.8%  Verdict: WEAK
2026-05-15 17:35:17 [INFO] screener: [AI] EXCL.JK — Win Rate: 9.2%  Verdict: WEAK
2026-05-15 17:35:17 [INFO] screener: [AI] ISAT.JK — Win Rate: 63.3%  Verdict: ULTRA BUY
2026-05-15 17:35:17 [INFO] screener: [AI] TLKM.JK — Win Rate: 23.5%  Verdict: WEAK
2026-05-15 17:35:18 [WARNING] screener: [FUNDAMENTAL] KREN.JK: PE tidak tersedia — pakai default 15
2026-05-15 17:35:18 [WARNING] screener: [FUNDAMENTAL] AXIO.JK: PE tidak tersedia — pakai default 15
2026-05-15 17:35:18 [INFO] screener: [AI] BELI.JK — Win Rate: 18.0%  Verdict: WEAK
2026-05-15 17:35:18 [INFO] screener: [AI] GOTO.JK — Win Rate: 8.2%  Verdict: WEAK
2026-05-15 17:35:18 [INFO] screener: [AI] BUKA.JK — Win Rate: 9.7%  Verdict: WEAK
2026-05-15 17:35:18 [INFO] screener: [AI] WIFI.JK — Win Rate: 19.3%  Verdict: WEAK
2026-05-15 17:35:18 [INFO] screener: [AI] EMTK.JK — Win Rate: 14.8%  Verdict: WEAK
2026-05-15 17:35:19 [INFO] screener: [AI] DMMX.JK — Win Rate: 50.1%  Verdict: BUY
2026-05-15 17:35:19 [INFO] screener: [AI] MTDL.JK — Win Rate: 34.4%  Verdict: WEAK
2026-05-15 17:35:20 [INFO] screener: [AI] KREN.JK — Win Rate: 8.1%  Verdict: WEAK
2026-05-15 17:35:20 [INFO] screener: [AI] AXIO.JK — Win Rate: 67.6%  Verdict: ULTRA BUY
2026-05-15 17:35:20 [INFO] screener: [AI] GLVA.JK — Win Rate: 11.7%  Verdict: WEAK
2026-05-15 17:35:21 [INFO] screener: [AI] PTBA.JK — Win Rate: 77.4%  Verdict: ULTRA BUY
2026-05-15 17:35:22 [WARNING] screener: [FUNDAMENTAL] INDY.JK: PE tidak tersedia — pakai default 15
2026-05-15 17:35:24 [WARNING] screener: [FUNDAMENTAL] DOID.JK: PE tidak tersedia — pakai default 15
2026-05-15 17:35:24 [WARNING] screener: [FUNDAMENTAL] TOBA.JK: PE tidak tersedia — pakai default 15
2026-05-15 17:35:24 [INFO] screener: [AI] TINS.JK — Win Rate: 5.8%  Verdict: WEAK
2026-05-15 17:35:24 [INFO] screener: [AI] AKRA.JK — Win Rate: 11.3%  Verdict: WEAK
2026-05-15 17:35:24 [INFO] screener: [AI] ANTM.JK — Win Rate: 44.1%  Verdict: WEAK
2026-05-15 17:35:24 [INFO] screener: [AI] DEWA.JK — Win Rate: 35.6%  Verdict: WEAK
2026-05-15 17:35:24 [WARNING] screener: [FUNDAMENTAL] PTPP.JK: PE tidak tersedia — pakai default 15
2026-05-15 17:35:24 [WARNING] screener: [FUNDAMENTAL] WEGE.JK: PE tidak tersedia — pakai default 15
2026-05-15 17:35:24 [WARNING] screener: [FUNDAMENTAL] ADHI.JK: PE tidak tersedia — pakai default 15
2026-05-15 17:35:25 [WARNING] screener: [FUNDAMENTAL] PPRE.JK: PE tidak tersedia — pakai default 15
2026-05-15 17:35:25 [WARNING] screener: [FUNDAMENTAL] ACST.JK: PE tidak tersedia — pakai default 15
2026-05-15 17:35:25 [INFO] screener: [AI] NCKL.JK — Win Rate: 19.8%  Verdict: WEAK
2026-05-15 17:35:26 [INFO] screener: [AI] JSMR.JK — Win Rate: 50.2%  Verdict: BUY
2026-05-15 17:35:26 [INFO] screener: [AI] RMKE.JK — Win Rate: 5.0%  Verdict: WEAK
2026-05-15 17:35:27 [INFO] screener: [AI] PTPP.JK — Win Rate: 14.2%  Verdict: WEAK
2026-05-15 17:35:27 [WARNING] screener: [FUNDAMENTAL] LEAD.JK: PE tidak tersedia — pakai default 15
2026-05-15 17:35:28 [INFO] screener: [AI] ADHI.JK — Win Rate: 22.5%  Verdict: WEAK
2026-05-15 17:35:28 [INFO] screener: [AI] WEGE.JK — Win Rate: 11.1%  Verdict: WEAK
2026-05-15 17:35:28 [INFO] screener: [AI] PPRE.JK — Win Rate: 10.1%  Verdict: WEAK
2026-05-15 17:35:28 [INFO] screener: [AI] ACST.JK — Win Rate: 13.6%  Verdict: WEAK
2026-05-15 17:35:28 [INFO] screener: [AI] TOTL.JK — Win Rate: 27.5%  Verdict: WEAK
2026-05-15 17:35:28 [INFO] screener: [AI] JKON.JK — Win Rate: 8.6%  Verdict: WEAK
2026-05-15 17:35:28 [INFO] screener: [AI] CMNP.JK — Win Rate: 21.0%  Verdict: WEAK
2026-05-15 17:35:29 [INFO] screener: [AI] BIRD.JK — Win Rate: 50.5%  Verdict: BUY
2026-05-15 17:35:29 [WARNING] screener: [FUNDAMENTAL] KAEF.JK: PE tidak tersedia — pakai default 15
2026-05-15 17:35:30 [INFO] screener: [AI] ICBP.JK — Win Rate: 27.1%  Verdict: WEAK
2026-05-15 17:35:30 [INFO] screener: [AI] UNVR.JK — Win Rate: 7.2%  Verdict: WEAK
2026-05-15 17:35:31 [INFO] screener: [AI] GOOD.JK — Win Rate: 72.6%  Verdict: ULTRA BUY
2026-05-15 17:35:32 [INFO] screener: [AI] MYOR.JK — Win Rate: 38.7%  Verdict: WEAK
2026-05-15 17:35:32 [INFO] screener: [AI] INDF.JK — Win Rate: 68.3%  Verdict: ULTRA BUY
2026-05-15 17:35:32 [INFO] screener: [AI] CLEO.JK — Win Rate: 30.4%  Verdict: WEAK
2026-05-15 17:35:32 [INFO] screener: [AI] ROTI.JK — Win Rate: 16.2%  Verdict: WEAK
2026-05-15 17:35:33 [INFO] screener: [AI] CAMP.JK — Win Rate: 10.1%  Verdict: WEAK
2026-05-15 17:35:33 [INFO] screener: [AI] ADES.JK — Win Rate: 55.8%  Verdict: BUY
2026-05-15 17:35:34 [INFO] screener: [AI] KAEF.JK — Win Rate: 7.6%  Verdict: WEAK
2026-05-15 17:35:34 [INFO] screener: [AI] SIDO.JK — Win Rate: 12.8%  Verdict: WEAK
2026-05-15 17:35:34 [INFO] screener: [AI] STTP.JK — Win Rate: 12.5%  Verdict: WEAK
2026-05-15 17:35:34 [INFO] screener: [AI] PEHA.JK — Win Rate: 6.3%  Verdict: WEAK
2026-05-15 17:35:36 [WARNING] screener: [FUNDAMENTAL] HOKI.JK: PE tidak tersedia — pakai default 15
2026-05-15 17:35:36 [INFO] screener: [AI] ACES.JK — Win Rate: 34.5%  Verdict: WEAK
2026-05-15 17:35:37 [WARNING] screener: [FUNDAMENTAL] MPPA.JK: PE tidak tersedia — pakai default 15
2026-05-15 17:35:37 [INFO] screener: [AI] MAPI.JK — Win Rate: 52.6%  Verdict: BUY
2026-05-15 17:35:38 [INFO] screener: [AI] MAPA.JK — Win Rate: 13.6%  Verdict: WEAK
2026-05-15 17:35:39 [INFO] screener: [AI] RALS.JK — Win Rate: 23.6%  Verdict: WEAK
2026-05-15 17:35:39 [INFO] screener: [AI] BSDE.JK — Win Rate: 8.7%  Verdict: WEAK
2026-05-15 17:35:39 [INFO] screener: [AI] ENZO.JK — Win Rate: 6.4%  Verdict: WEAK
2026-05-15 17:35:39 [INFO] screener: [AI] LPPF.JK — Win Rate: 27.6%  Verdict: WEAK
2026-05-15 17:35:39 [INFO] screener: [AI] CPIN.JK — Win Rate: 8.8%  Verdict: WEAK
2026-05-15 17:35:39 [INFO] screener: [AI] AMRT.JK — Win Rate: 10.3%  Verdict: WEAK
2026-05-15 17:35:39 [INFO] screener: [AI] MIDI.JK — Win Rate: 36.9%  Verdict: WEAK
2026-05-15 17:35:39 [INFO] screener: [AI] MPPA.JK — Win Rate: 5.3%  Verdict: WEAK
2026-05-15 17:35:39 [INFO] screener: [AI] ERAA.JK — Win Rate: 21.4%  Verdict: WEAK
2026-05-15 17:35:39 [INFO] screener: [AI] JPFA.JK — Win Rate: 36.9%  Verdict: WEAK
2026-05-15 17:35:40 [INFO] screener: [AI] HOKI.JK — Win Rate: 17.9%  Verdict: WEAK
2026-05-15 17:35:40 [INFO] screener: [AI] CTRA.JK — Win Rate: 23.7%  Verdict: WEAK
2026-05-15 17:35:40 [WARNING] screener: [FUNDAMENTAL] PPRO.JK: PE tidak tersedia — pakai default 15
2026-05-15 17:35:41 [INFO] screener: [AI] PWON.JK — Win Rate: 13.7%  Verdict: WEAK
2026-05-15 17:35:42 [INFO] screener: [AI] SMRA.JK — Win Rate: 8.4%  Verdict: WEAK
2026-05-15 17:35:42 [INFO] screener: [AI] ASRI.JK — Win Rate: 10.8%  Verdict: WEAK
2026-05-15 17:35:42 [INFO] screener: [AI] DMAS.JK — Win Rate: 54.7%  Verdict: BUY
2026-05-15 17:35:42 [INFO] screener: [AI] DILD.JK — Win Rate: 48.0%  Verdict: WEAK
2026-05-15 17:35:43 [INFO] screener: [AI] DUTI.JK — Win Rate: 8.7%  Verdict: WEAK
2026-05-15 17:35:43 [INFO] screener: [AI] BKSL.JK — Win Rate: 15.4%  Verdict: WEAK
2026-05-15 17:35:43 [INFO] screener: [AI] PPRO.JK — Win Rate: 8.7%  Verdict: WEAK
2026-05-15 17:35:43 [INFO] screener: [AI] GWSA.JK — Win Rate: 7.5%  Verdict: WEAK
2026-05-15 17:35:44 [INFO] screener: [AI] LPCK.JK — Win Rate: 16.0%  Verdict: WEAK
2026-05-15 17:35:44 [INFO] screener: [AI] SSIA.JK — Win Rate: 9.4%  Verdict: WEAK
2026-05-15 17:35:44 [INFO] screener: [AI] MKPI.JK — Win Rate: 10.4%  Verdict: WEAK
2026-05-15 17:35:44 [INFO] screener: [AI] KIJA.JK — Win Rate: 22.4%  Verdict: WEAK
2026-05-15 17:35:44 [INFO] screener: [AI] KLBF.JK — Win Rate: 19.6%  Verdict: WEAK
2026-05-15 17:35:45 [INFO] screener: [AI] MIKA.JK — Win Rate: 61.3%  Verdict: ULTRA BUY
2026-05-15 17:35:47 [WARNING] screener: [FUNDAMENTAL] BAJA.JK: PE tidak tersedia — pakai default 15
2026-05-15 17:35:47 [INFO] screener: [AI] HEAL.JK — Win Rate: 41.2%  Verdict: WEAK
2026-05-15 17:35:47 [INFO] screener: [AI] SILO.JK — Win Rate: 70.2%  Verdict: ULTRA BUY
2026-05-15 17:35:48 [INFO] screener: [AI] PRDA.JK — Win Rate: 44.4%  Verdict: WEAK
2026-05-15 17:35:49 [INFO] screener: [AI] IRRA.JK — Win Rate: 8.6%  Verdict: WEAK
2026-05-15 17:35:49 [INFO] screener: [AI] SAME.JK — Win Rate: 72.2%  Verdict: ULTRA BUY
2026-05-15 17:35:49 [INFO] screener: [AI] BMHS.JK — Win Rate: 29.6%  Verdict: WEAK
2026-05-15 17:35:50 [INFO] screener: [AI] TSPC.JK — Win Rate: 62.5%  Verdict: ULTRA BUY
2026-05-15 17:35:51 [INFO] screener: [AI] SMBR.JK — Win Rate: 10.3%  Verdict: WEAK
2026-05-15 17:35:52 [INFO] screener: [AI] INTP.JK — Win Rate: 20.8%  Verdict: WEAK
2026-05-15 17:35:52 [INFO] screener: [AI] DGNS.JK — Win Rate: 4.6%  Verdict: WEAK
2026-05-15 17:35:52 [INFO] screener: [AI] SMGR.JK — Win Rate: 23.5%  Verdict: WEAK
2026-05-15 17:35:52 [INFO] screener: [AI] ISSP.JK — Win Rate: 35.4%  Verdict: WEAK
2026-05-15 17:35:52 [INFO] screener: [AI] BAJA.JK — Win Rate: 41.4%  Verdict: WEAK
2026-05-15 17:35:53 [INFO] screener: [AI] ALKA.JK — Win Rate: 8.5%  Verdict: WEAK
2026-05-15 17:35:53 [INFO] screener: [AI] BRNA.JK — Win Rate: 11.4%  Verdict: WEAK
2026-05-15 17:35:53 [INFO] screener: [AI] ASSA.JK — Win Rate: 40.4%  Verdict: WEAK
2026-05-15 17:35:53 [INFO] screener: [AI] TOTO.JK — Win Rate: 10.0%  Verdict: WEAK
2026-05-15 17:35:54 [INFO] screener: [AI] BIRD.JK — Win Rate: 50.5%  Verdict: BUY
2026-05-15 17:35:54 [WARNING] screener: [FUNDAMENTAL] GIAA.JK: PE tidak tersedia — pakai default 15
2026-05-15 17:35:54 [WARNING] screener: [FUNDAMENTAL] GIAA.JK: Book Value tidak tersedia — pakai default 1.5
2026-05-15 17:35:57 [INFO] screener: [AI] BWPT.JK — Win Rate: 4.7%  Verdict: WEAK
2026-05-15 17:35:57 [INFO] screener: [AI] SIMP.JK — Win Rate: 30.1%  Verdict: WEAK
2026-05-15 17:35:57 [INFO] screener: [AI] TMAS.JK — Win Rate: 33.4%  Verdict: WEAK
2026-05-15 17:35:57 [INFO] screener: [AI] NELY.JK — Win Rate: 12.1%  Verdict: WEAK
2026-05-15 17:35:57 [INFO] screener: [AI] AALI.JK — Win Rate: 40.4%  Verdict: WEAK
2026-05-15 17:35:57 [INFO] screener: [AI] PANI.JK — Win Rate: 17.8%  Verdict: WEAK
2026-05-15 17:35:57 [INFO] screener: [AI] TAPG.JK — Win Rate: 29.5%  Verdict: WEAK
2026-05-15 17:35:57 [INFO] screener: [AI] HAIS.JK — Win Rate: 7.2%  Verdict: WEAK
2026-05-15 17:35:57 [INFO] screener: [AI] LSIP.JK — Win Rate: 52.4%  Verdict: BUY
2026-05-15 17:35:58 [WARNING] screener: [FUNDAMENTAL] PMUI.JK: PE tidak tersedia — pakai default 15
2026-05-15 17:35:58 [WARNING] screener: [FUNDAMENTAL] AREA.JK: PE tidak tersedia — pakai default 15
2026-05-15 17:35:58 [INFO] screener: [AI] DSNG.JK — Win Rate: 75.2%  Verdict: ULTRA BUY
2026-05-15 17:35:58 [INFO] screener: [AI] BPTR.JK — Win Rate: 14.1%  Verdict: WEAK
2026-05-15 17:35:59 [WARNING] screener: [FUNDAMENTAL] WIDI.JK: PE tidak tersedia — pakai default 15
2026-05-15 17:35:59 [WARNING] screener: [FUNDAMENTAL] STRK.JK: PE tidak tersedia — pakai default 15
2026-05-15 17:35:59 [WARNING] screener: [FUNDAMENTAL] AWAN.JK: PE tidak tersedia — pakai default 15
2026-05-15 17:36:00 [INFO] screener: [AI] SSMS.JK — Win Rate: 27.0%  Verdict: WEAK
2026-05-15 17:36:00 [INFO] screener: [AI] TBLA.JK — Win Rate: 31.4%  Verdict: WEAK
2026-05-15 17:36:00 [WARNING] screener: [FUNDAMENTAL] GTRA.JK: PE tidak tersedia — pakai default 15
2026-05-15 17:36:00 [INFO] screener: [AI] AREA.JK — Win Rate: 34.2%  Verdict: WEAK
2026-05-15 17:36:01 [INFO] screener: [AI] PMUI.JK — Win Rate: 19.4%  Verdict: WEAK
2026-05-15 17:36:01 [INFO] screener: [AI] ALII.JK — Win Rate: 11.7%  Verdict: WEAK
2026-05-15 17:36:01 [INFO] screener: [AI] STRK.JK — Win Rate: 11.0%  Verdict: WEAK
2026-05-15 17:36:01 [INFO] screener: [AI] WIDI.JK — Win Rate: 9.9%  Verdict: WEAK
2026-05-15 17:36:01 [INFO] screener: [AI] AWAN.JK — Win Rate: 15.0%  Verdict: WEAK
2026-05-15 17:36:01 [INFO] screener: [AI] GTRA.JK — Win Rate: 5.4%  Verdict: WEAK
2026-05-15 19:22:38 [INFO] screener: Memindai Arus Uang (Rotasi Sektor)...
2026-05-15 19:22:49 [INFO] screener: Rotasi sektor selesai (11 sektor dipindai)
2026-05-15 19:22:49 [INFO] screener: Mengunduh Cuaca Makro Global & Komoditas...
2026-05-15 19:22:49 [INFO] screener: Macro update — IHSG=-1.98% | USD=-0.23% | Trend=DOWN | Penalty=-1.0
2026-05-15 19:22:53 [INFO] screener: [ENSEMBLE] Loaded v5.0 (threshold=0.731)
2026-05-15 19:22:53 [INFO] screener: [ENSEMBLE] Loaded v5.0 (threshold=0.731)
2026-05-15 19:22:53 [INFO] screener: [ENSEMBLE] Loaded v5.0 (threshold=0.731)
2026-05-15 19:22:53 [INFO] screener: [ENSEMBLE] Loaded v5.0 (threshold=0.731)
2026-05-15 19:22:53 [INFO] screener: [ENSEMBLE] Loaded v5.0 (threshold=0.731)
2026-05-15 19:22:53 [INFO] screener: [ENSEMBLE] Loaded v5.0 (threshold=0.731)
2026-05-15 19:22:53 [INFO] screener: [ENSEMBLE] Loaded v5.0 (threshold=0.731)
2026-05-15 19:22:53 [INFO] screener: [ENSEMBLE] Loaded v5.0 (threshold=0.731)
2026-05-15 19:22:53 [INFO] screener: [ENSEMBLE] Loaded v5.0 (threshold=0.731)
2026-05-15 19:22:53 [INFO] screener: [ENSEMBLE] Loaded v5.0 (threshold=0.731)
2026-05-15 19:22:53 [INFO] screener: [ENSEMBLE] Loaded v5.0 (threshold=0.731)
2026-05-15 19:22:53 [INFO] screener: [ENSEMBLE] Loaded v5.0 (threshold=0.731)
2026-05-15 19:22:53 [INFO] screener: [ENSEMBLE] Loaded v5.0 (threshold=0.731)
2026-05-15 19:22:53 [INFO] screener: [ENSEMBLE] Loaded v5.0 (threshold=0.731)
2026-05-15 19:22:56 [INFO] screener: [AI] BVIC.JK — Win Rate: 15.0%  Verdict: WEAK
2026-05-15 19:22:56 [INFO] screener: [AI] BRIS.JK — Win Rate: 43.0%  Verdict: WEAK
2026-05-15 19:22:56 [INFO] screener: [AI] CFIN.JK — Win Rate: 38.1%  Verdict: WEAK
2026-05-15 19:22:56 [INFO] screener: [AI] BBYB.JK — Win Rate: 24.0%  Verdict: WEAK
2026-05-15 19:22:56 [INFO] screener: [AI] BBRI.JK — Win Rate: 17.4%  Verdict: WEAK
2026-05-15 19:22:56 [INFO] screener: [AI] ARTO.JK — Win Rate: 16.2%  Verdict: WEAK
2026-05-15 19:22:56 [INFO] screener: [AI] BBTN.JK — Win Rate: 23.0%  Verdict: WEAK
2026-05-15 19:22:56 [INFO] screener: [AI] BNGA.JK — Win Rate: 73.9%  Verdict: ULTRA BUY
2026-05-15 19:22:56 [INFO] screener: [AI] BDMN.JK — Win Rate: 12.5%  Verdict: WEAK
2026-05-15 19:22:56 [INFO] screener: [AI] NISP.JK — Win Rate: 29.5%  Verdict: WEAK
2026-05-15 19:22:56 [INFO] screener: [AI] BBCA.JK — Win Rate: 10.6%  Verdict: WEAK
2026-05-15 19:22:56 [INFO] screener: [AI] BTPS.JK — Win Rate: 20.8%  Verdict: WEAK
2026-05-15 19:22:56 [INFO] screener: [AI] BBNI.JK — Win Rate: 5.9%  Verdict: WEAK
2026-05-15 19:22:56 [INFO] screener: [AI] BMRI.JK — Win Rate: 9.8%  Verdict: WEAK
2026-05-15 19:22:57 [WARNING] screener: [FUNDAMENTAL] MLPL.JK: PE tidak tersedia — pakai default 15
2026-05-15 19:22:58 [INFO] screener: [AI] BJBR.JK — Win Rate: 36.7%  Verdict: WEAK
2026-05-15 19:22:59 [INFO] screener: [AI] BSIM.JK — Win Rate: 6.5%  Verdict: WEAK
2026-05-15 19:22:59 [INFO] screener: [AI] BMTR.JK — Win Rate: 15.8%  Verdict: WEAK
2026-05-15 19:22:59 [WARNING] screener: [FUNDAMENTAL] MPPA.JK: PE tidak tersedia — pakai default 15
2026-05-15 19:23:00 [INFO] screener: [AI] PNBN.JK — Win Rate: 24.9%  Verdict: WEAK
2026-05-15 19:23:00 [INFO] screener: [AI] BJTM.JK — Win Rate: 21.4%  Verdict: WEAK
2026-05-15 19:23:00 [INFO] screener: [AI] BHIT.JK — Win Rate: 7.3%  Verdict: WEAK
2026-05-15 19:23:00 [INFO] screener: [AI] SRTG.JK — Win Rate: 31.1%  Verdict: WEAK
2026-05-15 19:23:00 [INFO] screener: [AI] MLPL.JK — Win Rate: 13.6%  Verdict: WEAK
2026-05-15 19:23:00 [INFO] screener: [AI] ASII.JK — Win Rate: 21.4%  Verdict: WEAK
2026-05-15 19:23:00 [INFO] screener: [AI] UNTR.JK — Win Rate: 60.5%  Verdict: ULTRA BUY
2026-05-15 19:23:01 [INFO] screener: [AI] SMMA.JK — Win Rate: 59.9%  Verdict: BUY
2026-05-15 19:23:01 [INFO] screener: [AI] LPKR.JK — Win Rate: 18.1%  Verdict: WEAK
2026-05-15 19:23:02 [WARNING] screener: [FUNDAMENTAL] GOTO.JK: PE tidak tersedia — pakai default 15
2026-05-15 19:23:02 [WARNING] screener: [FUNDAMENTAL] EXCL.JK: PE tidak tersedia — pakai default 15
2026-05-15 19:23:02 [WARNING] screener: [FUNDAMENTAL] BELI.JK: PE tidak tersedia — pakai default 15
2026-05-15 19:23:03 [INFO] screener: [AI] MPPA.JK — Win Rate: 5.3%  Verdict: WEAK
2026-05-15 19:23:03 [INFO] screener: [AI] VIVA.JK — Win Rate: 10.8%  Verdict: WEAK
2026-05-15 19:23:03 [INFO] screener: [AI] SCMA.JK — Win Rate: 20.8%  Verdict: WEAK
2026-05-15 19:23:04 [INFO] screener: [AI] BNLI.JK — Win Rate: 4.4%  Verdict: WEAK
2026-05-15 19:23:04 [WARNING] screener: [FUNDAMENTAL] KREN.JK: PE tidak tersedia — pakai default 15
2026-05-15 19:23:04 [INFO] screener: [AI] TLKM.JK — Win Rate: 23.5%  Verdict: WEAK
2026-05-15 19:23:04 [INFO] screener: [AI] ISAT.JK — Win Rate: 63.3%  Verdict: ULTRA BUY
2026-05-15 19:23:04 [WARNING] screener: [FUNDAMENTAL] AXIO.JK: PE tidak tersedia — pakai default 15
2026-05-15 19:23:05 [INFO] screener: [AI] EXCL.JK — Win Rate: 9.2%  Verdict: WEAK
2026-05-15 19:23:05 [INFO] screener: [AI] BUKA.JK — Win Rate: 9.7%  Verdict: WEAK
2026-05-15 19:23:05 [INFO] screener: [AI] GOTO.JK — Win Rate: 8.2%  Verdict: WEAK
2026-05-15 19:23:05 [INFO] screener: [AI] BELI.JK — Win Rate: 18.0%  Verdict: WEAK
2026-05-15 19:23:05 [INFO] screener: [AI] WIFI.JK — Win Rate: 19.3%  Verdict: WEAK
2026-05-15 19:23:05 [INFO] screener: [AI] EMTK.JK — Win Rate: 14.8%  Verdict: WEAK
2026-05-15 19:23:06 [INFO] screener: [AI] MTDL.JK — Win Rate: 34.4%  Verdict: WEAK
2026-05-15 19:23:06 [INFO] screener: [AI] GLVA.JK — Win Rate: 11.7%  Verdict: WEAK
2026-05-15 19:23:06 [INFO] screener: [AI] AXIO.JK — Win Rate: 67.6%  Verdict: ULTRA BUY
2026-05-15 19:23:07 [INFO] screener: [AI] DMMX.JK — Win Rate: 50.1%  Verdict: BUY
2026-05-15 19:23:08 [INFO] screener: [AI] KREN.JK — Win Rate: 8.1%  Verdict: WEAK
2026-05-15 19:23:08 [INFO] screener: [AI] PTBA.JK — Win Rate: 77.4%  Verdict: ULTRA BUY
2026-05-15 19:23:09 [WARNING] screener: [FUNDAMENTAL] INDY.JK: PE tidak tersedia — pakai default 15
2026-05-15 19:23:11 [INFO] screener: [AI] AKRA.JK — Win Rate: 11.3%  Verdict: WEAK
2026-05-15 19:23:11 [INFO] screener: [AI] TINS.JK — Win Rate: 5.8%  Verdict: WEAK
2026-05-15 19:23:12 [WARNING] screener: [FUNDAMENTAL] DOID.JK: PE tidak tersedia — pakai default 15
2026-05-15 19:23:12 [INFO] screener: [AI] ANTM.JK — Win Rate: 44.1%  Verdict: WEAK
2026-05-15 19:23:12 [WARNING] screener: [FUNDAMENTAL] TOBA.JK: PE tidak tersedia — pakai default 15
2026-05-15 19:23:12 [INFO] screener: [AI] DEWA.JK — Win Rate: 35.6%  Verdict: WEAK
2026-05-15 19:23:12 [WARNING] screener: [FUNDAMENTAL] PTPP.JK: PE tidak tersedia — pakai default 15
2026-05-15 19:23:12 [WARNING] screener: [FUNDAMENTAL] WEGE.JK: PE tidak tersedia — pakai default 15
2026-05-15 19:23:12 [WARNING] screener: [FUNDAMENTAL] ADHI.JK: PE tidak tersedia — pakai default 15
2026-05-15 19:23:12 [WARNING] screener: [FUNDAMENTAL] PPRE.JK: PE tidak tersedia — pakai default 15
2026-05-15 19:23:12 [WARNING] screener: [FUNDAMENTAL] ACST.JK: PE tidak tersedia — pakai default 15
2026-05-15 19:23:13 [INFO] screener: [AI] NCKL.JK — Win Rate: 19.8%  Verdict: WEAK
2026-05-15 19:23:13 [INFO] screener: [AI] RMKE.JK — Win Rate: 5.0%  Verdict: WEAK
2026-05-15 19:23:14 [INFO] screener: [AI] ADHI.JK — Win Rate: 22.5%  Verdict: WEAK
2026-05-15 19:23:14 [WARNING] screener: [FUNDAMENTAL] LEAD.JK: PE tidak tersedia — pakai default 15
2026-05-15 19:23:14 [INFO] screener: [AI] PTPP.JK — Win Rate: 14.2%  Verdict: WEAK
2026-05-15 19:23:14 [INFO] screener: [AI] WEGE.JK — Win Rate: 11.1%  Verdict: WEAK
2026-05-15 19:23:14 [INFO] screener: [AI] JSMR.JK — Win Rate: 50.2%  Verdict: BUY
2026-05-15 19:23:15 [INFO] screener: [AI] TOTL.JK — Win Rate: 27.5%  Verdict: WEAK
2026-05-15 19:23:16 [INFO] screener: [AI] PPRE.JK — Win Rate: 10.1%  Verdict: WEAK
2026-05-15 19:23:16 [INFO] screener: [AI] JKON.JK — Win Rate: 8.6%  Verdict: WEAK
2026-05-15 19:23:16 [INFO] screener: [AI] ACST.JK — Win Rate: 13.6%  Verdict: WEAK
2026-05-15 19:23:16 [INFO] screener: [AI] CMNP.JK — Win Rate: 21.0%  Verdict: WEAK
2026-05-15 19:23:17 [INFO] screener: [AI] BIRD.JK — Win Rate: 50.5%  Verdict: BUY
2026-05-15 19:23:17 [WARNING] screener: [FUNDAMENTAL] KAEF.JK: PE tidak tersedia — pakai default 15
2026-05-15 19:23:17 [INFO] screener: [AI] UNVR.JK — Win Rate: 7.2%  Verdict: WEAK
2026-05-15 19:23:18 [INFO] screener: [AI] INDF.JK — Win Rate: 68.3%  Verdict: ULTRA BUY
2026-05-15 19:23:19 [INFO] screener: [AI] ICBP.JK — Win Rate: 27.1%  Verdict: WEAK
2026-05-15 19:23:20 [INFO] screener: [AI] GOOD.JK — Win Rate: 72.6%  Verdict: ULTRA BUY
2026-05-15 19:23:20 [INFO] screener: [AI] MYOR.JK — Win Rate: 38.7%  Verdict: WEAK
2026-05-15 19:23:21 [INFO] screener: [AI] ROTI.JK — Win Rate: 16.2%  Verdict: WEAK
2026-05-15 19:23:21 [INFO] screener: [AI] CAMP.JK — Win Rate: 10.1%  Verdict: WEAK
2026-05-15 19:23:21 [INFO] screener: [AI] CLEO.JK — Win Rate: 30.4%  Verdict: WEAK
2026-05-15 19:23:21 [INFO] screener: [AI] STTP.JK — Win Rate: 12.5%  Verdict: WEAK
2026-05-15 19:23:21 [INFO] screener: [AI] ADES.JK — Win Rate: 55.8%  Verdict: BUY
2026-05-15 19:23:21 [INFO] screener: [AI] SIDO.JK — Win Rate: 12.8%  Verdict: WEAK
2026-05-15 19:23:22 [INFO] screener: [AI] KAEF.JK — Win Rate: 7.6%  Verdict: WEAK
2026-05-15 19:23:22 [INFO] screener: [AI] PEHA.JK — Win Rate: 6.3%  Verdict: WEAK
2026-05-15 19:23:23 [WARNING] screener: [FUNDAMENTAL] HOKI.JK: PE tidak tersedia — pakai default 15
2026-05-15 19:23:23 [WARNING] screener: [FUNDAMENTAL] MPPA.JK: PE tidak tersedia — pakai default 15
2026-05-15 19:23:23 [INFO] screener: [AI] MPPA.JK — Win Rate: 5.3%  Verdict: WEAK
2026-05-15 19:23:24 [INFO] screener: [AI] MIDI.JK — Win Rate: 36.9%  Verdict: WEAK
2026-05-15 19:23:25 [INFO] screener: [AI] MAPI.JK — Win Rate: 52.6%  Verdict: BUY
2026-05-15 19:23:26 [INFO] screener: [AI] HOKI.JK — Win Rate: 17.9%  Verdict: WEAK
2026-05-15 19:23:26 [INFO] screener: [AI] ERAA.JK — Win Rate: 21.4%  Verdict: WEAK
2026-05-15 19:23:26 [INFO] screener: [AI] MAPA.JK — Win Rate: 13.6%  Verdict: WEAK
2026-05-15 19:23:26 [INFO] screener: [AI] AMRT.JK — Win Rate: 10.3%  Verdict: WEAK
2026-05-15 19:23:26 [INFO] screener: [AI] LPPF.JK — Win Rate: 27.6%  Verdict: WEAK
2026-05-15 19:23:26 [INFO] screener: [AI] ACES.JK — Win Rate: 34.5%  Verdict: WEAK
2026-05-15 19:23:26 [INFO] screener: [AI] BSDE.JK — Win Rate: 8.7%  Verdict: WEAK
2026-05-15 19:23:26 [INFO] screener: [AI] CPIN.JK — Win Rate: 8.8%  Verdict: WEAK
2026-05-15 19:23:26 [INFO] screener: [AI] RALS.JK — Win Rate: 23.6%  Verdict: WEAK
2026-05-15 19:23:26 [INFO] screener: [AI] ENZO.JK — Win Rate: 6.4%  Verdict: WEAK
2026-05-15 19:23:26 [INFO] screener: [AI] JPFA.JK — Win Rate: 36.9%  Verdict: WEAK
2026-05-15 19:23:26 [INFO] screener: [AI] CTRA.JK — Win Rate: 23.7%  Verdict: WEAK
2026-05-15 19:23:27 [WARNING] screener: [FUNDAMENTAL] PPRO.JK: PE tidak tersedia — pakai default 15
2026-05-15 19:23:27 [INFO] screener: [AI] SMRA.JK — Win Rate: 8.4%  Verdict: WEAK
2026-05-15 19:23:27 [INFO] screener: [AI] ASRI.JK — Win Rate: 10.8%  Verdict: WEAK
2026-05-15 19:23:28 [INFO] screener: [AI] PWON.JK — Win Rate: 13.7%  Verdict: WEAK
2026-05-15 19:23:29 [INFO] screener: [AI] DMAS.JK — Win Rate: 54.7%  Verdict: BUY
2026-05-15 19:23:30 [INFO] screener: [AI] DUTI.JK — Win Rate: 8.7%  Verdict: WEAK
2026-05-15 19:23:30 [INFO] screener: [AI] PPRO.JK — Win Rate: 8.7%  Verdict: WEAK
2026-05-15 19:23:30 [INFO] screener: [AI] MKPI.JK — Win Rate: 10.4%  Verdict: WEAK
2026-05-15 19:23:30 [INFO] screener: [AI] GWSA.JK — Win Rate: 7.5%  Verdict: WEAK
2026-05-15 19:23:30 [INFO] screener: [AI] DILD.JK — Win Rate: 48.0%  Verdict: WEAK
2026-05-15 19:23:30 [INFO] screener: [AI] BKSL.JK — Win Rate: 15.4%  Verdict: WEAK
2026-05-15 19:23:31 [INFO] screener: [AI] LPCK.JK — Win Rate: 16.0%  Verdict: WEAK
2026-05-15 19:23:31 [INFO] screener: [AI] KLBF.JK — Win Rate: 19.6%  Verdict: WEAK
2026-05-15 19:23:31 [INFO] screener: [AI] SSIA.JK — Win Rate: 9.4%  Verdict: WEAK
2026-05-15 19:23:31 [INFO] screener: [AI] KIJA.JK — Win Rate: 22.4%  Verdict: WEAK
2026-05-15 19:23:31 [INFO] screener: [AI] MIKA.JK — Win Rate: 61.3%  Verdict: ULTRA BUY
2026-05-15 19:23:32 [INFO] screener: [AI] HEAL.JK — Win Rate: 41.2%  Verdict: WEAK
2026-05-15 19:23:32 [WARNING] screener: [FUNDAMENTAL] BAJA.JK: PE tidak tersedia — pakai default 15
2026-05-15 19:23:32 [INFO] screener: [AI] SILO.JK — Win Rate: 70.2%  Verdict: ULTRA BUY
2026-05-15 19:23:34 [INFO] screener: [AI] IRRA.JK — Win Rate: 8.6%  Verdict: WEAK
2026-05-15 19:23:34 [INFO] screener: [AI] BMHS.JK — Win Rate: 29.6%  Verdict: WEAK
2026-05-15 19:23:34 [INFO] screener: [AI] DGNS.JK — Win Rate: 4.6%  Verdict: WEAK
2026-05-15 19:23:34 [INFO] screener: [AI] PRDA.JK — Win Rate: 44.4%  Verdict: WEAK
2026-05-15 19:23:34 [INFO] screener: [AI] SAME.JK — Win Rate: 72.2%  Verdict: ULTRA BUY
2026-05-15 19:23:35 [INFO] screener: [AI] TSPC.JK — Win Rate: 62.5%  Verdict: ULTRA BUY
2026-05-15 19:23:37 [INFO] screener: [AI] SMGR.JK — Win Rate: 23.5%  Verdict: WEAK
2026-05-15 19:23:37 [INFO] screener: [AI] SMBR.JK — Win Rate: 10.3%  Verdict: WEAK
2026-05-15 19:23:37 [INFO] screener: [AI] INTP.JK — Win Rate: 20.8%  Verdict: WEAK
2026-05-15 19:23:38 [INFO] screener: [AI] ISSP.JK — Win Rate: 35.4%  Verdict: WEAK
2026-05-15 19:23:38 [INFO] screener: [AI] BAJA.JK — Win Rate: 41.4%  Verdict: WEAK
2026-05-15 19:23:38 [INFO] screener: [AI] ALKA.JK — Win Rate: 8.5%  Verdict: WEAK
2026-05-15 19:23:38 [INFO] screener: [AI] BRNA.JK — Win Rate: 11.4%  Verdict: WEAK
2026-05-15 19:23:38 [INFO] screener: [AI] TOTO.JK — Win Rate: 10.0%  Verdict: WEAK
2026-05-15 19:23:38 [INFO] screener: [AI] ASSA.JK — Win Rate: 40.4%  Verdict: WEAK
2026-05-15 19:23:39 [WARNING] screener: [FUNDAMENTAL] GIAA.JK: PE tidak tersedia — pakai default 15
2026-05-15 19:23:39 [WARNING] screener: [FUNDAMENTAL] GIAA.JK: Book Value tidak tersedia — pakai default 1.5
2026-05-15 19:23:39 [INFO] screener: [AI] BIRD.JK — Win Rate: 50.5%  Verdict: BUY
2026-05-15 19:23:42 [INFO] screener: [AI] NELY.JK — Win Rate: 12.1%  Verdict: WEAK
2026-05-15 19:23:42 [INFO] screener: [AI] LSIP.JK — Win Rate: 52.4%  Verdict: BUY
2026-05-15 19:23:42 [INFO] screener: [AI] HAIS.JK — Win Rate: 7.2%  Verdict: WEAK
2026-05-15 19:23:43 [INFO] screener: [AI] DSNG.JK — Win Rate: 75.2%  Verdict: ULTRA BUY
2026-05-15 19:23:44 [INFO] screener: [AI] TMAS.JK — Win Rate: 33.4%  Verdict: WEAK
2026-05-15 19:23:44 [INFO] screener: [AI] PANI.JK — Win Rate: 17.8%  Verdict: WEAK
2026-05-15 19:23:44 [INFO] screener: [AI] BWPT.JK — Win Rate: 4.7%  Verdict: WEAK
2026-05-15 19:23:45 [INFO] screener: [AI] BPTR.JK — Win Rate: 14.1%  Verdict: WEAK
2026-05-15 19:23:45 [INFO] screener: [AI] AALI.JK — Win Rate: 40.4%  Verdict: WEAK
2026-05-15 19:23:45 [INFO] screener: [AI] TAPG.JK — Win Rate: 29.5%  Verdict: WEAK
2026-05-15 19:23:45 [INFO] screener: [AI] SIMP.JK — Win Rate: 30.1%  Verdict: WEAK
2026-05-15 19:23:45 [WARNING] screener: [FUNDAMENTAL] PMUI.JK: PE tidak tersedia — pakai default 15
2026-05-15 19:23:45 [WARNING] screener: [FUNDAMENTAL] AREA.JK: PE tidak tersedia — pakai default 15
2026-05-15 19:23:45 [WARNING] screener: [FUNDAMENTAL] WIDI.JK: PE tidak tersedia — pakai default 15
2026-05-15 19:23:45 [INFO] screener: [AI] SSMS.JK — Win Rate: 27.0%  Verdict: WEAK
2026-05-15 19:23:45 [INFO] screener: [AI] TBLA.JK — Win Rate: 31.4%  Verdict: WEAK
2026-05-15 19:23:45 [WARNING] screener: [FUNDAMENTAL] AWAN.JK: PE tidak tersedia — pakai default 15
2026-05-15 19:23:45 [WARNING] screener: [FUNDAMENTAL] STRK.JK: PE tidak tersedia — pakai default 15
2026-05-15 19:23:45 [WARNING] screener: [FUNDAMENTAL] GTRA.JK: PE tidak tersedia — pakai default 15
2026-05-15 19:23:46 [INFO] screener: [AI] ALII.JK — Win Rate: 11.7%  Verdict: WEAK
2026-05-15 19:23:46 [INFO] screener: [AI] PMUI.JK — Win Rate: 19.4%  Verdict: WEAK
2026-05-15 19:23:47 [INFO] screener: [AI] AREA.JK — Win Rate: 34.2%  Verdict: WEAK
2026-05-15 19:23:47 [INFO] screener: [AI] STRK.JK — Win Rate: 11.0%  Verdict: WEAK
2026-05-15 19:23:47 [INFO] screener: [AI] WIDI.JK — Win Rate: 9.9%  Verdict: WEAK
2026-05-15 19:23:47 [INFO] screener: [AI] AWAN.JK — Win Rate: 15.0%  Verdict: WEAK
2026-05-15 19:23:47 [INFO] screener: [AI] GTRA.JK — Win Rate: 5.4%  Verdict: WEAK
2026-05-15 19:24:14 [INFO] screener: Memindai Arus Uang (Rotasi Sektor)...
2026-05-15 19:24:25 [INFO] screener: Rotasi sektor selesai (11 sektor dipindai)
2026-05-15 19:24:25 [INFO] screener: Mengunduh Cuaca Makro Global & Komoditas...
2026-05-15 19:24:25 [INFO] screener: Macro update — IHSG=-1.98% | USD=-0.23% | Trend=DOWN | Penalty=-1.0
2026-05-15 19:24:29 [INFO] screener: [ENSEMBLE] Loaded v5.0 (threshold=0.731)
2026-05-15 19:24:29 [INFO] screener: [ENSEMBLE] Loaded v5.0 (threshold=0.731)
2026-05-15 19:24:29 [INFO] screener: [ENSEMBLE] Loaded v5.0 (threshold=0.731)
2026-05-15 19:24:29 [INFO] screener: [ENSEMBLE] Loaded v5.0 (threshold=0.731)
2026-05-15 19:24:29 [INFO] screener: [ENSEMBLE] Loaded v5.0 (threshold=0.731)
2026-05-15 19:24:29 [INFO] screener: [ENSEMBLE] Loaded v5.0 (threshold=0.731)
2026-05-15 19:24:29 [INFO] screener: [ENSEMBLE] Loaded v5.0 (threshold=0.731)
2026-05-15 19:24:29 [INFO] screener: [ENSEMBLE] Loaded v5.0 (threshold=0.731)
2026-05-15 19:24:29 [INFO] screener: [ENSEMBLE] Loaded v5.0 (threshold=0.731)
2026-05-15 19:24:29 [INFO] screener: [ENSEMBLE] Loaded v5.0 (threshold=0.731)
2026-05-15 19:24:29 [INFO] screener: [ENSEMBLE] Loaded v5.0 (threshold=0.731)
2026-05-15 19:24:29 [INFO] screener: [ENSEMBLE] Loaded v5.0 (threshold=0.731)
2026-05-15 19:24:29 [INFO] screener: [ENSEMBLE] Loaded v5.0 (threshold=0.731)
2026-05-15 19:24:31 [INFO] screener: [AI] CFIN.JK — Win Rate: 38.1%  Verdict: WEAK
2026-05-15 19:24:31 [INFO] screener: [AI] BDMN.JK — Win Rate: 12.5%  Verdict: WEAK
2026-05-15 19:24:31 [INFO] screener: [AI] ARTO.JK — Win Rate: 16.2%  Verdict: WEAK
2026-05-15 19:24:31 [INFO] screener: [AI] BVIC.JK — Win Rate: 15.0%  Verdict: WEAK
2026-05-15 19:24:31 [INFO] screener: [AI] NISP.JK — Win Rate: 29.5%  Verdict: WEAK
2026-05-15 19:24:32 [INFO] screener: [AI] BBTN.JK — Win Rate: 23.0%  Verdict: WEAK
2026-05-15 19:24:32 [INFO] screener: [AI] BMRI.JK — Win Rate: 9.8%  Verdict: WEAK
2026-05-15 19:24:32 [INFO] screener: [AI] BRIS.JK — Win Rate: 43.0%  Verdict: WEAK
2026-05-15 19:24:32 [INFO] screener: [AI] BBRI.JK — Win Rate: 17.4%  Verdict: WEAK
2026-05-15 19:24:32 [INFO] screener: [AI] BBYB.JK — Win Rate: 24.0%  Verdict: WEAK
2026-05-15 19:24:32 [INFO] screener: [AI] BBCA.JK — Win Rate: 10.6%  Verdict: WEAK
2026-05-15 19:24:32 [INFO] screener: [AI] BBNI.JK — Win Rate: 5.9%  Verdict: WEAK
2026-05-15 19:24:32 [INFO] screener: [AI] BTPS.JK — Win Rate: 20.8%  Verdict: WEAK
2026-05-15 19:24:32 [INFO] screener: [AI] BNGA.JK — Win Rate: 73.9%  Verdict: ULTRA BUY
2026-05-15 19:24:33 [WARNING] screener: [FUNDAMENTAL] MLPL.JK: PE tidak tersedia — pakai default 15
2026-05-15 19:24:34 [INFO] screener: [AI] BJBR.JK — Win Rate: 36.7%  Verdict: WEAK
2026-05-15 19:24:34 [INFO] screener: [AI] BJTM.JK — Win Rate: 21.4%  Verdict: WEAK
2026-05-15 19:24:34 [INFO] screener: [AI] BSIM.JK — Win Rate: 6.5%  Verdict: WEAK
2026-05-15 19:24:34 [INFO] screener: [AI] PNBN.JK — Win Rate: 24.9%  Verdict: WEAK
2026-05-15 19:24:35 [WARNING] screener: [FUNDAMENTAL] MPPA.JK: PE tidak tersedia — pakai default 15
2026-05-15 19:24:35 [INFO] screener: [AI] BHIT.JK — Win Rate: 7.3%  Verdict: WEAK
2026-05-15 19:24:35 [INFO] screener: [AI] BMTR.JK — Win Rate: 15.8%  Verdict: WEAK
2026-05-15 19:24:36 [INFO] screener: [AI] SRTG.JK — Win Rate: 31.1%  Verdict: WEAK
2026-05-15 19:24:36 [INFO] screener: [AI] MLPL.JK — Win Rate: 13.6%  Verdict: WEAK
2026-05-15 19:24:36 [INFO] screener: [AI] UNTR.JK — Win Rate: 60.5%  Verdict: ULTRA BUY
2026-05-15 19:24:36 [INFO] screener: [AI] SMMA.JK — Win Rate: 59.9%  Verdict: BUY
2026-05-15 19:24:36 [INFO] screener: [AI] LPKR.JK — Win Rate: 18.1%  Verdict: WEAK
2026-05-15 19:24:37 [INFO] screener: [AI] ASII.JK — Win Rate: 21.4%  Verdict: WEAK
2026-05-15 19:24:38 [WARNING] screener: [FUNDAMENTAL] EXCL.JK: PE tidak tersedia — pakai default 15
2026-05-15 19:24:38 [WARNING] screener: [FUNDAMENTAL] BELI.JK: PE tidak tersedia — pakai default 15
2026-05-15 19:24:38 [WARNING] screener: [FUNDAMENTAL] GOTO.JK: PE tidak tersedia — pakai default 15
2026-05-15 19:24:38 [INFO] screener: [AI] VIVA.JK — Win Rate: 10.8%  Verdict: WEAK
2026-05-15 19:24:38 [INFO] screener: [AI] BNLI.JK — Win Rate: 4.4%  Verdict: WEAK
2026-05-15 19:24:39 [INFO] screener: [AI] MPPA.JK — Win Rate: 5.3%  Verdict: WEAK
2026-05-15 19:24:39 [INFO] screener: [AI] SCMA.JK — Win Rate: 20.8%  Verdict: WEAK
2026-05-15 19:24:40 [WARNING] screener: [FUNDAMENTAL] KREN.JK: PE tidak tersedia — pakai default 15
2026-05-15 19:24:40 [WARNING] screener: [FUNDAMENTAL] AXIO.JK: PE tidak tersedia — pakai default 15
2026-05-15 19:24:40 [INFO] screener: [AI] BUKA.JK — Win Rate: 9.7%  Verdict: WEAK
2026-05-15 19:24:40 [INFO] screener: [AI] BELI.JK — Win Rate: 18.0%  Verdict: WEAK
2026-05-15 19:24:40 [INFO] screener: [AI] EXCL.JK — Win Rate: 9.2%  Verdict: WEAK
2026-05-15 19:24:40 [INFO] screener: [AI] TLKM.JK — Win Rate: 23.6%  Verdict: WEAK
2026-05-15 19:24:40 [INFO] screener: [AI] GOTO.JK — Win Rate: 8.2%  Verdict: WEAK
2026-05-15 19:24:40 [INFO] screener: [AI] ISAT.JK — Win Rate: 63.3%  Verdict: ULTRA BUY
2026-05-15 19:24:40 [INFO] screener: [AI] WIFI.JK — Win Rate: 19.3%  Verdict: WEAK
2026-05-15 19:24:41 [INFO] screener: [AI] EMTK.JK — Win Rate: 14.8%  Verdict: WEAK
2026-05-15 19:24:42 [INFO] screener: [AI] DMMX.JK — Win Rate: 50.1%  Verdict: BUY
2026-05-15 19:24:42 [INFO] screener: [AI] MTDL.JK — Win Rate: 34.4%  Verdict: WEAK
2026-05-15 19:24:43 [INFO] screener: [AI] KREN.JK — Win Rate: 8.1%  Verdict: WEAK
2026-05-15 19:24:43 [INFO] screener: [AI] GLVA.JK — Win Rate: 9.6%  Verdict: WEAK
2026-05-15 19:24:43 [INFO] screener: [AI] AXIO.JK — Win Rate: 68.1%  Verdict: ULTRA BUY
2026-05-15 19:24:44 [INFO] screener: [AI] PTBA.JK — Win Rate: 77.4%  Verdict: ULTRA BUY
2026-05-15 19:24:45 [WARNING] screener: [FUNDAMENTAL] INDY.JK: PE tidak tersedia — pakai default 15
2026-05-15 19:24:47 [INFO] screener: [AI] TINS.JK — Win Rate: 5.8%  Verdict: WEAK
2026-05-15 19:24:48 [WARNING] screener: [FUNDAMENTAL] DOID.JK: PE tidak tersedia — pakai default 15
2026-05-15 19:24:48 [INFO] screener: [AI] DEWA.JK — Win Rate: 35.6%  Verdict: WEAK
2026-05-15 19:24:48 [INFO] screener: [AI] ANTM.JK — Win Rate: 44.1%  Verdict: WEAK
2026-05-15 19:24:48 [INFO] screener: [AI] AKRA.JK — Win Rate: 11.3%  Verdict: WEAK
2026-05-15 19:24:48 [WARNING] screener: [FUNDAMENTAL] TOBA.JK: PE tidak tersedia — pakai default 15
2026-05-15 19:24:48 [WARNING] screener: [FUNDAMENTAL] ADHI.JK: PE tidak tersedia — pakai default 15
2026-05-15 19:24:48 [WARNING] screener: [FUNDAMENTAL] PTPP.JK: PE tidak tersedia — pakai default 15
2026-05-15 19:24:49 [WARNING] screener: [FUNDAMENTAL] WEGE.JK: PE tidak tersedia — pakai default 15
2026-05-15 19:24:49 [INFO] screener: [AI] NCKL.JK — Win Rate: 19.8%  Verdict: WEAK
2026-05-15 19:24:49 [WARNING] screener: [FUNDAMENTAL] PPRE.JK: PE tidak tersedia — pakai default 15
2026-05-15 19:24:49 [WARNING] screener: [FUNDAMENTAL] ACST.JK: PE tidak tersedia — pakai default 15
2026-05-15 19:24:50 [INFO] screener: [AI] ADHI.JK — Win Rate: 22.5%  Verdict: WEAK
2026-05-15 19:24:50 [INFO] screener: [AI] RMKE.JK — Win Rate: 5.0%  Verdict: WEAK
2026-05-15 19:24:50 [INFO] screener: [AI] PTPP.JK — Win Rate: 14.2%  Verdict: WEAK
2026-05-15 19:24:51 [WARNING] screener: [FUNDAMENTAL] LEAD.JK: PE tidak tersedia — pakai default 15
2026-05-15 19:24:51 [INFO] screener: [AI] JSMR.JK — Win Rate: 50.2%  Verdict: BUY
2026-05-15 19:24:52 [INFO] screener: [AI] WEGE.JK — Win Rate: 11.1%  Verdict: WEAK
2026-05-15 19:24:52 [INFO] screener: [AI] PPRE.JK — Win Rate: 10.1%  Verdict: WEAK
2026-05-15 19:24:52 [INFO] screener: [AI] JKON.JK — Win Rate: 8.6%  Verdict: WEAK
2026-05-15 19:24:52 [INFO] screener: [AI] ACST.JK — Win Rate: 13.6%  Verdict: WEAK
2026-05-15 19:24:52 [INFO] screener: [AI] TOTL.JK — Win Rate: 27.5%  Verdict: WEAK
2026-05-15 19:24:53 [INFO] screener: [AI] CMNP.JK — Win Rate: 21.0%  Verdict: WEAK
2026-05-15 19:24:53 [INFO] screener: [AI] BIRD.JK — Win Rate: 50.5%  Verdict: BUY
2026-05-15 19:24:55 [WARNING] screener: [FUNDAMENTAL] KAEF.JK: PE tidak tersedia — pakai default 15
2026-05-15 19:24:55 [INFO] screener: [AI] INDF.JK — Win Rate: 68.3%  Verdict: ULTRA BUY
2026-05-15 19:24:56 [INFO] screener: [AI] GOOD.JK — Win Rate: 72.6%  Verdict: ULTRA BUY
2026-05-15 19:24:57 [INFO] screener: [AI] ICBP.JK — Win Rate: 27.1%  Verdict: WEAK
2026-05-15 19:24:57 [INFO] screener: [AI] MYOR.JK — Win Rate: 38.7%  Verdict: WEAK
2026-05-15 19:24:57 [INFO] screener: [AI] CAMP.JK — Win Rate: 10.1%  Verdict: WEAK
2026-05-15 19:24:57 [INFO] screener: [AI] UNVR.JK — Win Rate: 7.2%  Verdict: WEAK
2026-05-15 19:24:57 [INFO] screener: [AI] ROTI.JK — Win Rate: 16.2%  Verdict: WEAK
2026-05-15 19:24:57 [INFO] screener: [AI] ADES.JK — Win Rate: 55.8%  Verdict: BUY
2026-05-15 19:24:58 [INFO] screener: [AI] CLEO.JK — Win Rate: 30.4%  Verdict: WEAK
2026-05-15 19:24:59 [INFO] screener: [AI] STTP.JK — Win Rate: 12.5%  Verdict: WEAK
2026-05-15 19:24:59 [INFO] screener: [AI] KAEF.JK — Win Rate: 7.6%  Verdict: WEAK
2026-05-15 19:24:59 [INFO] screener: [AI] SIDO.JK — Win Rate: 12.8%  Verdict: WEAK
2026-05-15 19:24:59 [INFO] screener: [AI] PEHA.JK — Win Rate: 6.3%  Verdict: WEAK
2026-05-15 19:25:01 [WARNING] screener: [FUNDAMENTAL] MPPA.JK: PE tidak tersedia — pakai default 15
2026-05-15 19:25:02 [WARNING] screener: [FUNDAMENTAL] HOKI.JK: PE tidak tersedia — pakai default 15
2026-05-15 19:25:02 [INFO] screener: [AI] MPPA.JK — Win Rate: 5.3%  Verdict: WEAK
2026-05-15 19:25:02 [INFO] screener: [AI] ACES.JK — Win Rate: 34.5%  Verdict: WEAK
2026-05-15 19:25:04 [INFO] screener: [AI] ENZO.JK — Win Rate: 6.4%  Verdict: WEAK
2026-05-15 19:25:04 [INFO] screener: [AI] HOKI.JK — Win Rate: 17.9%  Verdict: WEAK
2026-05-15 19:25:05 [INFO] screener: [AI] MIDI.JK — Win Rate: 36.9%  Verdict: WEAK
2026-05-15 19:25:05 [INFO] screener: [AI] AMRT.JK — Win Rate: 10.3%  Verdict: WEAK
2026-05-15 19:25:05 [INFO] screener: [AI] RALS.JK — Win Rate: 23.6%  Verdict: WEAK
2026-05-15 19:25:05 [INFO] screener: [AI] MAPA.JK — Win Rate: 13.6%  Verdict: WEAK
2026-05-15 19:25:05 [INFO] screener: [AI] ERAA.JK — Win Rate: 21.4%  Verdict: WEAK
2026-05-15 19:25:05 [INFO] screener: [AI] BSDE.JK — Win Rate: 8.7%  Verdict: WEAK
2026-05-15 19:25:05 [INFO] screener: [AI] CPIN.JK — Win Rate: 8.8%  Verdict: WEAK
2026-05-15 19:25:05 [INFO] screener: [AI] LPPF.JK — Win Rate: 27.6%  Verdict: WEAK
2026-05-15 19:25:05 [INFO] screener: [AI] MAPI.JK — Win Rate: 52.6%  Verdict: BUY
2026-05-15 19:25:05 [INFO] screener: [AI] CTRA.JK — Win Rate: 23.7%  Verdict: WEAK
2026-05-15 19:25:06 [INFO] screener: [AI] JPFA.JK — Win Rate: 36.9%  Verdict: WEAK
2026-05-15 19:25:07 [INFO] screener: [AI] SMRA.JK — Win Rate: 8.4%  Verdict: WEAK
2026-05-15 19:25:07 [WARNING] screener: [FUNDAMENTAL] PPRO.JK: PE tidak tersedia — pakai default 15
2026-05-15 19:25:08 [INFO] screener: [AI] PWON.JK — Win Rate: 13.7%  Verdict: WEAK
2026-05-15 19:25:09 [INFO] screener: [AI] ASRI.JK — Win Rate: 10.8%  Verdict: WEAK
2026-05-15 19:25:10 [INFO] screener: [AI] GWSA.JK — Win Rate: 7.5%  Verdict: WEAK
2026-05-15 19:25:11 [INFO] screener: [AI] LPCK.JK — Win Rate: 16.0%  Verdict: WEAK
2026-05-15 19:25:11 [INFO] screener: [AI] DILD.JK — Win Rate: 48.0%  Verdict: WEAK
2026-05-15 19:25:11 [INFO] screener: [AI] DMAS.JK — Win Rate: 54.7%  Verdict: BUY
2026-05-15 19:25:12 [INFO] screener: [AI] KIJA.JK — Win Rate: 22.4%  Verdict: WEAK
2026-05-15 19:25:12 [INFO] screener: [AI] PPRO.JK — Win Rate: 8.7%  Verdict: WEAK
2026-05-15 19:25:12 [INFO] screener: [AI] BKSL.JK — Win Rate: 15.6%  Verdict: WEAK
2026-05-15 19:25:12 [INFO] screener: [AI] MKPI.JK — Win Rate: 10.4%  Verdict: WEAK
2026-05-15 19:25:12 [INFO] screener: [AI] SSIA.JK — Win Rate: 9.4%  Verdict: WEAK
2026-05-15 19:25:12 [INFO] screener: [AI] KLBF.JK — Win Rate: 19.6%  Verdict: WEAK
2026-05-15 19:25:12 [INFO] screener: [AI] DUTI.JK — Win Rate: 8.7%  Verdict: WEAK
2026-05-15 19:25:12 [INFO] screener: [AI] MIKA.JK — Win Rate: 61.3%  Verdict: ULTRA BUY
2026-05-15 19:25:13 [INFO] screener: [AI] SILO.JK — Win Rate: 70.2%  Verdict: ULTRA BUY
2026-05-15 19:25:15 [INFO] screener: [AI] HEAL.JK — Win Rate: 41.2%  Verdict: WEAK
2026-05-15 19:25:16 [WARNING] screener: [FUNDAMENTAL] BAJA.JK: PE tidak tersedia — pakai default 15
2026-05-15 19:25:16 [INFO] screener: [AI] PRDA.JK — Win Rate: 44.4%  Verdict: WEAK
2026-05-15 19:25:16 [INFO] screener: [AI] BMHS.JK — Win Rate: 29.6%  Verdict: WEAK
2026-05-15 19:25:17 [INFO] screener: [AI] DGNS.JK — Win Rate: 4.6%  Verdict: WEAK
2026-05-15 19:25:17 [INFO] screener: [AI] IRRA.JK — Win Rate: 8.6%  Verdict: WEAK
2026-05-15 19:25:18 [INFO] screener: [AI] SMBR.JK — Win Rate: 10.3%  Verdict: WEAK
2026-05-15 19:25:18 [INFO] screener: [AI] SAME.JK — Win Rate: 72.2%  Verdict: ULTRA BUY
2026-05-15 19:25:18 [INFO] screener: [AI] TSPC.JK — Win Rate: 62.5%  Verdict: ULTRA BUY
2026-05-15 19:25:21 [INFO] screener: [AI] BAJA.JK — Win Rate: 41.4%  Verdict: WEAK
2026-05-15 19:25:21 [INFO] screener: [AI] INTP.JK — Win Rate: 20.8%  Verdict: WEAK
2026-05-15 19:25:21 [INFO] screener: [AI] ISSP.JK — Win Rate: 35.4%  Verdict: WEAK
2026-05-15 19:25:21 [INFO] screener: [AI] SMGR.JK — Win Rate: 23.5%  Verdict: WEAK
2026-05-15 19:25:22 [INFO] screener: [AI] ALKA.JK — Win Rate: 8.5%  Verdict: WEAK
2026-05-15 19:25:22 [INFO] screener: [AI] BRNA.JK — Win Rate: 11.4%  Verdict: WEAK
2026-05-15 19:25:22 [INFO] screener: [AI] TOTO.JK — Win Rate: 10.1%  Verdict: WEAK
2026-05-15 19:25:22 [INFO] screener: [AI] ASSA.JK — Win Rate: 40.4%  Verdict: WEAK
2026-05-15 19:25:23 [INFO] screener: [AI] BIRD.JK — Win Rate: 50.5%  Verdict: BUY
2026-05-15 19:25:24 [WARNING] screener: [FUNDAMENTAL] GIAA.JK: PE tidak tersedia — pakai default 15
2026-05-15 19:25:24 [WARNING] screener: [FUNDAMENTAL] GIAA.JK: Book Value tidak tersedia — pakai default 1.5
2026-05-15 19:25:26 [INFO] screener: [AI] SIMP.JK — Win Rate: 30.1%  Verdict: WEAK
2026-05-15 19:25:27 [INFO] screener: [AI] PANI.JK — Win Rate: 23.1%  Verdict: WEAK
2026-05-15 19:25:27 [INFO] screener: [AI] NELY.JK — Win Rate: 12.1%  Verdict: WEAK
2026-05-15 19:25:27 [INFO] screener: [AI] LSIP.JK — Win Rate: 52.4%  Verdict: BUY
2026-05-15 19:25:27 [INFO] screener: [AI] BPTR.JK — Win Rate: 14.1%  Verdict: WEAK
2026-05-15 19:25:29 [INFO] screener: [AI] TBLA.JK — Win Rate: 31.4%  Verdict: WEAK
2026-05-15 19:25:29 [INFO] screener: [AI] TAPG.JK — Win Rate: 29.5%  Verdict: WEAK
2026-05-15 19:25:29 [INFO] screener: [AI] BWPT.JK — Win Rate: 4.7%  Verdict: WEAK
2026-05-15 19:25:29 [INFO] screener: [AI] TMAS.JK — Win Rate: 33.4%  Verdict: WEAK
2026-05-15 19:25:29 [INFO] screener: [AI] SSMS.JK — Win Rate: 27.0%  Verdict: WEAK
2026-05-15 19:25:29 [INFO] screener: [AI] DSNG.JK — Win Rate: 75.2%  Verdict: ULTRA BUY
2026-05-15 19:25:29 [INFO] screener: [AI] HAIS.JK — Win Rate: 7.2%  Verdict: WEAK
2026-05-15 19:25:29 [INFO] screener: [AI] AALI.JK — Win Rate: 40.4%  Verdict: WEAK
2026-05-15 19:25:30 [WARNING] screener: [FUNDAMENTAL] STRK.JK: PE tidak tersedia — pakai default 15
2026-05-15 19:25:30 [WARNING] screener: [FUNDAMENTAL] AREA.JK: PE tidak tersedia — pakai default 15
2026-05-15 19:25:30 [WARNING] screener: [FUNDAMENTAL] PMUI.JK: PE tidak tersedia — pakai default 15
2026-05-15 19:25:30 [WARNING] screener: [FUNDAMENTAL] WIDI.JK: PE tidak tersedia — pakai default 15
2026-05-15 19:25:30 [WARNING] screener: [FUNDAMENTAL] GTRA.JK: PE tidak tersedia — pakai default 15
2026-05-15 19:25:30 [WARNING] screener: [FUNDAMENTAL] AWAN.JK: PE tidak tersedia — pakai default 15
2026-05-15 19:25:31 [INFO] screener: [AI] ALII.JK — Win Rate: 11.7%  Verdict: WEAK
2026-05-15 19:25:31 [INFO] screener: [AI] STRK.JK — Win Rate: 10.9%  Verdict: WEAK
2026-05-15 19:25:32 [INFO] screener: [AI] PMUI.JK — Win Rate: 19.4%  Verdict: WEAK
2026-05-15 19:25:32 [INFO] screener: [AI] AREA.JK — Win Rate: 34.2%  Verdict: WEAK
2026-05-15 19:25:32 [INFO] screener: [AI] AWAN.JK — Win Rate: 15.0%  Verdict: WEAK
2026-05-15 19:25:32 [INFO] screener: [AI] WIDI.JK — Win Rate: 9.9%  Verdict: WEAK
2026-05-15 19:25:32 [INFO] screener: [AI] GTRA.JK — Win Rate: 5.4%  Verdict: WEAK
