2026-06-05 07:39:52 [INFO] screener: Memindai Arus Uang (Rotasi Sektor)...
2026-06-05 07:40:06 [INFO] screener: Rotasi sektor selesai (11 sektor dipindai)
2026-06-05 07:40:06 [INFO] screener: Mengunduh Cuaca Makro Global & Komoditas...
2026-06-05 07:40:06 [INFO] screener: Macro update — IHSG=-4.11% | USD=+0.17% | Trend=DOWN | Penalty=-1.5
2026-06-05 07:40:11 [INFO] screener: [ENSEMBLE] Loaded v5.0 (threshold=0.671)
2026-06-05 07:40:11 [INFO] screener: [ENSEMBLE] Loaded v5.0 (threshold=0.671)
2026-06-05 07:40:11 [INFO] screener: [ENSEMBLE] Loaded v5.0 (threshold=0.671)
2026-06-05 07:40:11 [INFO] screener: [ENSEMBLE] Loaded v5.0 (threshold=0.671)
2026-06-05 07:40:11 [INFO] screener: [ENSEMBLE] Loaded v5.0 (threshold=0.671)
2026-06-05 07:40:11 [INFO] screener: [ENSEMBLE] Loaded v5.0 (threshold=0.671)
2026-06-05 07:40:11 [INFO] screener: [ENSEMBLE] Loaded v5.0 (threshold=0.671)
2026-06-05 07:40:11 [INFO] screener: [ENSEMBLE] Loaded v5.0 (threshold=0.671)
2026-06-05 07:40:11 [INFO] screener: [ENSEMBLE] Loaded v5.0 (threshold=0.671)
2026-06-05 07:40:11 [INFO] screener: [ENSEMBLE] Loaded v5.0 (threshold=0.671)
2026-06-05 07:40:11 [INFO] screener: [ENSEMBLE] Loaded v5.0 (threshold=0.671)
2026-06-05 07:40:11 [INFO] screener: [ENSEMBLE] Loaded v5.0 (threshold=0.671)
2026-06-05 07:40:11 [INFO] screener: [ENSEMBLE] Loaded v5.0 (threshold=0.671)
2026-06-05 07:40:13 [INFO] screener: [AI] BBTN.JK — Win Rate: 10.5%  Verdict: WEAK
2026-06-05 07:40:13 [INFO] screener: [AI] NISP.JK — Win Rate: 7.0%  Verdict: WEAK
2026-06-05 07:40:13 [INFO] screener: [AI] BBNI.JK — Win Rate: 9.4%  Verdict: WEAK
2026-06-05 07:40:13 [INFO] screener: [AI] BVIC.JK — Win Rate: 7.1%  Verdict: WEAK
2026-06-05 07:40:13 [INFO] screener: [AI] BMRI.JK — Win Rate: 11.3%  Verdict: WEAK
2026-06-05 07:40:13 [INFO] screener: [AI] BRIS.JK — Win Rate: 11.1%  Verdict: WEAK
2026-06-05 07:40:13 [INFO] screener: [AI] BBYB.JK — Win Rate: 5.9%  Verdict: WEAK
2026-06-05 07:40:13 [INFO] screener: [AI] BBCA.JK — Win Rate: 9.8%  Verdict: WEAK
2026-06-05 07:40:13 [INFO] screener: [AI] ARTO.JK — Win Rate: 4.3%  Verdict: WEAK
2026-06-05 07:40:13 [INFO] screener: [AI] CFIN.JK — Win Rate: 14.9%  Verdict: WEAK
2026-06-05 07:40:13 [INFO] screener: [AI] BTPS.JK — Win Rate: 11.8%  Verdict: WEAK
2026-06-05 07:40:14 [INFO] screener: [AI] BDMN.JK — Win Rate: 51.3%  Verdict: BUY
2026-06-05 07:40:14 [INFO] screener: [AI] BBRI.JK — Win Rate: 14.9%  Verdict: WEAK
2026-06-05 07:40:14 [INFO] screener: [AI] BNGA.JK — Win Rate: 10.7%  Verdict: WEAK
2026-06-05 07:40:15 [WARNING] screener: [FUNDAMENTAL] MLPL.JK: PE tidak tersedia — pakai default 15
2026-06-05 07:40:16 [INFO] screener: [AI] BJTM.JK — Win Rate: 9.5%  Verdict: WEAK
2026-06-05 07:40:16 [INFO] screener: [AI] BJBR.JK — Win Rate: 13.4%  Verdict: WEAK
2026-06-05 07:40:17 [WARNING] screener: [FUNDAMENTAL] MPPA.JK: PE tidak tersedia — pakai default 15
2026-06-05 07:40:17 [INFO] screener: [AI] BHIT.JK — Win Rate: 4.2%  Verdict: WEAK
2026-06-05 07:40:18 [INFO] screener: [AI] MLPL.JK — Win Rate: 7.7%  Verdict: WEAK
2026-06-05 07:40:18 [INFO] screener: [AI] BSIM.JK — Win Rate: 19.5%  Verdict: WEAK
2026-06-05 07:40:18 [INFO] screener: [AI] SRTG.JK — Win Rate: 12.7%  Verdict: WEAK
2026-06-05 07:40:18 [INFO] screener: [AI] BMTR.JK — Win Rate: 9.6%  Verdict: WEAK
2026-06-05 07:40:18 [INFO] screener: [AI] ASII.JK — Win Rate: 14.8%  Verdict: WEAK
2026-06-05 07:40:18 [INFO] screener: [AI] UNTR.JK — Win Rate: 26.3%  Verdict: WEAK
2026-06-05 07:40:18 [INFO] screener: [AI] SMMA.JK — Win Rate: 23.8%  Verdict: WEAK
2026-06-05 07:40:18 [INFO] screener: [AI] LPKR.JK — Win Rate: 7.1%  Verdict: WEAK
2026-06-05 07:40:18 [INFO] screener: [AI] PNBN.JK — Win Rate: 6.2%  Verdict: WEAK
2026-06-05 07:40:19 [WARNING] screener: [FUNDAMENTAL] GOTO.JK: PE tidak tersedia — pakai default 15
2026-06-05 07:40:19 [WARNING] screener: [FUNDAMENTAL] EXCL.JK: PE tidak tersedia — pakai default 15
2026-06-05 07:40:19 [INFO] screener: [AI] MPPA.JK — Win Rate: 4.6%  Verdict: WEAK
2026-06-05 07:40:19 [WARNING] screener: [FUNDAMENTAL] BELI.JK: PE tidak tersedia — pakai default 15
2026-06-05 07:40:20 [INFO] screener: [AI] BNLI.JK — Win Rate: 7.8%  Verdict: WEAK
2026-06-05 07:40:20 [INFO] screener: [AI] VIVA.JK — Win Rate: 2.5%  Verdict: WEAK
2026-06-05 07:40:21 [INFO] screener: [AI] SCMA.JK — Win Rate: 6.1%  Verdict: WEAK
2026-06-05 07:40:21 [INFO] screener: [AI] BUKA.JK — Win Rate: 10.7%  Verdict: WEAK
2026-06-05 07:40:22 [WARNING] screener: [FUNDAMENTAL] KREN.JK: PE tidak tersedia — pakai default 15
2026-06-05 07:40:22 [INFO] screener: [AI] TLKM.JK — Win Rate: 9.8%  Verdict: WEAK
2026-06-05 07:40:22 [INFO] screener: [AI] EXCL.JK — Win Rate: 9.2%  Verdict: WEAK
2026-06-05 07:40:23 [INFO] screener: [AI] ISAT.JK — Win Rate: 30.3%  Verdict: WEAK
2026-06-05 07:40:23 [INFO] screener: [AI] GOTO.JK — Win Rate: 9.9%  Verdict: WEAK
2026-06-05 07:40:23 [INFO] screener: [AI] BELI.JK — Win Rate: 19.1%  Verdict: WEAK
2026-06-05 07:40:23 [INFO] screener: [AI] WIFI.JK — Win Rate: 8.1%  Verdict: WEAK
2026-06-05 07:40:23 [INFO] screener: [AI] MLPT.JK — Win Rate: 4.0%  Verdict: WEAK
2026-06-05 07:40:23 [INFO] screener: [AI] MTDL.JK — Win Rate: 9.2%  Verdict: WEAK
2026-06-05 07:40:23 [WARNING] screener: [FUNDAMENTAL] AXIO.JK: PE tidak tersedia — pakai default 15
2026-06-05 07:40:23 [INFO] screener: [AI] EMTK.JK — Win Rate: 19.3%  Verdict: WEAK
2026-06-05 07:40:23 [INFO] screener: [AI] DMMX.JK — Win Rate: 4.2%  Verdict: WEAK
2026-06-05 07:40:24 [INFO] screener: [AI] KREN.JK — Win Rate: 2.3%  Verdict: WEAK
2026-06-05 07:40:24 [INFO] screener: [AI] GLVA.JK — Win Rate: 33.6%  Verdict: WEAK
2026-06-05 07:40:25 [INFO] screener: [AI] AXIO.JK — Win Rate: 6.7%  Verdict: WEAK
2026-06-05 07:40:25 [INFO] screener: [AI] PTBA.JK — Win Rate: 8.4%  Verdict: WEAK
2026-06-05 07:40:28 [INFO] screener: [AI] DEWA.JK — Win Rate: 22.9%  Verdict: WEAK
2026-06-05 07:40:29 [INFO] screener: [AI] TINS.JK — Win Rate: 12.6%  Verdict: WEAK
2026-06-05 07:40:29 [WARNING] screener: [FUNDAMENTAL] DOID.JK: PE tidak tersedia — pakai default 15
2026-06-05 07:40:29 [INFO] screener: [AI] ANTM.JK — Win Rate: 20.9%  Verdict: WEAK
2026-06-05 07:40:29 [INFO] screener: [AI] AKRA.JK — Win Rate: 16.6%  Verdict: WEAK
2026-06-05 07:40:29 [WARNING] screener: [FUNDAMENTAL] TOBA.JK: PE tidak tersedia — pakai default 15
2026-06-05 07:40:29 [WARNING] screener: [FUNDAMENTAL] PTPP.JK: PE tidak tersedia — pakai default 15
2026-06-05 07:40:30 [WARNING] screener: [FUNDAMENTAL] WEGE.JK: PE tidak tersedia — pakai default 15
2026-06-05 07:40:30 [WARNING] screener: [FUNDAMENTAL] PPRE.JK: PE tidak tersedia — pakai default 15
2026-06-05 07:40:30 [WARNING] screener: [FUNDAMENTAL] ACST.JK: PE tidak tersedia — pakai default 15
2026-06-05 07:40:30 [INFO] screener: [AI] NCKL.JK — Win Rate: 8.4%  Verdict: WEAK
2026-06-05 07:40:31 [WARNING] screener: [FUNDAMENTAL] ADHI.JK: PE tidak tersedia — pakai default 15
2026-06-05 07:40:31 [INFO] screener: [AI] JSMR.JK — Win Rate: 15.9%  Verdict: WEAK
2026-06-05 07:40:31 [WARNING] screener: [FUNDAMENTAL] LEAD.JK: PE tidak tersedia — pakai default 15
2026-06-05 07:40:32 [INFO] screener: [AI] PTPP.JK — Win Rate: 10.7%  Verdict: WEAK
2026-06-05 07:40:32 [INFO] screener: [AI] PPRE.JK — Win Rate: 3.6%  Verdict: WEAK
2026-06-05 07:40:32 [INFO] screener: [AI] JKON.JK — Win Rate: 5.2%  Verdict: WEAK
2026-06-05 07:40:33 [INFO] screener: [AI] WEGE.JK — Win Rate: 12.0%  Verdict: WEAK
2026-06-05 07:40:33 [INFO] screener: [AI] ACST.JK — Win Rate: 9.1%  Verdict: WEAK
2026-06-05 07:40:33 [INFO] screener: [AI] TOTL.JK — Win Rate: 49.8%  Verdict: WEAK
2026-06-05 07:40:33 [INFO] screener: [AI] RMKE.JK — Win Rate: 6.1%  Verdict: WEAK
2026-06-05 07:40:33 [INFO] screener: [AI] ADHI.JK — Win Rate: 7.3%  Verdict: WEAK
2026-06-05 07:40:34 [INFO] screener: [AI] CMNP.JK — Win Rate: 12.3%  Verdict: WEAK
2026-06-05 07:40:35 [WARNING] screener: [FUNDAMENTAL] KAEF.JK: PE tidak tersedia — pakai default 15
2026-06-05 07:40:35 [INFO] screener: [AI] UNVR.JK — Win Rate: 10.5%  Verdict: WEAK
2026-06-05 07:40:35 [INFO] screener: [AI] BIRD.JK — Win Rate: 8.4%  Verdict: WEAK
2026-06-05 07:40:36 [INFO] screener: [AI] INDF.JK — Win Rate: 17.9%  Verdict: WEAK
2026-06-05 07:40:36 [INFO] screener: [AI] ICBP.JK — Win Rate: 27.6%  Verdict: WEAK
2026-06-05 07:40:36 [INFO] screener: [AI] ROTI.JK — Win Rate: 8.1%  Verdict: WEAK
2026-06-05 07:40:37 [INFO] screener: [AI] CAMP.JK — Win Rate: 2.8%  Verdict: WEAK
2026-06-05 07:40:37 [INFO] screener: [AI] GOOD.JK — Win Rate: 12.4%  Verdict: WEAK
2026-06-05 07:40:37 [INFO] screener: [AI] ADES.JK — Win Rate: 16.8%  Verdict: WEAK
2026-06-05 07:40:37 [INFO] screener: [AI] MYOR.JK — Win Rate: 14.7%  Verdict: WEAK
2026-06-05 07:40:37 [INFO] screener: [AI] STTP.JK — Win Rate: 18.1%  Verdict: WEAK
2026-06-05 07:40:37 [INFO] screener: [AI] SIDO.JK — Win Rate: 14.0%  Verdict: WEAK
2026-06-05 07:40:37 [INFO] screener: [AI] KAEF.JK — Win Rate: 3.6%  Verdict: WEAK
2026-06-05 07:40:37 [INFO] screener: [AI] CLEO.JK — Win Rate: 5.5%  Verdict: WEAK
2026-06-05 07:40:37 [INFO] screener: [AI] PEHA.JK — Win Rate: 6.9%  Verdict: WEAK
2026-06-05 07:40:38 [WARNING] screener: [FUNDAMENTAL] MPPA.JK: PE tidak tersedia — pakai default 15
2026-06-05 07:40:39 [WARNING] screener: [FUNDAMENTAL] HOKI.JK: PE tidak tersedia — pakai default 15
2026-06-05 07:40:39 [INFO] screener: [AI] MPPA.JK — Win Rate: 4.6%  Verdict: WEAK
2026-06-05 07:40:40 [INFO] screener: [AI] AMRT.JK — Win Rate: 31.6%  Verdict: WEAK
2026-06-05 07:40:42 [INFO] screener: [AI] ACES.JK — Win Rate: 10.0%  Verdict: WEAK
2026-06-05 07:40:42 [INFO] screener: [AI] JPFA.JK — Win Rate: 5.8%  Verdict: WEAK
2026-06-05 07:40:42 [INFO] screener: [AI] BSDE.JK — Win Rate: 18.2%  Verdict: WEAK
2026-06-05 07:40:42 [INFO] screener: [AI] MAPA.JK — Win Rate: 10.0%  Verdict: WEAK
2026-06-05 07:40:42 [INFO] screener: [AI] MIDI.JK — Win Rate: 9.6%  Verdict: WEAK
2026-06-05 07:40:42 [INFO] screener: [AI] ENZO.JK — Win Rate: 7.3%  Verdict: WEAK
2026-06-05 07:40:42 [INFO] screener: [AI] ERAA.JK — Win Rate: 13.1%  Verdict: WEAK
2026-06-05 07:40:42 [INFO] screener: [AI] HOKI.JK — Win Rate: 4.4%  Verdict: WEAK
2026-06-05 07:40:42 [INFO] screener: [AI] RALS.JK — Win Rate: 6.8%  Verdict: WEAK
2026-06-05 07:40:42 [INFO] screener: [AI] MAPI.JK — Win Rate: 16.5%  Verdict: WEAK
2026-06-05 07:40:42 [INFO] screener: [AI] LPPF.JK — Win Rate: 6.1%  Verdict: WEAK
2026-06-05 07:40:42 [INFO] screener: [AI] CPIN.JK — Win Rate: 4.7%  Verdict: WEAK
2026-06-05 07:40:42 [INFO] screener: [AI] CTRA.JK — Win Rate: 5.9%  Verdict: WEAK
2026-06-05 07:40:43 [WARNING] screener: [FUNDAMENTAL] PPRO.JK: PE tidak tersedia — pakai default 15
2026-06-05 07:40:44 [INFO] screener: [AI] DMAS.JK — Win Rate: 12.0%  Verdict: WEAK
2026-06-05 07:40:45 [INFO] screener: [AI] ASRI.JK — Win Rate: 5.5%  Verdict: WEAK
2026-06-05 07:40:45 [INFO] screener: [AI] SMRA.JK — Win Rate: 7.8%  Verdict: WEAK
2026-06-05 07:40:45 [INFO] screener: [AI] PPRO.JK — Win Rate: 3.1%  Verdict: WEAK
2026-06-05 07:40:45 [INFO] screener: [AI] GWSA.JK — Win Rate: 7.8%  Verdict: WEAK
2026-06-05 07:40:46 [INFO] screener: [AI] LPCK.JK — Win Rate: 13.5%  Verdict: WEAK
2026-06-05 07:40:46 [INFO] screener: [AI] MKPI.JK — Win Rate: 14.0%  Verdict: WEAK
2026-06-05 07:40:46 [INFO] screener: [AI] SSIA.JK — Win Rate: 32.0%  Verdict: WEAK
2026-06-05 07:40:46 [INFO] screener: [AI] DILD.JK — Win Rate: 3.3%  Verdict: WEAK
2026-06-05 07:40:46 [INFO] screener: [AI] KIJA.JK — Win Rate: 6.3%  Verdict: WEAK
2026-06-05 07:40:46 [INFO] screener: [AI] DUTI.JK — Win Rate: 45.4%  Verdict: WEAK
2026-06-05 07:40:46 [INFO] screener: [AI] BKSL.JK — Win Rate: 8.6%  Verdict: WEAK
2026-06-05 07:40:46 [INFO] screener: [AI] PWON.JK — Win Rate: 8.3%  Verdict: WEAK
2026-06-05 07:40:46 [INFO] screener: [AI] KLBF.JK — Win Rate: 29.3%  Verdict: WEAK
2026-06-05 07:40:48 [INFO] screener: [AI] MIKA.JK — Win Rate: 17.3%  Verdict: WEAK
2026-06-05 07:40:49 [WARNING] screener: [FUNDAMENTAL] BAJA.JK: PE tidak tersedia — pakai default 15
2026-06-05 07:40:49 [INFO] screener: [AI] PRDA.JK — Win Rate: 28.0%  Verdict: WEAK
2026-06-05 07:40:49 [INFO] screener: [AI] HEAL.JK — Win Rate: 10.7%  Verdict: WEAK
2026-06-05 07:40:49 [INFO] screener: [AI] SILO.JK — Win Rate: 28.7%  Verdict: WEAK
2026-06-05 07:40:49 [INFO] screener: [AI] DGNS.JK — Win Rate: 4.0%  Verdict: WEAK
2026-06-05 07:40:49 [INFO] screener: [AI] BMHS.JK — Win Rate: 9.6%  Verdict: WEAK
2026-06-05 07:40:49 [INFO] screener: [AI] TSPC.JK — Win Rate: 9.9%  Verdict: WEAK
2026-06-05 07:40:49 [INFO] screener: [AI] IRRA.JK — Win Rate: 4.2%  Verdict: WEAK
2026-06-05 07:40:50 [INFO] screener: [AI] SAME.JK — Win Rate: 7.2%  Verdict: WEAK
2026-06-05 07:40:50 [INFO] screener: [AI] SMBR.JK — Win Rate: 9.8%  Verdict: WEAK
2026-06-05 07:40:51 [INFO] screener: [AI] ISSP.JK — Win Rate: 5.3%  Verdict: WEAK
2026-06-05 07:40:51 [INFO] screener: [AI] INTP.JK — Win Rate: 17.3%  Verdict: WEAK
2026-06-05 07:40:51 [INFO] screener: [AI] SMGR.JK — Win Rate: 15.3%  Verdict: WEAK
2026-06-05 07:40:51 [INFO] screener: [AI] BAJA.JK — Win Rate: 3.8%  Verdict: WEAK
2026-06-05 07:40:52 [INFO] screener: [AI] ALKA.JK — Win Rate: 5.6%  Verdict: WEAK
2026-06-05 07:40:52 [INFO] screener: [AI] TOTO.JK — Win Rate: 9.4%  Verdict: WEAK
2026-06-05 07:40:52 [INFO] screener: [AI] ASSA.JK — Win Rate: 20.9%  Verdict: WEAK
2026-06-05 07:40:52 [INFO] screener: [AI] BRNA.JK — Win Rate: 5.6%  Verdict: WEAK
2026-06-05 07:40:53 [INFO] screener: [AI] BIRD.JK — Win Rate: 8.4%  Verdict: WEAK
2026-06-05 07:40:53 [WARNING] screener: [FUNDAMENTAL] GIAA.JK: PE tidak tersedia — pakai default 15
2026-06-05 07:40:53 [WARNING] screener: [FUNDAMENTAL] GIAA.JK: Book Value tidak tersedia — pakai default 1.5
2026-06-05 07:40:55 [INFO] screener: [AI] BPTR.JK — Win Rate: 3.5%  Verdict: WEAK
2026-06-05 07:40:56 [INFO] screener: [AI] NELY.JK — Win Rate: 13.6%  Verdict: WEAK
2026-06-05 07:40:57 [INFO] screener: [AI] TAPG.JK — Win Rate: 7.2%  Verdict: WEAK
2026-06-05 07:40:57 [INFO] screener: [AI] TMAS.JK — Win Rate: 8.9%  Verdict: WEAK
2026-06-05 07:40:57 [INFO] screener: [AI] PANI.JK — Win Rate: 7.7%  Verdict: WEAK
2026-06-05 07:40:57 [INFO] screener: [AI] TBLA.JK — Win Rate: 20.8%  Verdict: WEAK
2026-06-05 07:40:57 [INFO] screener: [AI] HAIS.JK — Win Rate: 7.3%  Verdict: WEAK
2026-06-05 07:40:57 [INFO] screener: [AI] SIMP.JK — Win Rate: 18.0%  Verdict: WEAK
2026-06-05 07:40:57 [INFO] screener: [AI] LSIP.JK — Win Rate: 23.2%  Verdict: WEAK
2026-06-05 07:40:57 [INFO] screener: [AI] DSNG.JK — Win Rate: 18.3%  Verdict: WEAK
2026-06-05 07:40:57 [WARNING] screener: [FUNDAMENTAL] PMUI.JK: PE tidak tersedia — pakai default 15
2026-06-05 07:40:57 [INFO] screener: [AI] AALI.JK — Win Rate: 20.2%  Verdict: WEAK
2026-06-05 07:40:57 [INFO] screener: [AI] SSMS.JK — Win Rate: 17.5%  Verdict: WEAK
2026-06-05 07:40:57 [WARNING] screener: [FUNDAMENTAL] AREA.JK: PE tidak tersedia — pakai default 15
2026-06-05 07:40:57 [INFO] screener: [AI] BWPT.JK — Win Rate: 10.8%  Verdict: WEAK
2026-06-05 07:40:58 [WARNING] screener: [FUNDAMENTAL] WIDI.JK: PE tidak tersedia — pakai default 15
2026-06-05 07:40:58 [WARNING] screener: [FUNDAMENTAL] STRK.JK: PE tidak tersedia — pakai default 15
2026-06-05 07:40:58 [WARNING] screener: [FUNDAMENTAL] AWAN.JK: PE tidak tersedia — pakai default 15
2026-06-05 07:40:58 [WARNING] screener: [FUNDAMENTAL] GTRA.JK: PE tidak tersedia — pakai default 15
2026-06-05 07:40:59 [INFO] screener: [AI] PMUI.JK — Win Rate: 5.8%  Verdict: WEAK
2026-06-05 07:40:59 [INFO] screener: [AI] ALII.JK — Win Rate: 9.4%  Verdict: WEAK
2026-06-05 07:40:59 [INFO] screener: [AI] AREA.JK — Win Rate: 7.3%  Verdict: WEAK
2026-06-05 07:40:59 [INFO] screener: [AI] AWAN.JK — Win Rate: 7.4%  Verdict: WEAK
2026-06-05 07:40:59 [INFO] screener: [AI] STRK.JK — Win Rate: 3.1%  Verdict: WEAK
2026-06-05 07:40:59 [INFO] screener: [AI] GTRA.JK — Win Rate: 5.2%  Verdict: WEAK
2026-06-05 07:40:59 [INFO] screener: [AI] WIDI.JK — Win Rate: 7.3%  Verdict: WEAK
2026-06-05 07:41:00 [INFO] backtest: [backtest] Tested=16 Skipped=0 WinRate=0.0% Sharpe=-98143250.28
2026-06-05 08:25:07 [INFO] screener: Memindai Arus Uang (Rotasi Sektor)...
2026-06-05 08:25:21 [INFO] screener: Rotasi sektor selesai (11 sektor dipindai)
2026-06-05 08:25:21 [INFO] screener: Mengunduh Cuaca Makro Global & Komoditas...
2026-06-05 08:25:21 [INFO] screener: Macro update — IHSG=-4.11% | USD=+0.17% | Trend=DOWN | Penalty=-1.5
2026-06-05 08:25:27 [INFO] screener: [ENSEMBLE] Loaded v5.0 (threshold=0.671)
2026-06-05 08:25:27 [INFO] screener: [ENSEMBLE] Loaded v5.0 (threshold=0.671)
2026-06-05 08:25:27 [INFO] screener: [ENSEMBLE] Loaded v5.0 (threshold=0.671)
2026-06-05 08:25:27 [INFO] screener: [ENSEMBLE] Loaded v5.0 (threshold=0.671)
2026-06-05 08:25:27 [INFO] screener: [ENSEMBLE] Loaded v5.0 (threshold=0.671)
2026-06-05 08:25:27 [INFO] screener: [ENSEMBLE] Loaded v5.0 (threshold=0.671)
2026-06-05 08:25:27 [INFO] screener: [ENSEMBLE] Loaded v5.0 (threshold=0.671)
2026-06-05 08:25:27 [INFO] screener: [ENSEMBLE] Loaded v5.0 (threshold=0.671)
2026-06-05 08:25:27 [INFO] screener: [ENSEMBLE] Loaded v5.0 (threshold=0.671)
2026-06-05 08:25:27 [INFO] screener: [ENSEMBLE] Loaded v5.0 (threshold=0.671)
2026-06-05 08:25:27 [INFO] screener: [ENSEMBLE] Loaded v5.0 (threshold=0.671)
2026-06-05 08:25:27 [INFO] screener: [ENSEMBLE] Loaded v5.0 (threshold=0.671)
2026-06-05 08:25:27 [INFO] screener: [ENSEMBLE] Loaded v5.0 (threshold=0.671)
2026-06-05 08:25:27 [INFO] screener: [ENSEMBLE] Loaded v5.0 (threshold=0.671)
2026-06-05 08:25:31 [INFO] screener: [AI] ARTO.JK — Win Rate: 4.3%  Verdict: WEAK
2026-06-05 08:25:31 [INFO] screener: [AI] BNGA.JK — Win Rate: 10.7%  Verdict: WEAK
2026-06-05 08:25:31 [INFO] screener: [AI] BDMN.JK — Win Rate: 51.3%  Verdict: BUY
2026-06-05 08:25:31 [INFO] screener: [AI] BBYB.JK — Win Rate: 5.9%  Verdict: WEAK
2026-06-05 08:25:31 [INFO] screener: [AI] BRIS.JK — Win Rate: 11.1%  Verdict: WEAK
2026-06-05 08:25:31 [INFO] screener: [AI] BMRI.JK — Win Rate: 11.3%  Verdict: WEAK
2026-06-05 08:25:31 [INFO] screener: [AI] BBTN.JK — Win Rate: 10.5%  Verdict: WEAK
2026-06-05 08:25:32 [INFO] screener: [AI] BTPS.JK — Win Rate: 11.8%  Verdict: WEAK
2026-06-05 08:25:32 [INFO] screener: [AI] BBRI.JK — Win Rate: 14.9%  Verdict: WEAK
2026-06-05 08:25:32 [INFO] screener: [AI] BBCA.JK — Win Rate: 9.8%  Verdict: WEAK
2026-06-05 08:25:32 [INFO] screener: [AI] CFIN.JK — Win Rate: 14.9%  Verdict: WEAK
2026-06-05 08:25:32 [INFO] screener: [AI] BBNI.JK — Win Rate: 9.4%  Verdict: WEAK
2026-06-05 08:25:32 [INFO] screener: [AI] BVIC.JK — Win Rate: 7.1%  Verdict: WEAK
2026-06-05 08:25:32 [INFO] screener: [AI] NISP.JK — Win Rate: 7.0%  Verdict: WEAK
2026-06-05 08:25:33 [WARNING] screener: [FUNDAMENTAL] MLPL.JK: PE tidak tersedia — pakai default 15
2026-06-05 08:25:34 [INFO] screener: [AI] BJTM.JK — Win Rate: 9.5%  Verdict: WEAK
2026-06-05 08:25:34 [INFO] screener: [AI] BJBR.JK — Win Rate: 13.4%  Verdict: WEAK
2026-06-05 08:25:35 [INFO] screener: [AI] BSIM.JK — Win Rate: 19.5%  Verdict: WEAK
2026-06-05 08:25:35 [WARNING] screener: [FUNDAMENTAL] MPPA.JK: PE tidak tersedia — pakai default 15
2026-06-05 08:25:35 [INFO] screener: [AI] PNBN.JK — Win Rate: 6.2%  Verdict: WEAK
2026-06-05 08:25:35 [INFO] screener: [AI] ASII.JK — Win Rate: 14.8%  Verdict: WEAK
2026-06-05 08:25:36 [INFO] screener: [AI] SRTG.JK — Win Rate: 12.7%  Verdict: WEAK
2026-06-05 08:25:36 [INFO] screener: [AI] BMTR.JK — Win Rate: 9.6%  Verdict: WEAK
2026-06-05 08:25:36 [INFO] screener: [AI] MLPL.JK — Win Rate: 7.7%  Verdict: WEAK
2026-06-05 08:25:36 [INFO] screener: [AI] UNTR.JK — Win Rate: 26.3%  Verdict: WEAK
2026-06-05 08:25:36 [INFO] screener: [AI] LPKR.JK — Win Rate: 7.1%  Verdict: WEAK
2026-06-05 08:25:36 [INFO] screener: [AI] SMMA.JK — Win Rate: 23.8%  Verdict: WEAK
2026-06-05 08:25:36 [INFO] screener: [AI] BHIT.JK — Win Rate: 4.2%  Verdict: WEAK
2026-06-05 08:25:37 [WARNING] screener: [FUNDAMENTAL] EXCL.JK: PE tidak tersedia — pakai default 15
2026-06-05 08:25:37 [WARNING] screener: [FUNDAMENTAL] GOTO.JK: PE tidak tersedia — pakai default 15
2026-06-05 08:25:37 [WARNING] screener: [FUNDAMENTAL] BELI.JK: PE tidak tersedia — pakai default 15
2026-06-05 08:25:37 [INFO] screener: [AI] MPPA.JK — Win Rate: 4.6%  Verdict: WEAK
2026-06-05 08:25:37 [INFO] screener: [AI] BNLI.JK — Win Rate: 7.8%  Verdict: WEAK
2026-06-05 08:25:37 [INFO] screener: [AI] VIVA.JK — Win Rate: 2.5%  Verdict: WEAK
2026-06-05 08:25:37 [INFO] screener: [AI] SCMA.JK — Win Rate: 6.1%  Verdict: WEAK
2026-06-05 08:25:38 [WARNING] screener: [FUNDAMENTAL] KREN.JK: PE tidak tersedia — pakai default 15
2026-06-05 08:25:38 [WARNING] screener: [FUNDAMENTAL] AXIO.JK: PE tidak tersedia — pakai default 15
2026-06-05 08:25:39 [INFO] screener: [AI] EXCL.JK — Win Rate: 9.2%  Verdict: WEAK
2026-06-05 08:25:39 [INFO] screener: [AI] TLKM.JK — Win Rate: 9.8%  Verdict: WEAK
2026-06-05 08:25:39 [INFO] screener: [AI] ISAT.JK — Win Rate: 30.3%  Verdict: WEAK
2026-06-05 08:25:40 [INFO] screener: [AI] GOTO.JK — Win Rate: 9.9%  Verdict: WEAK
2026-06-05 08:25:40 [INFO] screener: [AI] BUKA.JK — Win Rate: 10.7%  Verdict: WEAK
2026-06-05 08:25:40 [INFO] screener: [AI] WIFI.JK — Win Rate: 8.1%  Verdict: WEAK
2026-06-05 08:25:40 [INFO] screener: [AI] MLPT.JK — Win Rate: 4.0%  Verdict: WEAK
2026-06-05 08:25:40 [INFO] screener: [AI] EMTK.JK — Win Rate: 19.3%  Verdict: WEAK
2026-06-05 08:25:40 [INFO] screener: [AI] BELI.JK — Win Rate: 19.1%  Verdict: WEAK
2026-06-05 08:25:40 [INFO] screener: [AI] MTDL.JK — Win Rate: 9.2%  Verdict: WEAK
2026-06-05 08:25:40 [INFO] screener: [AI] DMMX.JK — Win Rate: 4.2%  Verdict: WEAK
2026-06-05 08:25:40 [INFO] screener: [AI] KREN.JK — Win Rate: 2.3%  Verdict: WEAK
2026-06-05 08:25:40 [INFO] screener: [AI] AXIO.JK — Win Rate: 6.7%  Verdict: WEAK
2026-06-05 08:25:41 [INFO] screener: [AI] GLVA.JK — Win Rate: 33.6%  Verdict: WEAK
2026-06-05 08:25:41 [INFO] screener: [AI] PTBA.JK — Win Rate: 8.4%  Verdict: WEAK
2026-06-05 08:25:44 [INFO] screener: [AI] DEWA.JK — Win Rate: 22.9%  Verdict: WEAK
2026-06-05 08:25:44 [INFO] screener: [AI] AKRA.JK — Win Rate: 16.6%  Verdict: WEAK
2026-06-05 08:25:44 [INFO] screener: [AI] ANTM.JK — Win Rate: 20.9%  Verdict: WEAK
2026-06-05 08:25:44 [INFO] screener: [AI] TINS.JK — Win Rate: 12.6%  Verdict: WEAK
2026-06-05 08:25:45 [WARNING] screener: [FUNDAMENTAL] DOID.JK: PE tidak tersedia — pakai default 15
2026-06-05 08:25:45 [WARNING] screener: [FUNDAMENTAL] PTPP.JK: PE tidak tersedia — pakai default 15
2026-06-05 08:25:45 [WARNING] screener: [FUNDAMENTAL] TOBA.JK: PE tidak tersedia — pakai default 15
2026-06-05 08:25:45 [INFO] screener: [AI] NCKL.JK — Win Rate: 8.4%  Verdict: WEAK
2026-06-05 08:25:45 [WARNING] screener: [FUNDAMENTAL] WEGE.JK: PE tidak tersedia — pakai default 15
2026-06-05 08:25:45 [WARNING] screener: [FUNDAMENTAL] ADHI.JK: PE tidak tersedia — pakai default 15
2026-06-05 08:25:45 [WARNING] screener: [FUNDAMENTAL] PPRE.JK: PE tidak tersedia — pakai default 15
2026-06-05 08:25:46 [WARNING] screener: [FUNDAMENTAL] ACST.JK: PE tidak tersedia — pakai default 15
2026-06-05 08:25:47 [WARNING] screener: [FUNDAMENTAL] LEAD.JK: PE tidak tersedia — pakai default 15
2026-06-05 08:25:47 [INFO] screener: [AI] JSMR.JK — Win Rate: 15.9%  Verdict: WEAK
2026-06-05 08:25:48 [INFO] screener: [AI] RMKE.JK — Win Rate: 6.1%  Verdict: WEAK
2026-06-05 08:25:48 [INFO] screener: [AI] ADHI.JK — Win Rate: 7.3%  Verdict: WEAK
2026-06-05 08:25:48 [INFO] screener: [AI] PTPP.JK — Win Rate: 10.7%  Verdict: WEAK
2026-06-05 08:25:48 [INFO] screener: [AI] PPRE.JK — Win Rate: 3.6%  Verdict: WEAK
2026-06-05 08:25:48 [INFO] screener: [AI] WEGE.JK — Win Rate: 12.0%  Verdict: WEAK
2026-06-05 08:25:48 [INFO] screener: [AI] ACST.JK — Win Rate: 9.1%  Verdict: WEAK
2026-06-05 08:25:48 [INFO] screener: [AI] TOTL.JK — Win Rate: 49.8%  Verdict: WEAK
2026-06-05 08:25:48 [INFO] screener: [AI] JKON.JK — Win Rate: 5.2%  Verdict: WEAK
2026-06-05 08:25:49 [INFO] screener: [AI] CMNP.JK — Win Rate: 12.3%  Verdict: WEAK
2026-06-05 08:25:50 [WARNING] screener: [FUNDAMENTAL] KAEF.JK: PE tidak tersedia — pakai default 15
2026-06-05 08:25:50 [INFO] screener: [AI] ICBP.JK — Win Rate: 27.6%  Verdict: WEAK
2026-06-05 08:25:51 [INFO] screener: [AI] INDF.JK — Win Rate: 17.9%  Verdict: WEAK
2026-06-05 08:25:51 [INFO] screener: [AI] UNVR.JK — Win Rate: 10.5%  Verdict: WEAK
2026-06-05 08:25:51 [INFO] screener: [AI] ROTI.JK — Win Rate: 8.1%  Verdict: WEAK
2026-06-05 08:25:51 [INFO] screener: [AI] CLEO.JK — Win Rate: 5.5%  Verdict: WEAK
2026-06-05 08:25:51 [INFO] screener: [AI] GOOD.JK — Win Rate: 12.4%  Verdict: WEAK
2026-06-05 08:25:51 [INFO] screener: [AI] CAMP.JK — Win Rate: 2.8%  Verdict: WEAK
2026-06-05 08:25:51 [INFO] screener: [AI] ADES.JK — Win Rate: 16.8%  Verdict: WEAK
2026-06-05 08:25:51 [INFO] screener: [AI] BIRD.JK — Win Rate: 8.4%  Verdict: WEAK
2026-06-05 08:25:51 [INFO] screener: [AI] MYOR.JK — Win Rate: 14.7%  Verdict: WEAK
2026-06-05 08:25:51 [INFO] screener: [AI] SIDO.JK — Win Rate: 14.0%  Verdict: WEAK
2026-06-05 08:25:51 [INFO] screener: [AI] STTP.JK — Win Rate: 18.1%  Verdict: WEAK
2026-06-05 08:25:51 [INFO] screener: [AI] KAEF.JK — Win Rate: 3.6%  Verdict: WEAK
2026-06-05 08:25:52 [INFO] screener: [AI] PEHA.JK — Win Rate: 6.9%  Verdict: WEAK
2026-06-05 08:25:52 [WARNING] screener: [FUNDAMENTAL] HOKI.JK: PE tidak tersedia — pakai default 15
2026-06-05 08:25:53 [WARNING] screener: [FUNDAMENTAL] MPPA.JK: PE tidak tersedia — pakai default 15
2026-06-05 08:25:53 [INFO] screener: [AI] MPPA.JK — Win Rate: 4.6%  Verdict: WEAK
2026-06-05 08:25:55 [INFO] screener: [AI] RALS.JK — Win Rate: 6.8%  Verdict: WEAK
2026-06-05 08:25:55 [INFO] screener: [AI] AMRT.JK — Win Rate: 31.6%  Verdict: WEAK
2026-06-05 08:25:55 [INFO] screener: [AI] HOKI.JK — Win Rate: 4.4%  Verdict: WEAK
2026-06-05 08:25:55 [INFO] screener: [AI] MIDI.JK — Win Rate: 9.6%  Verdict: WEAK
2026-06-05 08:25:55 [INFO] screener: [AI] ERAA.JK — Win Rate: 13.1%  Verdict: WEAK
2026-06-05 08:25:55 [INFO] screener: [AI] BSDE.JK — Win Rate: 18.2%  Verdict: WEAK
2026-06-05 08:25:55 [INFO] screener: [AI] LPPF.JK — Win Rate: 6.1%  Verdict: WEAK
2026-06-05 08:25:55 [INFO] screener: [AI] ACES.JK — Win Rate: 10.0%  Verdict: WEAK
2026-06-05 08:25:55 [INFO] screener: [AI] CPIN.JK — Win Rate: 4.7%  Verdict: WEAK
2026-06-05 08:25:55 [INFO] screener: [AI] MAPA.JK — Win Rate: 10.0%  Verdict: WEAK
2026-06-05 08:25:56 [INFO] screener: [AI] MAPI.JK — Win Rate: 16.5%  Verdict: WEAK
2026-06-05 08:25:56 [INFO] screener: [AI] ENZO.JK — Win Rate: 7.3%  Verdict: WEAK
2026-06-05 08:25:56 [INFO] screener: [AI] JPFA.JK — Win Rate: 5.8%  Verdict: WEAK
2026-06-05 08:25:56 [INFO] screener: [AI] CTRA.JK — Win Rate: 5.9%  Verdict: WEAK
2026-06-05 08:25:56 [WARNING] screener: [FUNDAMENTAL] PPRO.JK: PE tidak tersedia — pakai default 15
2026-06-05 08:25:57 [INFO] screener: [AI] PWON.JK — Win Rate: 8.3%  Verdict: WEAK
2026-06-05 08:25:59 [INFO] screener: [AI] SMRA.JK — Win Rate: 7.8%  Verdict: WEAK
2026-06-05 08:25:59 [INFO] screener: [AI] ASRI.JK — Win Rate: 5.5%  Verdict: WEAK
2026-06-05 08:25:59 [INFO] screener: [AI] GWSA.JK — Win Rate: 7.8%  Verdict: WEAK
2026-06-05 08:25:59 [INFO] screener: [AI] MKPI.JK — Win Rate: 14.0%  Verdict: WEAK
2026-06-05 08:25:59 [INFO] screener: [AI] DUTI.JK — Win Rate: 45.4%  Verdict: WEAK
2026-06-05 08:25:59 [INFO] screener: [AI] DMAS.JK — Win Rate: 12.0%  Verdict: WEAK
2026-06-05 08:25:59 [INFO] screener: [AI] BKSL.JK — Win Rate: 8.6%  Verdict: WEAK
2026-06-05 08:25:59 [INFO] screener: [AI] PPRO.JK — Win Rate: 3.1%  Verdict: WEAK
2026-06-05 08:25:59 [INFO] screener: [AI] DILD.JK — Win Rate: 3.3%  Verdict: WEAK
2026-06-05 08:25:59 [INFO] screener: [AI] KIJA.JK — Win Rate: 6.3%  Verdict: WEAK
2026-06-05 08:25:59 [INFO] screener: [AI] SSIA.JK — Win Rate: 32.0%  Verdict: WEAK
2026-06-05 08:25:59 [INFO] screener: [AI] KLBF.JK — Win Rate: 29.3%  Verdict: WEAK
2026-06-05 08:25:59 [INFO] screener: [AI] LPCK.JK — Win Rate: 13.5%  Verdict: WEAK
2026-06-05 08:26:00 [INFO] screener: [AI] MIKA.JK — Win Rate: 17.3%  Verdict: WEAK
2026-06-05 08:26:00 [INFO] screener: [AI] HEAL.JK — Win Rate: 10.7%  Verdict: WEAK
2026-06-05 08:26:01 [WARNING] screener: [FUNDAMENTAL] BAJA.JK: PE tidak tersedia — pakai default 15
2026-06-05 08:26:01 [INFO] screener: [AI] DGNS.JK — Win Rate: 4.0%  Verdict: WEAK
2026-06-05 08:26:02 [INFO] screener: [AI] SILO.JK — Win Rate: 28.7%  Verdict: WEAK
2026-06-05 08:26:02 [INFO] screener: [AI] PRDA.JK — Win Rate: 28.0%  Verdict: WEAK
2026-06-05 08:26:02 [INFO] screener: [AI] IRRA.JK — Win Rate: 4.2%  Verdict: WEAK
2026-06-05 08:26:02 [INFO] screener: [AI] SAME.JK — Win Rate: 7.2%  Verdict: WEAK
2026-06-05 08:26:02 [INFO] screener: [AI] TSPC.JK — Win Rate: 9.9%  Verdict: WEAK
2026-06-05 08:26:02 [INFO] screener: [AI] ISSP.JK — Win Rate: 5.3%  Verdict: WEAK
2026-06-05 08:26:03 [INFO] screener: [AI] INTP.JK — Win Rate: 17.3%  Verdict: WEAK
2026-06-05 08:26:03 [INFO] screener: [AI] BMHS.JK — Win Rate: 9.6%  Verdict: WEAK
2026-06-05 08:26:03 [INFO] screener: [AI] BAJA.JK — Win Rate: 3.8%  Verdict: WEAK
2026-06-05 08:26:03 [INFO] screener: [AI] SMGR.JK — Win Rate: 15.3%  Verdict: WEAK
2026-06-05 08:26:03 [INFO] screener: [AI] SMBR.JK — Win Rate: 9.8%  Verdict: WEAK
2026-06-05 08:26:04 [INFO] screener: [AI] ALKA.JK — Win Rate: 5.6%  Verdict: WEAK
2026-06-05 08:26:04 [INFO] screener: [AI] TOTO.JK — Win Rate: 9.4%  Verdict: WEAK
2026-06-05 08:26:04 [INFO] screener: [AI] ASSA.JK — Win Rate: 20.9%  Verdict: WEAK
2026-06-05 08:26:05 [INFO] screener: [AI] BRNA.JK — Win Rate: 5.6%  Verdict: WEAK
2026-06-05 08:26:06 [WARNING] screener: [FUNDAMENTAL] GIAA.JK: PE tidak tersedia — pakai default 15
2026-06-05 08:26:06 [WARNING] screener: [FUNDAMENTAL] GIAA.JK: Book Value tidak tersedia — pakai default 1.5
2026-06-05 08:26:06 [INFO] screener: [AI] BIRD.JK — Win Rate: 8.4%  Verdict: WEAK
2026-06-05 08:26:07 [INFO] screener: [AI] PANI.JK — Win Rate: 7.7%  Verdict: WEAK
2026-06-05 08:26:07 [INFO] screener: [AI] HAIS.JK — Win Rate: 7.3%  Verdict: WEAK
2026-06-05 08:26:08 [INFO] screener: [AI] LSIP.JK — Win Rate: 23.2%  Verdict: WEAK
2026-06-05 08:26:08 [INFO] screener: [AI] SIMP.JK — Win Rate: 18.0%  Verdict: WEAK
2026-06-05 08:26:09 [WARNING] screener: [FUNDAMENTAL] PMUI.JK: PE tidak tersedia — pakai default 15
2026-06-05 08:26:09 [INFO] screener: [AI] NELY.JK — Win Rate: 13.6%  Verdict: WEAK
2026-06-05 08:26:09 [INFO] screener: [AI] DSNG.JK — Win Rate: 18.3%  Verdict: WEAK
2026-06-05 08:26:09 [INFO] screener: [AI] TMAS.JK — Win Rate: 8.9%  Verdict: WEAK
2026-06-05 08:26:09 [INFO] screener: [AI] AALI.JK — Win Rate: 20.2%  Verdict: WEAK
2026-06-05 08:26:09 [INFO] screener: [AI] BWPT.JK — Win Rate: 10.8%  Verdict: WEAK
2026-06-05 08:26:09 [WARNING] screener: [FUNDAMENTAL] AREA.JK: PE tidak tersedia — pakai default 15
2026-06-05 08:26:09 [INFO] screener: [AI] BPTR.JK — Win Rate: 3.5%  Verdict: WEAK
2026-06-05 08:26:09 [INFO] screener: [AI] TAPG.JK — Win Rate: 7.2%  Verdict: WEAK
2026-06-05 08:26:09 [INFO] screener: [AI] TBLA.JK — Win Rate: 20.8%  Verdict: WEAK
2026-06-05 08:26:09 [INFO] screener: [AI] SSMS.JK — Win Rate: 17.5%  Verdict: WEAK
2026-06-05 08:26:09 [WARNING] screener: [FUNDAMENTAL] WIDI.JK: PE tidak tersedia — pakai default 15
2026-06-05 08:26:09 [WARNING] screener: [FUNDAMENTAL] AWAN.JK: PE tidak tersedia — pakai default 15
2026-06-05 08:26:09 [WARNING] screener: [FUNDAMENTAL] STRK.JK: PE tidak tersedia — pakai default 15
2026-06-05 08:26:09 [WARNING] screener: [FUNDAMENTAL] GTRA.JK: PE tidak tersedia — pakai default 15
2026-06-05 08:26:10 [INFO] screener: [AI] PMUI.JK — Win Rate: 5.8%  Verdict: WEAK
2026-06-05 08:26:10 [INFO] screener: [AI] WIDI.JK — Win Rate: 7.3%  Verdict: WEAK
2026-06-05 08:26:10 [INFO] screener: [AI] STRK.JK — Win Rate: 3.1%  Verdict: WEAK
2026-06-05 08:26:11 [INFO] screener: [AI] AWAN.JK — Win Rate: 7.4%  Verdict: WEAK
2026-06-05 08:26:11 [INFO] screener: [AI] AREA.JK — Win Rate: 7.3%  Verdict: WEAK
2026-06-05 08:26:11 [INFO] screener: [AI] ALII.JK — Win Rate: 9.4%  Verdict: WEAK
2026-06-05 08:26:11 [INFO] screener: [AI] GTRA.JK — Win Rate: 5.2%  Verdict: WEAK
