2026-06-16 12:15:08 [INFO] screener: Memindai Arus Uang (Rotasi Sektor)...
2026-06-16 12:15:22 [INFO] screener: Rotasi sektor selesai (11 sektor dipindai)
2026-06-16 12:15:22 [INFO] screener: Mengunduh Cuaca Makro Global & Komoditas...
2026-06-16 12:15:22 [INFO] screener: Macro update — IHSG=+2.07% | USD=-0.43% | Trend=DOWN | Penalty=0.5
2026-06-16 12:15:29 [INFO] screener: [ENSEMBLE] Loaded v5.0 (threshold=0.678)
2026-06-16 12:15:29 [INFO] screener: [ENSEMBLE] Loaded v5.0 (threshold=0.678)
2026-06-16 12:15:29 [INFO] screener: [ENSEMBLE] Loaded v5.0 (threshold=0.678)
2026-06-16 12:15:29 [INFO] screener: [ENSEMBLE] Loaded v5.0 (threshold=0.678)
2026-06-16 12:15:29 [INFO] screener: [ENSEMBLE] Loaded v5.0 (threshold=0.678)
2026-06-16 12:15:29 [INFO] screener: [ENSEMBLE] Loaded v5.0 (threshold=0.678)
2026-06-16 12:15:29 [INFO] screener: [ENSEMBLE] Loaded v5.0 (threshold=0.678)
2026-06-16 12:15:29 [INFO] screener: [ENSEMBLE] Loaded v5.0 (threshold=0.678)
2026-06-16 12:15:29 [INFO] screener: [ENSEMBLE] Loaded v5.0 (threshold=0.678)
2026-06-16 12:15:29 [INFO] screener: [ENSEMBLE] Loaded v5.0 (threshold=0.678)
2026-06-16 12:15:29 [INFO] screener: [ENSEMBLE] Loaded v5.0 (threshold=0.678)
2026-06-16 12:15:29 [INFO] screener: [ENSEMBLE] Loaded v5.0 (threshold=0.678)
2026-06-16 12:15:29 [INFO] screener: [ENSEMBLE] Loaded v5.0 (threshold=0.678)
2026-06-16 12:15:30 [INFO] screener: [ENSEMBLE] Loaded v5.0 (threshold=0.678)
2026-06-16 12:15:33 [INFO] screener: [AI] BMRI.JK — Win Rate: 9.8%  Verdict: WEAK
2026-06-16 12:15:33 [INFO] screener: [AI] NISP.JK — Win Rate: 28.7%  Verdict: WEAK
2026-06-16 12:15:33 [INFO] screener: [AI] BRIS.JK — Win Rate: 14.7%  Verdict: WEAK
2026-06-16 12:15:33 [INFO] screener: [AI] BBNI.JK — Win Rate: 28.0%  Verdict: WEAK
2026-06-16 12:15:33 [INFO] screener: [AI] ARTO.JK — Win Rate: 15.1%  Verdict: WEAK
2026-06-16 12:15:33 [INFO] screener: [AI] BBRI.JK — Win Rate: 15.1%  Verdict: WEAK
2026-06-16 12:15:33 [INFO] screener: [AI] BTPS.JK — Win Rate: 9.6%  Verdict: WEAK
2026-06-16 12:15:33 [INFO] screener: [AI] CFIN.JK — Win Rate: 12.1%  Verdict: WEAK
2026-06-16 12:15:33 [INFO] screener: [AI] BBYB.JK — Win Rate: 15.5%  Verdict: WEAK
2026-06-16 12:15:33 [INFO] screener: [AI] BBCA.JK — Win Rate: 19.4%  Verdict: WEAK
2026-06-16 12:15:33 [INFO] screener: [AI] BBTN.JK — Win Rate: 9.0%  Verdict: WEAK
2026-06-16 12:15:33 [INFO] screener: [AI] BVIC.JK — Win Rate: 27.6%  Verdict: WEAK
2026-06-16 12:15:33 [INFO] screener: [AI] BNGA.JK — Win Rate: 26.1%  Verdict: WEAK
2026-06-16 12:15:33 [INFO] screener: [AI] BDMN.JK — Win Rate: 24.3%  Verdict: WEAK
2026-06-16 12:15:34 [WARNING] screener: [FUNDAMENTAL] MLPL.JK: PE tidak tersedia — set flag missing
2026-06-16 12:15:36 [INFO] screener: [AI] PNBN.JK — Win Rate: 42.7%  Verdict: WEAK
2026-06-16 12:15:37 [INFO] screener: [AI] MLPL.JK — Win Rate: 19.7%  Verdict: WEAK
2026-06-16 12:15:38 [INFO] screener: [AI] SMMA.JK — Win Rate: 88.5%  Verdict: ULTRA BUY
2026-06-16 12:15:38 [WARNING] screener: [FUNDAMENTAL] MPPA.JK: PE tidak tersedia — set flag missing
2026-06-16 12:15:38 [INFO] screener: [AI] SRTG.JK — Win Rate: 33.1%  Verdict: WEAK
2026-06-16 12:15:39 [INFO] screener: [AI] BMTR.JK — Win Rate: 16.9%  Verdict: WEAK
2026-06-16 12:15:40 [INFO] screener: [AI] LPKR.JK — Win Rate: 13.1%  Verdict: WEAK
2026-06-16 12:15:40 [INFO] screener: [AI] BJBR.JK — Win Rate: 23.7%  Verdict: WEAK
2026-06-16 12:15:40 [INFO] screener: [AI] BSIM.JK — Win Rate: 19.3%  Verdict: WEAK
2026-06-16 12:15:40 [INFO] screener: [AI] ASII.JK — Win Rate: 14.7%  Verdict: WEAK
2026-06-16 12:15:40 [INFO] screener: [AI] BJTM.JK — Win Rate: 9.5%  Verdict: WEAK
2026-06-16 12:15:40 [INFO] screener: [AI] BHIT.JK — Win Rate: 11.4%  Verdict: WEAK
2026-06-16 12:15:40 [INFO] screener: [AI] UNTR.JK — Win Rate: 23.8%  Verdict: WEAK
2026-06-16 12:15:40 [WARNING] screener: [SANITIZER] GOTO.JK dilewati — harga flat 10 hari (suspend/error data)
2026-06-16 12:15:41 [WARNING] screener: [FUNDAMENTAL] BELI.JK: PE tidak tersedia — set flag missing
2026-06-16 12:15:41 [WARNING] screener: [FUNDAMENTAL] EXCL.JK: PE tidak tersedia — set flag missing
2026-06-16 12:15:42 [INFO] screener: [AI] MPPA.JK — Win Rate: 55.7%  Verdict: BUY
2026-06-16 12:15:44 [INFO] screener: [AI] VIVA.JK — Win Rate: 13.6%  Verdict: WEAK
2026-06-16 12:15:44 [INFO] screener: [AI] BNLI.JK — Win Rate: 13.3%  Verdict: WEAK
2026-06-16 12:15:45 [INFO] screener: [AI] SCMA.JK — Win Rate: 13.8%  Verdict: WEAK
2026-06-16 12:15:45 [INFO] screener: [AI] TLKM.JK — Win Rate: 15.3%  Verdict: WEAK
2026-06-16 12:15:45 [WARNING] screener: [FUNDAMENTAL] KREN.JK: PE tidak tersedia — set flag missing
2026-06-16 12:15:46 [WARNING] screener: [FUNDAMENTAL] AXIO.JK: PE tidak tersedia — set flag missing
2026-06-16 12:15:46 [INFO] screener: [AI] EXCL.JK — Win Rate: 50.9%  Verdict: BUY
2026-06-16 12:15:46 [INFO] screener: [AI] ISAT.JK — Win Rate: 49.3%  Verdict: WEAK
2026-06-16 12:15:46 [INFO] screener: [AI] BUKA.JK — Win Rate: 34.5%  Verdict: WEAK
2026-06-16 12:15:47 [INFO] screener: [AI] EMTK.JK — Win Rate: 13.2%  Verdict: WEAK
2026-06-16 12:15:47 [INFO] screener: [AI] MTDL.JK — Win Rate: 30.0%  Verdict: WEAK
2026-06-16 12:15:47 [INFO] screener: [AI] WIFI.JK — Win Rate: 26.3%  Verdict: WEAK
2026-06-16 12:15:47 [INFO] screener: [AI] BELI.JK — Win Rate: 43.2%  Verdict: WEAK
2026-06-16 12:15:48 [INFO] screener: [AI] DMMX.JK — Win Rate: 13.6%  Verdict: WEAK
2026-06-16 12:15:48 [INFO] screener: [AI] AXIO.JK — Win Rate: 22.1%  Verdict: WEAK
2026-06-16 12:15:48 [INFO] screener: [AI] GLVA.JK — Win Rate: 40.3%  Verdict: WEAK
2026-06-16 12:15:49 [INFO] screener: [AI] PTBA.JK — Win Rate: 46.0%  Verdict: WEAK
2026-06-16 12:15:52 [WARNING] screener: [FUNDAMENTAL] DOID.JK: PE tidak tersedia — set flag missing
2026-06-16 12:15:52 [INFO] screener: [AI] AKRA.JK — Win Rate: 47.7%  Verdict: WEAK
2026-06-16 12:15:52 [WARNING] screener: [FUNDAMENTAL] TOBA.JK: PE tidak tersedia — set flag missing
2026-06-16 12:15:53 [INFO] screener: [AI] ANTM.JK — Win Rate: 8.9%  Verdict: WEAK
2026-06-16 12:15:53 [WARNING] screener: [SANITIZER] WIKA.JK dilewati — volume=0 10 hari (suspend/gocap)
2026-06-16 12:15:53 [INFO] screener: [AI] TINS.JK — Win Rate: 7.4%  Verdict: WEAK
2026-06-16 12:15:53 [WARNING] screener: [FUNDAMENTAL] PTPP.JK: PE tidak tersedia — set flag missing
2026-06-16 12:15:53 [WARNING] screener: [SANITIZER] WSKT.JK dilewati — volume=0 10 hari (suspend/gocap)
2026-06-16 12:15:53 [INFO] screener: [AI] DEWA.JK — Win Rate: 10.8%  Verdict: WEAK
2026-06-16 12:15:53 [WARNING] screener: [FUNDAMENTAL] ADHI.JK: PE tidak tersedia — set flag missing
2026-06-16 12:15:54 [WARNING] screener: [FUNDAMENTAL] WEGE.JK: PE tidak tersedia — set flag missing
2026-06-16 12:15:54 [WARNING] screener: [FUNDAMENTAL] PPRE.JK: PE tidak tersedia — set flag missing
2026-06-16 12:15:54 [WARNING] screener: [FUNDAMENTAL] ACST.JK: PE tidak tersedia — set flag missing
2026-06-16 12:15:54 [INFO] screener: [AI] NCKL.JK — Win Rate: 11.2%  Verdict: WEAK
2026-06-16 12:15:55 [WARNING] screener: [SANITIZER] META.JK dilewati — volume=0 10 hari (suspend/gocap)
2026-06-16 12:15:55 [INFO] screener: [AI] PTPP.JK — Win Rate: 17.0%  Verdict: WEAK
2026-06-16 12:15:55 [INFO] screener: [AI] RMKE.JK — Win Rate: 38.3%  Verdict: WEAK
2026-06-16 12:15:56 [INFO] screener: [AI] JSMR.JK — Win Rate: 32.5%  Verdict: WEAK
2026-06-16 12:15:56 [INFO] screener: [AI] ADHI.JK — Win Rate: 15.5%  Verdict: WEAK
2026-06-16 12:15:56 [WARNING] screener: [FUNDAMENTAL] LEAD.JK: PE tidak tersedia — set flag missing
2026-06-16 12:15:57 [INFO] screener: [AI] WEGE.JK — Win Rate: 35.9%  Verdict: WEAK
2026-06-16 12:15:57 [INFO] screener: [AI] ACST.JK — Win Rate: 45.0%  Verdict: WEAK
2026-06-16 12:15:58 [INFO] screener: [AI] PPRE.JK — Win Rate: 12.7%  Verdict: WEAK
2026-06-16 12:15:58 [INFO] screener: [AI] TOTL.JK — Win Rate: 10.4%  Verdict: WEAK
2026-06-16 12:15:58 [INFO] screener: [AI] JKON.JK — Win Rate: 23.4%  Verdict: WEAK
2026-06-16 12:15:59 [INFO] screener: [AI] CMNP.JK — Win Rate: 31.8%  Verdict: WEAK
2026-06-16 12:15:59 [INFO] screener: [AI] BIRD.JK — Win Rate: 10.5%  Verdict: WEAK
2026-06-16 12:16:00 [INFO] screener: [AI] UNVR.JK — Win Rate: 13.6%  Verdict: WEAK
2026-06-16 12:16:00 [WARNING] screener: [FUNDAMENTAL] KAEF.JK: PE tidak tersedia — set flag missing
2026-06-16 12:16:01 [INFO] screener: [AI] ICBP.JK — Win Rate: 22.1%  Verdict: WEAK
2026-06-16 12:16:01 [INFO] screener: [AI] INDF.JK — Win Rate: 10.3%  Verdict: WEAK
2026-06-16 12:16:02 [INFO] screener: [AI] MYOR.JK — Win Rate: 22.1%  Verdict: WEAK
2026-06-16 12:16:02 [INFO] screener: [AI] CLEO.JK — Win Rate: 25.7%  Verdict: WEAK
2026-06-16 12:16:02 [INFO] screener: [AI] GOOD.JK — Win Rate: 13.8%  Verdict: WEAK
2026-06-16 12:16:02 [INFO] screener: [AI] SIDO.JK — Win Rate: 14.1%  Verdict: WEAK
2026-06-16 12:16:02 [INFO] screener: [AI] ADES.JK — Win Rate: 27.2%  Verdict: WEAK
2026-06-16 12:16:02 [INFO] screener: [AI] ROTI.JK — Win Rate: 14.0%  Verdict: WEAK
2026-06-16 12:16:02 [INFO] screener: [AI] STTP.JK — Win Rate: 66.2%  Verdict: ULTRA BUY
2026-06-16 12:16:03 [INFO] screener: [AI] CAMP.JK — Win Rate: 30.7%  Verdict: WEAK
2026-06-16 12:16:03 [INFO] screener: [AI] KAEF.JK — Win Rate: 51.3%  Verdict: BUY
2026-06-16 12:16:05 [INFO] screener: [AI] PEHA.JK — Win Rate: 14.5%  Verdict: WEAK
2026-06-16 12:16:06 [WARNING] screener: [FUNDAMENTAL] HOKI.JK: PE tidak tersedia — set flag missing
2026-06-16 12:16:06 [WARNING] screener: [FUNDAMENTAL] MPPA.JK: PE tidak tersedia — set flag missing
2026-06-16 12:16:07 [INFO] screener: [AI] MPPA.JK — Win Rate: 55.7%  Verdict: BUY
2026-06-16 12:16:10 [INFO] screener: [AI] MIDI.JK — Win Rate: 30.6%  Verdict: WEAK
2026-06-16 12:16:10 [INFO] screener: [AI] MAPA.JK — Win Rate: 9.8%  Verdict: WEAK
2026-06-16 12:16:10 [INFO] screener: [AI] HOKI.JK — Win Rate: 27.6%  Verdict: WEAK
2026-06-16 12:16:10 [INFO] screener: [AI] ERAA.JK — Win Rate: 9.1%  Verdict: WEAK
2026-06-16 12:16:10 [INFO] screener: [AI] AMRT.JK — Win Rate: 12.6%  Verdict: WEAK
2026-06-16 12:16:10 [INFO] screener: [AI] ACES.JK — Win Rate: 8.6%  Verdict: WEAK
2026-06-16 12:16:10 [INFO] screener: [AI] RALS.JK — Win Rate: 10.7%  Verdict: WEAK
2026-06-16 12:16:10 [INFO] screener: [AI] ENZO.JK — Win Rate: 22.8%  Verdict: WEAK
2026-06-16 12:16:10 [INFO] screener: [AI] LPPF.JK — Win Rate: 13.7%  Verdict: WEAK
2026-06-16 12:16:10 [INFO] screener: [AI] MAPI.JK — Win Rate: 49.1%  Verdict: WEAK
2026-06-16 12:16:10 [INFO] screener: [AI] JPFA.JK — Win Rate: 77.1%  Verdict: ULTRA BUY
2026-06-16 12:16:10 [INFO] screener: [AI] CPIN.JK — Win Rate: 33.3%  Verdict: WEAK
2026-06-16 12:16:11 [INFO] screener: [AI] BSDE.JK — Win Rate: 18.3%  Verdict: WEAK
2026-06-16 12:16:12 [WARNING] screener: [FUNDAMENTAL] PPRO.JK: PE tidak tersedia — set flag missing
2026-06-16 12:16:13 [INFO] screener: [AI] CTRA.JK — Win Rate: 20.2%  Verdict: WEAK
2026-06-16 12:16:14 [INFO] screener: [AI] SMRA.JK — Win Rate: 12.9%  Verdict: WEAK
2026-06-16 12:16:15 [INFO] screener: [AI] DUTI.JK — Win Rate: 59.0%  Verdict: BUY
2026-06-16 12:16:17 [INFO] screener: [AI] PPRO.JK — Win Rate: 16.6%  Verdict: WEAK
2026-06-16 12:16:17 [INFO] screener: [AI] BKSL.JK — Win Rate: 9.3%  Verdict: WEAK
2026-06-16 12:16:17 [INFO] screener: [AI] GWSA.JK — Win Rate: 16.6%  Verdict: WEAK
2026-06-16 12:16:17 [INFO] screener: [AI] LPCK.JK — Win Rate: 29.5%  Verdict: WEAK
2026-06-16 12:16:17 [INFO] screener: [AI] ASRI.JK — Win Rate: 24.1%  Verdict: WEAK
2026-06-16 12:16:17 [INFO] screener: [AI] PWON.JK — Win Rate: 23.0%  Verdict: WEAK
2026-06-16 12:16:17 [INFO] screener: [AI] DILD.JK — Win Rate: 10.8%  Verdict: WEAK
2026-06-16 12:16:17 [INFO] screener: [AI] MKPI.JK — Win Rate: 20.9%  Verdict: WEAK
2026-06-16 12:16:17 [INFO] screener: [AI] KIJA.JK — Win Rate: 8.7%  Verdict: WEAK
2026-06-16 12:16:17 [INFO] screener: [AI] SSIA.JK — Win Rate: 12.8%  Verdict: WEAK
2026-06-16 12:16:18 [INFO] screener: [AI] KLBF.JK — Win Rate: 20.0%  Verdict: WEAK
2026-06-16 12:16:19 [WARNING] screener: [SANITIZER] SMCB.JK dilewati — volume=0 10 hari (suspend/gocap)
2026-06-16 12:16:19 [INFO] screener: [AI] MIKA.JK — Win Rate: 43.2%  Verdict: WEAK
2026-06-16 12:16:20 [INFO] screener: [AI] DMAS.JK — Win Rate: 28.8%  Verdict: WEAK
2026-06-16 12:16:21 [INFO] screener: [AI] SILO.JK — Win Rate: 36.2%  Verdict: WEAK
2026-06-16 12:16:22 [WARNING] screener: [FUNDAMENTAL] BAJA.JK: PE tidak tersedia — set flag missing
2026-06-16 12:16:22 [INFO] screener: [AI] BMHS.JK — Win Rate: 17.5%  Verdict: WEAK
2026-06-16 12:16:22 [INFO] screener: [AI] DGNS.JK — Win Rate: 9.0%  Verdict: WEAK
2026-06-16 12:16:23 [INFO] screener: [AI] SAME.JK — Win Rate: 63.8%  Verdict: ULTRA BUY
2026-06-16 12:16:23 [INFO] screener: [AI] IRRA.JK — Win Rate: 19.7%  Verdict: WEAK
2026-06-16 12:16:23 [INFO] screener: [AI] SMGR.JK — Win Rate: 24.0%  Verdict: WEAK
2026-06-16 12:16:23 [INFO] screener: [AI] HEAL.JK — Win Rate: 39.2%  Verdict: WEAK
2026-06-16 12:16:23 [INFO] screener: [AI] TSPC.JK — Win Rate: 17.6%  Verdict: WEAK
2026-06-16 12:16:24 [INFO] screener: [AI] PRDA.JK — Win Rate: 45.8%  Verdict: WEAK
2026-06-16 12:16:24 [INFO] screener: [AI] INTP.JK — Win Rate: 21.5%  Verdict: WEAK
2026-06-16 12:16:24 [INFO] screener: [AI] SMBR.JK — Win Rate: 14.4%  Verdict: WEAK
2026-06-16 12:16:25 [INFO] screener: [AI] ISSP.JK — Win Rate: 31.2%  Verdict: WEAK
2026-06-16 12:16:26 [INFO] screener: [AI] BRNA.JK — Win Rate: 20.2%  Verdict: WEAK
2026-06-16 12:16:26 [INFO] screener: [AI] ASSA.JK — Win Rate: 21.9%  Verdict: WEAK
2026-06-16 12:16:26 [INFO] screener: [AI] TOTO.JK — Win Rate: 27.6%  Verdict: WEAK
2026-06-16 12:16:27 [INFO] screener: [AI] ALKA.JK — Win Rate: 19.9%  Verdict: WEAK
2026-06-16 12:16:27 [WARNING] screener: [FUNDAMENTAL] GIAA.JK: PE tidak tersedia — set flag missing
2026-06-16 12:16:27 [WARNING] screener: [FUNDAMENTAL] GIAA.JK: Book Value tidak tersedia — set flag missing
2026-06-16 12:16:28 [INFO] screener: [AI] BIRD.JK — Win Rate: 10.5%  Verdict: WEAK
2026-06-16 12:16:31 [INFO] screener: [AI] GIAA.JK — Win Rate: 12.0%  Verdict: WEAK
2026-06-16 12:16:31 [INFO] screener: [AI] BWPT.JK — Win Rate: 17.5%  Verdict: WEAK
2026-06-16 12:16:31 [INFO] screener: [AI] NELY.JK — Win Rate: 14.9%  Verdict: WEAK
2026-06-16 12:16:31 [INFO] screener: [AI] SIMP.JK — Win Rate: 28.6%  Verdict: WEAK
2026-06-16 12:16:31 [INFO] screener: [AI] HAIS.JK — Win Rate: 21.7%  Verdict: WEAK
2026-06-16 12:16:31 [INFO] screener: [AI] BPTR.JK — Win Rate: 14.2%  Verdict: WEAK
2026-06-16 12:16:31 [INFO] screener: [AI] LSIP.JK — Win Rate: 28.4%  Verdict: WEAK
2026-06-16 12:16:31 [INFO] screener: [AI] TMAS.JK — Win Rate: 10.9%  Verdict: WEAK
2026-06-16 12:16:31 [INFO] screener: [AI] DSNG.JK — Win Rate: 29.0%  Verdict: WEAK
2026-06-16 12:16:31 [INFO] screener: [AI] PANI.JK — Win Rate: 13.2%  Verdict: WEAK
2026-06-16 12:16:31 [INFO] screener: [AI] AALI.JK — Win Rate: 41.1%  Verdict: WEAK
2026-06-16 12:16:32 [WARNING] screener: [SANITIZER] MENN.JK dilewati — volume=0 10 hari (suspend/gocap)
2026-06-16 12:16:32 [WARNING] screener: [FUNDAMENTAL] ANJT.JK: PE tidak tersedia — set flag missing
2026-06-16 12:16:32 [WARNING] screener: [FUNDAMENTAL] AREA.JK: PE tidak tersedia — set flag missing
2026-06-16 12:16:32 [WARNING] screener: [FUNDAMENTAL] PMUI.JK: PE tidak tersedia — set flag missing
2026-06-16 12:16:32 [WARNING] screener: [FUNDAMENTAL] WIDI.JK: PE tidak tersedia — set flag missing
2026-06-16 12:16:33 [WARNING] screener: [FUNDAMENTAL] GTRA.JK: PE tidak tersedia — set flag missing
2026-06-16 12:16:33 [INFO] screener: [AI] TAPG.JK — Win Rate: 18.4%  Verdict: WEAK
2026-06-16 12:16:33 [WARNING] screener: [FUNDAMENTAL] AWAN.JK: PE tidak tersedia — set flag missing
2026-06-16 12:16:33 [INFO] screener: [AI] TBLA.JK — Win Rate: 23.1%  Verdict: WEAK
2026-06-16 12:16:33 [WARNING] screener: [FUNDAMENTAL] STRK.JK: PE tidak tersedia — set flag missing
2026-06-16 12:16:33 [INFO] screener: [AI] SSMS.JK — Win Rate: 15.5%  Verdict: WEAK
2026-06-16 12:16:34 [INFO] screener: [AI] STRK.JK — Win Rate: 52.8%  Verdict: BUY
2026-06-16 12:16:36 [INFO] screener: [AI] ALII.JK — Win Rate: 16.1%  Verdict: WEAK
2026-06-16 12:16:36 [INFO] screener: [AI] ANJT.JK — Win Rate: 32.5%  Verdict: WEAK
2026-06-16 12:16:36 [INFO] screener: [AI] AWAN.JK — Win Rate: 13.3%  Verdict: WEAK
2026-06-16 12:16:36 [INFO] screener: [AI] AREA.JK — Win Rate: 17.9%  Verdict: WEAK
2026-06-16 12:16:36 [INFO] screener: [AI] PMUI.JK — Win Rate: 10.5%  Verdict: WEAK
2026-06-16 12:16:36 [INFO] screener: [AI] GTRA.JK — Win Rate: 12.5%  Verdict: WEAK
2026-06-16 12:16:36 [INFO] screener: [AI] WIDI.JK — Win Rate: 21.4%  Verdict: WEAK
2026-06-16 12:16:37 [INFO] backtest: [backtest] Tested=113 Skipped=0 WinRate=9.7% Sharpe=3.27
2026-06-16 18:00:07 [INFO] scoring: Memindai Arus Uang (Rotasi Sektor)...
2026-06-16 18:00:22 [INFO] scoring: Rotasi sektor selesai (11 sektor dipindai)
2026-06-16 18:00:22 [INFO] scraper: Mengunduh Cuaca Makro Global & Komoditas...
2026-06-16 18:00:22 [INFO] scraper: Macro update -- IHSG=+2.07% | USD=-0.43% | Trend=DOWN | Penalty=0.5
2026-06-16 18:00:27 [INFO] scoring: [ENSEMBLE] Loaded v5.0 (threshold=0.678)
2026-06-16 18:00:27 [INFO] scoring: [ENSEMBLE] Loaded v5.0 (threshold=0.678)
2026-06-16 18:00:27 [INFO] scoring: [ENSEMBLE] Loaded v5.0 (threshold=0.678)
2026-06-16 18:00:27 [INFO] scoring: [ENSEMBLE] Loaded v5.0 (threshold=0.678)
2026-06-16 18:00:28 [INFO] scoring: [ENSEMBLE] Loaded v5.0 (threshold=0.678)
2026-06-16 18:00:28 [INFO] scoring: [ENSEMBLE] Loaded v5.0 (threshold=0.678)
2026-06-16 18:00:28 [INFO] scoring: [ENSEMBLE] Loaded v5.0 (threshold=0.678)
2026-06-16 18:00:28 [INFO] scoring: [ENSEMBLE] Loaded v5.0 (threshold=0.678)
2026-06-16 18:00:28 [INFO] scoring: [ENSEMBLE] Loaded v5.0 (threshold=0.678)
2026-06-16 18:00:28 [INFO] scoring: [ENSEMBLE] Loaded v5.0 (threshold=0.678)
2026-06-16 18:00:28 [INFO] scoring: [ENSEMBLE] Loaded v5.0 (threshold=0.678)
2026-06-16 18:00:28 [INFO] scoring: [ENSEMBLE] Loaded v5.0 (threshold=0.678)
2026-06-16 18:00:28 [INFO] scoring: [ENSEMBLE] Loaded v5.0 (threshold=0.678)
2026-06-16 18:00:28 [INFO] scoring: [ENSEMBLE] Loaded v5.0 (threshold=0.678)
2026-06-16 18:00:31 [INFO] screener: [AI] BTPS.JK — Win Rate: 8.2%  Verdict: WEAK
2026-06-16 18:00:31 [INFO] screener: [AI] BBYB.JK — Win Rate: 12.0%  Verdict: WEAK
2026-06-16 18:00:31 [INFO] screener: [AI] BVIC.JK — Win Rate: 23.8%  Verdict: WEAK
2026-06-16 18:00:31 [INFO] screener: [AI] BBTN.JK — Win Rate: 7.4%  Verdict: WEAK
2026-06-16 18:00:31 [INFO] screener: [AI] CFIN.JK — Win Rate: 12.1%  Verdict: WEAK
2026-06-16 18:00:31 [INFO] screener: [AI] ARTO.JK — Win Rate: 16.2%  Verdict: WEAK
2026-06-16 18:00:31 [INFO] screener: [AI] BBRI.JK — Win Rate: 20.0%  Verdict: WEAK
2026-06-16 18:00:31 [INFO] screener: [AI] NISP.JK — Win Rate: 33.5%  Verdict: WEAK
2026-06-16 18:00:31 [INFO] screener: [AI] BRIS.JK — Win Rate: 10.3%  Verdict: WEAK
2026-06-16 18:00:31 [INFO] screener: [AI] BBCA.JK — Win Rate: 12.0%  Verdict: WEAK
2026-06-16 18:00:31 [INFO] screener: [AI] BDMN.JK — Win Rate: 32.8%  Verdict: WEAK
2026-06-16 18:00:31 [INFO] screener: [AI] BBNI.JK — Win Rate: 19.1%  Verdict: WEAK
2026-06-16 18:00:31 [INFO] screener: [AI] BMRI.JK — Win Rate: 9.0%  Verdict: WEAK
2026-06-16 18:00:31 [INFO] screener: [AI] BNGA.JK — Win Rate: 24.9%  Verdict: WEAK
2026-06-16 18:00:33 [WARNING] screener: [FUNDAMENTAL] MLPL.JK: PE tidak tersedia — set flag missing
2026-06-16 18:00:35 [INFO] screener: [AI] BSIM.JK — Win Rate: 12.3%  Verdict: WEAK
2026-06-16 18:00:35 [INFO] screener: [AI] SRTG.JK — Win Rate: 34.4%  Verdict: WEAK
2026-06-16 18:00:35 [INFO] screener: [AI] MLPL.JK — Win Rate: 19.1%  Verdict: WEAK
2026-06-16 18:00:35 [INFO] screener: [AI] PNBN.JK — Win Rate: 42.4%  Verdict: WEAK
2026-06-16 18:00:35 [INFO] screener: [AI] BMTR.JK — Win Rate: 13.7%  Verdict: WEAK
2026-06-16 18:00:35 [INFO] screener: [AI] BJTM.JK — Win Rate: 9.5%  Verdict: WEAK
2026-06-16 18:00:35 [INFO] screener: [AI] UNTR.JK — Win Rate: 19.4%  Verdict: WEAK
2026-06-16 18:00:35 [INFO] screener: [AI] BJBR.JK — Win Rate: 27.9%  Verdict: WEAK
2026-06-16 18:00:35 [INFO] screener: [AI] SMMA.JK — Win Rate: 89.3%  Verdict: ULTRA BUY
2026-06-16 18:00:35 [INFO] screener: [AI] ASII.JK — Win Rate: 12.6%  Verdict: WEAK
2026-06-16 18:00:36 [WARNING] scraper: [SANITIZER] GOTO.JK dilewati -- harga flat 10 hari (suspend/error data)
2026-06-16 18:00:36 [WARNING] screener: [FUNDAMENTAL] MPPA.JK: PE tidak tersedia — set flag missing
2026-06-16 18:00:37 [INFO] screener: [AI] BHIT.JK — Win Rate: 10.4%  Verdict: WEAK
2026-06-16 18:00:37 [WARNING] screener: [FUNDAMENTAL] EXCL.JK: PE tidak tersedia — set flag missing
2026-06-16 18:00:37 [WARNING] screener: [FUNDAMENTAL] BELI.JK: PE tidak tersedia — set flag missing
2026-06-16 18:00:38 [INFO] screener: [AI] LPKR.JK — Win Rate: 10.4%  Verdict: WEAK
2026-06-16 18:00:40 [INFO] screener: [AI] BNLI.JK — Win Rate: 9.2%  Verdict: WEAK
2026-06-16 18:00:40 [INFO] screener: [AI] MPPA.JK — Win Rate: 49.8%  Verdict: WEAK
2026-06-16 18:00:40 [INFO] screener: [AI] VIVA.JK — Win Rate: 11.5%  Verdict: WEAK
2026-06-16 18:00:40 [INFO] screener: [AI] SCMA.JK — Win Rate: 10.9%  Verdict: WEAK
2026-06-16 18:00:40 [INFO] screener: [AI] TLKM.JK — Win Rate: 12.7%  Verdict: WEAK
2026-06-16 18:00:40 [INFO] screener: [AI] WIFI.JK — Win Rate: 25.8%  Verdict: WEAK
2026-06-16 18:00:40 [INFO] screener: [AI] BELI.JK — Win Rate: 42.9%  Verdict: WEAK
2026-06-16 18:00:40 [INFO] screener: [AI] EXCL.JK — Win Rate: 50.2%  Verdict: BUY
2026-06-16 18:00:40 [INFO] screener: [AI] ISAT.JK — Win Rate: 45.9%  Verdict: WEAK
2026-06-16 18:00:42 [WARNING] screener: [FUNDAMENTAL] AXIO.JK: PE tidak tersedia — set flag missing
2026-06-16 18:00:42 [WARNING] screener: [FUNDAMENTAL] KREN.JK: PE tidak tersedia — set flag missing
2026-06-16 18:00:42 [INFO] screener: [AI] EMTK.JK — Win Rate: 10.9%  Verdict: WEAK
2026-06-16 18:00:42 [INFO] screener: [AI] BUKA.JK — Win Rate: 32.3%  Verdict: WEAK
2026-06-16 18:00:44 [INFO] screener: [AI] DMMX.JK — Win Rate: 10.5%  Verdict: WEAK
2026-06-16 18:00:44 [INFO] screener: [AI] MTDL.JK — Win Rate: 29.5%  Verdict: WEAK
2026-06-16 18:00:44 [INFO] screener: [AI] PTBA.JK — Win Rate: 47.4%  Verdict: WEAK
2026-06-16 18:00:44 [INFO] screener: [AI] AXIO.JK — Win Rate: 24.3%  Verdict: WEAK
2026-06-16 18:00:44 [INFO] screener: [AI] GLVA.JK — Win Rate: 36.0%  Verdict: WEAK
2026-06-16 18:00:50 [INFO] screener: [AI] TINS.JK — Win Rate: 8.6%  Verdict: WEAK
2026-06-16 18:00:50 [INFO] screener: [AI] AKRA.JK — Win Rate: 43.4%  Verdict: WEAK
2026-06-16 18:00:50 [WARNING] screener: [FUNDAMENTAL] DOID.JK: PE tidak tersedia — set flag missing
2026-06-16 18:00:50 [WARNING] scraper: [SANITIZER] WIKA.JK dilewati -- volume=0 10 hari (suspend/gocap)
2026-06-16 18:00:50 [INFO] screener: [AI] ANTM.JK — Win Rate: 7.9%  Verdict: WEAK
2026-06-16 18:00:50 [INFO] screener: [AI] DEWA.JK — Win Rate: 9.5%  Verdict: WEAK
2026-06-16 18:00:50 [WARNING] screener: [FUNDAMENTAL] TOBA.JK: PE tidak tersedia — set flag missing
2026-06-16 18:00:50 [WARNING] scraper: [SANITIZER] WSKT.JK dilewati -- volume=0 10 hari (suspend/gocap)
2026-06-16 18:00:51 [WARNING] screener: [FUNDAMENTAL] PTPP.JK: PE tidak tersedia — set flag missing
2026-06-16 18:00:51 [WARNING] screener: [FUNDAMENTAL] ADHI.JK: PE tidak tersedia — set flag missing
2026-06-16 18:00:51 [WARNING] screener: [FUNDAMENTAL] WEGE.JK: PE tidak tersedia — set flag missing
2026-06-16 18:00:51 [WARNING] screener: [FUNDAMENTAL] PPRE.JK: PE tidak tersedia — set flag missing
2026-06-16 18:00:52 [WARNING] screener: [FUNDAMENTAL] ACST.JK: PE tidak tersedia — set flag missing
2026-06-16 18:00:53 [WARNING] scraper: [SANITIZER] META.JK dilewati -- volume=0 10 hari (suspend/gocap)
2026-06-16 18:00:54 [INFO] screener: [AI] RMKE.JK — Win Rate: 36.4%  Verdict: WEAK
2026-06-16 18:00:55 [INFO] screener: [AI] ADHI.JK — Win Rate: 12.5%  Verdict: WEAK
2026-06-16 18:00:55 [INFO] screener: [AI] JSMR.JK — Win Rate: 36.6%  Verdict: WEAK
2026-06-16 18:00:55 [INFO] screener: [AI] PTPP.JK — Win Rate: 15.0%  Verdict: WEAK
2026-06-16 18:00:55 [INFO] screener: [AI] WEGE.JK — Win Rate: 49.9%  Verdict: WEAK
2026-06-16 18:00:55 [INFO] screener: [AI] NCKL.JK — Win Rate: 12.2%  Verdict: WEAK
2026-06-16 18:00:55 [INFO] screener: [AI] PPRE.JK — Win Rate: 9.0%  Verdict: WEAK
2026-06-16 18:00:55 [WARNING] screener: [FUNDAMENTAL] LEAD.JK: PE tidak tersedia — set flag missing
2026-06-16 18:00:55 [INFO] screener: [AI] ACST.JK — Win Rate: 40.1%  Verdict: WEAK
2026-06-16 18:00:55 [INFO] screener: [AI] TOTL.JK — Win Rate: 9.3%  Verdict: WEAK
2026-06-16 18:00:56 [INFO] screener: [AI] JKON.JK — Win Rate: 25.6%  Verdict: WEAK
2026-06-16 18:00:57 [INFO] screener: [AI] CMNP.JK — Win Rate: 36.1%  Verdict: WEAK
2026-06-16 18:00:59 [WARNING] screener: [FUNDAMENTAL] KAEF.JK: PE tidak tersedia — set flag missing
2026-06-16 18:01:00 [INFO] screener: [AI] UNVR.JK — Win Rate: 20.6%  Verdict: WEAK
2026-06-16 18:01:00 [INFO] screener: [AI] GOOD.JK — Win Rate: 14.5%  Verdict: WEAK
2026-06-16 18:01:00 [INFO] screener: [AI] ICBP.JK — Win Rate: 15.3%  Verdict: WEAK
2026-06-16 18:01:00 [INFO] screener: [AI] INDF.JK — Win Rate: 14.7%  Verdict: WEAK
2026-06-16 18:01:00 [INFO] screener: [AI] BIRD.JK — Win Rate: 7.5%  Verdict: WEAK
2026-06-16 18:01:00 [INFO] screener: [AI] MYOR.JK — Win Rate: 12.7%  Verdict: WEAK
2026-06-16 18:01:00 [INFO] screener: [AI] ROTI.JK — Win Rate: 13.8%  Verdict: WEAK
2026-06-16 18:01:01 [INFO] screener: [AI] CAMP.JK — Win Rate: 32.5%  Verdict: WEAK
2026-06-16 18:01:01 [INFO] screener: [AI] CLEO.JK — Win Rate: 18.4%  Verdict: WEAK
2026-06-16 18:01:01 [INFO] screener: [AI] STTP.JK — Win Rate: 71.9%  Verdict: ULTRA BUY
2026-06-16 18:01:01 [INFO] screener: [AI] ADES.JK — Win Rate: 26.3%  Verdict: WEAK
2026-06-16 18:01:01 [INFO] screener: [AI] SIDO.JK — Win Rate: 11.9%  Verdict: WEAK
2026-06-16 18:01:01 [INFO] screener: [AI] KAEF.JK — Win Rate: 39.5%  Verdict: WEAK
2026-06-16 18:01:02 [INFO] screener: [AI] PEHA.JK — Win Rate: 10.9%  Verdict: WEAK
2026-06-16 18:01:03 [WARNING] screener: [FUNDAMENTAL] MPPA.JK: PE tidak tersedia — set flag missing
2026-06-16 18:01:03 [WARNING] screener: [FUNDAMENTAL] HOKI.JK: PE tidak tersedia — set flag missing
2026-06-16 18:01:05 [INFO] screener: [AI] MPPA.JK — Win Rate: 49.8%  Verdict: WEAK
2026-06-16 18:01:06 [INFO] screener: [AI] MIDI.JK — Win Rate: 29.3%  Verdict: WEAK
2026-06-16 18:01:06 [INFO] screener: [AI] ACES.JK — Win Rate: 6.5%  Verdict: WEAK
2026-06-16 18:01:06 [INFO] screener: [AI] LPPF.JK — Win Rate: 12.1%  Verdict: WEAK
2026-06-16 18:01:06 [INFO] screener: [AI] MAPI.JK — Win Rate: 62.3%  Verdict: ULTRA BUY
2026-06-16 18:01:06 [INFO] screener: [AI] ENZO.JK — Win Rate: 16.4%  Verdict: WEAK
2026-06-16 18:01:06 [INFO] screener: [AI] AMRT.JK — Win Rate: 8.6%  Verdict: WEAK
2026-06-16 18:01:06 [INFO] screener: [AI] ERAA.JK — Win Rate: 8.2%  Verdict: WEAK
2026-06-16 18:01:06 [INFO] screener: [AI] JPFA.JK — Win Rate: 79.0%  Verdict: ULTRA BUY
2026-06-16 18:01:06 [INFO] screener: [AI] CPIN.JK — Win Rate: 33.8%  Verdict: WEAK
2026-06-16 18:01:06 [INFO] screener: [AI] HOKI.JK — Win Rate: 28.1%  Verdict: WEAK
2026-06-16 18:01:07 [WARNING] screener: [FUNDAMENTAL] PPRO.JK: PE tidak tersedia — set flag missing
2026-06-16 18:01:08 [INFO] screener: [AI] BSDE.JK — Win Rate: 14.8%  Verdict: WEAK
2026-06-16 18:01:08 [INFO] screener: [AI] MAPA.JK — Win Rate: 8.6%  Verdict: WEAK
2026-06-16 18:01:08 [INFO] screener: [AI] RALS.JK — Win Rate: 11.5%  Verdict: WEAK
2026-06-16 18:01:10 [INFO] screener: [AI] PWON.JK — Win Rate: 21.2%  Verdict: WEAK
2026-06-16 18:01:10 [INFO] screener: [AI] CTRA.JK — Win Rate: 15.8%  Verdict: WEAK
2026-06-16 18:01:10 [INFO] screener: [AI] PPRO.JK — Win Rate: 14.5%  Verdict: WEAK
2026-06-16 18:01:10 [INFO] screener: [AI] BKSL.JK — Win Rate: 8.6%  Verdict: WEAK
2026-06-16 18:01:10 [INFO] screener: [AI] DMAS.JK — Win Rate: 28.3%  Verdict: WEAK
2026-06-16 18:01:10 [INFO] screener: [AI] DUTI.JK — Win Rate: 68.1%  Verdict: ULTRA BUY
2026-06-16 18:01:10 [INFO] screener: [AI] SMRA.JK — Win Rate: 10.8%  Verdict: WEAK
2026-06-16 18:01:10 [INFO] screener: [AI] GWSA.JK — Win Rate: 14.7%  Verdict: WEAK
2026-06-16 18:01:10 [INFO] screener: [AI] DILD.JK — Win Rate: 7.1%  Verdict: WEAK
2026-06-16 18:01:10 [INFO] screener: [AI] MKPI.JK — Win Rate: 22.6%  Verdict: WEAK
2026-06-16 18:01:12 [INFO] screener: [AI] ASRI.JK — Win Rate: 22.0%  Verdict: WEAK
2026-06-16 18:01:12 [INFO] screener: [AI] KIJA.JK — Win Rate: 7.8%  Verdict: WEAK
2026-06-16 18:01:12 [INFO] screener: [AI] LPCK.JK — Win Rate: 30.8%  Verdict: WEAK
2026-06-16 18:01:12 [INFO] screener: [AI] SSIA.JK — Win Rate: 7.0%  Verdict: WEAK
2026-06-16 18:01:13 [WARNING] scraper: [SANITIZER] SMCB.JK dilewati -- volume=0 10 hari (suspend/gocap)
2026-06-16 18:01:14 [INFO] screener: [AI] PRDA.JK — Win Rate: 59.5%  Verdict: BUY
2026-06-16 18:01:14 [INFO] screener: [AI] SILO.JK — Win Rate: 45.5%  Verdict: WEAK
2026-06-16 18:01:14 [INFO] screener: [AI] MIKA.JK — Win Rate: 40.5%  Verdict: WEAK
2026-06-16 18:01:15 [INFO] screener: [AI] IRRA.JK — Win Rate: 16.1%  Verdict: WEAK
2026-06-16 18:01:15 [INFO] screener: [AI] BMHS.JK — Win Rate: 12.0%  Verdict: WEAK
2026-06-16 18:01:15 [INFO] screener: [AI] KLBF.JK — Win Rate: 15.2%  Verdict: WEAK
2026-06-16 18:01:15 [INFO] screener: [AI] DGNS.JK — Win Rate: 8.4%  Verdict: WEAK
2026-06-16 18:01:15 [INFO] screener: [AI] TSPC.JK — Win Rate: 19.5%  Verdict: WEAK
2026-06-16 18:01:16 [INFO] screener: [AI] SAME.JK — Win Rate: 63.5%  Verdict: ULTRA BUY
2026-06-16 18:01:16 [INFO] screener: [AI] HEAL.JK — Win Rate: 40.8%  Verdict: WEAK
2026-06-16 18:01:16 [WARNING] screener: [FUNDAMENTAL] BAJA.JK: PE tidak tersedia — set flag missing
2026-06-16 18:01:16 [INFO] screener: [AI] SMBR.JK — Win Rate: 11.3%  Verdict: WEAK
2026-06-16 18:01:16 [INFO] screener: [AI] INTP.JK — Win Rate: 20.4%  Verdict: WEAK
2026-06-16 18:01:16 [INFO] screener: [AI] SMGR.JK — Win Rate: 23.4%  Verdict: WEAK
2026-06-16 18:01:17 [INFO] screener: [AI] ALKA.JK — Win Rate: 11.1%  Verdict: WEAK
2026-06-16 18:01:17 [INFO] screener: [AI] TOTO.JK — Win Rate: 27.5%  Verdict: WEAK
2026-06-16 18:01:17 [INFO] screener: [AI] ISSP.JK — Win Rate: 31.8%  Verdict: WEAK
2026-06-16 18:01:18 [INFO] screener: [AI] ASSA.JK — Win Rate: 23.6%  Verdict: WEAK
2026-06-16 18:01:18 [INFO] screener: [AI] BRNA.JK — Win Rate: 22.9%  Verdict: WEAK
2026-06-16 18:01:19 [INFO] screener: [AI] BIRD.JK — Win Rate: 7.5%  Verdict: WEAK
2026-06-16 18:01:19 [WARNING] screener: [FUNDAMENTAL] GIAA.JK: PE tidak tersedia — set flag missing
2026-06-16 18:01:19 [WARNING] screener: [FUNDAMENTAL] GIAA.JK: Book Value tidak tersedia — set flag missing
2026-06-16 18:01:22 [INFO] screener: [AI] PANI.JK — Win Rate: 11.8%  Verdict: WEAK
2026-06-16 18:01:22 [INFO] screener: [AI] TMAS.JK — Win Rate: 11.0%  Verdict: WEAK
2026-06-16 18:01:22 [INFO] screener: [AI] NELY.JK — Win Rate: 12.0%  Verdict: WEAK
2026-06-16 18:01:22 [INFO] screener: [AI] SIMP.JK — Win Rate: 24.6%  Verdict: WEAK
2026-06-16 18:01:22 [INFO] screener: [AI] GIAA.JK — Win Rate: 14.7%  Verdict: WEAK
2026-06-16 18:01:22 [INFO] screener: [AI] BPTR.JK — Win Rate: 11.0%  Verdict: WEAK
2026-06-16 18:01:22 [INFO] screener: [AI] HAIS.JK — Win Rate: 21.6%  Verdict: WEAK
2026-06-16 18:01:22 [INFO] screener: [AI] TAPG.JK — Win Rate: 15.5%  Verdict: WEAK
2026-06-16 18:01:22 [INFO] screener: [AI] DSNG.JK — Win Rate: 23.3%  Verdict: WEAK
2026-06-16 18:01:22 [INFO] screener: [AI] LSIP.JK — Win Rate: 22.0%  Verdict: WEAK
2026-06-16 18:01:22 [INFO] screener: [AI] AALI.JK — Win Rate: 40.9%  Verdict: WEAK
2026-06-16 18:01:22 [INFO] screener: [AI] TBLA.JK — Win Rate: 27.4%  Verdict: WEAK
2026-06-16 18:01:22 [WARNING] scraper: [SANITIZER] MENN.JK dilewati -- volume=0 10 hari (suspend/gocap)
2026-06-16 18:01:23 [WARNING] screener: [FUNDAMENTAL] ANJT.JK: PE tidak tersedia — set flag missing
2026-06-16 18:01:23 [INFO] screener: [AI] BWPT.JK — Win Rate: 15.5%  Verdict: WEAK
2026-06-16 18:01:23 [INFO] screener: [AI] SSMS.JK — Win Rate: 12.3%  Verdict: WEAK
2026-06-16 18:01:23 [WARNING] screener: [FUNDAMENTAL] PMUI.JK: PE tidak tersedia — set flag missing
2026-06-16 18:01:23 [WARNING] screener: [FUNDAMENTAL] WIDI.JK: PE tidak tersedia — set flag missing
2026-06-16 18:01:23 [WARNING] screener: [FUNDAMENTAL] AREA.JK: PE tidak tersedia — set flag missing
2026-06-16 18:01:24 [WARNING] screener: [FUNDAMENTAL] STRK.JK: PE tidak tersedia — set flag missing
2026-06-16 18:01:24 [WARNING] screener: [FUNDAMENTAL] AWAN.JK: PE tidak tersedia — set flag missing
2026-06-16 18:01:25 [WARNING] screener: [FUNDAMENTAL] GTRA.JK: PE tidak tersedia — set flag missing
2026-06-16 18:01:25 [INFO] screener: [AI] PMUI.JK — Win Rate: 7.5%  Verdict: WEAK
2026-06-16 18:01:25 [INFO] screener: [AI] ANJT.JK — Win Rate: 28.2%  Verdict: WEAK
2026-06-16 18:01:25 [INFO] screener: [AI] ALII.JK — Win Rate: 9.7%  Verdict: WEAK
2026-06-16 18:01:25 [INFO] screener: [AI] STRK.JK — Win Rate: 41.1%  Verdict: WEAK
2026-06-16 18:01:25 [INFO] screener: [AI] AWAN.JK — Win Rate: 10.1%  Verdict: WEAK
2026-06-16 18:01:25 [INFO] screener: [AI] WIDI.JK — Win Rate: 18.0%  Verdict: WEAK
2026-06-16 18:01:25 [INFO] screener: [AI] AREA.JK — Win Rate: 14.4%  Verdict: WEAK
2026-06-16 18:01:26 [INFO] screener: [AI] GTRA.JK — Win Rate: 8.6%  Verdict: WEAK
